[2026-06-28T18:30:19.623+0000] {taskinstance.py:1956} INFO - Dependencies all met for dep_context=non-requeueable deps ti=<TaskInstance: tomtom_spark_pipeline.silver_to_gold manual__2026-06-28T18:18:02.489399+00:00 [queued]>
[2026-06-28T18:30:19.632+0000] {taskinstance.py:1956} INFO - Dependencies all met for dep_context=requeueable deps ti=<TaskInstance: tomtom_spark_pipeline.silver_to_gold manual__2026-06-28T18:18:02.489399+00:00 [queued]>
[2026-06-28T18:30:19.632+0000] {taskinstance.py:2170} INFO - Starting attempt 1 of 4
[2026-06-28T18:30:19.649+0000] {taskinstance.py:2191} INFO - Executing <Task(SparkSubmitOperator): silver_to_gold> on 2026-06-28 18:18:02.489399+00:00
[2026-06-28T18:30:19.662+0000] {standard_task_runner.py:60} INFO - Started process 5594 to run task
[2026-06-28T18:30:19.664+0000] {standard_task_runner.py:87} INFO - Running: ['***', 'tasks', 'run', 'tomtom_spark_pipeline', 'silver_to_gold', 'manual__2026-06-28T18:18:02.489399+00:00', '--job-id', '20', '--raw', '--subdir', 'DAGS_FOLDER/tomtom_spark_pipeline_dag.py', '--cfg-path', '/tmp/tmpxz7fsd6p']
[2026-06-28T18:30:19.665+0000] {standard_task_runner.py:88} INFO - Job 20: Subtask silver_to_gold
[2026-06-28T18:30:19.702+0000] {task_command.py:423} INFO - Running <TaskInstance: tomtom_spark_pipeline.silver_to_gold manual__2026-06-28T18:18:02.489399+00:00 [running]> on host 86a3e92c752e
[2026-06-28T18:30:19.776+0000] {taskinstance.py:2480} INFO - Exporting env vars: AIRFLOW_CTX_DAG_OWNER='thesis' AIRFLOW_CTX_DAG_ID='tomtom_spark_pipeline' AIRFLOW_CTX_TASK_ID='silver_to_gold' AIRFLOW_CTX_EXECUTION_DATE='2026-06-28T18:18:02.489399+00:00' AIRFLOW_CTX_TRY_NUMBER='1' AIRFLOW_CTX_DAG_RUN_ID='manual__2026-06-28T18:18:02.489399+00:00'
[2026-06-28T18:30:19.796+0000] {base.py:83} INFO - Using connection ID 'spark_default' for task execution.
[2026-06-28T18:30:19.797+0000] {spark_submit.py:339} INFO - Spark-Submit cmd: spark-submit --master spark://spark-master:7077 --conf spark.master=spark://spark-master:7077 --conf spark.hadoop.fs.permissions.umask-mode=000 --conf spark.hadoop.fs.permissions.enabled=false --conf spark.sql.warehouse.dir=/opt/data --jars /opt/spark/drivers/postgresql.jar --name arrow-spark /opt/spark-apps/gold_job.py
[2026-06-28T18:30:20.685+0000] {spark_submit.py:490} INFO - 26/06/28 18:30:20 WARN NativeCodeLoader: Unable to load native-hadoop library for your platform... using builtin-java classes where applicable
[2026-06-28T18:30:20.793+0000] {spark_submit.py:490} INFO - 26/06/28 18:30:20 WARN DependencyUtils: Local jar /opt/spark/drivers/postgresql.jar does not exist, skipping.
[2026-06-28T18:30:21.234+0000] {spark_submit.py:490} INFO - 26/06/28 18:30:21 INFO SparkContext: Running Spark version 3.5.8
[2026-06-28T18:30:21.235+0000] {spark_submit.py:490} INFO - 26/06/28 18:30:21 INFO SparkContext: OS info Linux, 6.17.0-23-generic, amd64
[2026-06-28T18:30:21.235+0000] {spark_submit.py:490} INFO - 26/06/28 18:30:21 INFO SparkContext: Java version 17.0.19
[2026-06-28T18:30:21.249+0000] {spark_submit.py:490} INFO - 26/06/28 18:30:21 INFO ResourceUtils: ==============================================================
[2026-06-28T18:30:21.250+0000] {spark_submit.py:490} INFO - 26/06/28 18:30:21 INFO ResourceUtils: No custom resources configured for spark.driver.
[2026-06-28T18:30:21.250+0000] {spark_submit.py:490} INFO - 26/06/28 18:30:21 INFO ResourceUtils: ==============================================================
[2026-06-28T18:30:21.250+0000] {spark_submit.py:490} INFO - 26/06/28 18:30:21 INFO SparkContext: Submitted application: tomtom_gold_layer
[2026-06-28T18:30:21.259+0000] {spark_submit.py:490} INFO - 26/06/28 18:30:21 INFO ResourceProfile: Default ResourceProfile created, executor resources: Map(memory -> name: memory, amount: 1024, script: , vendor: , offHeap -> name: offHeap, amount: 0, script: , vendor: ), task resources: Map(cpus -> name: cpus, amount: 1.0)
[2026-06-28T18:30:21.264+0000] {spark_submit.py:490} INFO - 26/06/28 18:30:21 INFO ResourceProfile: Limiting resource is cpu
[2026-06-28T18:30:21.264+0000] {spark_submit.py:490} INFO - 26/06/28 18:30:21 INFO ResourceProfileManager: Added ResourceProfile id: 0
[2026-06-28T18:30:21.289+0000] {spark_submit.py:490} INFO - 26/06/28 18:30:21 INFO SecurityManager: Changing view acls to: ***
[2026-06-28T18:30:21.289+0000] {spark_submit.py:490} INFO - 26/06/28 18:30:21 INFO SecurityManager: Changing modify acls to: ***
[2026-06-28T18:30:21.290+0000] {spark_submit.py:490} INFO - 26/06/28 18:30:21 INFO SecurityManager: Changing view acls groups to:
[2026-06-28T18:30:21.290+0000] {spark_submit.py:490} INFO - 26/06/28 18:30:21 INFO SecurityManager: Changing modify acls groups to:
[2026-06-28T18:30:21.290+0000] {spark_submit.py:490} INFO - 26/06/28 18:30:21 INFO SecurityManager: SecurityManager: authentication disabled; ui acls disabled; users with view permissions: ***; groups with view permissions: EMPTY; users with modify permissions: ***; groups with modify permissions: EMPTY
[2026-06-28T18:30:21.394+0000] {spark_submit.py:490} INFO - 26/06/28 18:30:21 INFO Utils: Successfully started service 'sparkDriver' on port 40613.
[2026-06-28T18:30:21.407+0000] {spark_submit.py:490} INFO - 26/06/28 18:30:21 INFO SparkEnv: Registering MapOutputTracker
[2026-06-28T18:30:21.426+0000] {spark_submit.py:490} INFO - 26/06/28 18:30:21 INFO SparkEnv: Registering BlockManagerMaster
[2026-06-28T18:30:21.435+0000] {spark_submit.py:490} INFO - 26/06/28 18:30:21 INFO BlockManagerMasterEndpoint: Using org.apache.spark.storage.DefaultTopologyMapper for getting topology information
[2026-06-28T18:30:21.436+0000] {spark_submit.py:490} INFO - 26/06/28 18:30:21 INFO BlockManagerMasterEndpoint: BlockManagerMasterEndpoint up
[2026-06-28T18:30:21.438+0000] {spark_submit.py:490} INFO - 26/06/28 18:30:21 INFO SparkEnv: Registering BlockManagerMasterHeartbeat
[2026-06-28T18:30:21.449+0000] {spark_submit.py:490} INFO - 26/06/28 18:30:21 INFO DiskBlockManager: Created local directory at /tmp/blockmgr-adf8c39f-08b9-45c5-93eb-6c437062e303
[2026-06-28T18:30:21.456+0000] {spark_submit.py:490} INFO - 26/06/28 18:30:21 INFO MemoryStore: MemoryStore started with capacity 434.4 MiB
[2026-06-28T18:30:21.464+0000] {spark_submit.py:490} INFO - 26/06/28 18:30:21 INFO SparkEnv: Registering OutputCommitCoordinator
[2026-06-28T18:30:21.525+0000] {spark_submit.py:490} INFO - 26/06/28 18:30:21 INFO JettyUtils: Start Jetty 0.0.0.0:4040 for SparkUI
[2026-06-28T18:30:21.561+0000] {spark_submit.py:490} INFO - 26/06/28 18:30:21 INFO Utils: Successfully started service 'SparkUI' on port 4040.
[2026-06-28T18:30:21.579+0000] {spark_submit.py:490} INFO - 26/06/28 18:30:21 ERROR SparkContext: Failed to add file:/opt/spark/drivers/postgresql.jar to Spark environment
[2026-06-28T18:30:21.580+0000] {spark_submit.py:490} INFO - java.io.FileNotFoundException: Jar /opt/spark/drivers/postgresql.jar not found
[2026-06-28T18:30:21.580+0000] {spark_submit.py:490} INFO - at org.apache.spark.SparkContext.addLocalJarFile$1(SparkContext.scala:2095)
[2026-06-28T18:30:21.580+0000] {spark_submit.py:490} INFO - at org.apache.spark.SparkContext.addJar(SparkContext.scala:2151)
[2026-06-28T18:30:21.580+0000] {spark_submit.py:490} INFO - at org.apache.spark.SparkContext.$anonfun$new$15(SparkContext.scala:521)
[2026-06-28T18:30:21.580+0000] {spark_submit.py:490} INFO - at org.apache.spark.SparkContext.$anonfun$new$15$adapted(SparkContext.scala:521)
[2026-06-28T18:30:21.580+0000] {spark_submit.py:490} INFO - at scala.collection.mutable.ResizableArray.foreach(ResizableArray.scala:62)
[2026-06-28T18:30:21.580+0000] {spark_submit.py:490} INFO - at scala.collection.mutable.ResizableArray.foreach$(ResizableArray.scala:55)
[2026-06-28T18:30:21.580+0000] {spark_submit.py:490} INFO - at scala.collection.mutable.ArrayBuffer.foreach(ArrayBuffer.scala:49)
[2026-06-28T18:30:21.581+0000] {spark_submit.py:490} INFO - at org.apache.spark.SparkContext.<init>(SparkContext.scala:521)
[2026-06-28T18:30:21.581+0000] {spark_submit.py:490} INFO - at org.apache.spark.api.java.JavaSparkContext.<init>(JavaSparkContext.scala:58)
[2026-06-28T18:30:21.581+0000] {spark_submit.py:490} INFO - at java.base/jdk.internal.reflect.NativeConstructorAccessorImpl.newInstance0(Native Method)
[2026-06-28T18:30:21.581+0000] {spark_submit.py:490} INFO - at java.base/jdk.internal.reflect.NativeConstructorAccessorImpl.newInstance(NativeConstructorAccessorImpl.java:77)
[2026-06-28T18:30:21.581+0000] {spark_submit.py:490} INFO - at java.base/jdk.internal.reflect.DelegatingConstructorAccessorImpl.newInstance(DelegatingConstructorAccessorImpl.java:45)
[2026-06-28T18:30:21.581+0000] {spark_submit.py:490} INFO - at java.base/java.lang.reflect.Constructor.newInstanceWithCaller(Constructor.java:500)
[2026-06-28T18:30:21.581+0000] {spark_submit.py:490} INFO - at java.base/java.lang.reflect.Constructor.newInstance(Constructor.java:481)
[2026-06-28T18:30:21.581+0000] {spark_submit.py:490} INFO - at py4j.reflection.MethodInvoker.invoke(MethodInvoker.java:247)
[2026-06-28T18:30:21.581+0000] {spark_submit.py:490} INFO - at py4j.reflection.ReflectionEngine.invoke(ReflectionEngine.java:374)
[2026-06-28T18:30:21.582+0000] {spark_submit.py:490} INFO - at py4j.Gateway.invoke(Gateway.java:238)
[2026-06-28T18:30:21.582+0000] {spark_submit.py:490} INFO - at py4j.commands.ConstructorCommand.invokeConstructor(ConstructorCommand.java:80)
[2026-06-28T18:30:21.582+0000] {spark_submit.py:490} INFO - at py4j.commands.ConstructorCommand.execute(ConstructorCommand.java:69)
[2026-06-28T18:30:21.582+0000] {spark_submit.py:490} INFO - at py4j.ClientServerConnection.waitForCommands(ClientServerConnection.java:182)
[2026-06-28T18:30:21.582+0000] {spark_submit.py:490} INFO - at py4j.ClientServerConnection.run(ClientServerConnection.java:106)
[2026-06-28T18:30:21.582+0000] {spark_submit.py:490} INFO - at java.base/java.lang.Thread.run(Thread.java:840)
[2026-06-28T18:30:21.616+0000] {spark_submit.py:490} INFO - 26/06/28 18:30:21 INFO StandaloneAppClient$ClientEndpoint: Connecting to master spark://spark-master:7077...
[2026-06-28T18:30:21.646+0000] {spark_submit.py:490} INFO - 26/06/28 18:30:21 INFO TransportClientFactory: Successfully created connection to spark-master/172.18.0.2:7077 after 15 ms (0 ms spent in bootstraps)
[2026-06-28T18:30:21.690+0000] {spark_submit.py:490} INFO - 26/06/28 18:30:21 INFO StandaloneSchedulerBackend: Connected to Spark cluster with app ID app-20260628183021-0005
[2026-06-28T18:30:21.692+0000] {spark_submit.py:490} INFO - 26/06/28 18:30:21 INFO StandaloneAppClient$ClientEndpoint: Executor added: app-20260628183021-0005/0 on worker-20260628170304-172.18.0.4-41779 (172.18.0.4:41779) with 12 core(s)
[2026-06-28T18:30:21.693+0000] {spark_submit.py:490} INFO - 26/06/28 18:30:21 INFO StandaloneSchedulerBackend: Granted executor ID app-20260628183021-0005/0 on hostPort 172.18.0.4:41779 with 12 core(s), 1024.0 MiB RAM
[2026-06-28T18:30:21.696+0000] {spark_submit.py:490} INFO - 26/06/28 18:30:21 INFO Utils: Successfully started service 'org.apache.spark.network.netty.NettyBlockTransferService' on port 42137.
[2026-06-28T18:30:21.697+0000] {spark_submit.py:490} INFO - 26/06/28 18:30:21 INFO NettyBlockTransferService: Server created on 86a3e92c752e:42137
[2026-06-28T18:30:21.697+0000] {spark_submit.py:490} INFO - 26/06/28 18:30:21 INFO BlockManager: Using org.apache.spark.storage.RandomBlockReplicationPolicy for block replication policy
[2026-06-28T18:30:21.701+0000] {spark_submit.py:490} INFO - 26/06/28 18:30:21 INFO BlockManagerMaster: Registering BlockManager BlockManagerId(driver, 86a3e92c752e, 42137, None)
[2026-06-28T18:30:21.705+0000] {spark_submit.py:490} INFO - 26/06/28 18:30:21 INFO BlockManagerMasterEndpoint: Registering block manager 86a3e92c752e:42137 with 434.4 MiB RAM, BlockManagerId(driver, 86a3e92c752e, 42137, None)
[2026-06-28T18:30:21.707+0000] {spark_submit.py:490} INFO - 26/06/28 18:30:21 INFO BlockManagerMaster: Registered BlockManager BlockManagerId(driver, 86a3e92c752e, 42137, None)
[2026-06-28T18:30:21.708+0000] {spark_submit.py:490} INFO - 26/06/28 18:30:21 INFO BlockManager: Initialized BlockManager: BlockManagerId(driver, 86a3e92c752e, 42137, None)
[2026-06-28T18:30:21.714+0000] {spark_submit.py:490} INFO - 26/06/28 18:30:21 INFO StandaloneAppClient$ClientEndpoint: Executor updated: app-20260628183021-0005/0 is now RUNNING
[2026-06-28T18:30:21.819+0000] {spark_submit.py:490} INFO - 26/06/28 18:30:21 INFO StandaloneSchedulerBackend: SchedulerBackend is ready for scheduling beginning after reached minRegisteredResourcesRatio: 0.0
[2026-06-28T18:30:21.932+0000] {spark_submit.py:490} INFO - 26/06/28 18:30:21 INFO SharedState: Setting hive.metastore.warehouse.dir ('null') to the value of spark.sql.warehouse.dir.
[2026-06-28T18:30:21.934+0000] {spark_submit.py:490} INFO - 26/06/28 18:30:21 INFO SharedState: Warehouse path is 'file:/opt/data'.
[2026-06-28T18:30:22.346+0000] {spark_submit.py:490} INFO - 26/06/28 18:30:22 INFO InMemoryFileIndex: It took 34 ms to list leaf files for 1 paths.
[2026-06-28T18:30:22.593+0000] {spark_submit.py:490} INFO - 26/06/28 18:30:22 INFO SparkContext: Starting job: parquet at NativeMethodAccessorImpl.java:0
[2026-06-28T18:30:22.607+0000] {spark_submit.py:490} INFO - 26/06/28 18:30:22 INFO DAGScheduler: Got job 0 (parquet at NativeMethodAccessorImpl.java:0) with 1 output partitions
[2026-06-28T18:30:22.608+0000] {spark_submit.py:490} INFO - 26/06/28 18:30:22 INFO DAGScheduler: Final stage: ResultStage 0 (parquet at NativeMethodAccessorImpl.java:0)
[2026-06-28T18:30:22.608+0000] {spark_submit.py:490} INFO - 26/06/28 18:30:22 INFO DAGScheduler: Parents of final stage: List()
[2026-06-28T18:30:22.609+0000] {spark_submit.py:490} INFO - 26/06/28 18:30:22 INFO DAGScheduler: Missing parents: List()
[2026-06-28T18:30:22.616+0000] {spark_submit.py:490} INFO - 26/06/28 18:30:22 INFO DAGScheduler: Submitting ResultStage 0 (MapPartitionsRDD[1] at parquet at NativeMethodAccessorImpl.java:0), which has no missing parents
[2026-06-28T18:30:22.660+0000] {spark_submit.py:490} INFO - 26/06/28 18:30:22 INFO MemoryStore: Block broadcast_0 stored as values in memory (estimated size 103.7 KiB, free 434.3 MiB)
[2026-06-28T18:30:22.692+0000] {spark_submit.py:490} INFO - 26/06/28 18:30:22 INFO MemoryStore: Block broadcast_0_piece0 stored as bytes in memory (estimated size 37.5 KiB, free 434.3 MiB)
[2026-06-28T18:30:22.695+0000] {spark_submit.py:490} INFO - 26/06/28 18:30:22 INFO BlockManagerInfo: Added broadcast_0_piece0 in memory on 86a3e92c752e:42137 (size: 37.5 KiB, free: 434.4 MiB)
[2026-06-28T18:30:22.699+0000] {spark_submit.py:490} INFO - 26/06/28 18:30:22 INFO SparkContext: Created broadcast 0 from broadcast at DAGScheduler.scala:1611
[2026-06-28T18:30:22.717+0000] {spark_submit.py:490} INFO - 26/06/28 18:30:22 INFO DAGScheduler: Submitting 1 missing tasks from ResultStage 0 (MapPartitionsRDD[1] at parquet at NativeMethodAccessorImpl.java:0) (first 15 tasks are for partitions Vector(0))
[2026-06-28T18:30:22.718+0000] {spark_submit.py:490} INFO - 26/06/28 18:30:22 INFO TaskSchedulerImpl: Adding task set 0.0 with 1 tasks resource profile 0
[2026-06-28T18:30:23.394+0000] {spark_submit.py:490} INFO - 26/06/28 18:30:23 INFO StandaloneSchedulerBackend$StandaloneDriverEndpoint: Registered executor NettyRpcEndpointRef(spark-client://Executor) (172.18.0.4:32950) with ID 0,  ResourceProfileId 0
[2026-06-28T18:30:23.449+0000] {spark_submit.py:490} INFO - 26/06/28 18:30:23 INFO BlockManagerMasterEndpoint: Registering block manager 172.18.0.4:43679 with 434.4 MiB RAM, BlockManagerId(0, 172.18.0.4, 43679, None)
[2026-06-28T18:30:23.516+0000] {spark_submit.py:490} INFO - 26/06/28 18:30:23 INFO TaskSetManager: Starting task 0.0 in stage 0.0 (TID 0) (172.18.0.4, executor 0, partition 0, PROCESS_LOCAL, 9215 bytes)
[2026-06-28T18:30:23.641+0000] {spark_submit.py:490} INFO - 26/06/28 18:30:23 INFO BlockManagerInfo: Added broadcast_0_piece0 in memory on 172.18.0.4:43679 (size: 37.5 KiB, free: 434.4 MiB)
[2026-06-28T18:30:24.061+0000] {spark_submit.py:490} INFO - 26/06/28 18:30:24 INFO TaskSetManager: Finished task 0.0 in stage 0.0 (TID 0) in 554 ms on 172.18.0.4 (executor 0) (1/1)
[2026-06-28T18:30:24.062+0000] {spark_submit.py:490} INFO - 26/06/28 18:30:24 INFO TaskSchedulerImpl: Removed TaskSet 0.0, whose tasks have all completed, from pool
[2026-06-28T18:30:24.065+0000] {spark_submit.py:490} INFO - 26/06/28 18:30:24 INFO DAGScheduler: ResultStage 0 (parquet at NativeMethodAccessorImpl.java:0) finished in 1.438 s
[2026-06-28T18:30:24.068+0000] {spark_submit.py:490} INFO - 26/06/28 18:30:24 INFO DAGScheduler: Job 0 is finished. Cancelling potential speculative or zombie tasks for this job
[2026-06-28T18:30:24.068+0000] {spark_submit.py:490} INFO - 26/06/28 18:30:24 INFO TaskSchedulerImpl: Killing all running tasks in stage 0: Stage finished
[2026-06-28T18:30:24.069+0000] {spark_submit.py:490} INFO - 26/06/28 18:30:24 INFO DAGScheduler: Job 0 finished: parquet at NativeMethodAccessorImpl.java:0, took 1.475461 s
[2026-06-28T18:30:24.224+0000] {spark_submit.py:490} INFO - 26/06/28 18:30:24 INFO BlockManagerInfo: Removed broadcast_0_piece0 on 86a3e92c752e:42137 in memory (size: 37.5 KiB, free: 434.4 MiB)
[2026-06-28T18:30:24.234+0000] {spark_submit.py:490} INFO - 26/06/28 18:30:24 INFO BlockManagerInfo: Removed broadcast_0_piece0 on 172.18.0.4:43679 in memory (size: 37.5 KiB, free: 434.4 MiB)
[2026-06-28T18:30:24.695+0000] {spark_submit.py:490} INFO - 26/06/28 18:30:24 INFO DataSourceStrategy: Pruning directories with:
[2026-06-28T18:30:24.696+0000] {spark_submit.py:490} INFO - 26/06/28 18:30:24 INFO FileSourceStrategy: Pushed Filters:
[2026-06-28T18:30:24.696+0000] {spark_submit.py:490} INFO - 26/06/28 18:30:24 INFO FileSourceStrategy: Post-Scan Filters:
[2026-06-28T18:30:25.029+0000] {spark_submit.py:490} INFO - 26/06/28 18:30:25 INFO CodeGenerator: Code generated in 221.019997 ms
[2026-06-28T18:30:25.045+0000] {spark_submit.py:490} INFO - 26/06/28 18:30:25 INFO MemoryStore: Block broadcast_1 stored as values in memory (estimated size 202.5 KiB, free 434.2 MiB)
[2026-06-28T18:30:25.064+0000] {spark_submit.py:490} INFO - 26/06/28 18:30:25 INFO MemoryStore: Block broadcast_1_piece0 stored as bytes in memory (estimated size 35.4 KiB, free 434.2 MiB)
[2026-06-28T18:30:25.065+0000] {spark_submit.py:490} INFO - 26/06/28 18:30:25 INFO BlockManagerInfo: Added broadcast_1_piece0 in memory on 86a3e92c752e:42137 (size: 35.4 KiB, free: 434.4 MiB)
[2026-06-28T18:30:25.066+0000] {spark_submit.py:490} INFO - 26/06/28 18:30:25 INFO SparkContext: Created broadcast 1 from parquet at NativeMethodAccessorImpl.java:0
[2026-06-28T18:30:25.081+0000] {spark_submit.py:490} INFO - 26/06/28 18:30:25 INFO FileSourceScanExec: Planning scan with bin packing, max size: 4194304 bytes, open cost is considered as scanning 4194304 bytes.
[2026-06-28T18:30:25.143+0000] {spark_submit.py:490} INFO - 26/06/28 18:30:25 INFO DAGScheduler: Registering RDD 5 (parquet at NativeMethodAccessorImpl.java:0) as input to shuffle 0
[2026-06-28T18:30:25.145+0000] {spark_submit.py:490} INFO - 26/06/28 18:30:25 INFO DAGScheduler: Got map stage job 1 (parquet at NativeMethodAccessorImpl.java:0) with 9 output partitions
[2026-06-28T18:30:25.145+0000] {spark_submit.py:490} INFO - 26/06/28 18:30:25 INFO DAGScheduler: Final stage: ShuffleMapStage 1 (parquet at NativeMethodAccessorImpl.java:0)
[2026-06-28T18:30:25.145+0000] {spark_submit.py:490} INFO - 26/06/28 18:30:25 INFO DAGScheduler: Parents of final stage: List()
[2026-06-28T18:30:25.145+0000] {spark_submit.py:490} INFO - 26/06/28 18:30:25 INFO DAGScheduler: Missing parents: List()
[2026-06-28T18:30:25.146+0000] {spark_submit.py:490} INFO - 26/06/28 18:30:25 INFO DAGScheduler: Submitting ShuffleMapStage 1 (MapPartitionsRDD[5] at parquet at NativeMethodAccessorImpl.java:0), which has no missing parents
[2026-06-28T18:30:25.158+0000] {spark_submit.py:490} INFO - 26/06/28 18:30:25 INFO MemoryStore: Block broadcast_2 stored as values in memory (estimated size 71.6 KiB, free 434.1 MiB)
[2026-06-28T18:30:25.162+0000] {spark_submit.py:490} INFO - 26/06/28 18:30:25 INFO MemoryStore: Block broadcast_2_piece0 stored as bytes in memory (estimated size 26.9 KiB, free 434.1 MiB)
[2026-06-28T18:30:25.163+0000] {spark_submit.py:490} INFO - 26/06/28 18:30:25 INFO BlockManagerInfo: Added broadcast_2_piece0 in memory on 86a3e92c752e:42137 (size: 26.9 KiB, free: 434.3 MiB)
[2026-06-28T18:30:25.163+0000] {spark_submit.py:490} INFO - 26/06/28 18:30:25 INFO SparkContext: Created broadcast 2 from broadcast at DAGScheduler.scala:1611
[2026-06-28T18:30:25.166+0000] {spark_submit.py:490} INFO - 26/06/28 18:30:25 INFO DAGScheduler: Submitting 9 missing tasks from ShuffleMapStage 1 (MapPartitionsRDD[5] at parquet at NativeMethodAccessorImpl.java:0) (first 15 tasks are for partitions Vector(0, 1, 2, 3, 4, 5, 6, 7, 8))
[2026-06-28T18:30:25.166+0000] {spark_submit.py:490} INFO - 26/06/28 18:30:25 INFO TaskSchedulerImpl: Adding task set 1.0 with 9 tasks resource profile 0
[2026-06-28T18:30:25.172+0000] {spark_submit.py:490} INFO - 26/06/28 18:30:25 INFO TaskSetManager: Starting task 0.0 in stage 1.0 (TID 1) (172.18.0.4, executor 0, partition 0, PROCESS_LOCAL, 9750 bytes)
[2026-06-28T18:30:25.173+0000] {spark_submit.py:490} INFO - 26/06/28 18:30:25 INFO TaskSetManager: Starting task 1.0 in stage 1.0 (TID 2) (172.18.0.4, executor 0, partition 1, PROCESS_LOCAL, 9750 bytes)
[2026-06-28T18:30:25.174+0000] {spark_submit.py:490} INFO - 26/06/28 18:30:25 INFO TaskSetManager: Starting task 2.0 in stage 1.0 (TID 3) (172.18.0.4, executor 0, partition 2, PROCESS_LOCAL, 9744 bytes)
[2026-06-28T18:30:25.174+0000] {spark_submit.py:490} INFO - 26/06/28 18:30:25 INFO TaskSetManager: Starting task 3.0 in stage 1.0 (TID 4) (172.18.0.4, executor 0, partition 3, PROCESS_LOCAL, 9744 bytes)
[2026-06-28T18:30:25.175+0000] {spark_submit.py:490} INFO - 26/06/28 18:30:25 INFO TaskSetManager: Starting task 4.0 in stage 1.0 (TID 5) (172.18.0.4, executor 0, partition 4, PROCESS_LOCAL, 9750 bytes)
[2026-06-28T18:30:25.175+0000] {spark_submit.py:490} INFO - 26/06/28 18:30:25 INFO TaskSetManager: Starting task 5.0 in stage 1.0 (TID 6) (172.18.0.4, executor 0, partition 5, PROCESS_LOCAL, 9744 bytes)
[2026-06-28T18:30:25.175+0000] {spark_submit.py:490} INFO - 26/06/28 18:30:25 INFO TaskSetManager: Starting task 6.0 in stage 1.0 (TID 7) (172.18.0.4, executor 0, partition 6, PROCESS_LOCAL, 9744 bytes)
[2026-06-28T18:30:25.176+0000] {spark_submit.py:490} INFO - 26/06/28 18:30:25 INFO TaskSetManager: Starting task 7.0 in stage 1.0 (TID 8) (172.18.0.4, executor 0, partition 7, PROCESS_LOCAL, 9744 bytes)
[2026-06-28T18:30:25.177+0000] {spark_submit.py:490} INFO - 26/06/28 18:30:25 INFO TaskSetManager: Starting task 8.0 in stage 1.0 (TID 9) (172.18.0.4, executor 0, partition 8, PROCESS_LOCAL, 9744 bytes)
[2026-06-28T18:30:25.242+0000] {spark_submit.py:490} INFO - 26/06/28 18:30:25 INFO BlockManagerInfo: Added broadcast_2_piece0 in memory on 172.18.0.4:43679 (size: 26.9 KiB, free: 434.4 MiB)
[2026-06-28T18:30:26.060+0000] {spark_submit.py:490} INFO - 26/06/28 18:30:26 INFO BlockManagerInfo: Added broadcast_1_piece0 in memory on 172.18.0.4:43679 (size: 35.4 KiB, free: 434.3 MiB)
[2026-06-28T18:30:26.390+0000] {spark_submit.py:490} INFO - 26/06/28 18:30:26 INFO TaskSetManager: Finished task 3.0 in stage 1.0 (TID 4) in 1215 ms on 172.18.0.4 (executor 0) (1/9)
[2026-06-28T18:30:26.390+0000] {spark_submit.py:490} INFO - 26/06/28 18:30:26 INFO TaskSetManager: Finished task 6.0 in stage 1.0 (TID 7) in 1215 ms on 172.18.0.4 (executor 0) (2/9)
[2026-06-28T18:30:26.391+0000] {spark_submit.py:490} INFO - 26/06/28 18:30:26 INFO TaskSetManager: Finished task 0.0 in stage 1.0 (TID 1) in 1224 ms on 172.18.0.4 (executor 0) (3/9)
[2026-06-28T18:30:26.392+0000] {spark_submit.py:490} INFO - 26/06/28 18:30:26 INFO TaskSetManager: Finished task 8.0 in stage 1.0 (TID 9) in 1216 ms on 172.18.0.4 (executor 0) (4/9)
[2026-06-28T18:30:26.392+0000] {spark_submit.py:490} INFO - 26/06/28 18:30:26 INFO TaskSetManager: Finished task 1.0 in stage 1.0 (TID 2) in 1220 ms on 172.18.0.4 (executor 0) (5/9)
[2026-06-28T18:30:26.393+0000] {spark_submit.py:490} INFO - 26/06/28 18:30:26 INFO TaskSetManager: Finished task 5.0 in stage 1.0 (TID 6) in 1219 ms on 172.18.0.4 (executor 0) (6/9)
[2026-06-28T18:30:26.394+0000] {spark_submit.py:490} INFO - 26/06/28 18:30:26 INFO TaskSetManager: Finished task 4.0 in stage 1.0 (TID 5) in 1219 ms on 172.18.0.4 (executor 0) (7/9)
[2026-06-28T18:30:26.394+0000] {spark_submit.py:490} INFO - 26/06/28 18:30:26 INFO TaskSetManager: Finished task 7.0 in stage 1.0 (TID 8) in 1218 ms on 172.18.0.4 (executor 0) (8/9)
[2026-06-28T18:30:26.395+0000] {spark_submit.py:490} INFO - 26/06/28 18:30:26 INFO TaskSetManager: Finished task 2.0 in stage 1.0 (TID 3) in 1222 ms on 172.18.0.4 (executor 0) (9/9)
[2026-06-28T18:30:26.395+0000] {spark_submit.py:490} INFO - 26/06/28 18:30:26 INFO TaskSchedulerImpl: Removed TaskSet 1.0, whose tasks have all completed, from pool
[2026-06-28T18:30:26.399+0000] {spark_submit.py:490} INFO - 26/06/28 18:30:26 INFO DAGScheduler: ShuffleMapStage 1 (parquet at NativeMethodAccessorImpl.java:0) finished in 1.251 s
[2026-06-28T18:30:26.400+0000] {spark_submit.py:490} INFO - 26/06/28 18:30:26 INFO DAGScheduler: looking for newly runnable stages
[2026-06-28T18:30:26.400+0000] {spark_submit.py:490} INFO - 26/06/28 18:30:26 INFO DAGScheduler: running: Set()
[2026-06-28T18:30:26.401+0000] {spark_submit.py:490} INFO - 26/06/28 18:30:26 INFO DAGScheduler: waiting: Set()
[2026-06-28T18:30:26.401+0000] {spark_submit.py:490} INFO - 26/06/28 18:30:26 INFO DAGScheduler: failed: Set()
[2026-06-28T18:30:26.426+0000] {spark_submit.py:490} INFO - 26/06/28 18:30:26 INFO ShufflePartitionsUtil: For shuffle(0), advisory target size: 67108864, actual target size 1048576, minimum partition size: 1048576
[2026-06-28T18:30:26.470+0000] {spark_submit.py:490} INFO - 26/06/28 18:30:26 INFO ParquetUtils: Using default output committer for Parquet: org.apache.parquet.hadoop.ParquetOutputCommitter
[2026-06-28T18:30:26.480+0000] {spark_submit.py:490} INFO - 26/06/28 18:30:26 INFO FileOutputCommitter: File Output Committer Algorithm version is 1
[2026-06-28T18:30:26.481+0000] {spark_submit.py:490} INFO - 26/06/28 18:30:26 INFO FileOutputCommitter: FileOutputCommitter skip cleanup _temporary folders under output directory:false, ignore cleanup failures: false
[2026-06-28T18:30:26.481+0000] {spark_submit.py:490} INFO - 26/06/28 18:30:26 INFO SQLHadoopMapReduceCommitProtocol: Using user defined output committer class org.apache.parquet.hadoop.ParquetOutputCommitter
[2026-06-28T18:30:26.481+0000] {spark_submit.py:490} INFO - 26/06/28 18:30:26 INFO FileOutputCommitter: File Output Committer Algorithm version is 1
[2026-06-28T18:30:26.481+0000] {spark_submit.py:490} INFO - 26/06/28 18:30:26 INFO FileOutputCommitter: FileOutputCommitter skip cleanup _temporary folders under output directory:false, ignore cleanup failures: false
[2026-06-28T18:30:26.482+0000] {spark_submit.py:490} INFO - 26/06/28 18:30:26 INFO SQLHadoopMapReduceCommitProtocol: Using output committer class org.apache.parquet.hadoop.ParquetOutputCommitter
[2026-06-28T18:30:26.493+0000] {spark_submit.py:490} INFO - 26/06/28 18:30:26 INFO HashAggregateExec: spark.sql.codegen.aggregate.map.twolevel.enabled is set to true, but current version of codegened fast hashmap does not support this aggregate.
[2026-06-28T18:30:26.534+0000] {spark_submit.py:490} INFO - 26/06/28 18:30:26 INFO CodeGenerator: Code generated in 26.195457 ms
[2026-06-28T18:30:26.552+0000] {spark_submit.py:490} INFO - 26/06/28 18:30:26 INFO SparkContext: Starting job: parquet at NativeMethodAccessorImpl.java:0
[2026-06-28T18:30:26.554+0000] {spark_submit.py:490} INFO - 26/06/28 18:30:26 INFO DAGScheduler: Got job 2 (parquet at NativeMethodAccessorImpl.java:0) with 1 output partitions
[2026-06-28T18:30:26.554+0000] {spark_submit.py:490} INFO - 26/06/28 18:30:26 INFO DAGScheduler: Final stage: ResultStage 3 (parquet at NativeMethodAccessorImpl.java:0)
[2026-06-28T18:30:26.554+0000] {spark_submit.py:490} INFO - 26/06/28 18:30:26 INFO DAGScheduler: Parents of final stage: List(ShuffleMapStage 2)
[2026-06-28T18:30:26.555+0000] {spark_submit.py:490} INFO - 26/06/28 18:30:26 INFO DAGScheduler: Missing parents: List()
[2026-06-28T18:30:26.555+0000] {spark_submit.py:490} INFO - 26/06/28 18:30:26 INFO DAGScheduler: Submitting ResultStage 3 (MapPartitionsRDD[8] at parquet at NativeMethodAccessorImpl.java:0), which has no missing parents
[2026-06-28T18:30:26.577+0000] {spark_submit.py:490} INFO - 26/06/28 18:30:26 INFO MemoryStore: Block broadcast_3 stored as values in memory (estimated size 286.9 KiB, free 433.8 MiB)
[2026-06-28T18:30:26.582+0000] {spark_submit.py:490} INFO - 26/06/28 18:30:26 INFO BlockManagerInfo: Removed broadcast_2_piece0 on 86a3e92c752e:42137 in memory (size: 26.9 KiB, free: 434.4 MiB)
[2026-06-28T18:30:26.583+0000] {spark_submit.py:490} INFO - 26/06/28 18:30:26 INFO MemoryStore: Block broadcast_3_piece0 stored as bytes in memory (estimated size 103.0 KiB, free 433.7 MiB)
[2026-06-28T18:30:26.583+0000] {spark_submit.py:490} INFO - 26/06/28 18:30:26 INFO BlockManagerInfo: Added broadcast_3_piece0 in memory on 86a3e92c752e:42137 (size: 103.0 KiB, free: 434.3 MiB)
[2026-06-28T18:30:26.584+0000] {spark_submit.py:490} INFO - 26/06/28 18:30:26 INFO SparkContext: Created broadcast 3 from broadcast at DAGScheduler.scala:1611
[2026-06-28T18:30:26.584+0000] {spark_submit.py:490} INFO - 26/06/28 18:30:26 INFO DAGScheduler: Submitting 1 missing tasks from ResultStage 3 (MapPartitionsRDD[8] at parquet at NativeMethodAccessorImpl.java:0) (first 15 tasks are for partitions Vector(0))
[2026-06-28T18:30:26.585+0000] {spark_submit.py:490} INFO - 26/06/28 18:30:26 INFO TaskSchedulerImpl: Adding task set 3.0 with 1 tasks resource profile 0
[2026-06-28T18:30:26.586+0000] {spark_submit.py:490} INFO - 26/06/28 18:30:26 INFO BlockManagerInfo: Removed broadcast_2_piece0 on 172.18.0.4:43679 in memory (size: 26.9 KiB, free: 434.4 MiB)
[2026-06-28T18:30:26.589+0000] {spark_submit.py:490} INFO - 26/06/28 18:30:26 INFO TaskSetManager: Starting task 0.0 in stage 3.0 (TID 10) (172.18.0.4, executor 0, partition 0, NODE_LOCAL, 9003 bytes)
[2026-06-28T18:30:26.610+0000] {spark_submit.py:490} INFO - 26/06/28 18:30:26 INFO BlockManagerInfo: Added broadcast_3_piece0 in memory on 172.18.0.4:43679 (size: 103.0 KiB, free: 434.3 MiB)
[2026-06-28T18:30:26.718+0000] {spark_submit.py:490} INFO - 26/06/28 18:30:26 INFO MapOutputTrackerMasterEndpoint: Asked to send map output locations for shuffle 0 to 172.18.0.4:32950
[2026-06-28T18:30:27.227+0000] {spark_submit.py:490} INFO - 26/06/28 18:30:27 INFO TaskSetManager: Finished task 0.0 in stage 3.0 (TID 10) in 639 ms on 172.18.0.4 (executor 0) (1/1)
[2026-06-28T18:30:27.228+0000] {spark_submit.py:490} INFO - 26/06/28 18:30:27 INFO TaskSchedulerImpl: Removed TaskSet 3.0, whose tasks have all completed, from pool
[2026-06-28T18:30:27.230+0000] {spark_submit.py:490} INFO - 26/06/28 18:30:27 INFO DAGScheduler: ResultStage 3 (parquet at NativeMethodAccessorImpl.java:0) finished in 0.664 s
[2026-06-28T18:30:27.230+0000] {spark_submit.py:490} INFO - 26/06/28 18:30:27 INFO DAGScheduler: Job 2 is finished. Cancelling potential speculative or zombie tasks for this job
[2026-06-28T18:30:27.230+0000] {spark_submit.py:490} INFO - 26/06/28 18:30:27 INFO TaskSchedulerImpl: Killing all running tasks in stage 3: Stage finished
[2026-06-28T18:30:27.231+0000] {spark_submit.py:490} INFO - 26/06/28 18:30:27 INFO DAGScheduler: Job 2 finished: parquet at NativeMethodAccessorImpl.java:0, took 0.678578 s
[2026-06-28T18:30:27.233+0000] {spark_submit.py:490} INFO - 26/06/28 18:30:27 INFO FileFormatWriter: Start to commit write Job 88b9cef0-e700-41e3-9590-0deac709de33.
[2026-06-28T18:30:27.252+0000] {spark_submit.py:490} INFO - 26/06/28 18:30:27 INFO FileFormatWriter: Write Job 88b9cef0-e700-41e3-9590-0deac709de33 committed. Elapsed time: 18 ms.
[2026-06-28T18:30:27.254+0000] {spark_submit.py:490} INFO - 26/06/28 18:30:27 INFO FileFormatWriter: Finished processing stats for write job 88b9cef0-e700-41e3-9590-0deac709de33.
[2026-06-28T18:30:27.309+0000] {spark_submit.py:490} INFO - Traceback (most recent call last):
[2026-06-28T18:30:27.309+0000] {spark_submit.py:490} INFO - File "/opt/spark-apps/gold_job.py", line 83, in <module>
[2026-06-28T18:30:27.309+0000] {spark_submit.py:490} INFO - gold.write
[2026-06-28T18:30:27.309+0000] {spark_submit.py:490} INFO - File "/home/***/.local/lib/python3.8/site-packages/pyspark/python/lib/pyspark.zip/pyspark/sql/readwriter.py", line 1461, in save
[2026-06-28T18:30:27.309+0000] {spark_submit.py:490} INFO - File "/home/***/.local/lib/python3.8/site-packages/pyspark/python/lib/py4j-0.10.9.7-src.zip/py4j/java_gateway.py", line 1322, in __call__
[2026-06-28T18:30:27.310+0000] {spark_submit.py:490} INFO - File "/home/***/.local/lib/python3.8/site-packages/pyspark/python/lib/pyspark.zip/pyspark/errors/exceptions/captured.py", line 179, in deco
[2026-06-28T18:30:27.310+0000] {spark_submit.py:490} INFO - File "/home/***/.local/lib/python3.8/site-packages/pyspark/python/lib/py4j-0.10.9.7-src.zip/py4j/protocol.py", line 326, in get_return_value
[2026-06-28T18:30:27.310+0000] {spark_submit.py:490} INFO - py4j.protocol.Py4JJavaError: An error occurred while calling o94.save.
[2026-06-28T18:30:27.311+0000] {spark_submit.py:490} INFO - : java.lang.ClassNotFoundException: org.postgresql.Driver
[2026-06-28T18:30:27.311+0000] {spark_submit.py:490} INFO - at java.base/java.net.URLClassLoader.findClass(URLClassLoader.java:445)
[2026-06-28T18:30:27.311+0000] {spark_submit.py:490} INFO - at java.base/java.lang.ClassLoader.loadClass(ClassLoader.java:592)
[2026-06-28T18:30:27.311+0000] {spark_submit.py:490} INFO - at java.base/java.lang.ClassLoader.loadClass(ClassLoader.java:525)
[2026-06-28T18:30:27.311+0000] {spark_submit.py:490} INFO - at org.apache.spark.sql.execution.datasources.jdbc.DriverRegistry$.register(DriverRegistry.scala:46)
[2026-06-28T18:30:27.312+0000] {spark_submit.py:490} INFO - at org.apache.spark.sql.execution.datasources.jdbc.JDBCOptions.$anonfun$driverClass$1(JDBCOptions.scala:103)
[2026-06-28T18:30:27.312+0000] {spark_submit.py:490} INFO - at org.apache.spark.sql.execution.datasources.jdbc.JDBCOptions.$anonfun$driverClass$1$adapted(JDBCOptions.scala:103)
[2026-06-28T18:30:27.312+0000] {spark_submit.py:490} INFO - at scala.Option.foreach(Option.scala:407)
[2026-06-28T18:30:27.312+0000] {spark_submit.py:490} INFO - at org.apache.spark.sql.execution.datasources.jdbc.JDBCOptions.<init>(JDBCOptions.scala:103)
[2026-06-28T18:30:27.313+0000] {spark_submit.py:490} INFO - at org.apache.spark.sql.execution.datasources.jdbc.JdbcOptionsInWrite.<init>(JDBCOptions.scala:254)
[2026-06-28T18:30:27.313+0000] {spark_submit.py:490} INFO - at org.apache.spark.sql.execution.datasources.jdbc.JdbcOptionsInWrite.<init>(JDBCOptions.scala:258)
[2026-06-28T18:30:27.313+0000] {spark_submit.py:490} INFO - at org.apache.spark.sql.execution.datasources.jdbc.JdbcRelationProvider.createRelation(JdbcRelationProvider.scala:47)
[2026-06-28T18:30:27.313+0000] {spark_submit.py:490} INFO - at org.apache.spark.sql.execution.datasources.SaveIntoDataSourceCommand.run(SaveIntoDataSourceCommand.scala:48)
[2026-06-28T18:30:27.314+0000] {spark_submit.py:490} INFO - at org.apache.spark.sql.execution.command.ExecutedCommandExec.sideEffectResult$lzycompute(commands.scala:75)
[2026-06-28T18:30:27.314+0000] {spark_submit.py:490} INFO - at org.apache.spark.sql.execution.command.ExecutedCommandExec.sideEffectResult(commands.scala:73)
[2026-06-28T18:30:27.314+0000] {spark_submit.py:490} INFO - at org.apache.spark.sql.execution.command.ExecutedCommandExec.executeCollect(commands.scala:84)
[2026-06-28T18:30:27.314+0000] {spark_submit.py:490} INFO - at org.apache.spark.sql.execution.QueryExecution$$anonfun$eagerlyExecuteCommands$1.$anonfun$applyOrElse$1(QueryExecution.scala:107)
[2026-06-28T18:30:27.315+0000] {spark_submit.py:490} INFO - at org.apache.spark.sql.execution.SQLExecution$.$anonfun$withNewExecutionId$6(SQLExecution.scala:125)
[2026-06-28T18:30:27.315+0000] {spark_submit.py:490} INFO - at org.apache.spark.sql.execution.SQLExecution$.withSQLConfPropagated(SQLExecution.scala:201)
[2026-06-28T18:30:27.315+0000] {spark_submit.py:490} INFO - at org.apache.spark.sql.execution.SQLExecution$.$anonfun$withNewExecutionId$1(SQLExecution.scala:108)
[2026-06-28T18:30:27.315+0000] {spark_submit.py:490} INFO - at org.apache.spark.sql.SparkSession.withActive(SparkSession.scala:900)
[2026-06-28T18:30:27.316+0000] {spark_submit.py:490} INFO - at org.apache.spark.sql.execution.SQLExecution$.withNewExecutionId(SQLExecution.scala:66)
[2026-06-28T18:30:27.316+0000] {spark_submit.py:490} INFO - at org.apache.spark.sql.execution.QueryExecution$$anonfun$eagerlyExecuteCommands$1.applyOrElse(QueryExecution.scala:107)
[2026-06-28T18:30:27.316+0000] {spark_submit.py:490} INFO - at org.apache.spark.sql.execution.QueryExecution$$anonfun$eagerlyExecuteCommands$1.applyOrElse(QueryExecution.scala:98)
[2026-06-28T18:30:27.317+0000] {spark_submit.py:490} INFO - at org.apache.spark.sql.catalyst.trees.TreeNode.$anonfun$transformDownWithPruning$1(TreeNode.scala:461)
[2026-06-28T18:30:27.317+0000] {spark_submit.py:490} INFO - at org.apache.spark.sql.catalyst.trees.CurrentOrigin$.withOrigin(origin.scala:76)
[2026-06-28T18:30:27.317+0000] {spark_submit.py:490} INFO - at org.apache.spark.sql.catalyst.trees.TreeNode.transformDownWithPruning(TreeNode.scala:461)
[2026-06-28T18:30:27.317+0000] {spark_submit.py:490} INFO - at org.apache.spark.sql.catalyst.plans.logical.LogicalPlan.org$apache$spark$sql$catalyst$plans$logical$AnalysisHelper$$super$transformDownWithPruning(LogicalPlan.scala:32)
[2026-06-28T18:30:27.318+0000] {spark_submit.py:490} INFO - at org.apache.spark.sql.catalyst.plans.logical.AnalysisHelper.transformDownWithPruning(AnalysisHelper.scala:267)
[2026-06-28T18:30:27.318+0000] {spark_submit.py:490} INFO - at org.apache.spark.sql.catalyst.plans.logical.AnalysisHelper.transformDownWithPruning$(AnalysisHelper.scala:263)
[2026-06-28T18:30:27.318+0000] {spark_submit.py:490} INFO - at org.apache.spark.sql.catalyst.plans.logical.LogicalPlan.transformDownWithPruning(LogicalPlan.scala:32)
[2026-06-28T18:30:27.318+0000] {spark_submit.py:490} INFO - at org.apache.spark.sql.catalyst.plans.logical.LogicalPlan.transformDownWithPruning(LogicalPlan.scala:32)
[2026-06-28T18:30:27.319+0000] {spark_submit.py:490} INFO - at org.apache.spark.sql.catalyst.trees.TreeNode.transformDown(TreeNode.scala:437)
[2026-06-28T18:30:27.319+0000] {spark_submit.py:490} INFO - at org.apache.spark.sql.execution.QueryExecution.eagerlyExecuteCommands(QueryExecution.scala:98)
[2026-06-28T18:30:27.319+0000] {spark_submit.py:490} INFO - at org.apache.spark.sql.execution.QueryExecution.commandExecuted$lzycompute(QueryExecution.scala:85)
[2026-06-28T18:30:27.319+0000] {spark_submit.py:490} INFO - at org.apache.spark.sql.execution.QueryExecution.commandExecuted(QueryExecution.scala:83)
[2026-06-28T18:30:27.320+0000] {spark_submit.py:490} INFO - at org.apache.spark.sql.execution.QueryExecution.assertCommandExecuted(QueryExecution.scala:142)
[2026-06-28T18:30:27.320+0000] {spark_submit.py:490} INFO - at org.apache.spark.sql.DataFrameWriter.runCommand(DataFrameWriter.scala:869)
[2026-06-28T18:30:27.320+0000] {spark_submit.py:490} INFO - at org.apache.spark.sql.DataFrameWriter.saveToV1Source(DataFrameWriter.scala:391)
[2026-06-28T18:30:27.320+0000] {spark_submit.py:490} INFO - at org.apache.spark.sql.DataFrameWriter.saveInternal(DataFrameWriter.scala:364)
[2026-06-28T18:30:27.320+0000] {spark_submit.py:490} INFO - at org.apache.spark.sql.DataFrameWriter.save(DataFrameWriter.scala:251)
[2026-06-28T18:30:27.321+0000] {spark_submit.py:490} INFO - at java.base/jdk.internal.reflect.NativeMethodAccessorImpl.invoke0(Native Method)
[2026-06-28T18:30:27.321+0000] {spark_submit.py:490} INFO - at java.base/jdk.internal.reflect.NativeMethodAccessorImpl.invoke(NativeMethodAccessorImpl.java:77)
[2026-06-28T18:30:27.321+0000] {spark_submit.py:490} INFO - at java.base/jdk.internal.reflect.DelegatingMethodAccessorImpl.invoke(DelegatingMethodAccessorImpl.java:43)
[2026-06-28T18:30:27.321+0000] {spark_submit.py:490} INFO - at java.base/java.lang.reflect.Method.invoke(Method.java:569)
[2026-06-28T18:30:27.321+0000] {spark_submit.py:490} INFO - at py4j.reflection.MethodInvoker.invoke(MethodInvoker.java:244)
[2026-06-28T18:30:27.322+0000] {spark_submit.py:490} INFO - at py4j.reflection.ReflectionEngine.invoke(ReflectionEngine.java:374)
[2026-06-28T18:30:27.322+0000] {spark_submit.py:490} INFO - at py4j.Gateway.invoke(Gateway.java:282)
[2026-06-28T18:30:27.322+0000] {spark_submit.py:490} INFO - at py4j.commands.AbstractCommand.invokeMethod(AbstractCommand.java:132)
[2026-06-28T18:30:27.322+0000] {spark_submit.py:490} INFO - at py4j.commands.CallCommand.execute(CallCommand.java:79)
[2026-06-28T18:30:27.322+0000] {spark_submit.py:490} INFO - at py4j.ClientServerConnection.waitForCommands(ClientServerConnection.java:182)
[2026-06-28T18:30:27.323+0000] {spark_submit.py:490} INFO - at py4j.ClientServerConnection.run(ClientServerConnection.java:106)
[2026-06-28T18:30:27.323+0000] {spark_submit.py:490} INFO - at java.base/java.lang.Thread.run(Thread.java:840)
[2026-06-28T18:30:27.323+0000] {spark_submit.py:490} INFO - 
[2026-06-28T18:30:27.350+0000] {spark_submit.py:490} INFO - 26/06/28 18:30:27 INFO SparkContext: Invoking stop() from shutdown hook
[2026-06-28T18:30:27.351+0000] {spark_submit.py:490} INFO - 26/06/28 18:30:27 INFO SparkContext: SparkContext is stopping with exitCode 0.
[2026-06-28T18:30:27.359+0000] {spark_submit.py:490} INFO - 26/06/28 18:30:27 INFO SparkUI: Stopped Spark web UI at http://86a3e92c752e:4040
[2026-06-28T18:30:27.361+0000] {spark_submit.py:490} INFO - 26/06/28 18:30:27 INFO StandaloneSchedulerBackend: Shutting down all executors
[2026-06-28T18:30:27.362+0000] {spark_submit.py:490} INFO - 26/06/28 18:30:27 INFO StandaloneSchedulerBackend$StandaloneDriverEndpoint: Asking each executor to shut down
[2026-06-28T18:30:27.380+0000] {spark_submit.py:490} INFO - 26/06/28 18:30:27 INFO MapOutputTrackerMasterEndpoint: MapOutputTrackerMasterEndpoint stopped!
[2026-06-28T18:30:27.411+0000] {spark_submit.py:490} INFO - 26/06/28 18:30:27 INFO MemoryStore: MemoryStore cleared
[2026-06-28T18:30:27.412+0000] {spark_submit.py:490} INFO - 26/06/28 18:30:27 INFO BlockManager: BlockManager stopped
[2026-06-28T18:30:27.418+0000] {spark_submit.py:490} INFO - 26/06/28 18:30:27 INFO BlockManagerMaster: BlockManagerMaster stopped
[2026-06-28T18:30:27.424+0000] {spark_submit.py:490} INFO - 26/06/28 18:30:27 INFO OutputCommitCoordinator$OutputCommitCoordinatorEndpoint: OutputCommitCoordinator stopped!
[2026-06-28T18:30:27.434+0000] {spark_submit.py:490} INFO - 26/06/28 18:30:27 INFO SparkContext: Successfully stopped SparkContext
[2026-06-28T18:30:27.435+0000] {spark_submit.py:490} INFO - 26/06/28 18:30:27 INFO ShutdownHookManager: Shutdown hook called
[2026-06-28T18:30:27.435+0000] {spark_submit.py:490} INFO - 26/06/28 18:30:27 INFO ShutdownHookManager: Deleting directory /tmp/spark-11a74e7d-0796-458f-bb1e-7c625d26a47e/pyspark-9dd796ac-a07a-4fe3-89f2-2c73a9189add
[2026-06-28T18:30:27.438+0000] {spark_submit.py:490} INFO - 26/06/28 18:30:27 INFO ShutdownHookManager: Deleting directory /tmp/spark-11a74e7d-0796-458f-bb1e-7c625d26a47e
[2026-06-28T18:30:27.440+0000] {spark_submit.py:490} INFO - 26/06/28 18:30:27 INFO ShutdownHookManager: Deleting directory /tmp/spark-e5605491-d7bb-476b-8984-b523342f7b8c
[2026-06-28T18:30:27.493+0000] {taskinstance.py:2698} ERROR - Task failed with exception
Traceback (most recent call last):
  File "/home/airflow/.local/lib/python3.8/site-packages/airflow/models/taskinstance.py", line 433, in _execute_task
    result = execute_callable(context=context, **execute_callable_kwargs)
  File "/home/airflow/.local/lib/python3.8/site-packages/airflow/providers/apache/spark/operators/spark_submit.py", line 157, in execute
    self._hook.submit(self._application)
  File "/home/airflow/.local/lib/python3.8/site-packages/airflow/providers/apache/spark/hooks/spark_submit.py", line 421, in submit
    raise AirflowException(
airflow.exceptions.AirflowException: Cannot execute: spark-submit --master spark://spark-master:7077 --conf spark.master=spark://spark-master:7077 --conf spark.hadoop.fs.permissions.umask-mode=000 --conf spark.hadoop.fs.permissions.enabled=false --conf spark.sql.warehouse.dir=/opt/data --jars /opt/spark/drivers/postgresql.jar --name arrow-spark /opt/spark-apps/gold_job.py. Error code is: 1.
[2026-06-28T18:30:27.495+0000] {taskinstance.py:1138} INFO - Marking task as UP_FOR_RETRY. dag_id=tomtom_spark_pipeline, task_id=silver_to_gold, execution_date=20260628T181802, start_date=20260628T183019, end_date=20260628T183027
[2026-06-28T18:30:27.502+0000] {standard_task_runner.py:107} ERROR - Failed to execute job 20 for task silver_to_gold (Cannot execute: spark-submit --master spark://spark-master:7077 --conf spark.master=spark://spark-master:7077 --conf spark.hadoop.fs.permissions.umask-mode=000 --conf spark.hadoop.fs.permissions.enabled=false --conf spark.sql.warehouse.dir=/opt/data --jars /opt/spark/drivers/postgresql.jar --name arrow-spark /opt/spark-apps/gold_job.py. Error code is: 1.; 5594)
[2026-06-28T18:30:27.535+0000] {local_task_job_runner.py:234} INFO - Task exited with return code 1
[2026-06-28T18:30:27.558+0000] {taskinstance.py:3280} INFO - 0 downstream tasks scheduled from follow-on schedule check
