[2026-06-27T08:24:23.005+0000] {taskinstance.py:1956} INFO - Dependencies all met for dep_context=non-requeueable deps ti=<TaskInstance: spark_transform_dag.spark_job manual__2026-06-27T08:16:47.927341+00:00 [queued]>
[2026-06-27T08:24:23.017+0000] {taskinstance.py:1956} INFO - Dependencies all met for dep_context=requeueable deps ti=<TaskInstance: spark_transform_dag.spark_job manual__2026-06-27T08:16:47.927341+00:00 [queued]>
[2026-06-27T08:24:23.018+0000] {taskinstance.py:2170} INFO - Starting attempt 3 of 4
[2026-06-27T08:24:23.031+0000] {taskinstance.py:2191} INFO - Executing <Task(PythonOperator): spark_job> on 2026-06-27 08:16:47.927341+00:00
[2026-06-27T08:24:23.036+0000] {standard_task_runner.py:60} INFO - Started process 596 to run task
[2026-06-27T08:24:23.040+0000] {standard_task_runner.py:87} INFO - Running: ['***', 'tasks', 'run', 'spark_transform_dag', 'spark_job', 'manual__2026-06-27T08:16:47.927341+00:00', '--job-id', '18', '--raw', '--subdir', 'DAGS_FOLDER/spark_transform_dag.py', '--cfg-path', '/tmp/tmpw89cfqf2']
[2026-06-27T08:24:23.041+0000] {standard_task_runner.py:88} INFO - Job 18: Subtask spark_job
[2026-06-27T08:24:23.097+0000] {task_command.py:423} INFO - Running <TaskInstance: spark_transform_dag.spark_job manual__2026-06-27T08:16:47.927341+00:00 [running]> on host e16f27897115
[2026-06-27T08:24:23.197+0000] {taskinstance.py:2480} INFO - Exporting env vars: AIRFLOW_CTX_DAG_OWNER='thesis' AIRFLOW_CTX_DAG_ID='spark_transform_dag' AIRFLOW_CTX_TASK_ID='spark_job' AIRFLOW_CTX_EXECUTION_DATE='2026-06-27T08:16:47.927341+00:00' AIRFLOW_CTX_TRY_NUMBER='3' AIRFLOW_CTX_DAG_RUN_ID='manual__2026-06-27T08:16:47.927341+00:00'
[2026-06-27T08:24:23.221+0000] {logging_mixin.py:188} INFO - Cannot connect to the Docker daemon at unix:///var/run/docker.sock. Is the docker daemon running?
[2026-06-27T08:24:23.222+0000] {taskinstance.py:2698} ERROR - Task failed with exception
Traceback (most recent call last):
  File "/home/airflow/.local/lib/python3.8/site-packages/airflow/models/taskinstance.py", line 433, in _execute_task
    result = execute_callable(context=context, **execute_callable_kwargs)
  File "/home/airflow/.local/lib/python3.8/site-packages/airflow/operators/python.py", line 199, in execute
    return_value = self.execute_callable()
  File "/home/airflow/.local/lib/python3.8/site-packages/airflow/operators/python.py", line 216, in execute_callable
    return self.python_callable(*self.op_args, **self.op_kwargs)
  File "/opt/airflow/dags/spark_transform_dag.py", line 26, in run_spark_job
    raise RuntimeError("Spark job failed")
RuntimeError: Spark job failed
[2026-06-27T08:24:23.233+0000] {taskinstance.py:1138} INFO - Marking task as UP_FOR_RETRY. dag_id=spark_transform_dag, task_id=spark_job, execution_date=20260627T081647, start_date=20260627T082423, end_date=20260627T082423
[2026-06-27T08:24:23.249+0000] {standard_task_runner.py:107} ERROR - Failed to execute job 18 for task spark_job (Spark job failed; 596)
[2026-06-27T08:24:23.292+0000] {local_task_job_runner.py:234} INFO - Task exited with return code 1
[2026-06-27T08:24:23.316+0000] {taskinstance.py:3280} INFO - 0 downstream tasks scheduled from follow-on schedule check
