[2026-06-27T08:34:24.026+0000] {taskinstance.py:1956} INFO - Dependencies all met for dep_context=non-requeueable deps ti=<TaskInstance: spark_transform_dag.spark_job manual__2026-06-27T08:16:47.927341+00:00 [queued]>
[2026-06-27T08:34:24.033+0000] {taskinstance.py:1956} INFO - Dependencies all met for dep_context=requeueable deps ti=<TaskInstance: spark_transform_dag.spark_job manual__2026-06-27T08:16:47.927341+00:00 [queued]>
[2026-06-27T08:34:24.033+0000] {taskinstance.py:2170} INFO - Starting attempt 4 of 4
[2026-06-27T08:34:24.042+0000] {taskinstance.py:2191} INFO - Executing <Task(SparkSubmitOperator): spark_job> on 2026-06-27 08:16:47.927341+00:00
[2026-06-27T08:34:24.045+0000] {standard_task_runner.py:60} INFO - Started process 471 to run task
[2026-06-27T08:34:24.047+0000] {standard_task_runner.py:87} INFO - Running: ['***', 'tasks', 'run', 'spark_transform_dag', 'spark_job', 'manual__2026-06-27T08:16:47.927341+00:00', '--job-id', '26', '--raw', '--subdir', 'DAGS_FOLDER/spark_transform_dag.py', '--cfg-path', '/tmp/tmpn0r24f4w']
[2026-06-27T08:34:24.048+0000] {standard_task_runner.py:88} INFO - Job 26: Subtask spark_job
[2026-06-27T08:34:24.107+0000] {task_command.py:423} INFO - Running <TaskInstance: spark_transform_dag.spark_job manual__2026-06-27T08:16:47.927341+00:00 [running]> on host fd1b3bb3981a
[2026-06-27T08:34:24.205+0000] {taskinstance.py:2480} INFO - Exporting env vars: AIRFLOW_CTX_DAG_OWNER='thesis' AIRFLOW_CTX_DAG_ID='spark_transform_dag' AIRFLOW_CTX_TASK_ID='spark_job' AIRFLOW_CTX_EXECUTION_DATE='2026-06-27T08:16:47.927341+00:00' AIRFLOW_CTX_TRY_NUMBER='4' AIRFLOW_CTX_DAG_RUN_ID='manual__2026-06-27T08:16:47.927341+00:00'
[2026-06-27T08:34:24.217+0000] {spark_submit.py:217} INFO - Could not load connection string spark_default, defaulting to yarn
[2026-06-27T08:34:24.219+0000] {spark_submit.py:339} INFO - Spark-Submit cmd: spark-submit --master yarn --conf spark.master=spark://spark-master:7077 --jars /opt/spark/drivers/postgresql-42.7.11.jar --name arrow-spark --verbose /opt/***/dags/silver_to_gold.py
[2026-06-27T08:34:24.277+0000] {spark_submit.py:490} INFO - JAVA_HOME is not set
[2026-06-27T08:34:24.293+0000] {taskinstance.py:2698} ERROR - Task failed with exception
Traceback (most recent call last):
  File "/home/airflow/.local/lib/python3.8/site-packages/airflow/models/taskinstance.py", line 433, in _execute_task
    result = execute_callable(context=context, **execute_callable_kwargs)
  File "/home/airflow/.local/lib/python3.8/site-packages/airflow/providers/apache/spark/operators/spark_submit.py", line 157, in execute
    self._hook.submit(self._application)
  File "/home/airflow/.local/lib/python3.8/site-packages/airflow/providers/apache/spark/hooks/spark_submit.py", line 421, in submit
    raise AirflowException(
airflow.exceptions.AirflowException: Cannot execute: spark-submit --master yarn --conf spark.master=spark://spark-master:7077 --jars /opt/spark/drivers/postgresql-42.7.11.jar --name arrow-spark --verbose /opt/***/dags/silver_to_gold.py. Error code is: 1.
[2026-06-27T08:34:24.297+0000] {taskinstance.py:1138} INFO - Marking task as FAILED. dag_id=spark_transform_dag, task_id=spark_job, execution_date=20260627T081647, start_date=20260627T083424, end_date=20260627T083424
[2026-06-27T08:34:24.309+0000] {standard_task_runner.py:107} ERROR - Failed to execute job 26 for task spark_job (Cannot execute: spark-submit --master yarn --conf spark.master=spark://spark-master:7077 --jars /opt/spark/drivers/postgresql-42.7.11.jar --name arrow-spark --verbose /opt/***/dags/silver_to_gold.py. Error code is: 1.; 471)
[2026-06-27T08:34:24.339+0000] {local_task_job_runner.py:234} INFO - Task exited with return code 1
[2026-06-27T08:34:24.364+0000] {taskinstance.py:3280} INFO - 0 downstream tasks scheduled from follow-on schedule check
