[2026-06-26T18:15:16.324+0000] {taskinstance.py:1956} INFO - Dependencies all met for dep_context=non-requeueable deps ti=<TaskInstance: ingestion_dag.init_db_schema manual__2026-06-26T18:15:15.506181+00:00 [queued]>
[2026-06-26T18:15:16.331+0000] {taskinstance.py:1956} INFO - Dependencies all met for dep_context=requeueable deps ti=<TaskInstance: ingestion_dag.init_db_schema manual__2026-06-26T18:15:15.506181+00:00 [queued]>
[2026-06-26T18:15:16.331+0000] {taskinstance.py:2170} INFO - Starting attempt 1 of 4
[2026-06-26T18:15:16.338+0000] {taskinstance.py:2191} INFO - Executing <Task(PythonOperator): init_db_schema> on 2026-06-26 18:15:15.506181+00:00
[2026-06-26T18:15:16.345+0000] {standard_task_runner.py:60} INFO - Started process 1510 to run task
[2026-06-26T18:15:16.348+0000] {standard_task_runner.py:87} INFO - Running: ['***', 'tasks', 'run', 'ingestion_dag', 'init_db_schema', 'manual__2026-06-26T18:15:15.506181+00:00', '--job-id', '9', '--raw', '--subdir', 'DAGS_FOLDER/ingestion_dag.py', '--cfg-path', '/tmp/tmptia46ji_']
[2026-06-26T18:15:16.350+0000] {standard_task_runner.py:88} INFO - Job 9: Subtask init_db_schema
[2026-06-26T18:15:16.422+0000] {task_command.py:423} INFO - Running <TaskInstance: ingestion_dag.init_db_schema manual__2026-06-26T18:15:15.506181+00:00 [running]> on host 7c0a7a3f3c67
[2026-06-26T18:15:16.588+0000] {taskinstance.py:2480} INFO - Exporting env vars: AIRFLOW_CTX_DAG_OWNER='thesis' AIRFLOW_CTX_DAG_ID='ingestion_dag' AIRFLOW_CTX_TASK_ID='init_db_schema' AIRFLOW_CTX_EXECUTION_DATE='2026-06-26T18:15:15.506181+00:00' AIRFLOW_CTX_TRY_NUMBER='1' AIRFLOW_CTX_DAG_RUN_ID='manual__2026-06-26T18:15:15.506181+00:00'
[2026-06-26T18:15:16.589+0000] {taskinstance.py:2698} ERROR - Task failed with exception
Traceback (most recent call last):
  File "/home/airflow/.local/lib/python3.8/site-packages/airflow/models/taskinstance.py", line 433, in _execute_task
    result = execute_callable(context=context, **execute_callable_kwargs)
  File "/home/airflow/.local/lib/python3.8/site-packages/airflow/operators/python.py", line 199, in execute
    return_value = self.execute_callable()
  File "/home/airflow/.local/lib/python3.8/site-packages/airflow/operators/python.py", line 216, in execute_callable
    return self.python_callable(*self.op_args, **self.op_kwargs)
  File "/opt/airflow/dags/ingestion_dag.py", line 34, in init_db_schema
    ddl = INIT_SQL_PATH.read_text()
  File "/usr/local/lib/python3.8/pathlib.py", line 1236, in read_text
    with self.open(mode='r', encoding=encoding, errors=errors) as f:
  File "/usr/local/lib/python3.8/pathlib.py", line 1222, in open
    return io.open(self, mode, buffering, encoding, errors, newline,
  File "/usr/local/lib/python3.8/pathlib.py", line 1078, in _opener
    return self._accessor.open(self, flags, mode)
FileNotFoundError: [Errno 2] No such file or directory: '/opt/airflow/utils/init.sql'
[2026-06-26T18:15:16.603+0000] {taskinstance.py:1138} INFO - Marking task as UP_FOR_RETRY. dag_id=ingestion_dag, task_id=init_db_schema, execution_date=20260626T181515, start_date=20260626T181516, end_date=20260626T181516
[2026-06-26T18:15:16.621+0000] {standard_task_runner.py:107} ERROR - Failed to execute job 9 for task init_db_schema ([Errno 2] No such file or directory: '/opt/airflow/utils/init.sql'; 1510)
[2026-06-26T18:15:16.641+0000] {local_task_job_runner.py:234} INFO - Task exited with return code 1
[2026-06-26T18:15:16.679+0000] {taskinstance.py:3280} INFO - 0 downstream tasks scheduled from follow-on schedule check
