[2026-06-26T22:09:13.039+0000] {taskinstance.py:1956} INFO - Dependencies all met for dep_context=non-requeueable deps ti=<TaskInstance: ingestion_dag.fetch_frankfurt scheduled__2026-06-26T18:15:00+00:00 [queued]>
[2026-06-26T22:09:13.059+0000] {taskinstance.py:1956} INFO - Dependencies all met for dep_context=requeueable deps ti=<TaskInstance: ingestion_dag.fetch_frankfurt scheduled__2026-06-26T18:15:00+00:00 [queued]>
[2026-06-26T22:09:13.060+0000] {taskinstance.py:2170} INFO - Starting attempt 4 of 4
[2026-06-26T22:09:13.085+0000] {taskinstance.py:2191} INFO - Executing <Task(PythonOperator): fetch_frankfurt> on 2026-06-26 18:15:00+00:00
[2026-06-26T22:09:13.094+0000] {standard_task_runner.py:60} INFO - Started process 586 to run task
[2026-06-26T22:09:13.100+0000] {standard_task_runner.py:87} INFO - Running: ['***', 'tasks', 'run', 'ingestion_dag', 'fetch_frankfurt', 'scheduled__2026-06-26T18:15:00+00:00', '--job-id', '70', '--raw', '--subdir', 'DAGS_FOLDER/ingestion_dag.py', '--cfg-path', '/tmp/tmpg5bjj64g']
[2026-06-26T22:09:13.103+0000] {standard_task_runner.py:88} INFO - Job 70: Subtask fetch_frankfurt
[2026-06-26T22:09:13.173+0000] {task_command.py:423} INFO - Running <TaskInstance: ingestion_dag.fetch_frankfurt scheduled__2026-06-26T18:15:00+00:00 [running]> on host 2a877a0edbb9
[2026-06-26T22:09:13.564+0000] {taskinstance.py:2480} INFO - Exporting env vars: AIRFLOW_CTX_DAG_OWNER='thesis' AIRFLOW_CTX_DAG_ID='ingestion_dag' AIRFLOW_CTX_TASK_ID='fetch_frankfurt' AIRFLOW_CTX_EXECUTION_DATE='2026-06-26T18:15:00+00:00' AIRFLOW_CTX_TRY_NUMBER='4' AIRFLOW_CTX_DAG_RUN_ID='scheduled__2026-06-26T18:15:00+00:00'
[2026-06-26T22:09:14.175+0000] {ingestion_dag.py:75} WARNING - Failed frankfurt (50.05,8.55): 401 Client Error: Unauthorized for url: https://api.tomtom.com/traffic/services/4/flowSegmentData/absolute/10/json?key=&point=50.05%2C8.55&unit=KMPH
[2026-06-26T22:09:14.582+0000] {ingestion_dag.py:75} WARNING - Failed frankfurt (50.0825,8.55): 401 Client Error: Unauthorized for url: https://api.tomtom.com/traffic/services/4/flowSegmentData/absolute/10/json?key=&point=50.0825%2C8.55&unit=KMPH
[2026-06-26T22:09:15.199+0000] {ingestion_dag.py:75} WARNING - Failed frankfurt (50.115,8.55): 401 Client Error: Unauthorized for url: https://api.tomtom.com/traffic/services/4/flowSegmentData/absolute/10/json?key=&point=50.115%2C8.55&unit=KMPH
[2026-06-26T22:09:15.505+0000] {ingestion_dag.py:75} WARNING - Failed frankfurt (50.1475,8.55): 401 Client Error: Unauthorized for url: https://api.tomtom.com/traffic/services/4/flowSegmentData/absolute/10/json?key=&point=50.1475%2C8.55&unit=KMPH
[2026-06-26T22:09:16.131+0000] {ingestion_dag.py:75} WARNING - Failed frankfurt (50.18,8.55): 401 Client Error: Unauthorized for url: https://api.tomtom.com/traffic/services/4/flowSegmentData/absolute/10/json?key=&point=50.18%2C8.55&unit=KMPH
[2026-06-26T22:09:16.530+0000] {ingestion_dag.py:75} WARNING - Failed frankfurt (50.05,8.6125): 401 Client Error: Unauthorized for url: https://api.tomtom.com/traffic/services/4/flowSegmentData/absolute/10/json?key=&point=50.05%2C8.6125&unit=KMPH
[2026-06-26T22:09:16.816+0000] {ingestion_dag.py:75} WARNING - Failed frankfurt (50.0825,8.6125): 401 Client Error: Unauthorized for url: https://api.tomtom.com/traffic/services/4/flowSegmentData/absolute/10/json?key=&point=50.0825%2C8.6125&unit=KMPH
[2026-06-26T22:09:17.350+0000] {ingestion_dag.py:75} WARNING - Failed frankfurt (50.115,8.6125): 401 Client Error: Unauthorized for url: https://api.tomtom.com/traffic/services/4/flowSegmentData/absolute/10/json?key=&point=50.115%2C8.6125&unit=KMPH
[2026-06-26T22:09:17.861+0000] {ingestion_dag.py:75} WARNING - Failed frankfurt (50.1475,8.6125): 401 Client Error: Unauthorized for url: https://api.tomtom.com/traffic/services/4/flowSegmentData/absolute/10/json?key=&point=50.1475%2C8.6125&unit=KMPH
[2026-06-26T22:09:18.172+0000] {ingestion_dag.py:75} WARNING - Failed frankfurt (50.18,8.6125): 401 Client Error: Unauthorized for url: https://api.tomtom.com/traffic/services/4/flowSegmentData/absolute/10/json?key=&point=50.18%2C8.6125&unit=KMPH
[2026-06-26T22:09:18.811+0000] {ingestion_dag.py:75} WARNING - Failed frankfurt (50.05,8.675): 401 Client Error: Unauthorized for url: https://api.tomtom.com/traffic/services/4/flowSegmentData/absolute/10/json?key=&point=50.05%2C8.675&unit=KMPH
[2026-06-26T22:09:19.499+0000] {ingestion_dag.py:75} WARNING - Failed frankfurt (50.0825,8.675): 401 Client Error: Unauthorized for url: https://api.tomtom.com/traffic/services/4/flowSegmentData/absolute/10/json?key=&point=50.0825%2C8.675&unit=KMPH
[2026-06-26T22:09:19.873+0000] {ingestion_dag.py:75} WARNING - Failed frankfurt (50.115,8.675): 401 Client Error: Unauthorized for url: https://api.tomtom.com/traffic/services/4/flowSegmentData/absolute/10/json?key=&point=50.115%2C8.675&unit=KMPH
[2026-06-26T22:09:20.422+0000] {ingestion_dag.py:75} WARNING - Failed frankfurt (50.1475,8.675): 401 Client Error: Unauthorized for url: https://api.tomtom.com/traffic/services/4/flowSegmentData/absolute/10/json?key=&point=50.1475%2C8.675&unit=KMPH
[2026-06-26T22:09:20.834+0000] {ingestion_dag.py:75} WARNING - Failed frankfurt (50.18,8.675): 401 Client Error: Unauthorized for url: https://api.tomtom.com/traffic/services/4/flowSegmentData/absolute/10/json?key=&point=50.18%2C8.675&unit=KMPH
[2026-06-26T22:09:21.442+0000] {ingestion_dag.py:75} WARNING - Failed frankfurt (50.05,8.7375): 401 Client Error: Unauthorized for url: https://api.tomtom.com/traffic/services/4/flowSegmentData/absolute/10/json?key=&point=50.05%2C8.7375&unit=KMPH
[2026-06-26T22:09:21.958+0000] {ingestion_dag.py:75} WARNING - Failed frankfurt (50.0825,8.7375): 401 Client Error: Unauthorized for url: https://api.tomtom.com/traffic/services/4/flowSegmentData/absolute/10/json?key=&point=50.0825%2C8.7375&unit=KMPH
[2026-06-26T22:09:22.468+0000] {ingestion_dag.py:75} WARNING - Failed frankfurt (50.115,8.7375): 401 Client Error: Unauthorized for url: https://api.tomtom.com/traffic/services/4/flowSegmentData/absolute/10/json?key=&point=50.115%2C8.7375&unit=KMPH
[2026-06-26T22:09:22.984+0000] {ingestion_dag.py:75} WARNING - Failed frankfurt (50.1475,8.7375): 401 Client Error: Unauthorized for url: https://api.tomtom.com/traffic/services/4/flowSegmentData/absolute/10/json?key=&point=50.1475%2C8.7375&unit=KMPH
[2026-06-26T22:09:23.486+0000] {ingestion_dag.py:75} WARNING - Failed frankfurt (50.18,8.7375): 401 Client Error: Unauthorized for url: https://api.tomtom.com/traffic/services/4/flowSegmentData/absolute/10/json?key=&point=50.18%2C8.7375&unit=KMPH
[2026-06-26T22:09:23.800+0000] {ingestion_dag.py:75} WARNING - Failed frankfurt (50.05,8.8): 401 Client Error: Unauthorized for url: https://api.tomtom.com/traffic/services/4/flowSegmentData/absolute/10/json?key=&point=50.05%2C8.8&unit=KMPH
[2026-06-26T22:09:24.185+0000] {ingestion_dag.py:75} WARNING - Failed frankfurt (50.0825,8.8): 401 Client Error: Unauthorized for url: https://api.tomtom.com/traffic/services/4/flowSegmentData/absolute/10/json?key=&point=50.0825%2C8.8&unit=KMPH
[2026-06-26T22:09:24.516+0000] {ingestion_dag.py:75} WARNING - Failed frankfurt (50.115,8.8): 401 Client Error: Unauthorized for url: https://api.tomtom.com/traffic/services/4/flowSegmentData/absolute/10/json?key=&point=50.115%2C8.8&unit=KMPH
[2026-06-26T22:09:25.029+0000] {ingestion_dag.py:75} WARNING - Failed frankfurt (50.1475,8.8): 401 Client Error: Unauthorized for url: https://api.tomtom.com/traffic/services/4/flowSegmentData/absolute/10/json?key=&point=50.1475%2C8.8&unit=KMPH
[2026-06-26T22:09:25.647+0000] {ingestion_dag.py:75} WARNING - Failed frankfurt (50.18,8.8): 401 Client Error: Unauthorized for url: https://api.tomtom.com/traffic/services/4/flowSegmentData/absolute/10/json?key=&point=50.18%2C8.8&unit=KMPH
[2026-06-26T22:09:25.650+0000] {taskinstance.py:2698} ERROR - Task failed with exception
Traceback (most recent call last):
  File "/home/airflow/.local/lib/python3.8/site-packages/airflow/models/taskinstance.py", line 433, in _execute_task
    result = execute_callable(context=context, **execute_callable_kwargs)
  File "/home/airflow/.local/lib/python3.8/site-packages/airflow/operators/python.py", line 199, in execute
    return_value = self.execute_callable()
  File "/home/airflow/.local/lib/python3.8/site-packages/airflow/operators/python.py", line 216, in execute_callable
    return self.python_callable(*self.op_args, **self.op_kwargs)
  File "/opt/airflow/dags/ingestion_dag.py", line 78, in fetch_and_extract
    raise RuntimeError("All grid points failed")
RuntimeError: All grid points failed
[2026-06-26T22:09:25.665+0000] {taskinstance.py:1138} INFO - Marking task as FAILED. dag_id=ingestion_dag, task_id=fetch_frankfurt, execution_date=20260626T181500, start_date=20260626T220913, end_date=20260626T220925
[2026-06-26T22:09:25.682+0000] {standard_task_runner.py:107} ERROR - Failed to execute job 70 for task fetch_frankfurt (All grid points failed; 586)
[2026-06-26T22:09:25.702+0000] {local_task_job_runner.py:234} INFO - Task exited with return code 1
[2026-06-26T22:09:25.725+0000] {taskinstance.py:3280} INFO - 0 downstream tasks scheduled from follow-on schedule check
