[2026-06-26T23:03:58.215+0000] {taskinstance.py:1956} INFO - Dependencies all met for dep_context=non-requeueable deps ti=<TaskInstance: spark_transform_dag.spark_job manual__2026-06-26T22:53:34.573593+00:00 [queued]>
[2026-06-26T23:03:58.223+0000] {taskinstance.py:1956} INFO - Dependencies all met for dep_context=requeueable deps ti=<TaskInstance: spark_transform_dag.spark_job manual__2026-06-26T22:53:34.573593+00:00 [queued]>
[2026-06-26T23:03:58.223+0000] {taskinstance.py:2170} INFO - Starting attempt 3 of 4
[2026-06-26T23:03:58.235+0000] {taskinstance.py:2191} INFO - Executing <Task(PythonOperator): spark_job> on 2026-06-26 22:53:34.573593+00:00
[2026-06-26T23:03:58.241+0000] {standard_task_runner.py:60} INFO - Started process 1665 to run task
[2026-06-26T23:03:58.243+0000] {standard_task_runner.py:87} INFO - Running: ['***', 'tasks', 'run', 'spark_transform_dag', 'spark_job', 'manual__2026-06-26T22:53:34.573593+00:00', '--job-id', '38', '--raw', '--subdir', 'DAGS_FOLDER/spark_transform_dag.py', '--cfg-path', '/tmp/tmpqvclz4zy']
[2026-06-26T23:03:58.245+0000] {standard_task_runner.py:88} INFO - Job 38: Subtask spark_job
[2026-06-26T23:03:58.288+0000] {task_command.py:423} INFO - Running <TaskInstance: spark_transform_dag.spark_job manual__2026-06-26T22:53:34.573593+00:00 [running]> on host 2287e6a6e47d
[2026-06-26T23:03:58.365+0000] {taskinstance.py:2480} INFO - Exporting env vars: AIRFLOW_CTX_DAG_OWNER='thesis' AIRFLOW_CTX_DAG_ID='spark_transform_dag' AIRFLOW_CTX_TASK_ID='spark_job' AIRFLOW_CTX_EXECUTION_DATE='2026-06-26T22:53:34.573593+00:00' AIRFLOW_CTX_TRY_NUMBER='3' AIRFLOW_CTX_DAG_RUN_ID='manual__2026-06-26T22:53:34.573593+00:00'
[2026-06-26T23:03:58.366+0000] {spark_transform_dag.py:31} INFO - Running Spark command: docker exec smart-city-traffic-etl-spark-1 spark-submit --jars /opt/spark/drivers/postgresql-42.7.11.jar /opt/spark-apps/silver_to_gold.py
[2026-06-26T23:03:58.390+0000] {spark_transform_dag.py:36} INFO - STDOUT:

[2026-06-26T23:03:58.392+0000] {spark_transform_dag.py:37} INFO - STDERR:
Cannot connect to the Docker daemon at unix:///var/run/docker.sock. Is the docker daemon running?

[2026-06-26T23:03:58.392+0000] {taskinstance.py:2698} ERROR - Task failed with exception
Traceback (most recent call last):
  File "/home/airflow/.local/lib/python3.8/site-packages/airflow/models/taskinstance.py", line 433, in _execute_task
    result = execute_callable(context=context, **execute_callable_kwargs)
  File "/home/airflow/.local/lib/python3.8/site-packages/airflow/operators/python.py", line 199, in execute
    return_value = self.execute_callable()
  File "/home/airflow/.local/lib/python3.8/site-packages/airflow/operators/python.py", line 216, in execute_callable
    return self.python_callable(*self.op_args, **self.op_kwargs)
  File "/opt/airflow/dags/spark_transform_dag.py", line 40, in run_spark_job
    raise RuntimeError(f"Spark job failed with exit code {process.returncode}")
RuntimeError: Spark job failed with exit code 1
[2026-06-26T23:03:58.403+0000] {taskinstance.py:1138} INFO - Marking task as UP_FOR_RETRY. dag_id=spark_transform_dag, task_id=spark_job, execution_date=20260626T225334, start_date=20260626T230358, end_date=20260626T230358
[2026-06-26T23:03:58.418+0000] {standard_task_runner.py:107} ERROR - Failed to execute job 38 for task spark_job (Spark job failed with exit code 1; 1665)
[2026-06-26T23:03:58.456+0000] {local_task_job_runner.py:234} INFO - Task exited with return code 1
[2026-06-26T23:03:58.473+0000] {taskinstance.py:3280} INFO - 0 downstream tasks scheduled from follow-on schedule check
