[2026-06-26T22:17:45.773+0000] {taskinstance.py:1956} INFO - Dependencies all met for dep_context=non-requeueable deps ti=<TaskInstance: ingestion_dag.fetch_berlin scheduled__2026-06-26T22:00:00+00:00 [queued]>
[2026-06-26T22:17:45.783+0000] {taskinstance.py:1956} INFO - Dependencies all met for dep_context=requeueable deps ti=<TaskInstance: ingestion_dag.fetch_berlin scheduled__2026-06-26T22:00:00+00:00 [queued]>
[2026-06-26T22:17:45.783+0000] {taskinstance.py:2170} INFO - Starting attempt 2 of 4
[2026-06-26T22:17:45.805+0000] {taskinstance.py:2191} INFO - Executing <Task(PythonOperator): fetch_berlin> on 2026-06-26 22:00:00+00:00
[2026-06-26T22:17:45.813+0000] {standard_task_runner.py:60} INFO - Started process 926 to run task
[2026-06-26T22:17:45.817+0000] {standard_task_runner.py:87} INFO - Running: ['***', 'tasks', 'run', 'ingestion_dag', 'fetch_berlin', 'scheduled__2026-06-26T22:00:00+00:00', '--job-id', '87', '--raw', '--subdir', 'DAGS_FOLDER/ingestion_dag.py', '--cfg-path', '/tmp/tmpcg3umebj']
[2026-06-26T22:17:45.820+0000] {standard_task_runner.py:88} INFO - Job 87: Subtask fetch_berlin
[2026-06-26T22:17:45.888+0000] {task_command.py:423} INFO - Running <TaskInstance: ingestion_dag.fetch_berlin scheduled__2026-06-26T22:00:00+00:00 [running]> on host 2a877a0edbb9
[2026-06-26T22:17:46.162+0000] {taskinstance.py:2480} INFO - Exporting env vars: AIRFLOW_CTX_DAG_OWNER='thesis' AIRFLOW_CTX_DAG_ID='ingestion_dag' AIRFLOW_CTX_TASK_ID='fetch_berlin' AIRFLOW_CTX_EXECUTION_DATE='2026-06-26T22:00:00+00:00' AIRFLOW_CTX_TRY_NUMBER='2' AIRFLOW_CTX_DAG_RUN_ID='scheduled__2026-06-26T22:00:00+00:00'
[2026-06-26T22:17:46.641+0000] {ingestion_dag.py:75} WARNING - Failed berlin (52.46,13.28): 401 Client Error: Unauthorized for url: https://api.tomtom.com/traffic/services/4/flowSegmentData/absolute/10/json?key=&point=52.46%2C13.28&unit=KMPH
[2026-06-26T22:17:47.127+0000] {ingestion_dag.py:75} WARNING - Failed berlin (52.4875,13.28): 401 Client Error: Unauthorized for url: https://api.tomtom.com/traffic/services/4/flowSegmentData/absolute/10/json?key=&point=52.4875%2C13.28&unit=KMPH
[2026-06-26T22:17:47.639+0000] {ingestion_dag.py:75} WARNING - Failed berlin (52.515,13.28): 401 Client Error: Unauthorized for url: https://api.tomtom.com/traffic/services/4/flowSegmentData/absolute/10/json?key=&point=52.515%2C13.28&unit=KMPH
[2026-06-26T22:17:48.155+0000] {ingestion_dag.py:75} WARNING - Failed berlin (52.5425,13.28): 401 Client Error: Unauthorized for url: https://api.tomtom.com/traffic/services/4/flowSegmentData/absolute/10/json?key=&point=52.5425%2C13.28&unit=KMPH
[2026-06-26T22:17:48.681+0000] {ingestion_dag.py:75} WARNING - Failed berlin (52.57,13.28): 401 Client Error: Unauthorized for url: https://api.tomtom.com/traffic/services/4/flowSegmentData/absolute/10/json?key=&point=52.57%2C13.28&unit=KMPH
[2026-06-26T22:17:48.976+0000] {ingestion_dag.py:75} WARNING - Failed berlin (52.46,13.3525): 401 Client Error: Unauthorized for url: https://api.tomtom.com/traffic/services/4/flowSegmentData/absolute/10/json?key=&point=52.46%2C13.3525&unit=KMPH
[2026-06-26T22:17:49.371+0000] {ingestion_dag.py:75} WARNING - Failed berlin (52.4875,13.3525): 401 Client Error: Unauthorized for url: https://api.tomtom.com/traffic/services/4/flowSegmentData/absolute/10/json?key=&point=52.4875%2C13.3525&unit=KMPH
[2026-06-26T22:17:49.994+0000] {ingestion_dag.py:75} WARNING - Failed berlin (52.515,13.3525): 401 Client Error: Unauthorized for url: https://api.tomtom.com/traffic/services/4/flowSegmentData/absolute/10/json?key=&point=52.515%2C13.3525&unit=KMPH
[2026-06-26T22:17:51.753+0000] {ingestion_dag.py:75} WARNING - Failed berlin (52.5425,13.3525): 401 Client Error: Unauthorized for url: https://api.tomtom.com/traffic/services/4/flowSegmentData/absolute/10/json?key=&point=52.5425%2C13.3525&unit=KMPH
[2026-06-26T22:17:52.751+0000] {ingestion_dag.py:75} WARNING - Failed berlin (52.57,13.3525): 401 Client Error: Unauthorized for url: https://api.tomtom.com/traffic/services/4/flowSegmentData/absolute/10/json?key=&point=52.57%2C13.3525&unit=KMPH
[2026-06-26T22:17:53.060+0000] {ingestion_dag.py:75} WARNING - Failed berlin (52.46,13.425): 401 Client Error: Unauthorized for url: https://api.tomtom.com/traffic/services/4/flowSegmentData/absolute/10/json?key=&point=52.46%2C13.425&unit=KMPH
[2026-06-26T22:17:53.800+0000] {ingestion_dag.py:75} WARNING - Failed berlin (52.4875,13.425): 401 Client Error: Unauthorized for url: https://api.tomtom.com/traffic/services/4/flowSegmentData/absolute/10/json?key=&point=52.4875%2C13.425&unit=KMPH
[2026-06-26T22:17:54.205+0000] {ingestion_dag.py:75} WARNING - Failed berlin (52.515,13.425): 401 Client Error: Unauthorized for url: https://api.tomtom.com/traffic/services/4/flowSegmentData/absolute/10/json?key=&point=52.515%2C13.425&unit=KMPH
[2026-06-26T22:17:54.819+0000] {ingestion_dag.py:75} WARNING - Failed berlin (52.5425,13.425): 401 Client Error: Unauthorized for url: https://api.tomtom.com/traffic/services/4/flowSegmentData/absolute/10/json?key=&point=52.5425%2C13.425&unit=KMPH
[2026-06-26T22:17:55.419+0000] {ingestion_dag.py:75} WARNING - Failed berlin (52.57,13.425): 401 Client Error: Unauthorized for url: https://api.tomtom.com/traffic/services/4/flowSegmentData/absolute/10/json?key=&point=52.57%2C13.425&unit=KMPH
[2026-06-26T22:17:55.648+0000] {ingestion_dag.py:75} WARNING - Failed berlin (52.46,13.4975): 401 Client Error: Unauthorized for url: https://api.tomtom.com/traffic/services/4/flowSegmentData/absolute/10/json?key=&point=52.46%2C13.4975&unit=KMPH
[2026-06-26T22:17:56.034+0000] {ingestion_dag.py:75} WARNING - Failed berlin (52.4875,13.4975): 401 Client Error: Unauthorized for url: https://api.tomtom.com/traffic/services/4/flowSegmentData/absolute/10/json?key=&point=52.4875%2C13.4975&unit=KMPH
[2026-06-26T22:17:56.446+0000] {ingestion_dag.py:75} WARNING - Failed berlin (52.515,13.4975): 401 Client Error: Unauthorized for url: https://api.tomtom.com/traffic/services/4/flowSegmentData/absolute/10/json?key=&point=52.515%2C13.4975&unit=KMPH
[2026-06-26T22:17:57.515+0000] {ingestion_dag.py:75} WARNING - Failed berlin (52.5425,13.4975): 401 Client Error: Unauthorized for url: https://api.tomtom.com/traffic/services/4/flowSegmentData/absolute/10/json?key=&point=52.5425%2C13.4975&unit=KMPH
[2026-06-26T22:18:03.094+0000] {ingestion_dag.py:75} WARNING - Failed berlin (52.57,13.4975): 401 Client Error: Unauthorized for url: https://api.tomtom.com/traffic/services/4/flowSegmentData/absolute/10/json?key=&point=52.57%2C13.4975&unit=KMPH
[2026-06-26T22:18:07.597+0000] {ingestion_dag.py:75} WARNING - Failed berlin (52.46,13.57): 401 Client Error: Unauthorized for url: https://api.tomtom.com/traffic/services/4/flowSegmentData/absolute/10/json?key=&point=52.46%2C13.57&unit=KMPH
[2026-06-26T22:18:08.851+0000] {ingestion_dag.py:75} WARNING - Failed berlin (52.4875,13.57): 401 Client Error: Unauthorized for url: https://api.tomtom.com/traffic/services/4/flowSegmentData/absolute/10/json?key=&point=52.4875%2C13.57&unit=KMPH
[2026-06-26T22:18:13.623+0000] {ingestion_dag.py:75} WARNING - Failed berlin (52.515,13.57): 401 Client Error: Unauthorized for url: https://api.tomtom.com/traffic/services/4/flowSegmentData/absolute/10/json?key=&point=52.515%2C13.57&unit=KMPH
[2026-06-26T22:18:14.398+0000] {ingestion_dag.py:75} WARNING - Failed berlin (52.5425,13.57): 401 Client Error: Unauthorized for url: https://api.tomtom.com/traffic/services/4/flowSegmentData/absolute/10/json?key=&point=52.5425%2C13.57&unit=KMPH
[2026-06-26T22:18:18.465+0000] {ingestion_dag.py:75} WARNING - Failed berlin (52.57,13.57): 401 Client Error: Unauthorized for url: https://api.tomtom.com/traffic/services/4/flowSegmentData/absolute/10/json?key=&point=52.57%2C13.57&unit=KMPH
[2026-06-26T22:18:18.469+0000] {taskinstance.py:2698} ERROR - Task failed with exception
Traceback (most recent call last):
  File "/home/airflow/.local/lib/python3.8/site-packages/airflow/models/taskinstance.py", line 433, in _execute_task
    result = execute_callable(context=context, **execute_callable_kwargs)
  File "/home/airflow/.local/lib/python3.8/site-packages/airflow/operators/python.py", line 199, in execute
    return_value = self.execute_callable()
  File "/home/airflow/.local/lib/python3.8/site-packages/airflow/operators/python.py", line 216, in execute_callable
    return self.python_callable(*self.op_args, **self.op_kwargs)
  File "/opt/airflow/dags/ingestion_dag.py", line 78, in fetch_and_extract
    raise RuntimeError("All grid points failed")
RuntimeError: All grid points failed
[2026-06-26T22:18:18.486+0000] {taskinstance.py:1138} INFO - Marking task as UP_FOR_RETRY. dag_id=ingestion_dag, task_id=fetch_berlin, execution_date=20260626T220000, start_date=20260626T221745, end_date=20260626T221818
[2026-06-26T22:18:18.504+0000] {standard_task_runner.py:107} ERROR - Failed to execute job 87 for task fetch_berlin (All grid points failed; 926)
[2026-06-26T22:18:18.538+0000] {local_task_job_runner.py:234} INFO - Task exited with return code 1
[2026-06-26T22:18:18.562+0000] {taskinstance.py:3280} INFO - 0 downstream tasks scheduled from follow-on schedule check
