[2026-06-26T22:15:02.740+0000] {taskinstance.py:1956} INFO - Dependencies all met for dep_context=non-requeueable deps ti=<TaskInstance: ingestion_dag.fetch_berlin scheduled__2026-06-26T22:00:00+00:00 [queued]>
[2026-06-26T22:15:02.755+0000] {taskinstance.py:1956} INFO - Dependencies all met for dep_context=requeueable deps ti=<TaskInstance: ingestion_dag.fetch_berlin scheduled__2026-06-26T22:00:00+00:00 [queued]>
[2026-06-26T22:15:02.755+0000] {taskinstance.py:2170} INFO - Starting attempt 1 of 4
[2026-06-26T22:15:02.776+0000] {taskinstance.py:2191} INFO - Executing <Task(PythonOperator): fetch_berlin> on 2026-06-26 22:00:00+00:00
[2026-06-26T22:15:02.790+0000] {standard_task_runner.py:60} INFO - Started process 822 to run task
[2026-06-26T22:15:02.795+0000] {standard_task_runner.py:87} INFO - Running: ['***', 'tasks', 'run', 'ingestion_dag', 'fetch_berlin', 'scheduled__2026-06-26T22:00:00+00:00', '--job-id', '80', '--raw', '--subdir', 'DAGS_FOLDER/ingestion_dag.py', '--cfg-path', '/tmp/tmplwdeol7t']
[2026-06-26T22:15:02.798+0000] {standard_task_runner.py:88} INFO - Job 80: Subtask fetch_berlin
[2026-06-26T22:15:02.890+0000] {task_command.py:423} INFO - Running <TaskInstance: ingestion_dag.fetch_berlin scheduled__2026-06-26T22:00:00+00:00 [running]> on host 2a877a0edbb9
[2026-06-26T22:15:03.331+0000] {taskinstance.py:2480} INFO - Exporting env vars: AIRFLOW_CTX_DAG_OWNER='thesis' AIRFLOW_CTX_DAG_ID='ingestion_dag' AIRFLOW_CTX_TASK_ID='fetch_berlin' AIRFLOW_CTX_EXECUTION_DATE='2026-06-26T22:00:00+00:00' AIRFLOW_CTX_TRY_NUMBER='1' AIRFLOW_CTX_DAG_RUN_ID='scheduled__2026-06-26T22:00:00+00:00'
[2026-06-26T22:15:03.762+0000] {ingestion_dag.py:75} WARNING - Failed berlin (52.46,13.28): 401 Client Error: Unauthorized for url: https://api.tomtom.com/traffic/services/4/flowSegmentData/absolute/10/json?key=&point=52.46%2C13.28&unit=KMPH
[2026-06-26T22:15:04.114+0000] {ingestion_dag.py:75} WARNING - Failed berlin (52.4875,13.28): 401 Client Error: Unauthorized for url: https://api.tomtom.com/traffic/services/4/flowSegmentData/absolute/10/json?key=&point=52.4875%2C13.28&unit=KMPH
[2026-06-26T22:15:04.528+0000] {ingestion_dag.py:75} WARNING - Failed berlin (52.515,13.28): 401 Client Error: Unauthorized for url: https://api.tomtom.com/traffic/services/4/flowSegmentData/absolute/10/json?key=&point=52.515%2C13.28&unit=KMPH
[2026-06-26T22:15:05.040+0000] {ingestion_dag.py:75} WARNING - Failed berlin (52.5425,13.28): 401 Client Error: Unauthorized for url: https://api.tomtom.com/traffic/services/4/flowSegmentData/absolute/10/json?key=&point=52.5425%2C13.28&unit=KMPH
[2026-06-26T22:15:05.444+0000] {ingestion_dag.py:75} WARNING - Failed berlin (52.57,13.28): 401 Client Error: Unauthorized for url: https://api.tomtom.com/traffic/services/4/flowSegmentData/absolute/10/json?key=&point=52.57%2C13.28&unit=KMPH
[2026-06-26T22:15:05.757+0000] {ingestion_dag.py:75} WARNING - Failed berlin (52.46,13.3525): 401 Client Error: Unauthorized for url: https://api.tomtom.com/traffic/services/4/flowSegmentData/absolute/10/json?key=&point=52.46%2C13.3525&unit=KMPH
[2026-06-26T22:15:06.166+0000] {ingestion_dag.py:75} WARNING - Failed berlin (52.4875,13.3525): 401 Client Error: Unauthorized for url: https://api.tomtom.com/traffic/services/4/flowSegmentData/absolute/10/json?key=&point=52.4875%2C13.3525&unit=KMPH
[2026-06-26T22:15:06.576+0000] {ingestion_dag.py:75} WARNING - Failed berlin (52.515,13.3525): 401 Client Error: Unauthorized for url: https://api.tomtom.com/traffic/services/4/flowSegmentData/absolute/10/json?key=&point=52.515%2C13.3525&unit=KMPH
[2026-06-26T22:15:07.093+0000] {ingestion_dag.py:75} WARNING - Failed berlin (52.5425,13.3525): 401 Client Error: Unauthorized for url: https://api.tomtom.com/traffic/services/4/flowSegmentData/absolute/10/json?key=&point=52.5425%2C13.3525&unit=KMPH
[2026-06-26T22:15:07.600+0000] {ingestion_dag.py:75} WARNING - Failed berlin (52.57,13.3525): 401 Client Error: Unauthorized for url: https://api.tomtom.com/traffic/services/4/flowSegmentData/absolute/10/json?key=&point=52.57%2C13.3525&unit=KMPH
[2026-06-26T22:15:08.106+0000] {ingestion_dag.py:75} WARNING - Failed berlin (52.46,13.425): 401 Client Error: Unauthorized for url: https://api.tomtom.com/traffic/services/4/flowSegmentData/absolute/10/json?key=&point=52.46%2C13.425&unit=KMPH
[2026-06-26T22:15:08.625+0000] {ingestion_dag.py:75} WARNING - Failed berlin (52.4875,13.425): 401 Client Error: Unauthorized for url: https://api.tomtom.com/traffic/services/4/flowSegmentData/absolute/10/json?key=&point=52.4875%2C13.425&unit=KMPH
[2026-06-26T22:15:09.035+0000] {ingestion_dag.py:75} WARNING - Failed berlin (52.515,13.425): 401 Client Error: Unauthorized for url: https://api.tomtom.com/traffic/services/4/flowSegmentData/absolute/10/json?key=&point=52.515%2C13.425&unit=KMPH
[2026-06-26T22:15:09.444+0000] {ingestion_dag.py:75} WARNING - Failed berlin (52.5425,13.425): 401 Client Error: Unauthorized for url: https://api.tomtom.com/traffic/services/4/flowSegmentData/absolute/10/json?key=&point=52.5425%2C13.425&unit=KMPH
[2026-06-26T22:15:09.955+0000] {ingestion_dag.py:75} WARNING - Failed berlin (52.57,13.425): 401 Client Error: Unauthorized for url: https://api.tomtom.com/traffic/services/4/flowSegmentData/absolute/10/json?key=&point=52.57%2C13.425&unit=KMPH
[2026-06-26T22:15:10.365+0000] {ingestion_dag.py:75} WARNING - Failed berlin (52.46,13.4975): 401 Client Error: Unauthorized for url: https://api.tomtom.com/traffic/services/4/flowSegmentData/absolute/10/json?key=&point=52.46%2C13.4975&unit=KMPH
[2026-06-26T22:15:10.862+0000] {ingestion_dag.py:75} WARNING - Failed berlin (52.4875,13.4975): 401 Client Error: Unauthorized for url: https://api.tomtom.com/traffic/services/4/flowSegmentData/absolute/10/json?key=&point=52.4875%2C13.4975&unit=KMPH
[2026-06-26T22:15:11.287+0000] {ingestion_dag.py:75} WARNING - Failed berlin (52.515,13.4975): 401 Client Error: Unauthorized for url: https://api.tomtom.com/traffic/services/4/flowSegmentData/absolute/10/json?key=&point=52.515%2C13.4975&unit=KMPH
[2026-06-26T22:15:11.696+0000] {ingestion_dag.py:75} WARNING - Failed berlin (52.5425,13.4975): 401 Client Error: Unauthorized for url: https://api.tomtom.com/traffic/services/4/flowSegmentData/absolute/10/json?key=&point=52.5425%2C13.4975&unit=KMPH
[2026-06-26T22:15:12.109+0000] {ingestion_dag.py:75} WARNING - Failed berlin (52.57,13.4975): 401 Client Error: Unauthorized for url: https://api.tomtom.com/traffic/services/4/flowSegmentData/absolute/10/json?key=&point=52.57%2C13.4975&unit=KMPH
[2026-06-26T22:15:12.522+0000] {ingestion_dag.py:75} WARNING - Failed berlin (52.46,13.57): 401 Client Error: Unauthorized for url: https://api.tomtom.com/traffic/services/4/flowSegmentData/absolute/10/json?key=&point=52.46%2C13.57&unit=KMPH
[2026-06-26T22:15:12.933+0000] {ingestion_dag.py:75} WARNING - Failed berlin (52.4875,13.57): 401 Client Error: Unauthorized for url: https://api.tomtom.com/traffic/services/4/flowSegmentData/absolute/10/json?key=&point=52.4875%2C13.57&unit=KMPH
[2026-06-26T22:15:13.438+0000] {ingestion_dag.py:75} WARNING - Failed berlin (52.515,13.57): 401 Client Error: Unauthorized for url: https://api.tomtom.com/traffic/services/4/flowSegmentData/absolute/10/json?key=&point=52.515%2C13.57&unit=KMPH
[2026-06-26T22:15:13.848+0000] {ingestion_dag.py:75} WARNING - Failed berlin (52.5425,13.57): 401 Client Error: Unauthorized for url: https://api.tomtom.com/traffic/services/4/flowSegmentData/absolute/10/json?key=&point=52.5425%2C13.57&unit=KMPH
[2026-06-26T22:15:14.359+0000] {ingestion_dag.py:75} WARNING - Failed berlin (52.57,13.57): 401 Client Error: Unauthorized for url: https://api.tomtom.com/traffic/services/4/flowSegmentData/absolute/10/json?key=&point=52.57%2C13.57&unit=KMPH
[2026-06-26T22:15:14.361+0000] {taskinstance.py:2698} ERROR - Task failed with exception
Traceback (most recent call last):
  File "/home/airflow/.local/lib/python3.8/site-packages/airflow/models/taskinstance.py", line 433, in _execute_task
    result = execute_callable(context=context, **execute_callable_kwargs)
  File "/home/airflow/.local/lib/python3.8/site-packages/airflow/operators/python.py", line 199, in execute
    return_value = self.execute_callable()
  File "/home/airflow/.local/lib/python3.8/site-packages/airflow/operators/python.py", line 216, in execute_callable
    return self.python_callable(*self.op_args, **self.op_kwargs)
  File "/opt/airflow/dags/ingestion_dag.py", line 78, in fetch_and_extract
    raise RuntimeError("All grid points failed")
RuntimeError: All grid points failed
[2026-06-26T22:15:14.375+0000] {taskinstance.py:1138} INFO - Marking task as UP_FOR_RETRY. dag_id=ingestion_dag, task_id=fetch_berlin, execution_date=20260626T220000, start_date=20260626T221502, end_date=20260626T221514
[2026-06-26T22:15:14.408+0000] {standard_task_runner.py:107} ERROR - Failed to execute job 80 for task fetch_berlin (All grid points failed; 822)
[2026-06-26T22:15:14.428+0000] {local_task_job_runner.py:234} INFO - Task exited with return code 1
[2026-06-26T22:15:14.454+0000] {taskinstance.py:3280} INFO - 0 downstream tasks scheduled from follow-on schedule check
[2026-06-26T22:28:33.064+0000] {taskinstance.py:1956} INFO - Dependencies all met for dep_context=non-requeueable deps ti=<TaskInstance: ingestion_dag.fetch_berlin scheduled__2026-06-26T22:00:00+00:00 [queued]>
[2026-06-26T22:28:33.082+0000] {taskinstance.py:1956} INFO - Dependencies all met for dep_context=requeueable deps ti=<TaskInstance: ingestion_dag.fetch_berlin scheduled__2026-06-26T22:00:00+00:00 [queued]>
[2026-06-26T22:28:33.082+0000] {taskinstance.py:2170} INFO - Starting attempt 1 of 4
[2026-06-26T22:28:33.107+0000] {taskinstance.py:2191} INFO - Executing <Task(PythonOperator): fetch_berlin> on 2026-06-26 22:00:00+00:00
[2026-06-26T22:28:33.119+0000] {standard_task_runner.py:60} INFO - Started process 232 to run task
[2026-06-26T22:28:33.125+0000] {standard_task_runner.py:87} INFO - Running: ['***', 'tasks', 'run', 'ingestion_dag', 'fetch_berlin', 'scheduled__2026-06-26T22:00:00+00:00', '--job-id', '8', '--raw', '--subdir', 'DAGS_FOLDER/ingestion_dag.py', '--cfg-path', '/tmp/tmpfh8uiqo3']
[2026-06-26T22:28:33.129+0000] {standard_task_runner.py:88} INFO - Job 8: Subtask fetch_berlin
[2026-06-26T22:28:33.243+0000] {task_command.py:423} INFO - Running <TaskInstance: ingestion_dag.fetch_berlin scheduled__2026-06-26T22:00:00+00:00 [running]> on host 2287e6a6e47d
[2026-06-26T22:28:33.607+0000] {taskinstance.py:2480} INFO - Exporting env vars: AIRFLOW_CTX_DAG_OWNER='thesis' AIRFLOW_CTX_DAG_ID='ingestion_dag' AIRFLOW_CTX_TASK_ID='fetch_berlin' AIRFLOW_CTX_EXECUTION_DATE='2026-06-26T22:00:00+00:00' AIRFLOW_CTX_TRY_NUMBER='1' AIRFLOW_CTX_DAG_RUN_ID='scheduled__2026-06-26T22:00:00+00:00'
[2026-06-26T22:28:40.969+0000] {python.py:201} INFO - Done. Returned value was: None
[2026-06-26T22:28:40.983+0000] {taskinstance.py:1138} INFO - Marking task as SUCCESS. dag_id=ingestion_dag, task_id=fetch_berlin, execution_date=20260626T220000, start_date=20260626T222833, end_date=20260626T222840
[2026-06-26T22:28:41.049+0000] {local_task_job_runner.py:234} INFO - Task exited with return code 0
[2026-06-26T22:28:41.073+0000] {taskinstance.py:3280} INFO - 0 downstream tasks scheduled from follow-on schedule check
