[2026-06-28T18:38:02.044+0000] {taskinstance.py:1956} INFO - Dependencies all met for dep_context=non-requeueable deps ti=<TaskInstance: tomtom_spark_pipeline.silver_to_gold scheduled__2026-06-28T17:00:00+00:00 [queued]>
[2026-06-28T18:38:02.058+0000] {taskinstance.py:1956} INFO - Dependencies all met for dep_context=requeueable deps ti=<TaskInstance: tomtom_spark_pipeline.silver_to_gold scheduled__2026-06-28T17:00:00+00:00 [queued]>
[2026-06-28T18:38:02.059+0000] {taskinstance.py:2170} INFO - Starting attempt 3 of 4
[2026-06-28T18:38:02.070+0000] {taskinstance.py:2191} INFO - Executing <Task(SparkSubmitOperator): silver_to_gold> on 2026-06-28 17:00:00+00:00
[2026-06-28T18:38:02.073+0000] {standard_task_runner.py:60} INFO - Started process 7528 to run task
[2026-06-28T18:38:02.076+0000] {standard_task_runner.py:87} INFO - Running: ['***', 'tasks', 'run', 'tomtom_spark_pipeline', 'silver_to_gold', 'scheduled__2026-06-28T17:00:00+00:00', '--job-id', '28', '--raw', '--subdir', 'DAGS_FOLDER/tomtom_spark_pipeline_dag.py', '--cfg-path', '/tmp/tmpcoswpnmq']
[2026-06-28T18:38:02.077+0000] {standard_task_runner.py:88} INFO - Job 28: Subtask silver_to_gold
[2026-06-28T18:38:02.149+0000] {task_command.py:423} INFO - Running <TaskInstance: tomtom_spark_pipeline.silver_to_gold scheduled__2026-06-28T17:00:00+00:00 [running]> on host 86a3e92c752e
[2026-06-28T18:38:02.231+0000] {taskinstance.py:2480} INFO - Exporting env vars: AIRFLOW_CTX_DAG_OWNER='thesis' AIRFLOW_CTX_DAG_ID='tomtom_spark_pipeline' AIRFLOW_CTX_TASK_ID='silver_to_gold' AIRFLOW_CTX_EXECUTION_DATE='2026-06-28T17:00:00+00:00' AIRFLOW_CTX_TRY_NUMBER='3' AIRFLOW_CTX_DAG_RUN_ID='scheduled__2026-06-28T17:00:00+00:00'
[2026-06-28T18:38:02.244+0000] {base.py:83} INFO - Using connection ID 'spark_default' for task execution.
[2026-06-28T18:38:02.246+0000] {spark_submit.py:339} INFO - Spark-Submit cmd: spark-submit --master spark://spark-master:7077 --conf spark.master=spark://spark-master:7077 --conf spark.hadoop.fs.permissions.umask-mode=000 --conf spark.hadoop.fs.permissions.enabled=false --conf spark.sql.warehouse.dir=/opt/data --jars /opt/spark/drivers/postgresql-42.7.11.jar --name arrow-spark /opt/spark-apps/gold_job.py
[2026-06-28T18:38:03.108+0000] {spark_submit.py:490} INFO - 26/06/28 18:38:03 WARN NativeCodeLoader: Unable to load native-hadoop library for your platform... using builtin-java classes where applicable
[2026-06-28T18:38:03.630+0000] {spark_submit.py:490} INFO - 26/06/28 18:38:03 INFO SparkContext: Running Spark version 3.5.8
[2026-06-28T18:38:03.630+0000] {spark_submit.py:490} INFO - 26/06/28 18:38:03 INFO SparkContext: OS info Linux, 6.17.0-23-generic, amd64
[2026-06-28T18:38:03.630+0000] {spark_submit.py:490} INFO - 26/06/28 18:38:03 INFO SparkContext: Java version 17.0.19
[2026-06-28T18:38:03.651+0000] {spark_submit.py:490} INFO - 26/06/28 18:38:03 INFO ResourceUtils: ==============================================================
[2026-06-28T18:38:03.652+0000] {spark_submit.py:490} INFO - 26/06/28 18:38:03 INFO ResourceUtils: No custom resources configured for spark.driver.
[2026-06-28T18:38:03.652+0000] {spark_submit.py:490} INFO - 26/06/28 18:38:03 INFO ResourceUtils: ==============================================================
[2026-06-28T18:38:03.652+0000] {spark_submit.py:490} INFO - 26/06/28 18:38:03 INFO SparkContext: Submitted application: tomtom_gold_layer
[2026-06-28T18:38:03.669+0000] {spark_submit.py:490} INFO - 26/06/28 18:38:03 INFO ResourceProfile: Default ResourceProfile created, executor resources: Map(memory -> name: memory, amount: 1024, script: , vendor: , offHeap -> name: offHeap, amount: 0, script: , vendor: ), task resources: Map(cpus -> name: cpus, amount: 1.0)
[2026-06-28T18:38:03.675+0000] {spark_submit.py:490} INFO - 26/06/28 18:38:03 INFO ResourceProfile: Limiting resource is cpu
[2026-06-28T18:38:03.675+0000] {spark_submit.py:490} INFO - 26/06/28 18:38:03 INFO ResourceProfileManager: Added ResourceProfile id: 0
[2026-06-28T18:38:03.703+0000] {spark_submit.py:490} INFO - 26/06/28 18:38:03 INFO SecurityManager: Changing view acls to: ***
[2026-06-28T18:38:03.703+0000] {spark_submit.py:490} INFO - 26/06/28 18:38:03 INFO SecurityManager: Changing modify acls to: ***
[2026-06-28T18:38:03.704+0000] {spark_submit.py:490} INFO - 26/06/28 18:38:03 INFO SecurityManager: Changing view acls groups to:
[2026-06-28T18:38:03.704+0000] {spark_submit.py:490} INFO - 26/06/28 18:38:03 INFO SecurityManager: Changing modify acls groups to:
[2026-06-28T18:38:03.704+0000] {spark_submit.py:490} INFO - 26/06/28 18:38:03 INFO SecurityManager: SecurityManager: authentication disabled; ui acls disabled; users with view permissions: ***; groups with view permissions: EMPTY; users with modify permissions: ***; groups with modify permissions: EMPTY
[2026-06-28T18:38:03.812+0000] {spark_submit.py:490} INFO - 26/06/28 18:38:03 INFO Utils: Successfully started service 'sparkDriver' on port 36151.
[2026-06-28T18:38:03.829+0000] {spark_submit.py:490} INFO - 26/06/28 18:38:03 INFO SparkEnv: Registering MapOutputTracker
[2026-06-28T18:38:03.855+0000] {spark_submit.py:490} INFO - 26/06/28 18:38:03 INFO SparkEnv: Registering BlockManagerMaster
[2026-06-28T18:38:03.866+0000] {spark_submit.py:490} INFO - 26/06/28 18:38:03 INFO BlockManagerMasterEndpoint: Using org.apache.spark.storage.DefaultTopologyMapper for getting topology information
[2026-06-28T18:38:03.866+0000] {spark_submit.py:490} INFO - 26/06/28 18:38:03 INFO BlockManagerMasterEndpoint: BlockManagerMasterEndpoint up
[2026-06-28T18:38:03.868+0000] {spark_submit.py:490} INFO - 26/06/28 18:38:03 INFO SparkEnv: Registering BlockManagerMasterHeartbeat
[2026-06-28T18:38:03.880+0000] {spark_submit.py:490} INFO - 26/06/28 18:38:03 INFO DiskBlockManager: Created local directory at /tmp/blockmgr-32bbdabd-406e-4e9c-b2d7-bb456a38de00
[2026-06-28T18:38:03.895+0000] {spark_submit.py:490} INFO - 26/06/28 18:38:03 INFO MemoryStore: MemoryStore started with capacity 434.4 MiB
[2026-06-28T18:38:03.904+0000] {spark_submit.py:490} INFO - 26/06/28 18:38:03 INFO SparkEnv: Registering OutputCommitCoordinator
[2026-06-28T18:38:03.968+0000] {spark_submit.py:490} INFO - 26/06/28 18:38:03 INFO JettyUtils: Start Jetty 0.0.0.0:4040 for SparkUI
[2026-06-28T18:38:04.006+0000] {spark_submit.py:490} INFO - 26/06/28 18:38:04 INFO Utils: Successfully started service 'SparkUI' on port 4040.
[2026-06-28T18:38:04.040+0000] {spark_submit.py:490} INFO - 26/06/28 18:38:04 INFO SparkContext: Added JAR file:///opt/spark/drivers/postgresql-42.7.11.jar at spark://86a3e92c752e:36151/jars/postgresql-42.7.11.jar with timestamp 1782671883626
[2026-06-28T18:38:04.082+0000] {spark_submit.py:490} INFO - 26/06/28 18:38:04 INFO StandaloneAppClient$ClientEndpoint: Connecting to master spark://spark-master:7077...
[2026-06-28T18:38:04.112+0000] {spark_submit.py:490} INFO - 26/06/28 18:38:04 INFO TransportClientFactory: Successfully created connection to spark-master/172.18.0.2:7077 after 14 ms (0 ms spent in bootstraps)
[2026-06-28T18:38:04.170+0000] {spark_submit.py:490} INFO - 26/06/28 18:38:04 INFO StandaloneSchedulerBackend: Connected to Spark cluster with app ID app-20260628183804-0013
[2026-06-28T18:38:04.173+0000] {spark_submit.py:490} INFO - 26/06/28 18:38:04 INFO StandaloneAppClient$ClientEndpoint: Executor added: app-20260628183804-0013/0 on worker-20260628170304-172.18.0.4-41779 (172.18.0.4:41779) with 12 core(s)
[2026-06-28T18:38:04.175+0000] {spark_submit.py:490} INFO - 26/06/28 18:38:04 INFO StandaloneSchedulerBackend: Granted executor ID app-20260628183804-0013/0 on hostPort 172.18.0.4:41779 with 12 core(s), 1024.0 MiB RAM
[2026-06-28T18:38:04.176+0000] {spark_submit.py:490} INFO - 26/06/28 18:38:04 INFO Utils: Successfully started service 'org.apache.spark.network.netty.NettyBlockTransferService' on port 38123.
[2026-06-28T18:38:04.176+0000] {spark_submit.py:490} INFO - 26/06/28 18:38:04 INFO NettyBlockTransferService: Server created on 86a3e92c752e:38123
[2026-06-28T18:38:04.177+0000] {spark_submit.py:490} INFO - 26/06/28 18:38:04 INFO BlockManager: Using org.apache.spark.storage.RandomBlockReplicationPolicy for block replication policy
[2026-06-28T18:38:04.181+0000] {spark_submit.py:490} INFO - 26/06/28 18:38:04 INFO BlockManagerMaster: Registering BlockManager BlockManagerId(driver, 86a3e92c752e, 38123, None)
[2026-06-28T18:38:04.183+0000] {spark_submit.py:490} INFO - 26/06/28 18:38:04 INFO BlockManagerMasterEndpoint: Registering block manager 86a3e92c752e:38123 with 434.4 MiB RAM, BlockManagerId(driver, 86a3e92c752e, 38123, None)
[2026-06-28T18:38:04.185+0000] {spark_submit.py:490} INFO - 26/06/28 18:38:04 INFO BlockManagerMaster: Registered BlockManager BlockManagerId(driver, 86a3e92c752e, 38123, None)
[2026-06-28T18:38:04.186+0000] {spark_submit.py:490} INFO - 26/06/28 18:38:04 INFO BlockManager: Initialized BlockManager: BlockManagerId(driver, 86a3e92c752e, 38123, None)
[2026-06-28T18:38:04.205+0000] {spark_submit.py:490} INFO - 26/06/28 18:38:04 INFO StandaloneAppClient$ClientEndpoint: Executor updated: app-20260628183804-0013/0 is now RUNNING
[2026-06-28T18:38:04.438+0000] {spark_submit.py:490} INFO - 26/06/28 18:38:04 INFO StandaloneSchedulerBackend: SchedulerBackend is ready for scheduling beginning after reached minRegisteredResourcesRatio: 0.0
[2026-06-28T18:38:04.609+0000] {spark_submit.py:490} INFO - 26/06/28 18:38:04 INFO SharedState: Setting hive.metastore.warehouse.dir ('null') to the value of spark.sql.warehouse.dir.
[2026-06-28T18:38:04.611+0000] {spark_submit.py:490} INFO - 26/06/28 18:38:04 INFO SharedState: Warehouse path is 'file:/opt/data'.
[2026-06-28T18:38:05.053+0000] {spark_submit.py:490} INFO - 26/06/28 18:38:05 INFO InMemoryFileIndex: It took 45 ms to list leaf files for 1 paths.
[2026-06-28T18:38:05.422+0000] {spark_submit.py:490} INFO - 26/06/28 18:38:05 INFO SparkContext: Starting job: parquet at NativeMethodAccessorImpl.java:0
[2026-06-28T18:38:05.438+0000] {spark_submit.py:490} INFO - 26/06/28 18:38:05 INFO DAGScheduler: Got job 0 (parquet at NativeMethodAccessorImpl.java:0) with 1 output partitions
[2026-06-28T18:38:05.438+0000] {spark_submit.py:490} INFO - 26/06/28 18:38:05 INFO DAGScheduler: Final stage: ResultStage 0 (parquet at NativeMethodAccessorImpl.java:0)
[2026-06-28T18:38:05.439+0000] {spark_submit.py:490} INFO - 26/06/28 18:38:05 INFO DAGScheduler: Parents of final stage: List()
[2026-06-28T18:38:05.440+0000] {spark_submit.py:490} INFO - 26/06/28 18:38:05 INFO DAGScheduler: Missing parents: List()
[2026-06-28T18:38:05.442+0000] {spark_submit.py:490} INFO - 26/06/28 18:38:05 INFO DAGScheduler: Submitting ResultStage 0 (MapPartitionsRDD[1] at parquet at NativeMethodAccessorImpl.java:0), which has no missing parents
[2026-06-28T18:38:05.487+0000] {spark_submit.py:490} INFO - 26/06/28 18:38:05 INFO MemoryStore: Block broadcast_0 stored as values in memory (estimated size 103.9 KiB, free 434.3 MiB)
[2026-06-28T18:38:05.516+0000] {spark_submit.py:490} INFO - 26/06/28 18:38:05 INFO MemoryStore: Block broadcast_0_piece0 stored as bytes in memory (estimated size 37.6 KiB, free 434.3 MiB)
[2026-06-28T18:38:05.518+0000] {spark_submit.py:490} INFO - 26/06/28 18:38:05 INFO BlockManagerInfo: Added broadcast_0_piece0 in memory on 86a3e92c752e:38123 (size: 37.6 KiB, free: 434.4 MiB)
[2026-06-28T18:38:05.521+0000] {spark_submit.py:490} INFO - 26/06/28 18:38:05 INFO SparkContext: Created broadcast 0 from broadcast at DAGScheduler.scala:1611
[2026-06-28T18:38:05.538+0000] {spark_submit.py:490} INFO - 26/06/28 18:38:05 INFO DAGScheduler: Submitting 1 missing tasks from ResultStage 0 (MapPartitionsRDD[1] at parquet at NativeMethodAccessorImpl.java:0) (first 15 tasks are for partitions Vector(0))
[2026-06-28T18:38:05.539+0000] {spark_submit.py:490} INFO - 26/06/28 18:38:05 INFO TaskSchedulerImpl: Adding task set 0.0 with 1 tasks resource profile 0
[2026-06-28T18:38:06.267+0000] {spark_submit.py:490} INFO - 26/06/28 18:38:06 INFO StandaloneSchedulerBackend$StandaloneDriverEndpoint: Registered executor NettyRpcEndpointRef(spark-client://Executor) (172.18.0.4:49954) with ID 0,  ResourceProfileId 0
[2026-06-28T18:38:06.326+0000] {spark_submit.py:490} INFO - 26/06/28 18:38:06 INFO BlockManagerMasterEndpoint: Registering block manager 172.18.0.4:43561 with 434.4 MiB RAM, BlockManagerId(0, 172.18.0.4, 43561, None)
[2026-06-28T18:38:06.433+0000] {spark_submit.py:490} INFO - 26/06/28 18:38:06 INFO TaskSetManager: Starting task 0.0 in stage 0.0 (TID 0) (172.18.0.4, executor 0, partition 0, PROCESS_LOCAL, 9359 bytes)
[2026-06-28T18:38:06.589+0000] {spark_submit.py:490} INFO - 26/06/28 18:38:06 INFO BlockManagerInfo: Added broadcast_0_piece0 in memory on 172.18.0.4:43561 (size: 37.6 KiB, free: 434.4 MiB)
[2026-06-28T18:38:07.028+0000] {spark_submit.py:490} INFO - 26/06/28 18:38:07 INFO TaskSetManager: Finished task 0.0 in stage 0.0 (TID 0) in 604 ms on 172.18.0.4 (executor 0) (1/1)
[2026-06-28T18:38:07.029+0000] {spark_submit.py:490} INFO - 26/06/28 18:38:07 INFO TaskSchedulerImpl: Removed TaskSet 0.0, whose tasks have all completed, from pool
[2026-06-28T18:38:07.034+0000] {spark_submit.py:490} INFO - 26/06/28 18:38:07 INFO DAGScheduler: ResultStage 0 (parquet at NativeMethodAccessorImpl.java:0) finished in 1.581 s
[2026-06-28T18:38:07.037+0000] {spark_submit.py:490} INFO - 26/06/28 18:38:07 INFO DAGScheduler: Job 0 is finished. Cancelling potential speculative or zombie tasks for this job
[2026-06-28T18:38:07.037+0000] {spark_submit.py:490} INFO - 26/06/28 18:38:07 INFO TaskSchedulerImpl: Killing all running tasks in stage 0: Stage finished
[2026-06-28T18:38:07.039+0000] {spark_submit.py:490} INFO - 26/06/28 18:38:07 INFO DAGScheduler: Job 0 finished: parquet at NativeMethodAccessorImpl.java:0, took 1.616562 s
[2026-06-28T18:38:07.207+0000] {spark_submit.py:490} INFO - 26/06/28 18:38:07 INFO BlockManagerInfo: Removed broadcast_0_piece0 on 86a3e92c752e:38123 in memory (size: 37.6 KiB, free: 434.4 MiB)
[2026-06-28T18:38:07.214+0000] {spark_submit.py:490} INFO - 26/06/28 18:38:07 INFO BlockManagerInfo: Removed broadcast_0_piece0 on 172.18.0.4:43561 in memory (size: 37.6 KiB, free: 434.4 MiB)
[2026-06-28T18:38:07.762+0000] {spark_submit.py:490} INFO - 26/06/28 18:38:07 INFO DataSourceStrategy: Pruning directories with:
[2026-06-28T18:38:07.762+0000] {spark_submit.py:490} INFO - 26/06/28 18:38:07 INFO FileSourceStrategy: Pushed Filters:
[2026-06-28T18:38:07.763+0000] {spark_submit.py:490} INFO - 26/06/28 18:38:07 INFO FileSourceStrategy: Post-Scan Filters:
[2026-06-28T18:38:08.058+0000] {spark_submit.py:490} INFO - 26/06/28 18:38:08 INFO CodeGenerator: Code generated in 172.212109 ms
[2026-06-28T18:38:08.068+0000] {spark_submit.py:490} INFO - 26/06/28 18:38:08 INFO MemoryStore: Block broadcast_1 stored as values in memory (estimated size 202.7 KiB, free 434.2 MiB)
[2026-06-28T18:38:08.076+0000] {spark_submit.py:490} INFO - 26/06/28 18:38:08 INFO MemoryStore: Block broadcast_1_piece0 stored as bytes in memory (estimated size 35.6 KiB, free 434.2 MiB)
[2026-06-28T18:38:08.076+0000] {spark_submit.py:490} INFO - 26/06/28 18:38:08 INFO BlockManagerInfo: Added broadcast_1_piece0 in memory on 86a3e92c752e:38123 (size: 35.6 KiB, free: 434.4 MiB)
[2026-06-28T18:38:08.078+0000] {spark_submit.py:490} INFO - 26/06/28 18:38:08 INFO SparkContext: Created broadcast 1 from parquet at NativeMethodAccessorImpl.java:0
[2026-06-28T18:38:08.089+0000] {spark_submit.py:490} INFO - 26/06/28 18:38:08 INFO FileSourceScanExec: Planning scan with bin packing, max size: 5252112 bytes, open cost is considered as scanning 4194304 bytes.
[2026-06-28T18:38:08.138+0000] {spark_submit.py:490} INFO - 26/06/28 18:38:08 INFO DAGScheduler: Registering RDD 5 (parquet at NativeMethodAccessorImpl.java:0) as input to shuffle 0
[2026-06-28T18:38:08.140+0000] {spark_submit.py:490} INFO - 26/06/28 18:38:08 INFO DAGScheduler: Got map stage job 1 (parquet at NativeMethodAccessorImpl.java:0) with 8 output partitions
[2026-06-28T18:38:08.140+0000] {spark_submit.py:490} INFO - 26/06/28 18:38:08 INFO DAGScheduler: Final stage: ShuffleMapStage 1 (parquet at NativeMethodAccessorImpl.java:0)
[2026-06-28T18:38:08.140+0000] {spark_submit.py:490} INFO - 26/06/28 18:38:08 INFO DAGScheduler: Parents of final stage: List()
[2026-06-28T18:38:08.140+0000] {spark_submit.py:490} INFO - 26/06/28 18:38:08 INFO DAGScheduler: Missing parents: List()
[2026-06-28T18:38:08.141+0000] {spark_submit.py:490} INFO - 26/06/28 18:38:08 INFO DAGScheduler: Submitting ShuffleMapStage 1 (MapPartitionsRDD[5] at parquet at NativeMethodAccessorImpl.java:0), which has no missing parents
[2026-06-28T18:38:08.149+0000] {spark_submit.py:490} INFO - 26/06/28 18:38:08 INFO MemoryStore: Block broadcast_2 stored as values in memory (estimated size 71.6 KiB, free 434.1 MiB)
[2026-06-28T18:38:08.153+0000] {spark_submit.py:490} INFO - 26/06/28 18:38:08 INFO MemoryStore: Block broadcast_2_piece0 stored as bytes in memory (estimated size 26.9 KiB, free 434.1 MiB)
[2026-06-28T18:38:08.154+0000] {spark_submit.py:490} INFO - 26/06/28 18:38:08 INFO BlockManagerInfo: Added broadcast_2_piece0 in memory on 86a3e92c752e:38123 (size: 26.9 KiB, free: 434.3 MiB)
[2026-06-28T18:38:08.155+0000] {spark_submit.py:490} INFO - 26/06/28 18:38:08 INFO SparkContext: Created broadcast 2 from broadcast at DAGScheduler.scala:1611
[2026-06-28T18:38:08.156+0000] {spark_submit.py:490} INFO - 26/06/28 18:38:08 INFO DAGScheduler: Submitting 8 missing tasks from ShuffleMapStage 1 (MapPartitionsRDD[5] at parquet at NativeMethodAccessorImpl.java:0) (first 15 tasks are for partitions Vector(0, 1, 2, 3, 4, 5, 6, 7))
[2026-06-28T18:38:08.157+0000] {spark_submit.py:490} INFO - 26/06/28 18:38:08 INFO TaskSchedulerImpl: Adding task set 1.0 with 8 tasks resource profile 0
[2026-06-28T18:38:08.162+0000] {spark_submit.py:490} INFO - 26/06/28 18:38:08 INFO TaskSetManager: Starting task 0.0 in stage 1.0 (TID 1) (172.18.0.4, executor 0, partition 0, PROCESS_LOCAL, 10110 bytes)
[2026-06-28T18:38:08.163+0000] {spark_submit.py:490} INFO - 26/06/28 18:38:08 INFO TaskSetManager: Starting task 1.0 in stage 1.0 (TID 2) (172.18.0.4, executor 0, partition 1, PROCESS_LOCAL, 10137 bytes)
[2026-06-28T18:38:08.163+0000] {spark_submit.py:490} INFO - 26/06/28 18:38:08 INFO TaskSetManager: Starting task 2.0 in stage 1.0 (TID 3) (172.18.0.4, executor 0, partition 2, PROCESS_LOCAL, 10137 bytes)
[2026-06-28T18:38:08.163+0000] {spark_submit.py:490} INFO - 26/06/28 18:38:08 INFO TaskSetManager: Starting task 3.0 in stage 1.0 (TID 4) (172.18.0.4, executor 0, partition 3, PROCESS_LOCAL, 10101 bytes)
[2026-06-28T18:38:08.164+0000] {spark_submit.py:490} INFO - 26/06/28 18:38:08 INFO TaskSetManager: Starting task 4.0 in stage 1.0 (TID 5) (172.18.0.4, executor 0, partition 4, PROCESS_LOCAL, 10137 bytes)
[2026-06-28T18:38:08.164+0000] {spark_submit.py:490} INFO - 26/06/28 18:38:08 INFO TaskSetManager: Starting task 5.0 in stage 1.0 (TID 6) (172.18.0.4, executor 0, partition 5, PROCESS_LOCAL, 10101 bytes)
[2026-06-28T18:38:08.164+0000] {spark_submit.py:490} INFO - 26/06/28 18:38:08 INFO TaskSetManager: Starting task 6.0 in stage 1.0 (TID 7) (172.18.0.4, executor 0, partition 6, PROCESS_LOCAL, 10101 bytes)
[2026-06-28T18:38:08.167+0000] {spark_submit.py:490} INFO - 26/06/28 18:38:08 INFO TaskSetManager: Starting task 7.0 in stage 1.0 (TID 8) (172.18.0.4, executor 0, partition 7, PROCESS_LOCAL, 9925 bytes)
[2026-06-28T18:38:08.214+0000] {spark_submit.py:490} INFO - 26/06/28 18:38:08 INFO BlockManagerInfo: Added broadcast_2_piece0 in memory on 172.18.0.4:43561 (size: 26.9 KiB, free: 434.4 MiB)
[2026-06-28T18:38:08.939+0000] {spark_submit.py:490} INFO - 26/06/28 18:38:08 INFO BlockManagerInfo: Added broadcast_1_piece0 in memory on 172.18.0.4:43561 (size: 35.6 KiB, free: 434.3 MiB)
[2026-06-28T18:38:09.302+0000] {spark_submit.py:490} INFO - 26/06/28 18:38:09 INFO TaskSetManager: Finished task 4.0 in stage 1.0 (TID 5) in 1137 ms on 172.18.0.4 (executor 0) (1/8)
[2026-06-28T18:38:09.302+0000] {spark_submit.py:490} INFO - 26/06/28 18:38:09 INFO TaskSetManager: Finished task 7.0 in stage 1.0 (TID 8) in 1136 ms on 172.18.0.4 (executor 0) (2/8)
[2026-06-28T18:38:09.303+0000] {spark_submit.py:490} INFO - 26/06/28 18:38:09 INFO TaskSetManager: Finished task 2.0 in stage 1.0 (TID 3) in 1139 ms on 172.18.0.4 (executor 0) (3/8)
[2026-06-28T18:38:09.304+0000] {spark_submit.py:490} INFO - 26/06/28 18:38:09 INFO TaskSetManager: Finished task 0.0 in stage 1.0 (TID 1) in 1145 ms on 172.18.0.4 (executor 0) (4/8)
[2026-06-28T18:38:09.305+0000] {spark_submit.py:490} INFO - 26/06/28 18:38:09 INFO TaskSetManager: Finished task 3.0 in stage 1.0 (TID 4) in 1141 ms on 172.18.0.4 (executor 0) (5/8)
[2026-06-28T18:38:09.306+0000] {spark_submit.py:490} INFO - 26/06/28 18:38:09 INFO TaskSetManager: Finished task 1.0 in stage 1.0 (TID 2) in 1144 ms on 172.18.0.4 (executor 0) (6/8)
[2026-06-28T18:38:09.308+0000] {spark_submit.py:490} INFO - 26/06/28 18:38:09 INFO TaskSetManager: Finished task 6.0 in stage 1.0 (TID 7) in 1144 ms on 172.18.0.4 (executor 0) (7/8)
[2026-06-28T18:38:09.312+0000] {spark_submit.py:490} INFO - 26/06/28 18:38:09 INFO TaskSetManager: Finished task 5.0 in stage 1.0 (TID 6) in 1147 ms on 172.18.0.4 (executor 0) (8/8)
[2026-06-28T18:38:09.312+0000] {spark_submit.py:490} INFO - 26/06/28 18:38:09 INFO TaskSchedulerImpl: Removed TaskSet 1.0, whose tasks have all completed, from pool
[2026-06-28T18:38:09.313+0000] {spark_submit.py:490} INFO - 26/06/28 18:38:09 INFO DAGScheduler: ShuffleMapStage 1 (parquet at NativeMethodAccessorImpl.java:0) finished in 1.169 s
[2026-06-28T18:38:09.314+0000] {spark_submit.py:490} INFO - 26/06/28 18:38:09 INFO DAGScheduler: looking for newly runnable stages
[2026-06-28T18:38:09.314+0000] {spark_submit.py:490} INFO - 26/06/28 18:38:09 INFO DAGScheduler: running: Set()
[2026-06-28T18:38:09.315+0000] {spark_submit.py:490} INFO - 26/06/28 18:38:09 INFO DAGScheduler: waiting: Set()
[2026-06-28T18:38:09.315+0000] {spark_submit.py:490} INFO - 26/06/28 18:38:09 INFO DAGScheduler: failed: Set()
[2026-06-28T18:38:09.346+0000] {spark_submit.py:490} INFO - 26/06/28 18:38:09 INFO ShufflePartitionsUtil: For shuffle(0), advisory target size: 67108864, actual target size 1048576, minimum partition size: 1048576
[2026-06-28T18:38:09.380+0000] {spark_submit.py:490} INFO - 26/06/28 18:38:09 INFO ParquetUtils: Using default output committer for Parquet: org.apache.parquet.hadoop.ParquetOutputCommitter
[2026-06-28T18:38:09.398+0000] {spark_submit.py:490} INFO - 26/06/28 18:38:09 INFO FileOutputCommitter: File Output Committer Algorithm version is 1
[2026-06-28T18:38:09.399+0000] {spark_submit.py:490} INFO - 26/06/28 18:38:09 INFO FileOutputCommitter: FileOutputCommitter skip cleanup _temporary folders under output directory:false, ignore cleanup failures: false
[2026-06-28T18:38:09.400+0000] {spark_submit.py:490} INFO - 26/06/28 18:38:09 INFO SQLHadoopMapReduceCommitProtocol: Using user defined output committer class org.apache.parquet.hadoop.ParquetOutputCommitter
[2026-06-28T18:38:09.400+0000] {spark_submit.py:490} INFO - 26/06/28 18:38:09 INFO FileOutputCommitter: File Output Committer Algorithm version is 1
[2026-06-28T18:38:09.401+0000] {spark_submit.py:490} INFO - 26/06/28 18:38:09 INFO FileOutputCommitter: FileOutputCommitter skip cleanup _temporary folders under output directory:false, ignore cleanup failures: false
[2026-06-28T18:38:09.402+0000] {spark_submit.py:490} INFO - 26/06/28 18:38:09 INFO SQLHadoopMapReduceCommitProtocol: Using output committer class org.apache.parquet.hadoop.ParquetOutputCommitter
[2026-06-28T18:38:09.415+0000] {spark_submit.py:490} INFO - 26/06/28 18:38:09 INFO HashAggregateExec: spark.sql.codegen.aggregate.map.twolevel.enabled is set to true, but current version of codegened fast hashmap does not support this aggregate.
[2026-06-28T18:38:09.467+0000] {spark_submit.py:490} INFO - 26/06/28 18:38:09 INFO CodeGenerator: Code generated in 25.789414 ms
[2026-06-28T18:38:09.485+0000] {spark_submit.py:490} INFO - 26/06/28 18:38:09 INFO SparkContext: Starting job: parquet at NativeMethodAccessorImpl.java:0
[2026-06-28T18:38:09.486+0000] {spark_submit.py:490} INFO - 26/06/28 18:38:09 INFO DAGScheduler: Got job 2 (parquet at NativeMethodAccessorImpl.java:0) with 1 output partitions
[2026-06-28T18:38:09.487+0000] {spark_submit.py:490} INFO - 26/06/28 18:38:09 INFO DAGScheduler: Final stage: ResultStage 3 (parquet at NativeMethodAccessorImpl.java:0)
[2026-06-28T18:38:09.487+0000] {spark_submit.py:490} INFO - 26/06/28 18:38:09 INFO DAGScheduler: Parents of final stage: List(ShuffleMapStage 2)
[2026-06-28T18:38:09.487+0000] {spark_submit.py:490} INFO - 26/06/28 18:38:09 INFO DAGScheduler: Missing parents: List()
[2026-06-28T18:38:09.487+0000] {spark_submit.py:490} INFO - 26/06/28 18:38:09 INFO DAGScheduler: Submitting ResultStage 3 (MapPartitionsRDD[8] at parquet at NativeMethodAccessorImpl.java:0), which has no missing parents
[2026-06-28T18:38:09.508+0000] {spark_submit.py:490} INFO - 26/06/28 18:38:09 INFO MemoryStore: Block broadcast_3 stored as values in memory (estimated size 287.2 KiB, free 433.8 MiB)
[2026-06-28T18:38:09.511+0000] {spark_submit.py:490} INFO - 26/06/28 18:38:09 INFO BlockManagerInfo: Removed broadcast_2_piece0 on 86a3e92c752e:38123 in memory (size: 26.9 KiB, free: 434.4 MiB)
[2026-06-28T18:38:09.512+0000] {spark_submit.py:490} INFO - 26/06/28 18:38:09 INFO BlockManagerInfo: Removed broadcast_2_piece0 on 172.18.0.4:43561 in memory (size: 26.9 KiB, free: 434.4 MiB)
[2026-06-28T18:38:09.513+0000] {spark_submit.py:490} INFO - 26/06/28 18:38:09 INFO MemoryStore: Block broadcast_3_piece0 stored as bytes in memory (estimated size 103.2 KiB, free 433.8 MiB)
[2026-06-28T18:38:09.513+0000] {spark_submit.py:490} INFO - 26/06/28 18:38:09 INFO BlockManagerInfo: Added broadcast_3_piece0 in memory on 86a3e92c752e:38123 (size: 103.2 KiB, free: 434.3 MiB)
[2026-06-28T18:38:09.514+0000] {spark_submit.py:490} INFO - 26/06/28 18:38:09 INFO SparkContext: Created broadcast 3 from broadcast at DAGScheduler.scala:1611
[2026-06-28T18:38:09.515+0000] {spark_submit.py:490} INFO - 26/06/28 18:38:09 INFO DAGScheduler: Submitting 1 missing tasks from ResultStage 3 (MapPartitionsRDD[8] at parquet at NativeMethodAccessorImpl.java:0) (first 15 tasks are for partitions Vector(0))
[2026-06-28T18:38:09.515+0000] {spark_submit.py:490} INFO - 26/06/28 18:38:09 INFO TaskSchedulerImpl: Adding task set 3.0 with 1 tasks resource profile 0
[2026-06-28T18:38:09.520+0000] {spark_submit.py:490} INFO - 26/06/28 18:38:09 INFO TaskSetManager: Starting task 0.0 in stage 3.0 (TID 9) (172.18.0.4, executor 0, partition 0, NODE_LOCAL, 9184 bytes)
[2026-06-28T18:38:09.539+0000] {spark_submit.py:490} INFO - 26/06/28 18:38:09 INFO BlockManagerInfo: Added broadcast_3_piece0 in memory on 172.18.0.4:43561 (size: 103.2 KiB, free: 434.3 MiB)
[2026-06-28T18:38:09.631+0000] {spark_submit.py:490} INFO - 26/06/28 18:38:09 INFO MapOutputTrackerMasterEndpoint: Asked to send map output locations for shuffle 0 to 172.18.0.4:49954
[2026-06-28T18:38:10.111+0000] {spark_submit.py:490} INFO - 26/06/28 18:38:10 INFO TaskSetManager: Finished task 0.0 in stage 3.0 (TID 9) in 593 ms on 172.18.0.4 (executor 0) (1/1)
[2026-06-28T18:38:10.112+0000] {spark_submit.py:490} INFO - 26/06/28 18:38:10 INFO TaskSchedulerImpl: Removed TaskSet 3.0, whose tasks have all completed, from pool
[2026-06-28T18:38:10.112+0000] {spark_submit.py:490} INFO - 26/06/28 18:38:10 INFO DAGScheduler: ResultStage 3 (parquet at NativeMethodAccessorImpl.java:0) finished in 0.620 s
[2026-06-28T18:38:10.113+0000] {spark_submit.py:490} INFO - 26/06/28 18:38:10 INFO DAGScheduler: Job 2 is finished. Cancelling potential speculative or zombie tasks for this job
[2026-06-28T18:38:10.113+0000] {spark_submit.py:490} INFO - 26/06/28 18:38:10 INFO TaskSchedulerImpl: Killing all running tasks in stage 3: Stage finished
[2026-06-28T18:38:10.113+0000] {spark_submit.py:490} INFO - 26/06/28 18:38:10 INFO DAGScheduler: Job 2 finished: parquet at NativeMethodAccessorImpl.java:0, took 0.628534 s
[2026-06-28T18:38:10.116+0000] {spark_submit.py:490} INFO - 26/06/28 18:38:10 INFO FileFormatWriter: Start to commit write Job 80b7f1c3-bce5-4635-8f9f-13359e8745c4.
[2026-06-28T18:38:10.136+0000] {spark_submit.py:490} INFO - 26/06/28 18:38:10 INFO FileFormatWriter: Write Job 80b7f1c3-bce5-4635-8f9f-13359e8745c4 committed. Elapsed time: 19 ms.
[2026-06-28T18:38:10.137+0000] {spark_submit.py:490} INFO - 26/06/28 18:38:10 INFO FileFormatWriter: Finished processing stats for write job 80b7f1c3-bce5-4635-8f9f-13359e8745c4.
[2026-06-28T18:38:10.360+0000] {spark_submit.py:490} INFO - Traceback (most recent call last):
[2026-06-28T18:38:10.361+0000] {spark_submit.py:490} INFO - File "/opt/spark-apps/gold_job.py", line 83, in <module>
[2026-06-28T18:38:10.361+0000] {spark_submit.py:490} INFO - gold.write
[2026-06-28T18:38:10.361+0000] {spark_submit.py:490} INFO - File "/home/***/.local/lib/python3.8/site-packages/pyspark/python/lib/pyspark.zip/pyspark/sql/readwriter.py", line 1461, in save
[2026-06-28T18:38:10.361+0000] {spark_submit.py:490} INFO - File "/home/***/.local/lib/python3.8/site-packages/pyspark/python/lib/py4j-0.10.9.7-src.zip/py4j/java_gateway.py", line 1322, in __call__
[2026-06-28T18:38:10.361+0000] {spark_submit.py:490} INFO - File "/home/***/.local/lib/python3.8/site-packages/pyspark/python/lib/pyspark.zip/pyspark/errors/exceptions/captured.py", line 185, in deco
[2026-06-28T18:38:10.363+0000] {spark_submit.py:490} INFO - pyspark.errors.exceptions.captured.AnalysisException: Column batch_ts not found in schema Some(StructType(StructField(id,LongType,false),StructField(city,StringType,true),StructField(road_id,StringType,true),StructField(observation_ts,TimestampType,true),StructField(frc,StringType,true),StructField(current_speed,DoubleType,true),StructField(free_flow_speed,DoubleType,true),StructField(current_travel_time,DoubleType,true),StructField(free_flow_travel_time,DoubleType,true),StructField(confidence,DoubleType,true),StructField(road_closure,BooleanType,true),StructField(delay_seconds,DoubleType,true),StructField(speed_ratio,DoubleType,true),StructField(congestion_level,StringType,true),StructField(batch_file,StringType,true),StructField(created_at,TimestampType,true))).
[2026-06-28T18:38:10.393+0000] {spark_submit.py:490} INFO - 26/06/28 18:38:10 INFO SparkContext: Invoking stop() from shutdown hook
[2026-06-28T18:38:10.393+0000] {spark_submit.py:490} INFO - 26/06/28 18:38:10 INFO SparkContext: SparkContext is stopping with exitCode 0.
[2026-06-28T18:38:10.401+0000] {spark_submit.py:490} INFO - 26/06/28 18:38:10 INFO SparkUI: Stopped Spark web UI at http://86a3e92c752e:4040
[2026-06-28T18:38:10.402+0000] {spark_submit.py:490} INFO - 26/06/28 18:38:10 INFO StandaloneSchedulerBackend: Shutting down all executors
[2026-06-28T18:38:10.403+0000] {spark_submit.py:490} INFO - 26/06/28 18:38:10 INFO StandaloneSchedulerBackend$StandaloneDriverEndpoint: Asking each executor to shut down
[2026-06-28T18:38:10.419+0000] {spark_submit.py:490} INFO - 26/06/28 18:38:10 INFO MapOutputTrackerMasterEndpoint: MapOutputTrackerMasterEndpoint stopped!
[2026-06-28T18:38:10.430+0000] {spark_submit.py:490} INFO - 26/06/28 18:38:10 INFO MemoryStore: MemoryStore cleared
[2026-06-28T18:38:10.430+0000] {spark_submit.py:490} INFO - 26/06/28 18:38:10 INFO BlockManager: BlockManager stopped
[2026-06-28T18:38:10.432+0000] {spark_submit.py:490} INFO - 26/06/28 18:38:10 INFO BlockManagerMaster: BlockManagerMaster stopped
[2026-06-28T18:38:10.436+0000] {spark_submit.py:490} INFO - 26/06/28 18:38:10 INFO OutputCommitCoordinator$OutputCommitCoordinatorEndpoint: OutputCommitCoordinator stopped!
[2026-06-28T18:38:10.443+0000] {spark_submit.py:490} INFO - 26/06/28 18:38:10 INFO SparkContext: Successfully stopped SparkContext
[2026-06-28T18:38:10.443+0000] {spark_submit.py:490} INFO - 26/06/28 18:38:10 INFO ShutdownHookManager: Shutdown hook called
[2026-06-28T18:38:10.444+0000] {spark_submit.py:490} INFO - 26/06/28 18:38:10 INFO ShutdownHookManager: Deleting directory /tmp/spark-f4b30082-77ae-4723-984d-2fa19b9d83d9/pyspark-117b07e5-45a0-40b2-9adc-37d64408d23b
[2026-06-28T18:38:10.447+0000] {spark_submit.py:490} INFO - 26/06/28 18:38:10 INFO ShutdownHookManager: Deleting directory /tmp/spark-b4253aa4-6f20-4151-9b6b-514bc46cef15
[2026-06-28T18:38:10.449+0000] {spark_submit.py:490} INFO - 26/06/28 18:38:10 INFO ShutdownHookManager: Deleting directory /tmp/spark-f4b30082-77ae-4723-984d-2fa19b9d83d9
[2026-06-28T18:38:10.509+0000] {taskinstance.py:2698} ERROR - Task failed with exception
Traceback (most recent call last):
  File "/home/airflow/.local/lib/python3.8/site-packages/airflow/models/taskinstance.py", line 433, in _execute_task
    result = execute_callable(context=context, **execute_callable_kwargs)
  File "/home/airflow/.local/lib/python3.8/site-packages/airflow/providers/apache/spark/operators/spark_submit.py", line 157, in execute
    self._hook.submit(self._application)
  File "/home/airflow/.local/lib/python3.8/site-packages/airflow/providers/apache/spark/hooks/spark_submit.py", line 421, in submit
    raise AirflowException(
airflow.exceptions.AirflowException: Cannot execute: spark-submit --master spark://spark-master:7077 --conf spark.master=spark://spark-master:7077 --conf spark.hadoop.fs.permissions.umask-mode=000 --conf spark.hadoop.fs.permissions.enabled=false --conf spark.sql.warehouse.dir=/opt/data --jars /opt/spark/drivers/postgresql-42.7.11.jar --name arrow-spark /opt/spark-apps/gold_job.py. Error code is: 1.
[2026-06-28T18:38:10.512+0000] {taskinstance.py:1138} INFO - Marking task as UP_FOR_RETRY. dag_id=tomtom_spark_pipeline, task_id=silver_to_gold, execution_date=20260628T170000, start_date=20260628T183802, end_date=20260628T183810
[2026-06-28T18:38:10.524+0000] {standard_task_runner.py:107} ERROR - Failed to execute job 28 for task silver_to_gold (Cannot execute: spark-submit --master spark://spark-master:7077 --conf spark.master=spark://spark-master:7077 --conf spark.hadoop.fs.permissions.umask-mode=000 --conf spark.hadoop.fs.permissions.enabled=false --conf spark.sql.warehouse.dir=/opt/data --jars /opt/spark/drivers/postgresql-42.7.11.jar --name arrow-spark /opt/spark-apps/gold_job.py. Error code is: 1.; 7528)
[2026-06-28T18:38:10.555+0000] {local_task_job_runner.py:234} INFO - Task exited with return code 1
[2026-06-28T18:38:10.584+0000] {taskinstance.py:3280} INFO - 0 downstream tasks scheduled from follow-on schedule check
