[2026-06-28T12:00:15.713+0000] {taskinstance.py:1956} INFO - Dependencies all met for dep_context=non-requeueable deps ti=<TaskInstance: tomtom_spark_pipeline.silver_to_gold scheduled__2026-06-28T11:00:00+00:00 [queued]>
[2026-06-28T12:00:15.721+0000] {taskinstance.py:1956} INFO - Dependencies all met for dep_context=requeueable deps ti=<TaskInstance: tomtom_spark_pipeline.silver_to_gold scheduled__2026-06-28T11:00:00+00:00 [queued]>
[2026-06-28T12:00:15.721+0000] {taskinstance.py:2170} INFO - Starting attempt 1 of 1
[2026-06-28T12:00:15.733+0000] {taskinstance.py:2191} INFO - Executing <Task(SparkSubmitOperator): silver_to_gold> on 2026-06-28 11:00:00+00:00
[2026-06-28T12:00:15.738+0000] {standard_task_runner.py:60} INFO - Started process 944 to run task
[2026-06-28T12:00:15.742+0000] {standard_task_runner.py:87} INFO - Running: ['***', 'tasks', 'run', 'tomtom_spark_pipeline', 'silver_to_gold', 'scheduled__2026-06-28T11:00:00+00:00', '--job-id', '89', '--raw', '--subdir', 'DAGS_FOLDER/tomtom_spark_pipeline_dag.py', '--cfg-path', '/tmp/tmppz047dxe']
[2026-06-28T12:00:15.744+0000] {standard_task_runner.py:88} INFO - Job 89: Subtask silver_to_gold
[2026-06-28T12:00:15.805+0000] {task_command.py:423} INFO - Running <TaskInstance: tomtom_spark_pipeline.silver_to_gold scheduled__2026-06-28T11:00:00+00:00 [running]> on host 421f6789cc81
[2026-06-28T12:00:15.913+0000] {taskinstance.py:2480} INFO - Exporting env vars: AIRFLOW_CTX_DAG_OWNER='***' AIRFLOW_CTX_DAG_ID='tomtom_spark_pipeline' AIRFLOW_CTX_TASK_ID='silver_to_gold' AIRFLOW_CTX_EXECUTION_DATE='2026-06-28T11:00:00+00:00' AIRFLOW_CTX_TRY_NUMBER='1' AIRFLOW_CTX_DAG_RUN_ID='scheduled__2026-06-28T11:00:00+00:00'
[2026-06-28T12:00:15.932+0000] {base.py:83} INFO - Using connection ID 'spark_default' for task execution.
[2026-06-28T12:00:15.933+0000] {spark_submit.py:339} INFO - Spark-Submit cmd: spark-submit --master spark://spark-master:7077 --conf spark.master=spark://spark-master:7077 --conf spark.hadoop.fs.permissions.umask-mode=000 --conf spark.hadoop.fs.permissions.enabled=false --conf spark.sql.warehouse.dir=/opt/data --name arrow-spark /opt/spark-apps/gold_job.py
[2026-06-28T12:00:17.244+0000] {spark_submit.py:490} INFO - 26/06/28 12:00:17 INFO SparkContext: Running Spark version 3.5.8
[2026-06-28T12:00:17.245+0000] {spark_submit.py:490} INFO - 26/06/28 12:00:17 INFO SparkContext: OS info Linux, 6.17.0-23-generic, amd64
[2026-06-28T12:00:17.245+0000] {spark_submit.py:490} INFO - 26/06/28 12:00:17 INFO SparkContext: Java version 17.0.19
[2026-06-28T12:00:17.271+0000] {spark_submit.py:490} INFO - 26/06/28 12:00:17 WARN NativeCodeLoader: Unable to load native-hadoop library for your platform... using builtin-java classes where applicable
[2026-06-28T12:00:17.311+0000] {spark_submit.py:490} INFO - 26/06/28 12:00:17 INFO ResourceUtils: ==============================================================
[2026-06-28T12:00:17.311+0000] {spark_submit.py:490} INFO - 26/06/28 12:00:17 INFO ResourceUtils: No custom resources configured for spark.driver.
[2026-06-28T12:00:17.311+0000] {spark_submit.py:490} INFO - 26/06/28 12:00:17 INFO ResourceUtils: ==============================================================
[2026-06-28T12:00:17.311+0000] {spark_submit.py:490} INFO - 26/06/28 12:00:17 INFO SparkContext: Submitted application: tomtom_gold_layer
[2026-06-28T12:00:17.321+0000] {spark_submit.py:490} INFO - 26/06/28 12:00:17 INFO ResourceProfile: Default ResourceProfile created, executor resources: Map(memory -> name: memory, amount: 1024, script: , vendor: , offHeap -> name: offHeap, amount: 0, script: , vendor: ), task resources: Map(cpus -> name: cpus, amount: 1.0)
[2026-06-28T12:00:17.325+0000] {spark_submit.py:490} INFO - 26/06/28 12:00:17 INFO ResourceProfile: Limiting resource is cpu
[2026-06-28T12:00:17.326+0000] {spark_submit.py:490} INFO - 26/06/28 12:00:17 INFO ResourceProfileManager: Added ResourceProfile id: 0
[2026-06-28T12:00:17.361+0000] {spark_submit.py:490} INFO - 26/06/28 12:00:17 INFO SecurityManager: Changing view acls to: ***
[2026-06-28T12:00:17.362+0000] {spark_submit.py:490} INFO - 26/06/28 12:00:17 INFO SecurityManager: Changing modify acls to: ***
[2026-06-28T12:00:17.362+0000] {spark_submit.py:490} INFO - 26/06/28 12:00:17 INFO SecurityManager: Changing view acls groups to:
[2026-06-28T12:00:17.362+0000] {spark_submit.py:490} INFO - 26/06/28 12:00:17 INFO SecurityManager: Changing modify acls groups to:
[2026-06-28T12:00:17.362+0000] {spark_submit.py:490} INFO - 26/06/28 12:00:17 INFO SecurityManager: SecurityManager: authentication disabled; ui acls disabled; users with view permissions: ***; groups with view permissions: EMPTY; users with modify permissions: ***; groups with modify permissions: EMPTY
[2026-06-28T12:00:17.505+0000] {spark_submit.py:490} INFO - 26/06/28 12:00:17 INFO Utils: Successfully started service 'sparkDriver' on port 39067.
[2026-06-28T12:00:17.526+0000] {spark_submit.py:490} INFO - 26/06/28 12:00:17 INFO SparkEnv: Registering MapOutputTracker
[2026-06-28T12:00:17.543+0000] {spark_submit.py:490} INFO - 26/06/28 12:00:17 INFO SparkEnv: Registering BlockManagerMaster
[2026-06-28T12:00:17.551+0000] {spark_submit.py:490} INFO - 26/06/28 12:00:17 INFO BlockManagerMasterEndpoint: Using org.apache.spark.storage.DefaultTopologyMapper for getting topology information
[2026-06-28T12:00:17.551+0000] {spark_submit.py:490} INFO - 26/06/28 12:00:17 INFO BlockManagerMasterEndpoint: BlockManagerMasterEndpoint up
[2026-06-28T12:00:17.553+0000] {spark_submit.py:490} INFO - 26/06/28 12:00:17 INFO SparkEnv: Registering BlockManagerMasterHeartbeat
[2026-06-28T12:00:17.563+0000] {spark_submit.py:490} INFO - 26/06/28 12:00:17 INFO DiskBlockManager: Created local directory at /tmp/blockmgr-4242a266-62f2-4f0b-bbe4-c91a43555e72
[2026-06-28T12:00:17.569+0000] {spark_submit.py:490} INFO - 26/06/28 12:00:17 INFO MemoryStore: MemoryStore started with capacity 434.4 MiB
[2026-06-28T12:00:17.578+0000] {spark_submit.py:490} INFO - 26/06/28 12:00:17 INFO SparkEnv: Registering OutputCommitCoordinator
[2026-06-28T12:00:17.631+0000] {spark_submit.py:490} INFO - 26/06/28 12:00:17 INFO JettyUtils: Start Jetty 0.0.0.0:4040 for SparkUI
[2026-06-28T12:00:17.660+0000] {spark_submit.py:490} INFO - 26/06/28 12:00:17 INFO Utils: Successfully started service 'SparkUI' on port 4040.
[2026-06-28T12:00:17.715+0000] {spark_submit.py:490} INFO - 26/06/28 12:00:17 INFO StandaloneAppClient$ClientEndpoint: Connecting to master spark://spark-master:7077...
[2026-06-28T12:00:17.744+0000] {spark_submit.py:490} INFO - 26/06/28 12:00:17 INFO TransportClientFactory: Successfully created connection to spark-master/172.19.0.2:7077 after 14 ms (0 ms spent in bootstraps)
[2026-06-28T12:00:17.797+0000] {spark_submit.py:490} INFO - 26/06/28 12:00:17 INFO StandaloneSchedulerBackend: Connected to Spark cluster with app ID app-20260628120017-0002
[2026-06-28T12:00:17.798+0000] {spark_submit.py:490} INFO - 26/06/28 12:00:17 INFO StandaloneAppClient$ClientEndpoint: Executor added: app-20260628120017-0002/0 on worker-20260628115332-172.19.0.4-32941 (172.19.0.4:32941) with 12 core(s)
[2026-06-28T12:00:17.800+0000] {spark_submit.py:490} INFO - 26/06/28 12:00:17 INFO StandaloneSchedulerBackend: Granted executor ID app-20260628120017-0002/0 on hostPort 172.19.0.4:32941 with 12 core(s), 1024.0 MiB RAM
[2026-06-28T12:00:17.802+0000] {spark_submit.py:490} INFO - 26/06/28 12:00:17 INFO Utils: Successfully started service 'org.apache.spark.network.netty.NettyBlockTransferService' on port 44453.
[2026-06-28T12:00:17.803+0000] {spark_submit.py:490} INFO - 26/06/28 12:00:17 INFO NettyBlockTransferService: Server created on 421f6789cc81:44453
[2026-06-28T12:00:17.803+0000] {spark_submit.py:490} INFO - 26/06/28 12:00:17 INFO BlockManager: Using org.apache.spark.storage.RandomBlockReplicationPolicy for block replication policy
[2026-06-28T12:00:17.807+0000] {spark_submit.py:490} INFO - 26/06/28 12:00:17 INFO BlockManagerMaster: Registering BlockManager BlockManagerId(driver, 421f6789cc81, 44453, None)
[2026-06-28T12:00:17.810+0000] {spark_submit.py:490} INFO - 26/06/28 12:00:17 INFO BlockManagerMasterEndpoint: Registering block manager 421f6789cc81:44453 with 434.4 MiB RAM, BlockManagerId(driver, 421f6789cc81, 44453, None)
[2026-06-28T12:00:17.812+0000] {spark_submit.py:490} INFO - 26/06/28 12:00:17 INFO BlockManagerMaster: Registered BlockManager BlockManagerId(driver, 421f6789cc81, 44453, None)
[2026-06-28T12:00:17.813+0000] {spark_submit.py:490} INFO - 26/06/28 12:00:17 INFO BlockManager: Initialized BlockManager: BlockManagerId(driver, 421f6789cc81, 44453, None)
[2026-06-28T12:00:17.827+0000] {spark_submit.py:490} INFO - 26/06/28 12:00:17 INFO StandaloneAppClient$ClientEndpoint: Executor updated: app-20260628120017-0002/0 is now RUNNING
[2026-06-28T12:00:17.940+0000] {spark_submit.py:490} INFO - 26/06/28 12:00:17 INFO StandaloneSchedulerBackend: SchedulerBackend is ready for scheduling beginning after reached minRegisteredResourcesRatio: 0.0
[2026-06-28T12:00:18.111+0000] {spark_submit.py:490} INFO - 26/06/28 12:00:18 INFO SharedState: Setting hive.metastore.warehouse.dir ('null') to the value of spark.sql.warehouse.dir.
[2026-06-28T12:00:18.115+0000] {spark_submit.py:490} INFO - 26/06/28 12:00:18 INFO SharedState: Warehouse path is 'file:/opt/data'.
[2026-06-28T12:00:18.584+0000] {spark_submit.py:490} INFO - 26/06/28 12:00:18 INFO InMemoryFileIndex: It took 31 ms to list leaf files for 1 paths.
[2026-06-28T12:00:18.812+0000] {spark_submit.py:490} INFO - 26/06/28 12:00:18 INFO SparkContext: Starting job: parquet at NativeMethodAccessorImpl.java:0
[2026-06-28T12:00:18.823+0000] {spark_submit.py:490} INFO - 26/06/28 12:00:18 INFO DAGScheduler: Got job 0 (parquet at NativeMethodAccessorImpl.java:0) with 1 output partitions
[2026-06-28T12:00:18.824+0000] {spark_submit.py:490} INFO - 26/06/28 12:00:18 INFO DAGScheduler: Final stage: ResultStage 0 (parquet at NativeMethodAccessorImpl.java:0)
[2026-06-28T12:00:18.824+0000] {spark_submit.py:490} INFO - 26/06/28 12:00:18 INFO DAGScheduler: Parents of final stage: List()
[2026-06-28T12:00:18.825+0000] {spark_submit.py:490} INFO - 26/06/28 12:00:18 INFO DAGScheduler: Missing parents: List()
[2026-06-28T12:00:18.829+0000] {spark_submit.py:490} INFO - 26/06/28 12:00:18 INFO DAGScheduler: Submitting ResultStage 0 (MapPartitionsRDD[1] at parquet at NativeMethodAccessorImpl.java:0), which has no missing parents
[2026-06-28T12:00:18.872+0000] {spark_submit.py:490} INFO - 26/06/28 12:00:18 INFO MemoryStore: Block broadcast_0 stored as values in memory (estimated size 103.5 KiB, free 434.3 MiB)
[2026-06-28T12:00:18.893+0000] {spark_submit.py:490} INFO - 26/06/28 12:00:18 INFO MemoryStore: Block broadcast_0_piece0 stored as bytes in memory (estimated size 37.4 KiB, free 434.3 MiB)
[2026-06-28T12:00:18.895+0000] {spark_submit.py:490} INFO - 26/06/28 12:00:18 INFO BlockManagerInfo: Added broadcast_0_piece0 in memory on 421f6789cc81:44453 (size: 37.4 KiB, free: 434.4 MiB)
[2026-06-28T12:00:18.898+0000] {spark_submit.py:490} INFO - 26/06/28 12:00:18 INFO SparkContext: Created broadcast 0 from broadcast at DAGScheduler.scala:1611
[2026-06-28T12:00:18.912+0000] {spark_submit.py:490} INFO - 26/06/28 12:00:18 INFO DAGScheduler: Submitting 1 missing tasks from ResultStage 0 (MapPartitionsRDD[1] at parquet at NativeMethodAccessorImpl.java:0) (first 15 tasks are for partitions Vector(0))
[2026-06-28T12:00:18.913+0000] {spark_submit.py:490} INFO - 26/06/28 12:00:18 INFO TaskSchedulerImpl: Adding task set 0.0 with 1 tasks resource profile 0
[2026-06-28T12:00:19.475+0000] {spark_submit.py:490} INFO - 26/06/28 12:00:19 INFO StandaloneSchedulerBackend$StandaloneDriverEndpoint: Registered executor NettyRpcEndpointRef(spark-client://Executor) (172.19.0.4:42174) with ID 0,  ResourceProfileId 0
[2026-06-28T12:00:19.520+0000] {spark_submit.py:490} INFO - 26/06/28 12:00:19 INFO BlockManagerMasterEndpoint: Registering block manager 172.19.0.4:43657 with 434.4 MiB RAM, BlockManagerId(0, 172.19.0.4, 43657, None)
[2026-06-28T12:00:19.575+0000] {spark_submit.py:490} INFO - 26/06/28 12:00:19 INFO TaskSetManager: Starting task 0.0 in stage 0.0 (TID 0) (172.19.0.4, executor 0, partition 0, PROCESS_LOCAL, 9215 bytes)
[2026-06-28T12:00:19.745+0000] {spark_submit.py:490} INFO - 26/06/28 12:00:19 INFO BlockManagerInfo: Added broadcast_0_piece0 in memory on 172.19.0.4:43657 (size: 37.4 KiB, free: 434.4 MiB)
[2026-06-28T12:00:20.111+0000] {spark_submit.py:490} INFO - 26/06/28 12:00:20 INFO TaskSetManager: Finished task 0.0 in stage 0.0 (TID 0) in 544 ms on 172.19.0.4 (executor 0) (1/1)
[2026-06-28T12:00:20.112+0000] {spark_submit.py:490} INFO - 26/06/28 12:00:20 INFO TaskSchedulerImpl: Removed TaskSet 0.0, whose tasks have all completed, from pool
[2026-06-28T12:00:20.114+0000] {spark_submit.py:490} INFO - 26/06/28 12:00:20 INFO DAGScheduler: ResultStage 0 (parquet at NativeMethodAccessorImpl.java:0) finished in 1.274 s
[2026-06-28T12:00:20.115+0000] {spark_submit.py:490} INFO - 26/06/28 12:00:20 INFO DAGScheduler: Job 0 is finished. Cancelling potential speculative or zombie tasks for this job
[2026-06-28T12:00:20.115+0000] {spark_submit.py:490} INFO - 26/06/28 12:00:20 INFO TaskSchedulerImpl: Killing all running tasks in stage 0: Stage finished
[2026-06-28T12:00:20.116+0000] {spark_submit.py:490} INFO - 26/06/28 12:00:20 INFO DAGScheduler: Job 0 finished: parquet at NativeMethodAccessorImpl.java:0, took 1.303165 s
[2026-06-28T12:00:20.241+0000] {spark_submit.py:490} INFO - 26/06/28 12:00:20 INFO BlockManagerInfo: Removed broadcast_0_piece0 on 421f6789cc81:44453 in memory (size: 37.4 KiB, free: 434.4 MiB)
[2026-06-28T12:00:20.250+0000] {spark_submit.py:490} INFO - 26/06/28 12:00:20 INFO BlockManagerInfo: Removed broadcast_0_piece0 on 172.19.0.4:43657 in memory (size: 37.4 KiB, free: 434.4 MiB)
[2026-06-28T12:00:20.723+0000] {spark_submit.py:490} INFO - 26/06/28 12:00:20 INFO DataSourceStrategy: Pruning directories with:
[2026-06-28T12:00:20.724+0000] {spark_submit.py:490} INFO - 26/06/28 12:00:20 INFO FileSourceStrategy: Pushed Filters:
[2026-06-28T12:00:20.725+0000] {spark_submit.py:490} INFO - 26/06/28 12:00:20 INFO FileSourceStrategy: Post-Scan Filters:
[2026-06-28T12:00:20.994+0000] {spark_submit.py:490} INFO - 26/06/28 12:00:20 INFO CodeGenerator: Code generated in 150.000141 ms
[2026-06-28T12:00:21.006+0000] {spark_submit.py:490} INFO - 26/06/28 12:00:21 INFO MemoryStore: Block broadcast_1 stored as values in memory (estimated size 202.2 KiB, free 434.2 MiB)
[2026-06-28T12:00:21.015+0000] {spark_submit.py:490} INFO - 26/06/28 12:00:21 INFO MemoryStore: Block broadcast_1_piece0 stored as bytes in memory (estimated size 35.3 KiB, free 434.2 MiB)
[2026-06-28T12:00:21.015+0000] {spark_submit.py:490} INFO - 26/06/28 12:00:21 INFO BlockManagerInfo: Added broadcast_1_piece0 in memory on 421f6789cc81:44453 (size: 35.3 KiB, free: 434.4 MiB)
[2026-06-28T12:00:21.017+0000] {spark_submit.py:490} INFO - 26/06/28 12:00:21 INFO SparkContext: Created broadcast 1 from parquet at NativeMethodAccessorImpl.java:0
[2026-06-28T12:00:21.030+0000] {spark_submit.py:490} INFO - 26/06/28 12:00:21 INFO FileSourceScanExec: Planning scan with bin packing, max size: 4194304 bytes, open cost is considered as scanning 4194304 bytes.
[2026-06-28T12:00:21.078+0000] {spark_submit.py:490} INFO - 26/06/28 12:00:21 INFO DAGScheduler: Registering RDD 5 (parquet at NativeMethodAccessorImpl.java:0) as input to shuffle 0
[2026-06-28T12:00:21.081+0000] {spark_submit.py:490} INFO - 26/06/28 12:00:21 INFO DAGScheduler: Got map stage job 1 (parquet at NativeMethodAccessorImpl.java:0) with 3 output partitions
[2026-06-28T12:00:21.081+0000] {spark_submit.py:490} INFO - 26/06/28 12:00:21 INFO DAGScheduler: Final stage: ShuffleMapStage 1 (parquet at NativeMethodAccessorImpl.java:0)
[2026-06-28T12:00:21.081+0000] {spark_submit.py:490} INFO - 26/06/28 12:00:21 INFO DAGScheduler: Parents of final stage: List()
[2026-06-28T12:00:21.082+0000] {spark_submit.py:490} INFO - 26/06/28 12:00:21 INFO DAGScheduler: Missing parents: List()
[2026-06-28T12:00:21.083+0000] {spark_submit.py:490} INFO - 26/06/28 12:00:21 INFO DAGScheduler: Submitting ShuffleMapStage 1 (MapPartitionsRDD[5] at parquet at NativeMethodAccessorImpl.java:0), which has no missing parents
[2026-06-28T12:00:21.093+0000] {spark_submit.py:490} INFO - 26/06/28 12:00:21 INFO MemoryStore: Block broadcast_2 stored as values in memory (estimated size 71.6 KiB, free 434.1 MiB)
[2026-06-28T12:00:21.097+0000] {spark_submit.py:490} INFO - 26/06/28 12:00:21 INFO MemoryStore: Block broadcast_2_piece0 stored as bytes in memory (estimated size 26.9 KiB, free 434.1 MiB)
[2026-06-28T12:00:21.098+0000] {spark_submit.py:490} INFO - 26/06/28 12:00:21 INFO BlockManagerInfo: Added broadcast_2_piece0 in memory on 421f6789cc81:44453 (size: 26.9 KiB, free: 434.3 MiB)
[2026-06-28T12:00:21.098+0000] {spark_submit.py:490} INFO - 26/06/28 12:00:21 INFO SparkContext: Created broadcast 2 from broadcast at DAGScheduler.scala:1611
[2026-06-28T12:00:21.100+0000] {spark_submit.py:490} INFO - 26/06/28 12:00:21 INFO DAGScheduler: Submitting 3 missing tasks from ShuffleMapStage 1 (MapPartitionsRDD[5] at parquet at NativeMethodAccessorImpl.java:0) (first 15 tasks are for partitions Vector(0, 1, 2))
[2026-06-28T12:00:21.101+0000] {spark_submit.py:490} INFO - 26/06/28 12:00:21 INFO TaskSchedulerImpl: Adding task set 1.0 with 3 tasks resource profile 0
[2026-06-28T12:00:21.106+0000] {spark_submit.py:490} INFO - 26/06/28 12:00:21 INFO TaskSetManager: Starting task 0.0 in stage 1.0 (TID 1) (172.19.0.4, executor 0, partition 0, PROCESS_LOCAL, 9750 bytes)
[2026-06-28T12:00:21.107+0000] {spark_submit.py:490} INFO - 26/06/28 12:00:21 INFO TaskSetManager: Starting task 1.0 in stage 1.0 (TID 2) (172.19.0.4, executor 0, partition 1, PROCESS_LOCAL, 9744 bytes)
[2026-06-28T12:00:21.108+0000] {spark_submit.py:490} INFO - 26/06/28 12:00:21 INFO TaskSetManager: Starting task 2.0 in stage 1.0 (TID 3) (172.19.0.4, executor 0, partition 2, PROCESS_LOCAL, 9744 bytes)
[2026-06-28T12:00:21.163+0000] {spark_submit.py:490} INFO - 26/06/28 12:00:21 INFO BlockManagerInfo: Added broadcast_2_piece0 in memory on 172.19.0.4:43657 (size: 26.9 KiB, free: 434.4 MiB)
[2026-06-28T12:00:21.928+0000] {spark_submit.py:490} INFO - 26/06/28 12:00:21 INFO BlockManagerInfo: Added broadcast_1_piece0 in memory on 172.19.0.4:43657 (size: 35.3 KiB, free: 434.3 MiB)
[2026-06-28T12:00:22.140+0000] {spark_submit.py:490} INFO - 26/06/28 12:00:22 INFO TaskSetManager: Finished task 2.0 in stage 1.0 (TID 3) in 1033 ms on 172.19.0.4 (executor 0) (1/3)
[2026-06-28T12:00:22.141+0000] {spark_submit.py:490} INFO - 26/06/28 12:00:22 INFO TaskSetManager: Finished task 1.0 in stage 1.0 (TID 2) in 1034 ms on 172.19.0.4 (executor 0) (2/3)
[2026-06-28T12:00:22.141+0000] {spark_submit.py:490} INFO - 26/06/28 12:00:22 INFO TaskSetManager: Finished task 0.0 in stage 1.0 (TID 1) in 1039 ms on 172.19.0.4 (executor 0) (3/3)
[2026-06-28T12:00:22.141+0000] {spark_submit.py:490} INFO - 26/06/28 12:00:22 INFO TaskSchedulerImpl: Removed TaskSet 1.0, whose tasks have all completed, from pool
[2026-06-28T12:00:22.143+0000] {spark_submit.py:490} INFO - 26/06/28 12:00:22 INFO DAGScheduler: ShuffleMapStage 1 (parquet at NativeMethodAccessorImpl.java:0) finished in 1.056 s
[2026-06-28T12:00:22.143+0000] {spark_submit.py:490} INFO - 26/06/28 12:00:22 INFO DAGScheduler: looking for newly runnable stages
[2026-06-28T12:00:22.143+0000] {spark_submit.py:490} INFO - 26/06/28 12:00:22 INFO DAGScheduler: running: Set()
[2026-06-28T12:00:22.143+0000] {spark_submit.py:490} INFO - 26/06/28 12:00:22 INFO DAGScheduler: waiting: Set()
[2026-06-28T12:00:22.144+0000] {spark_submit.py:490} INFO - 26/06/28 12:00:22 INFO DAGScheduler: failed: Set()
[2026-06-28T12:00:22.166+0000] {spark_submit.py:490} INFO - 26/06/28 12:00:22 INFO ShufflePartitionsUtil: For shuffle(0), advisory target size: 67108864, actual target size 1048576, minimum partition size: 1048576
[2026-06-28T12:00:22.187+0000] {spark_submit.py:490} INFO - 26/06/28 12:00:22 INFO ParquetUtils: Using default output committer for Parquet: org.apache.parquet.hadoop.ParquetOutputCommitter
[2026-06-28T12:00:22.194+0000] {spark_submit.py:490} INFO - 26/06/28 12:00:22 INFO FileOutputCommitter: File Output Committer Algorithm version is 1
[2026-06-28T12:00:22.194+0000] {spark_submit.py:490} INFO - 26/06/28 12:00:22 INFO FileOutputCommitter: FileOutputCommitter skip cleanup _temporary folders under output directory:false, ignore cleanup failures: false
[2026-06-28T12:00:22.195+0000] {spark_submit.py:490} INFO - 26/06/28 12:00:22 INFO SQLHadoopMapReduceCommitProtocol: Using user defined output committer class org.apache.parquet.hadoop.ParquetOutputCommitter
[2026-06-28T12:00:22.195+0000] {spark_submit.py:490} INFO - 26/06/28 12:00:22 INFO FileOutputCommitter: File Output Committer Algorithm version is 1
[2026-06-28T12:00:22.195+0000] {spark_submit.py:490} INFO - 26/06/28 12:00:22 INFO FileOutputCommitter: FileOutputCommitter skip cleanup _temporary folders under output directory:false, ignore cleanup failures: false
[2026-06-28T12:00:22.195+0000] {spark_submit.py:490} INFO - 26/06/28 12:00:22 INFO SQLHadoopMapReduceCommitProtocol: Using output committer class org.apache.parquet.hadoop.ParquetOutputCommitter
[2026-06-28T12:00:22.207+0000] {spark_submit.py:490} INFO - 26/06/28 12:00:22 INFO HashAggregateExec: spark.sql.codegen.aggregate.map.twolevel.enabled is set to true, but current version of codegened fast hashmap does not support this aggregate.
[2026-06-28T12:00:22.247+0000] {spark_submit.py:490} INFO - 26/06/28 12:00:22 INFO CodeGenerator: Code generated in 28.299955 ms
[2026-06-28T12:00:22.262+0000] {spark_submit.py:490} INFO - 26/06/28 12:00:22 INFO SparkContext: Starting job: parquet at NativeMethodAccessorImpl.java:0
[2026-06-28T12:00:22.263+0000] {spark_submit.py:490} INFO - 26/06/28 12:00:22 INFO DAGScheduler: Got job 2 (parquet at NativeMethodAccessorImpl.java:0) with 1 output partitions
[2026-06-28T12:00:22.264+0000] {spark_submit.py:490} INFO - 26/06/28 12:00:22 INFO DAGScheduler: Final stage: ResultStage 3 (parquet at NativeMethodAccessorImpl.java:0)
[2026-06-28T12:00:22.264+0000] {spark_submit.py:490} INFO - 26/06/28 12:00:22 INFO DAGScheduler: Parents of final stage: List(ShuffleMapStage 2)
[2026-06-28T12:00:22.264+0000] {spark_submit.py:490} INFO - 26/06/28 12:00:22 INFO DAGScheduler: Missing parents: List()
[2026-06-28T12:00:22.264+0000] {spark_submit.py:490} INFO - 26/06/28 12:00:22 INFO DAGScheduler: Submitting ResultStage 3 (MapPartitionsRDD[8] at parquet at NativeMethodAccessorImpl.java:0), which has no missing parents
[2026-06-28T12:00:22.281+0000] {spark_submit.py:490} INFO - 26/06/28 12:00:22 INFO BlockManagerInfo: Removed broadcast_2_piece0 on 421f6789cc81:44453 in memory (size: 26.9 KiB, free: 434.4 MiB)
[2026-06-28T12:00:22.283+0000] {spark_submit.py:490} INFO - 26/06/28 12:00:22 INFO MemoryStore: Block broadcast_3 stored as values in memory (estimated size 286.5 KiB, free 433.9 MiB)
[2026-06-28T12:00:22.286+0000] {spark_submit.py:490} INFO - 26/06/28 12:00:22 INFO BlockManagerInfo: Removed broadcast_2_piece0 on 172.19.0.4:43657 in memory (size: 26.9 KiB, free: 434.4 MiB)
[2026-06-28T12:00:22.287+0000] {spark_submit.py:490} INFO - 26/06/28 12:00:22 INFO MemoryStore: Block broadcast_3_piece0 stored as bytes in memory (estimated size 102.8 KiB, free 433.8 MiB)
[2026-06-28T12:00:22.287+0000] {spark_submit.py:490} INFO - 26/06/28 12:00:22 INFO BlockManagerInfo: Added broadcast_3_piece0 in memory on 421f6789cc81:44453 (size: 102.8 KiB, free: 434.3 MiB)
[2026-06-28T12:00:22.288+0000] {spark_submit.py:490} INFO - 26/06/28 12:00:22 INFO SparkContext: Created broadcast 3 from broadcast at DAGScheduler.scala:1611
[2026-06-28T12:00:22.289+0000] {spark_submit.py:490} INFO - 26/06/28 12:00:22 INFO DAGScheduler: Submitting 1 missing tasks from ResultStage 3 (MapPartitionsRDD[8] at parquet at NativeMethodAccessorImpl.java:0) (first 15 tasks are for partitions Vector(0))
[2026-06-28T12:00:22.289+0000] {spark_submit.py:490} INFO - 26/06/28 12:00:22 INFO TaskSchedulerImpl: Adding task set 3.0 with 1 tasks resource profile 0
[2026-06-28T12:00:22.295+0000] {spark_submit.py:490} INFO - 26/06/28 12:00:22 INFO TaskSetManager: Starting task 0.0 in stage 3.0 (TID 4) (172.19.0.4, executor 0, partition 0, NODE_LOCAL, 9003 bytes)
[2026-06-28T12:00:22.314+0000] {spark_submit.py:490} INFO - 26/06/28 12:00:22 INFO BlockManagerInfo: Added broadcast_3_piece0 in memory on 172.19.0.4:43657 (size: 102.8 KiB, free: 434.3 MiB)
[2026-06-28T12:00:22.375+0000] {spark_submit.py:490} INFO - 26/06/28 12:00:22 INFO MapOutputTrackerMasterEndpoint: Asked to send map output locations for shuffle 0 to 172.19.0.4:42174
[2026-06-28T12:00:22.782+0000] {spark_submit.py:490} INFO - 26/06/28 12:00:22 INFO TaskSetManager: Finished task 0.0 in stage 3.0 (TID 4) in 489 ms on 172.19.0.4 (executor 0) (1/1)
[2026-06-28T12:00:22.782+0000] {spark_submit.py:490} INFO - 26/06/28 12:00:22 INFO TaskSchedulerImpl: Removed TaskSet 3.0, whose tasks have all completed, from pool
[2026-06-28T12:00:22.783+0000] {spark_submit.py:490} INFO - 26/06/28 12:00:22 INFO DAGScheduler: ResultStage 3 (parquet at NativeMethodAccessorImpl.java:0) finished in 0.515 s
[2026-06-28T12:00:22.784+0000] {spark_submit.py:490} INFO - 26/06/28 12:00:22 INFO DAGScheduler: Job 2 is finished. Cancelling potential speculative or zombie tasks for this job
[2026-06-28T12:00:22.784+0000] {spark_submit.py:490} INFO - 26/06/28 12:00:22 INFO TaskSchedulerImpl: Killing all running tasks in stage 3: Stage finished
[2026-06-28T12:00:22.784+0000] {spark_submit.py:490} INFO - 26/06/28 12:00:22 INFO DAGScheduler: Job 2 finished: parquet at NativeMethodAccessorImpl.java:0, took 0.521602 s
[2026-06-28T12:00:22.785+0000] {spark_submit.py:490} INFO - 26/06/28 12:00:22 INFO FileFormatWriter: Start to commit write Job a0dea1b2-5013-4c4f-974c-127c33233af5.
[2026-06-28T12:00:22.799+0000] {spark_submit.py:490} INFO - 26/06/28 12:00:22 INFO FileFormatWriter: Write Job a0dea1b2-5013-4c4f-974c-127c33233af5 committed. Elapsed time: 13 ms.
[2026-06-28T12:00:22.800+0000] {spark_submit.py:490} INFO - 26/06/28 12:00:22 INFO FileFormatWriter: Finished processing stats for write job a0dea1b2-5013-4c4f-974c-127c33233af5.
[2026-06-28T12:00:22.803+0000] {spark_submit.py:490} INFO - 26/06/28 12:00:22 INFO SparkContext: SparkContext is stopping with exitCode 0.
[2026-06-28T12:00:22.811+0000] {spark_submit.py:490} INFO - 26/06/28 12:00:22 INFO SparkUI: Stopped Spark web UI at http://421f6789cc81:4040
[2026-06-28T12:00:22.813+0000] {spark_submit.py:490} INFO - 26/06/28 12:00:22 INFO StandaloneSchedulerBackend: Shutting down all executors
[2026-06-28T12:00:22.814+0000] {spark_submit.py:490} INFO - 26/06/28 12:00:22 INFO StandaloneSchedulerBackend$StandaloneDriverEndpoint: Asking each executor to shut down
[2026-06-28T12:00:22.826+0000] {spark_submit.py:490} INFO - 26/06/28 12:00:22 INFO MapOutputTrackerMasterEndpoint: MapOutputTrackerMasterEndpoint stopped!
[2026-06-28T12:00:22.836+0000] {spark_submit.py:490} INFO - 26/06/28 12:00:22 INFO MemoryStore: MemoryStore cleared
[2026-06-28T12:00:22.836+0000] {spark_submit.py:490} INFO - 26/06/28 12:00:22 INFO BlockManager: BlockManager stopped
[2026-06-28T12:00:22.841+0000] {spark_submit.py:490} INFO - 26/06/28 12:00:22 INFO BlockManagerMaster: BlockManagerMaster stopped
[2026-06-28T12:00:22.846+0000] {spark_submit.py:490} INFO - 26/06/28 12:00:22 INFO OutputCommitCoordinator$OutputCommitCoordinatorEndpoint: OutputCommitCoordinator stopped!
[2026-06-28T12:00:22.856+0000] {spark_submit.py:490} INFO - 26/06/28 12:00:22 INFO SparkContext: Successfully stopped SparkContext
[2026-06-28T12:00:23.000+0000] {spark_submit.py:490} INFO - 26/06/28 12:00:22 INFO ShutdownHookManager: Shutdown hook called
[2026-06-28T12:00:23.000+0000] {spark_submit.py:490} INFO - 26/06/28 12:00:23 INFO ShutdownHookManager: Deleting directory /tmp/spark-51f81970-9e49-4a5b-9408-3e120d1034f7
[2026-06-28T12:00:23.005+0000] {spark_submit.py:490} INFO - 26/06/28 12:00:23 INFO ShutdownHookManager: Deleting directory /tmp/spark-54dea69a-b3e0-415e-8690-e5931a36602f
[2026-06-28T12:00:23.010+0000] {spark_submit.py:490} INFO - 26/06/28 12:00:23 INFO ShutdownHookManager: Deleting directory /tmp/spark-54dea69a-b3e0-415e-8690-e5931a36602f/pyspark-54404e80-3242-442d-859b-9d890136e194
[2026-06-28T12:00:23.062+0000] {taskinstance.py:1138} INFO - Marking task as SUCCESS. dag_id=tomtom_spark_pipeline, task_id=silver_to_gold, execution_date=20260628T110000, start_date=20260628T120015, end_date=20260628T120023
[2026-06-28T12:00:23.095+0000] {local_task_job_runner.py:234} INFO - Task exited with return code 0
[2026-06-28T12:00:23.117+0000] {taskinstance.py:3280} INFO - 0 downstream tasks scheduled from follow-on schedule check
