[2026-06-26T22:32:39.698+0000] {taskinstance.py:1956} INFO - Dependencies all met for dep_context=non-requeueable deps ti=<TaskInstance: spark_transform_dag.spark_job scheduled__2026-06-26T22:00:00+00:00 [queued]>
[2026-06-26T22:32:39.712+0000] {taskinstance.py:1956} INFO - Dependencies all met for dep_context=requeueable deps ti=<TaskInstance: spark_transform_dag.spark_job scheduled__2026-06-26T22:00:00+00:00 [queued]>
[2026-06-26T22:32:39.712+0000] {taskinstance.py:2170} INFO - Starting attempt 1 of 4
[2026-06-26T22:32:39.740+0000] {taskinstance.py:2191} INFO - Executing <Task(PythonOperator): spark_job> on 2026-06-26 22:00:00+00:00
[2026-06-26T22:32:39.752+0000] {standard_task_runner.py:60} INFO - Started process 404 to run task
[2026-06-26T22:32:39.759+0000] {standard_task_runner.py:87} INFO - Running: ['***', 'tasks', 'run', 'spark_transform_dag', 'spark_job', 'scheduled__2026-06-26T22:00:00+00:00', '--job-id', '15', '--raw', '--subdir', 'DAGS_FOLDER/spark_transform_dag.py', '--cfg-path', '/tmp/tmpxoprl5re']
[2026-06-26T22:32:39.764+0000] {standard_task_runner.py:88} INFO - Job 15: Subtask spark_job
[2026-06-26T22:32:39.900+0000] {task_command.py:423} INFO - Running <TaskInstance: spark_transform_dag.spark_job scheduled__2026-06-26T22:00:00+00:00 [running]> on host 2287e6a6e47d
[2026-06-26T22:32:40.088+0000] {taskinstance.py:2480} INFO - Exporting env vars: AIRFLOW_CTX_DAG_OWNER='thesis' AIRFLOW_CTX_DAG_ID='spark_transform_dag' AIRFLOW_CTX_TASK_ID='spark_job' AIRFLOW_CTX_EXECUTION_DATE='2026-06-26T22:00:00+00:00' AIRFLOW_CTX_TRY_NUMBER='1' AIRFLOW_CTX_DAG_RUN_ID='scheduled__2026-06-26T22:00:00+00:00'
[2026-06-26T22:32:40.271+0000] {taskinstance.py:2698} ERROR - Task failed with exception
Traceback (most recent call last):
  File "/home/airflow/.local/lib/python3.8/site-packages/airflow/models/taskinstance.py", line 433, in _execute_task
    result = execute_callable(context=context, **execute_callable_kwargs)
  File "/home/airflow/.local/lib/python3.8/site-packages/airflow/operators/python.py", line 199, in execute
    return_value = self.execute_callable()
  File "/home/airflow/.local/lib/python3.8/site-packages/airflow/operators/python.py", line 216, in execute_callable
    return self.python_callable(*self.op_args, **self.op_kwargs)
  File "/opt/airflow/dags/spark_transform_dag.py", line 17, in run_spark_job
    subprocess.run(cmd, check=True)
  File "/usr/local/lib/python3.8/subprocess.py", line 516, in run
    raise CalledProcessError(retcode, process.args,
subprocess.CalledProcessError: Command '['docker', 'exec', 'spark', 'spark-submit', '--jars', '/opt/spark/drivers/postgresql-42.7.11.jar', '/opt/spark-apps/silver_to_gold.py']' returned non-zero exit status 1.
[2026-06-26T22:32:40.293+0000] {taskinstance.py:1138} INFO - Marking task as UP_FOR_RETRY. dag_id=spark_transform_dag, task_id=spark_job, execution_date=20260626T220000, start_date=20260626T223239, end_date=20260626T223240
[2026-06-26T22:32:40.317+0000] {standard_task_runner.py:107} ERROR - Failed to execute job 15 for task spark_job (Command '['docker', 'exec', 'spark', 'spark-submit', '--jars', '/opt/spark/drivers/postgresql-42.7.11.jar', '/opt/spark-apps/silver_to_gold.py']' returned non-zero exit status 1.; 404)
[2026-06-26T22:32:40.374+0000] {local_task_job_runner.py:234} INFO - Task exited with return code 1
[2026-06-26T22:32:40.410+0000] {taskinstance.py:3280} INFO - 0 downstream tasks scheduled from follow-on schedule check
