[2026-06-28T18:36:22.335+0000] {taskinstance.py:1956} INFO - Dependencies all met for dep_context=non-requeueable deps ti=<TaskInstance: tomtom_spark_pipeline.silver_to_gold manual__2026-06-28T18:18:02.473327+00:00 [queued]>
[2026-06-28T18:36:22.347+0000] {taskinstance.py:1956} INFO - Dependencies all met for dep_context=requeueable deps ti=<TaskInstance: tomtom_spark_pipeline.silver_to_gold manual__2026-06-28T18:18:02.473327+00:00 [queued]>
[2026-06-28T18:36:22.348+0000] {taskinstance.py:2170} INFO - Starting attempt 1 of 4
[2026-06-28T18:36:22.366+0000] {taskinstance.py:2191} INFO - Executing <Task(SparkSubmitOperator): silver_to_gold> on 2026-06-28 18:18:02.473327+00:00
[2026-06-28T18:36:22.371+0000] {standard_task_runner.py:60} INFO - Started process 7236 to run task
[2026-06-28T18:36:22.373+0000] {standard_task_runner.py:87} INFO - Running: ['***', 'tasks', 'run', 'tomtom_spark_pipeline', 'silver_to_gold', 'manual__2026-06-28T18:18:02.473327+00:00', '--job-id', '27', '--raw', '--subdir', 'DAGS_FOLDER/tomtom_spark_pipeline_dag.py', '--cfg-path', '/tmp/tmpit0fdt3o']
[2026-06-28T18:36:22.375+0000] {standard_task_runner.py:88} INFO - Job 27: Subtask silver_to_gold
[2026-06-28T18:36:22.417+0000] {task_command.py:423} INFO - Running <TaskInstance: tomtom_spark_pipeline.silver_to_gold manual__2026-06-28T18:18:02.473327+00:00 [running]> on host 86a3e92c752e
[2026-06-28T18:36:22.485+0000] {taskinstance.py:2480} INFO - Exporting env vars: AIRFLOW_CTX_DAG_OWNER='thesis' AIRFLOW_CTX_DAG_ID='tomtom_spark_pipeline' AIRFLOW_CTX_TASK_ID='silver_to_gold' AIRFLOW_CTX_EXECUTION_DATE='2026-06-28T18:18:02.473327+00:00' AIRFLOW_CTX_TRY_NUMBER='1' AIRFLOW_CTX_DAG_RUN_ID='manual__2026-06-28T18:18:02.473327+00:00'
[2026-06-28T18:36:22.503+0000] {base.py:83} INFO - Using connection ID 'spark_default' for task execution.
[2026-06-28T18:36:22.505+0000] {spark_submit.py:339} INFO - Spark-Submit cmd: spark-submit --master spark://spark-master:7077 --conf spark.master=spark://spark-master:7077 --conf spark.hadoop.fs.permissions.umask-mode=000 --conf spark.hadoop.fs.permissions.enabled=false --conf spark.sql.warehouse.dir=/opt/data --jars /opt/spark/drivers/postgresql-42.7.11.jar --name arrow-spark /opt/spark-apps/gold_job.py
[2026-06-28T18:36:23.487+0000] {spark_submit.py:490} INFO - 26/06/28 18:36:23 WARN NativeCodeLoader: Unable to load native-hadoop library for your platform... using builtin-java classes where applicable
[2026-06-28T18:36:24.055+0000] {spark_submit.py:490} INFO - 26/06/28 18:36:24 INFO SparkContext: Running Spark version 3.5.8
[2026-06-28T18:36:24.055+0000] {spark_submit.py:490} INFO - 26/06/28 18:36:24 INFO SparkContext: OS info Linux, 6.17.0-23-generic, amd64
[2026-06-28T18:36:24.055+0000] {spark_submit.py:490} INFO - 26/06/28 18:36:24 INFO SparkContext: Java version 17.0.19
[2026-06-28T18:36:24.069+0000] {spark_submit.py:490} INFO - 26/06/28 18:36:24 INFO ResourceUtils: ==============================================================
[2026-06-28T18:36:24.069+0000] {spark_submit.py:490} INFO - 26/06/28 18:36:24 INFO ResourceUtils: No custom resources configured for spark.driver.
[2026-06-28T18:36:24.069+0000] {spark_submit.py:490} INFO - 26/06/28 18:36:24 INFO ResourceUtils: ==============================================================
[2026-06-28T18:36:24.070+0000] {spark_submit.py:490} INFO - 26/06/28 18:36:24 INFO SparkContext: Submitted application: tomtom_gold_layer
[2026-06-28T18:36:24.080+0000] {spark_submit.py:490} INFO - 26/06/28 18:36:24 INFO ResourceProfile: Default ResourceProfile created, executor resources: Map(memory -> name: memory, amount: 1024, script: , vendor: , offHeap -> name: offHeap, amount: 0, script: , vendor: ), task resources: Map(cpus -> name: cpus, amount: 1.0)
[2026-06-28T18:36:24.085+0000] {spark_submit.py:490} INFO - 26/06/28 18:36:24 INFO ResourceProfile: Limiting resource is cpu
[2026-06-28T18:36:24.085+0000] {spark_submit.py:490} INFO - 26/06/28 18:36:24 INFO ResourceProfileManager: Added ResourceProfile id: 0
[2026-06-28T18:36:24.109+0000] {spark_submit.py:490} INFO - 26/06/28 18:36:24 INFO SecurityManager: Changing view acls to: ***
[2026-06-28T18:36:24.110+0000] {spark_submit.py:490} INFO - 26/06/28 18:36:24 INFO SecurityManager: Changing modify acls to: ***
[2026-06-28T18:36:24.110+0000] {spark_submit.py:490} INFO - 26/06/28 18:36:24 INFO SecurityManager: Changing view acls groups to:
[2026-06-28T18:36:24.110+0000] {spark_submit.py:490} INFO - 26/06/28 18:36:24 INFO SecurityManager: Changing modify acls groups to:
[2026-06-28T18:36:24.110+0000] {spark_submit.py:490} INFO - 26/06/28 18:36:24 INFO SecurityManager: SecurityManager: authentication disabled; ui acls disabled; users with view permissions: ***; groups with view permissions: EMPTY; users with modify permissions: ***; groups with modify permissions: EMPTY
[2026-06-28T18:36:24.234+0000] {spark_submit.py:490} INFO - 26/06/28 18:36:24 INFO Utils: Successfully started service 'sparkDriver' on port 33363.
[2026-06-28T18:36:24.252+0000] {spark_submit.py:490} INFO - 26/06/28 18:36:24 INFO SparkEnv: Registering MapOutputTracker
[2026-06-28T18:36:24.272+0000] {spark_submit.py:490} INFO - 26/06/28 18:36:24 INFO SparkEnv: Registering BlockManagerMaster
[2026-06-28T18:36:24.284+0000] {spark_submit.py:490} INFO - 26/06/28 18:36:24 INFO BlockManagerMasterEndpoint: Using org.apache.spark.storage.DefaultTopologyMapper for getting topology information
[2026-06-28T18:36:24.285+0000] {spark_submit.py:490} INFO - 26/06/28 18:36:24 INFO BlockManagerMasterEndpoint: BlockManagerMasterEndpoint up
[2026-06-28T18:36:24.288+0000] {spark_submit.py:490} INFO - 26/06/28 18:36:24 INFO SparkEnv: Registering BlockManagerMasterHeartbeat
[2026-06-28T18:36:24.299+0000] {spark_submit.py:490} INFO - 26/06/28 18:36:24 INFO DiskBlockManager: Created local directory at /tmp/blockmgr-50c94183-77cd-44d6-8c18-a47723bc0df9
[2026-06-28T18:36:24.312+0000] {spark_submit.py:490} INFO - 26/06/28 18:36:24 INFO MemoryStore: MemoryStore started with capacity 434.4 MiB
[2026-06-28T18:36:24.320+0000] {spark_submit.py:490} INFO - 26/06/28 18:36:24 INFO SparkEnv: Registering OutputCommitCoordinator
[2026-06-28T18:36:24.377+0000] {spark_submit.py:490} INFO - 26/06/28 18:36:24 INFO JettyUtils: Start Jetty 0.0.0.0:4040 for SparkUI
[2026-06-28T18:36:24.412+0000] {spark_submit.py:490} INFO - 26/06/28 18:36:24 INFO Utils: Successfully started service 'SparkUI' on port 4040.
[2026-06-28T18:36:24.430+0000] {spark_submit.py:490} INFO - 26/06/28 18:36:24 INFO SparkContext: Added JAR file:///opt/spark/drivers/postgresql-42.7.11.jar at spark://86a3e92c752e:33363/jars/postgresql-42.7.11.jar with timestamp 1782671784050
[2026-06-28T18:36:24.468+0000] {spark_submit.py:490} INFO - 26/06/28 18:36:24 INFO StandaloneAppClient$ClientEndpoint: Connecting to master spark://spark-master:7077...
[2026-06-28T18:36:24.501+0000] {spark_submit.py:490} INFO - 26/06/28 18:36:24 INFO TransportClientFactory: Successfully created connection to spark-master/172.18.0.2:7077 after 17 ms (0 ms spent in bootstraps)
[2026-06-28T18:36:24.557+0000] {spark_submit.py:490} INFO - 26/06/28 18:36:24 INFO StandaloneSchedulerBackend: Connected to Spark cluster with app ID app-20260628183624-0012
[2026-06-28T18:36:24.561+0000] {spark_submit.py:490} INFO - 26/06/28 18:36:24 INFO StandaloneAppClient$ClientEndpoint: Executor added: app-20260628183624-0012/0 on worker-20260628170304-172.18.0.4-41779 (172.18.0.4:41779) with 12 core(s)
[2026-06-28T18:36:24.566+0000] {spark_submit.py:490} INFO - 26/06/28 18:36:24 INFO StandaloneSchedulerBackend: Granted executor ID app-20260628183624-0012/0 on hostPort 172.18.0.4:41779 with 12 core(s), 1024.0 MiB RAM
[2026-06-28T18:36:24.570+0000] {spark_submit.py:490} INFO - 26/06/28 18:36:24 INFO Utils: Successfully started service 'org.apache.spark.network.netty.NettyBlockTransferService' on port 43489.
[2026-06-28T18:36:24.570+0000] {spark_submit.py:490} INFO - 26/06/28 18:36:24 INFO NettyBlockTransferService: Server created on 86a3e92c752e:43489
[2026-06-28T18:36:24.571+0000] {spark_submit.py:490} INFO - 26/06/28 18:36:24 INFO BlockManager: Using org.apache.spark.storage.RandomBlockReplicationPolicy for block replication policy
[2026-06-28T18:36:24.574+0000] {spark_submit.py:490} INFO - 26/06/28 18:36:24 INFO BlockManagerMaster: Registering BlockManager BlockManagerId(driver, 86a3e92c752e, 43489, None)
[2026-06-28T18:36:24.577+0000] {spark_submit.py:490} INFO - 26/06/28 18:36:24 INFO BlockManagerMasterEndpoint: Registering block manager 86a3e92c752e:43489 with 434.4 MiB RAM, BlockManagerId(driver, 86a3e92c752e, 43489, None)
[2026-06-28T18:36:24.580+0000] {spark_submit.py:490} INFO - 26/06/28 18:36:24 INFO BlockManagerMaster: Registered BlockManager BlockManagerId(driver, 86a3e92c752e, 43489, None)
[2026-06-28T18:36:24.581+0000] {spark_submit.py:490} INFO - 26/06/28 18:36:24 INFO BlockManager: Initialized BlockManager: BlockManagerId(driver, 86a3e92c752e, 43489, None)
[2026-06-28T18:36:24.590+0000] {spark_submit.py:490} INFO - 26/06/28 18:36:24 INFO StandaloneAppClient$ClientEndpoint: Executor updated: app-20260628183624-0012/0 is now RUNNING
[2026-06-28T18:36:24.686+0000] {spark_submit.py:490} INFO - 26/06/28 18:36:24 INFO StandaloneSchedulerBackend: SchedulerBackend is ready for scheduling beginning after reached minRegisteredResourcesRatio: 0.0
[2026-06-28T18:36:24.830+0000] {spark_submit.py:490} INFO - 26/06/28 18:36:24 INFO SharedState: Setting hive.metastore.warehouse.dir ('null') to the value of spark.sql.warehouse.dir.
[2026-06-28T18:36:24.832+0000] {spark_submit.py:490} INFO - 26/06/28 18:36:24 INFO SharedState: Warehouse path is 'file:/opt/data'.
[2026-06-28T18:36:25.336+0000] {spark_submit.py:490} INFO - 26/06/28 18:36:25 INFO InMemoryFileIndex: It took 38 ms to list leaf files for 1 paths.
[2026-06-28T18:36:25.666+0000] {spark_submit.py:490} INFO - 26/06/28 18:36:25 INFO SparkContext: Starting job: parquet at NativeMethodAccessorImpl.java:0
[2026-06-28T18:36:25.677+0000] {spark_submit.py:490} INFO - 26/06/28 18:36:25 INFO DAGScheduler: Got job 0 (parquet at NativeMethodAccessorImpl.java:0) with 1 output partitions
[2026-06-28T18:36:25.677+0000] {spark_submit.py:490} INFO - 26/06/28 18:36:25 INFO DAGScheduler: Final stage: ResultStage 0 (parquet at NativeMethodAccessorImpl.java:0)
[2026-06-28T18:36:25.678+0000] {spark_submit.py:490} INFO - 26/06/28 18:36:25 INFO DAGScheduler: Parents of final stage: List()
[2026-06-28T18:36:25.678+0000] {spark_submit.py:490} INFO - 26/06/28 18:36:25 INFO DAGScheduler: Missing parents: List()
[2026-06-28T18:36:25.680+0000] {spark_submit.py:490} INFO - 26/06/28 18:36:25 INFO DAGScheduler: Submitting ResultStage 0 (MapPartitionsRDD[1] at parquet at NativeMethodAccessorImpl.java:0), which has no missing parents
[2026-06-28T18:36:25.711+0000] {spark_submit.py:490} INFO - 26/06/28 18:36:25 INFO MemoryStore: Block broadcast_0 stored as values in memory (estimated size 103.9 KiB, free 434.3 MiB)
[2026-06-28T18:36:25.729+0000] {spark_submit.py:490} INFO - 26/06/28 18:36:25 INFO MemoryStore: Block broadcast_0_piece0 stored as bytes in memory (estimated size 37.6 KiB, free 434.3 MiB)
[2026-06-28T18:36:25.732+0000] {spark_submit.py:490} INFO - 26/06/28 18:36:25 INFO BlockManagerInfo: Added broadcast_0_piece0 in memory on 86a3e92c752e:43489 (size: 37.6 KiB, free: 434.4 MiB)
[2026-06-28T18:36:25.735+0000] {spark_submit.py:490} INFO - 26/06/28 18:36:25 INFO SparkContext: Created broadcast 0 from broadcast at DAGScheduler.scala:1611
[2026-06-28T18:36:25.747+0000] {spark_submit.py:490} INFO - 26/06/28 18:36:25 INFO DAGScheduler: Submitting 1 missing tasks from ResultStage 0 (MapPartitionsRDD[1] at parquet at NativeMethodAccessorImpl.java:0) (first 15 tasks are for partitions Vector(0))
[2026-06-28T18:36:25.748+0000] {spark_submit.py:490} INFO - 26/06/28 18:36:25 INFO TaskSchedulerImpl: Adding task set 0.0 with 1 tasks resource profile 0
[2026-06-28T18:36:26.542+0000] {spark_submit.py:490} INFO - 26/06/28 18:36:26 INFO StandaloneSchedulerBackend$StandaloneDriverEndpoint: Registered executor NettyRpcEndpointRef(spark-client://Executor) (172.18.0.4:42974) with ID 0,  ResourceProfileId 0
[2026-06-28T18:36:26.606+0000] {spark_submit.py:490} INFO - 26/06/28 18:36:26 INFO BlockManagerMasterEndpoint: Registering block manager 172.18.0.4:40929 with 434.4 MiB RAM, BlockManagerId(0, 172.18.0.4, 40929, None)
[2026-06-28T18:36:26.704+0000] {spark_submit.py:490} INFO - 26/06/28 18:36:26 INFO TaskSetManager: Starting task 0.0 in stage 0.0 (TID 0) (172.18.0.4, executor 0, partition 0, PROCESS_LOCAL, 9359 bytes)
[2026-06-28T18:36:26.854+0000] {spark_submit.py:490} INFO - 26/06/28 18:36:26 INFO BlockManagerInfo: Added broadcast_0_piece0 in memory on 172.18.0.4:40929 (size: 37.6 KiB, free: 434.4 MiB)
[2026-06-28T18:36:27.354+0000] {spark_submit.py:490} INFO - 26/06/28 18:36:27 INFO TaskSetManager: Finished task 0.0 in stage 0.0 (TID 0) in 657 ms on 172.18.0.4 (executor 0) (1/1)
[2026-06-28T18:36:27.356+0000] {spark_submit.py:490} INFO - 26/06/28 18:36:27 INFO TaskSchedulerImpl: Removed TaskSet 0.0, whose tasks have all completed, from pool
[2026-06-28T18:36:27.358+0000] {spark_submit.py:490} INFO - 26/06/28 18:36:27 INFO DAGScheduler: ResultStage 0 (parquet at NativeMethodAccessorImpl.java:0) finished in 1.671 s
[2026-06-28T18:36:27.360+0000] {spark_submit.py:490} INFO - 26/06/28 18:36:27 INFO DAGScheduler: Job 0 is finished. Cancelling potential speculative or zombie tasks for this job
[2026-06-28T18:36:27.361+0000] {spark_submit.py:490} INFO - 26/06/28 18:36:27 INFO TaskSchedulerImpl: Killing all running tasks in stage 0: Stage finished
[2026-06-28T18:36:27.363+0000] {spark_submit.py:490} INFO - 26/06/28 18:36:27 INFO DAGScheduler: Job 0 finished: parquet at NativeMethodAccessorImpl.java:0, took 1.695966 s
[2026-06-28T18:36:27.531+0000] {spark_submit.py:490} INFO - 26/06/28 18:36:27 INFO BlockManagerInfo: Removed broadcast_0_piece0 on 86a3e92c752e:43489 in memory (size: 37.6 KiB, free: 434.4 MiB)
[2026-06-28T18:36:27.537+0000] {spark_submit.py:490} INFO - 26/06/28 18:36:27 INFO BlockManagerInfo: Removed broadcast_0_piece0 on 172.18.0.4:40929 in memory (size: 37.6 KiB, free: 434.4 MiB)
[2026-06-28T18:36:28.108+0000] {spark_submit.py:490} INFO - 26/06/28 18:36:28 INFO DataSourceStrategy: Pruning directories with:
[2026-06-28T18:36:28.109+0000] {spark_submit.py:490} INFO - 26/06/28 18:36:28 INFO FileSourceStrategy: Pushed Filters:
[2026-06-28T18:36:28.110+0000] {spark_submit.py:490} INFO - 26/06/28 18:36:28 INFO FileSourceStrategy: Post-Scan Filters:
[2026-06-28T18:36:28.478+0000] {spark_submit.py:490} INFO - 26/06/28 18:36:28 INFO CodeGenerator: Code generated in 227.426618 ms
[2026-06-28T18:36:28.508+0000] {spark_submit.py:490} INFO - 26/06/28 18:36:28 INFO MemoryStore: Block broadcast_1 stored as values in memory (estimated size 202.7 KiB, free 434.2 MiB)
[2026-06-28T18:36:28.514+0000] {spark_submit.py:490} INFO - 26/06/28 18:36:28 INFO MemoryStore: Block broadcast_1_piece0 stored as bytes in memory (estimated size 35.5 KiB, free 434.2 MiB)
[2026-06-28T18:36:28.514+0000] {spark_submit.py:490} INFO - 26/06/28 18:36:28 INFO BlockManagerInfo: Added broadcast_1_piece0 in memory on 86a3e92c752e:43489 (size: 35.5 KiB, free: 434.4 MiB)
[2026-06-28T18:36:28.516+0000] {spark_submit.py:490} INFO - 26/06/28 18:36:28 INFO SparkContext: Created broadcast 1 from parquet at NativeMethodAccessorImpl.java:0
[2026-06-28T18:36:28.526+0000] {spark_submit.py:490} INFO - 26/06/28 18:36:28 INFO FileSourceScanExec: Planning scan with bin packing, max size: 5252112 bytes, open cost is considered as scanning 4194304 bytes.
[2026-06-28T18:36:28.584+0000] {spark_submit.py:490} INFO - 26/06/28 18:36:28 INFO DAGScheduler: Registering RDD 5 (parquet at NativeMethodAccessorImpl.java:0) as input to shuffle 0
[2026-06-28T18:36:28.585+0000] {spark_submit.py:490} INFO - 26/06/28 18:36:28 INFO DAGScheduler: Got map stage job 1 (parquet at NativeMethodAccessorImpl.java:0) with 8 output partitions
[2026-06-28T18:36:28.586+0000] {spark_submit.py:490} INFO - 26/06/28 18:36:28 INFO DAGScheduler: Final stage: ShuffleMapStage 1 (parquet at NativeMethodAccessorImpl.java:0)
[2026-06-28T18:36:28.586+0000] {spark_submit.py:490} INFO - 26/06/28 18:36:28 INFO DAGScheduler: Parents of final stage: List()
[2026-06-28T18:36:28.586+0000] {spark_submit.py:490} INFO - 26/06/28 18:36:28 INFO DAGScheduler: Missing parents: List()
[2026-06-28T18:36:28.586+0000] {spark_submit.py:490} INFO - 26/06/28 18:36:28 INFO DAGScheduler: Submitting ShuffleMapStage 1 (MapPartitionsRDD[5] at parquet at NativeMethodAccessorImpl.java:0), which has no missing parents
[2026-06-28T18:36:28.594+0000] {spark_submit.py:490} INFO - 26/06/28 18:36:28 INFO MemoryStore: Block broadcast_2 stored as values in memory (estimated size 71.6 KiB, free 434.1 MiB)
[2026-06-28T18:36:28.595+0000] {spark_submit.py:490} INFO - 26/06/28 18:36:28 INFO MemoryStore: Block broadcast_2_piece0 stored as bytes in memory (estimated size 26.9 KiB, free 434.1 MiB)
[2026-06-28T18:36:28.596+0000] {spark_submit.py:490} INFO - 26/06/28 18:36:28 INFO BlockManagerInfo: Added broadcast_2_piece0 in memory on 86a3e92c752e:43489 (size: 26.9 KiB, free: 434.3 MiB)
[2026-06-28T18:36:28.596+0000] {spark_submit.py:490} INFO - 26/06/28 18:36:28 INFO SparkContext: Created broadcast 2 from broadcast at DAGScheduler.scala:1611
[2026-06-28T18:36:28.598+0000] {spark_submit.py:490} INFO - 26/06/28 18:36:28 INFO DAGScheduler: Submitting 8 missing tasks from ShuffleMapStage 1 (MapPartitionsRDD[5] at parquet at NativeMethodAccessorImpl.java:0) (first 15 tasks are for partitions Vector(0, 1, 2, 3, 4, 5, 6, 7))
[2026-06-28T18:36:28.598+0000] {spark_submit.py:490} INFO - 26/06/28 18:36:28 INFO TaskSchedulerImpl: Adding task set 1.0 with 8 tasks resource profile 0
[2026-06-28T18:36:28.601+0000] {spark_submit.py:490} INFO - 26/06/28 18:36:28 INFO TaskSetManager: Starting task 0.0 in stage 1.0 (TID 1) (172.18.0.4, executor 0, partition 0, PROCESS_LOCAL, 10110 bytes)
[2026-06-28T18:36:28.601+0000] {spark_submit.py:490} INFO - 26/06/28 18:36:28 INFO TaskSetManager: Starting task 1.0 in stage 1.0 (TID 2) (172.18.0.4, executor 0, partition 1, PROCESS_LOCAL, 10137 bytes)
[2026-06-28T18:36:28.602+0000] {spark_submit.py:490} INFO - 26/06/28 18:36:28 INFO TaskSetManager: Starting task 2.0 in stage 1.0 (TID 3) (172.18.0.4, executor 0, partition 2, PROCESS_LOCAL, 10137 bytes)
[2026-06-28T18:36:28.602+0000] {spark_submit.py:490} INFO - 26/06/28 18:36:28 INFO TaskSetManager: Starting task 3.0 in stage 1.0 (TID 4) (172.18.0.4, executor 0, partition 3, PROCESS_LOCAL, 10101 bytes)
[2026-06-28T18:36:28.602+0000] {spark_submit.py:490} INFO - 26/06/28 18:36:28 INFO TaskSetManager: Starting task 4.0 in stage 1.0 (TID 5) (172.18.0.4, executor 0, partition 4, PROCESS_LOCAL, 10137 bytes)
[2026-06-28T18:36:28.602+0000] {spark_submit.py:490} INFO - 26/06/28 18:36:28 INFO TaskSetManager: Starting task 5.0 in stage 1.0 (TID 6) (172.18.0.4, executor 0, partition 5, PROCESS_LOCAL, 10101 bytes)
[2026-06-28T18:36:28.602+0000] {spark_submit.py:490} INFO - 26/06/28 18:36:28 INFO TaskSetManager: Starting task 6.0 in stage 1.0 (TID 7) (172.18.0.4, executor 0, partition 6, PROCESS_LOCAL, 10101 bytes)
[2026-06-28T18:36:28.603+0000] {spark_submit.py:490} INFO - 26/06/28 18:36:28 INFO TaskSetManager: Starting task 7.0 in stage 1.0 (TID 8) (172.18.0.4, executor 0, partition 7, PROCESS_LOCAL, 9925 bytes)
[2026-06-28T18:36:28.651+0000] {spark_submit.py:490} INFO - 26/06/28 18:36:28 INFO BlockManagerInfo: Added broadcast_2_piece0 in memory on 172.18.0.4:40929 (size: 26.9 KiB, free: 434.4 MiB)
[2026-06-28T18:36:29.386+0000] {spark_submit.py:490} INFO - 26/06/28 18:36:29 INFO BlockManagerInfo: Added broadcast_1_piece0 in memory on 172.18.0.4:40929 (size: 35.5 KiB, free: 434.3 MiB)
[2026-06-28T18:36:29.700+0000] {spark_submit.py:490} INFO - 26/06/28 18:36:29 INFO TaskSetManager: Finished task 4.0 in stage 1.0 (TID 5) in 1098 ms on 172.18.0.4 (executor 0) (1/8)
[2026-06-28T18:36:29.701+0000] {spark_submit.py:490} INFO - 26/06/28 18:36:29 INFO TaskSetManager: Finished task 6.0 in stage 1.0 (TID 7) in 1099 ms on 172.18.0.4 (executor 0) (2/8)
[2026-06-28T18:36:29.702+0000] {spark_submit.py:490} INFO - 26/06/28 18:36:29 INFO TaskSetManager: Finished task 7.0 in stage 1.0 (TID 8) in 1100 ms on 172.18.0.4 (executor 0) (3/8)
[2026-06-28T18:36:29.702+0000] {spark_submit.py:490} INFO - 26/06/28 18:36:29 INFO TaskSetManager: Finished task 5.0 in stage 1.0 (TID 6) in 1100 ms on 172.18.0.4 (executor 0) (4/8)
[2026-06-28T18:36:29.705+0000] {spark_submit.py:490} INFO - 26/06/28 18:36:29 INFO TaskSetManager: Finished task 1.0 in stage 1.0 (TID 2) in 1103 ms on 172.18.0.4 (executor 0) (5/8)
[2026-06-28T18:36:29.706+0000] {spark_submit.py:490} INFO - 26/06/28 18:36:29 INFO TaskSetManager: Finished task 0.0 in stage 1.0 (TID 1) in 1107 ms on 172.18.0.4 (executor 0) (6/8)
[2026-06-28T18:36:29.708+0000] {spark_submit.py:490} INFO - 26/06/28 18:36:29 INFO TaskSetManager: Finished task 3.0 in stage 1.0 (TID 4) in 1105 ms on 172.18.0.4 (executor 0) (7/8)
[2026-06-28T18:36:29.708+0000] {spark_submit.py:490} INFO - 26/06/28 18:36:29 INFO TaskSetManager: Finished task 2.0 in stage 1.0 (TID 3) in 1107 ms on 172.18.0.4 (executor 0) (8/8)
[2026-06-28T18:36:29.709+0000] {spark_submit.py:490} INFO - 26/06/28 18:36:29 INFO TaskSchedulerImpl: Removed TaskSet 1.0, whose tasks have all completed, from pool
[2026-06-28T18:36:29.712+0000] {spark_submit.py:490} INFO - 26/06/28 18:36:29 INFO DAGScheduler: ShuffleMapStage 1 (parquet at NativeMethodAccessorImpl.java:0) finished in 1.123 s
[2026-06-28T18:36:29.713+0000] {spark_submit.py:490} INFO - 26/06/28 18:36:29 INFO DAGScheduler: looking for newly runnable stages
[2026-06-28T18:36:29.713+0000] {spark_submit.py:490} INFO - 26/06/28 18:36:29 INFO DAGScheduler: running: Set()
[2026-06-28T18:36:29.714+0000] {spark_submit.py:490} INFO - 26/06/28 18:36:29 INFO DAGScheduler: waiting: Set()
[2026-06-28T18:36:29.714+0000] {spark_submit.py:490} INFO - 26/06/28 18:36:29 INFO DAGScheduler: failed: Set()
[2026-06-28T18:36:29.735+0000] {spark_submit.py:490} INFO - 26/06/28 18:36:29 INFO ShufflePartitionsUtil: For shuffle(0), advisory target size: 67108864, actual target size 1048576, minimum partition size: 1048576
[2026-06-28T18:36:29.762+0000] {spark_submit.py:490} INFO - 26/06/28 18:36:29 INFO ParquetUtils: Using default output committer for Parquet: org.apache.parquet.hadoop.ParquetOutputCommitter
[2026-06-28T18:36:29.770+0000] {spark_submit.py:490} INFO - 26/06/28 18:36:29 INFO FileOutputCommitter: File Output Committer Algorithm version is 1
[2026-06-28T18:36:29.770+0000] {spark_submit.py:490} INFO - 26/06/28 18:36:29 INFO FileOutputCommitter: FileOutputCommitter skip cleanup _temporary folders under output directory:false, ignore cleanup failures: false
[2026-06-28T18:36:29.770+0000] {spark_submit.py:490} INFO - 26/06/28 18:36:29 INFO SQLHadoopMapReduceCommitProtocol: Using user defined output committer class org.apache.parquet.hadoop.ParquetOutputCommitter
[2026-06-28T18:36:29.770+0000] {spark_submit.py:490} INFO - 26/06/28 18:36:29 INFO FileOutputCommitter: File Output Committer Algorithm version is 1
[2026-06-28T18:36:29.770+0000] {spark_submit.py:490} INFO - 26/06/28 18:36:29 INFO FileOutputCommitter: FileOutputCommitter skip cleanup _temporary folders under output directory:false, ignore cleanup failures: false
[2026-06-28T18:36:29.771+0000] {spark_submit.py:490} INFO - 26/06/28 18:36:29 INFO SQLHadoopMapReduceCommitProtocol: Using output committer class org.apache.parquet.hadoop.ParquetOutputCommitter
[2026-06-28T18:36:29.783+0000] {spark_submit.py:490} INFO - 26/06/28 18:36:29 INFO HashAggregateExec: spark.sql.codegen.aggregate.map.twolevel.enabled is set to true, but current version of codegened fast hashmap does not support this aggregate.
[2026-06-28T18:36:29.832+0000] {spark_submit.py:490} INFO - 26/06/28 18:36:29 INFO CodeGenerator: Code generated in 33.288035 ms
[2026-06-28T18:36:29.849+0000] {spark_submit.py:490} INFO - 26/06/28 18:36:29 INFO SparkContext: Starting job: parquet at NativeMethodAccessorImpl.java:0
[2026-06-28T18:36:29.851+0000] {spark_submit.py:490} INFO - 26/06/28 18:36:29 INFO DAGScheduler: Got job 2 (parquet at NativeMethodAccessorImpl.java:0) with 1 output partitions
[2026-06-28T18:36:29.851+0000] {spark_submit.py:490} INFO - 26/06/28 18:36:29 INFO DAGScheduler: Final stage: ResultStage 3 (parquet at NativeMethodAccessorImpl.java:0)
[2026-06-28T18:36:29.851+0000] {spark_submit.py:490} INFO - 26/06/28 18:36:29 INFO DAGScheduler: Parents of final stage: List(ShuffleMapStage 2)
[2026-06-28T18:36:29.851+0000] {spark_submit.py:490} INFO - 26/06/28 18:36:29 INFO DAGScheduler: Missing parents: List()
[2026-06-28T18:36:29.851+0000] {spark_submit.py:490} INFO - 26/06/28 18:36:29 INFO DAGScheduler: Submitting ResultStage 3 (MapPartitionsRDD[8] at parquet at NativeMethodAccessorImpl.java:0), which has no missing parents
[2026-06-28T18:36:29.870+0000] {spark_submit.py:490} INFO - 26/06/28 18:36:29 INFO MemoryStore: Block broadcast_3 stored as values in memory (estimated size 287.2 KiB, free 433.8 MiB)
[2026-06-28T18:36:29.871+0000] {spark_submit.py:490} INFO - 26/06/28 18:36:29 INFO MemoryStore: Block broadcast_3_piece0 stored as bytes in memory (estimated size 103.2 KiB, free 433.7 MiB)
[2026-06-28T18:36:29.872+0000] {spark_submit.py:490} INFO - 26/06/28 18:36:29 INFO BlockManagerInfo: Added broadcast_3_piece0 in memory on 86a3e92c752e:43489 (size: 103.2 KiB, free: 434.2 MiB)
[2026-06-28T18:36:29.872+0000] {spark_submit.py:490} INFO - 26/06/28 18:36:29 INFO SparkContext: Created broadcast 3 from broadcast at DAGScheduler.scala:1611
[2026-06-28T18:36:29.873+0000] {spark_submit.py:490} INFO - 26/06/28 18:36:29 INFO DAGScheduler: Submitting 1 missing tasks from ResultStage 3 (MapPartitionsRDD[8] at parquet at NativeMethodAccessorImpl.java:0) (first 15 tasks are for partitions Vector(0))
[2026-06-28T18:36:29.873+0000] {spark_submit.py:490} INFO - 26/06/28 18:36:29 INFO TaskSchedulerImpl: Adding task set 3.0 with 1 tasks resource profile 0
[2026-06-28T18:36:29.878+0000] {spark_submit.py:490} INFO - 26/06/28 18:36:29 INFO TaskSetManager: Starting task 0.0 in stage 3.0 (TID 9) (172.18.0.4, executor 0, partition 0, NODE_LOCAL, 9184 bytes)
[2026-06-28T18:36:29.898+0000] {spark_submit.py:490} INFO - 26/06/28 18:36:29 INFO BlockManagerInfo: Added broadcast_3_piece0 in memory on 172.18.0.4:40929 (size: 103.2 KiB, free: 434.2 MiB)
[2026-06-28T18:36:29.982+0000] {spark_submit.py:490} INFO - 26/06/28 18:36:29 INFO MapOutputTrackerMasterEndpoint: Asked to send map output locations for shuffle 0 to 172.18.0.4:42974
[2026-06-28T18:36:30.519+0000] {spark_submit.py:490} INFO - 26/06/28 18:36:30 INFO TaskSetManager: Finished task 0.0 in stage 3.0 (TID 9) in 642 ms on 172.18.0.4 (executor 0) (1/1)
[2026-06-28T18:36:30.519+0000] {spark_submit.py:490} INFO - 26/06/28 18:36:30 INFO TaskSchedulerImpl: Removed TaskSet 3.0, whose tasks have all completed, from pool
[2026-06-28T18:36:30.520+0000] {spark_submit.py:490} INFO - 26/06/28 18:36:30 INFO DAGScheduler: ResultStage 3 (parquet at NativeMethodAccessorImpl.java:0) finished in 0.664 s
[2026-06-28T18:36:30.521+0000] {spark_submit.py:490} INFO - 26/06/28 18:36:30 INFO DAGScheduler: Job 2 is finished. Cancelling potential speculative or zombie tasks for this job
[2026-06-28T18:36:30.521+0000] {spark_submit.py:490} INFO - 26/06/28 18:36:30 INFO TaskSchedulerImpl: Killing all running tasks in stage 3: Stage finished
[2026-06-28T18:36:30.521+0000] {spark_submit.py:490} INFO - 26/06/28 18:36:30 INFO DAGScheduler: Job 2 finished: parquet at NativeMethodAccessorImpl.java:0, took 0.671373 s
[2026-06-28T18:36:30.522+0000] {spark_submit.py:490} INFO - 26/06/28 18:36:30 INFO FileFormatWriter: Start to commit write Job b255b506-cef8-4d95-8f47-b18709e990ad.
[2026-06-28T18:36:30.543+0000] {spark_submit.py:490} INFO - 26/06/28 18:36:30 INFO FileFormatWriter: Write Job b255b506-cef8-4d95-8f47-b18709e990ad committed. Elapsed time: 20 ms.
[2026-06-28T18:36:30.547+0000] {spark_submit.py:490} INFO - 26/06/28 18:36:30 INFO FileFormatWriter: Finished processing stats for write job b255b506-cef8-4d95-8f47-b18709e990ad.
[2026-06-28T18:36:30.591+0000] {spark_submit.py:490} INFO - 26/06/28 18:36:30 INFO BlockManagerInfo: Removed broadcast_3_piece0 on 86a3e92c752e:43489 in memory (size: 103.2 KiB, free: 434.3 MiB)
[2026-06-28T18:36:30.594+0000] {spark_submit.py:490} INFO - 26/06/28 18:36:30 INFO BlockManagerInfo: Removed broadcast_3_piece0 on 172.18.0.4:40929 in memory (size: 103.2 KiB, free: 434.3 MiB)
[2026-06-28T18:36:30.600+0000] {spark_submit.py:490} INFO - 26/06/28 18:36:30 INFO BlockManagerInfo: Removed broadcast_2_piece0 on 86a3e92c752e:43489 in memory (size: 26.9 KiB, free: 434.4 MiB)
[2026-06-28T18:36:30.602+0000] {spark_submit.py:490} INFO - 26/06/28 18:36:30 INFO BlockManagerInfo: Removed broadcast_2_piece0 on 172.18.0.4:40929 in memory (size: 26.9 KiB, free: 434.4 MiB)
[2026-06-28T18:36:30.608+0000] {spark_submit.py:490} INFO - 26/06/28 18:36:30 INFO BlockManagerInfo: Removed broadcast_1_piece0 on 86a3e92c752e:43489 in memory (size: 35.5 KiB, free: 434.4 MiB)
[2026-06-28T18:36:30.610+0000] {spark_submit.py:490} INFO - 26/06/28 18:36:30 INFO BlockManagerInfo: Removed broadcast_1_piece0 on 172.18.0.4:40929 in memory (size: 35.5 KiB, free: 434.4 MiB)
[2026-06-28T18:36:30.838+0000] {spark_submit.py:490} INFO - Traceback (most recent call last):
[2026-06-28T18:36:30.839+0000] {spark_submit.py:490} INFO - File "/opt/spark-apps/gold_job.py", line 83, in <module>
[2026-06-28T18:36:30.839+0000] {spark_submit.py:490} INFO - gold.write
[2026-06-28T18:36:30.839+0000] {spark_submit.py:490} INFO - File "/home/***/.local/lib/python3.8/site-packages/pyspark/python/lib/pyspark.zip/pyspark/sql/readwriter.py", line 1461, in save
[2026-06-28T18:36:30.839+0000] {spark_submit.py:490} INFO - File "/home/***/.local/lib/python3.8/site-packages/pyspark/python/lib/py4j-0.10.9.7-src.zip/py4j/java_gateway.py", line 1322, in __call__
[2026-06-28T18:36:30.840+0000] {spark_submit.py:490} INFO - File "/home/***/.local/lib/python3.8/site-packages/pyspark/python/lib/pyspark.zip/pyspark/errors/exceptions/captured.py", line 185, in deco
[2026-06-28T18:36:30.842+0000] {spark_submit.py:490} INFO - pyspark.errors.exceptions.captured.AnalysisException: Column batch_ts not found in schema Some(StructType(StructField(id,LongType,false),StructField(city,StringType,true),StructField(road_id,StringType,true),StructField(observation_ts,TimestampType,true),StructField(frc,StringType,true),StructField(current_speed,DoubleType,true),StructField(free_flow_speed,DoubleType,true),StructField(current_travel_time,DoubleType,true),StructField(free_flow_travel_time,DoubleType,true),StructField(confidence,DoubleType,true),StructField(road_closure,BooleanType,true),StructField(delay_seconds,DoubleType,true),StructField(speed_ratio,DoubleType,true),StructField(congestion_level,StringType,true),StructField(batch_file,StringType,true),StructField(created_at,TimestampType,true))).
[2026-06-28T18:36:30.871+0000] {spark_submit.py:490} INFO - 26/06/28 18:36:30 INFO SparkContext: Invoking stop() from shutdown hook
[2026-06-28T18:36:30.871+0000] {spark_submit.py:490} INFO - 26/06/28 18:36:30 INFO SparkContext: SparkContext is stopping with exitCode 0.
[2026-06-28T18:36:30.880+0000] {spark_submit.py:490} INFO - 26/06/28 18:36:30 INFO SparkUI: Stopped Spark web UI at http://86a3e92c752e:4040
[2026-06-28T18:36:30.882+0000] {spark_submit.py:490} INFO - 26/06/28 18:36:30 INFO StandaloneSchedulerBackend: Shutting down all executors
[2026-06-28T18:36:30.882+0000] {spark_submit.py:490} INFO - 26/06/28 18:36:30 INFO StandaloneSchedulerBackend$StandaloneDriverEndpoint: Asking each executor to shut down
[2026-06-28T18:36:30.893+0000] {spark_submit.py:490} INFO - 26/06/28 18:36:30 INFO MapOutputTrackerMasterEndpoint: MapOutputTrackerMasterEndpoint stopped!
[2026-06-28T18:36:30.902+0000] {spark_submit.py:490} INFO - 26/06/28 18:36:30 INFO MemoryStore: MemoryStore cleared
[2026-06-28T18:36:30.903+0000] {spark_submit.py:490} INFO - 26/06/28 18:36:30 INFO BlockManager: BlockManager stopped
[2026-06-28T18:36:30.905+0000] {spark_submit.py:490} INFO - 26/06/28 18:36:30 INFO BlockManagerMaster: BlockManagerMaster stopped
[2026-06-28T18:36:30.906+0000] {spark_submit.py:490} INFO - 26/06/28 18:36:30 INFO OutputCommitCoordinator$OutputCommitCoordinatorEndpoint: OutputCommitCoordinator stopped!
[2026-06-28T18:36:30.912+0000] {spark_submit.py:490} INFO - 26/06/28 18:36:30 INFO SparkContext: Successfully stopped SparkContext
[2026-06-28T18:36:30.913+0000] {spark_submit.py:490} INFO - 26/06/28 18:36:30 INFO ShutdownHookManager: Shutdown hook called
[2026-06-28T18:36:30.913+0000] {spark_submit.py:490} INFO - 26/06/28 18:36:30 INFO ShutdownHookManager: Deleting directory /tmp/spark-63798ee3-f9e6-43fa-bf8d-81b65bb84b3b
[2026-06-28T18:36:30.916+0000] {spark_submit.py:490} INFO - 26/06/28 18:36:30 INFO ShutdownHookManager: Deleting directory /tmp/spark-555d7f78-dcf3-47a0-9cbc-4a1a8f0c1b48
[2026-06-28T18:36:30.918+0000] {spark_submit.py:490} INFO - 26/06/28 18:36:30 INFO ShutdownHookManager: Deleting directory /tmp/spark-555d7f78-dcf3-47a0-9cbc-4a1a8f0c1b48/pyspark-fd67ecae-f8db-4d42-b936-7f8c47ded79d
[2026-06-28T18:36:30.975+0000] {taskinstance.py:2698} ERROR - Task failed with exception
Traceback (most recent call last):
  File "/home/airflow/.local/lib/python3.8/site-packages/airflow/models/taskinstance.py", line 433, in _execute_task
    result = execute_callable(context=context, **execute_callable_kwargs)
  File "/home/airflow/.local/lib/python3.8/site-packages/airflow/providers/apache/spark/operators/spark_submit.py", line 157, in execute
    self._hook.submit(self._application)
  File "/home/airflow/.local/lib/python3.8/site-packages/airflow/providers/apache/spark/hooks/spark_submit.py", line 421, in submit
    raise AirflowException(
airflow.exceptions.AirflowException: Cannot execute: spark-submit --master spark://spark-master:7077 --conf spark.master=spark://spark-master:7077 --conf spark.hadoop.fs.permissions.umask-mode=000 --conf spark.hadoop.fs.permissions.enabled=false --conf spark.sql.warehouse.dir=/opt/data --jars /opt/spark/drivers/postgresql-42.7.11.jar --name arrow-spark /opt/spark-apps/gold_job.py. Error code is: 1.
[2026-06-28T18:36:30.978+0000] {taskinstance.py:1138} INFO - Marking task as UP_FOR_RETRY. dag_id=tomtom_spark_pipeline, task_id=silver_to_gold, execution_date=20260628T181802, start_date=20260628T183622, end_date=20260628T183630
[2026-06-28T18:36:30.990+0000] {standard_task_runner.py:107} ERROR - Failed to execute job 27 for task silver_to_gold (Cannot execute: spark-submit --master spark://spark-master:7077 --conf spark.master=spark://spark-master:7077 --conf spark.hadoop.fs.permissions.umask-mode=000 --conf spark.hadoop.fs.permissions.enabled=false --conf spark.sql.warehouse.dir=/opt/data --jars /opt/spark/drivers/postgresql-42.7.11.jar --name arrow-spark /opt/spark-apps/gold_job.py. Error code is: 1.; 7236)
[2026-06-28T18:36:31.011+0000] {local_task_job_runner.py:234} INFO - Task exited with return code 1
[2026-06-28T18:36:31.038+0000] {taskinstance.py:3280} INFO - 0 downstream tasks scheduled from follow-on schedule check
