[2026-06-28T18:38:52.644+0000] {taskinstance.py:1956} INFO - Dependencies all met for dep_context=non-requeueable deps ti=<TaskInstance: tomtom_spark_pipeline.silver_to_gold manual__2026-06-28T18:18:02.473327+00:00 [queued]>
[2026-06-28T18:38:52.656+0000] {taskinstance.py:1956} INFO - Dependencies all met for dep_context=requeueable deps ti=<TaskInstance: tomtom_spark_pipeline.silver_to_gold manual__2026-06-28T18:18:02.473327+00:00 [queued]>
[2026-06-28T18:38:52.656+0000] {taskinstance.py:2170} INFO - Starting attempt 2 of 4
[2026-06-28T18:38:52.667+0000] {taskinstance.py:2191} INFO - Executing <Task(SparkSubmitOperator): silver_to_gold> on 2026-06-28 18:18:02.473327+00:00
[2026-06-28T18:38:52.670+0000] {standard_task_runner.py:60} INFO - Started process 7764 to run task
[2026-06-28T18:38:52.673+0000] {standard_task_runner.py:87} INFO - Running: ['***', 'tasks', 'run', 'tomtom_spark_pipeline', 'silver_to_gold', 'manual__2026-06-28T18:18:02.473327+00:00', '--job-id', '29', '--raw', '--subdir', 'DAGS_FOLDER/tomtom_spark_pipeline_dag.py', '--cfg-path', '/tmp/tmpqe4hpqju']
[2026-06-28T18:38:52.675+0000] {standard_task_runner.py:88} INFO - Job 29: Subtask silver_to_gold
[2026-06-28T18:38:52.737+0000] {task_command.py:423} INFO - Running <TaskInstance: tomtom_spark_pipeline.silver_to_gold manual__2026-06-28T18:18:02.473327+00:00 [running]> on host 86a3e92c752e
[2026-06-28T18:38:52.845+0000] {taskinstance.py:2480} INFO - Exporting env vars: AIRFLOW_CTX_DAG_OWNER='thesis' AIRFLOW_CTX_DAG_ID='tomtom_spark_pipeline' AIRFLOW_CTX_TASK_ID='silver_to_gold' AIRFLOW_CTX_EXECUTION_DATE='2026-06-28T18:18:02.473327+00:00' AIRFLOW_CTX_TRY_NUMBER='2' AIRFLOW_CTX_DAG_RUN_ID='manual__2026-06-28T18:18:02.473327+00:00'
[2026-06-28T18:38:52.862+0000] {base.py:83} INFO - Using connection ID 'spark_default' for task execution.
[2026-06-28T18:38:52.863+0000] {spark_submit.py:339} INFO - Spark-Submit cmd: spark-submit --master spark://spark-master:7077 --conf spark.master=spark://spark-master:7077 --conf spark.hadoop.fs.permissions.umask-mode=000 --conf spark.hadoop.fs.permissions.enabled=false --conf spark.sql.warehouse.dir=/opt/data --jars /opt/spark/drivers/postgresql-42.7.11.jar --name arrow-spark /opt/spark-apps/gold_job.py
[2026-06-28T18:38:53.760+0000] {spark_submit.py:490} INFO - 26/06/28 18:38:53 WARN NativeCodeLoader: Unable to load native-hadoop library for your platform... using builtin-java classes where applicable
[2026-06-28T18:38:54.314+0000] {spark_submit.py:490} INFO - 26/06/28 18:38:54 INFO SparkContext: Running Spark version 3.5.8
[2026-06-28T18:38:54.314+0000] {spark_submit.py:490} INFO - 26/06/28 18:38:54 INFO SparkContext: OS info Linux, 6.17.0-23-generic, amd64
[2026-06-28T18:38:54.315+0000] {spark_submit.py:490} INFO - 26/06/28 18:38:54 INFO SparkContext: Java version 17.0.19
[2026-06-28T18:38:54.336+0000] {spark_submit.py:490} INFO - 26/06/28 18:38:54 INFO ResourceUtils: ==============================================================
[2026-06-28T18:38:54.337+0000] {spark_submit.py:490} INFO - 26/06/28 18:38:54 INFO ResourceUtils: No custom resources configured for spark.driver.
[2026-06-28T18:38:54.337+0000] {spark_submit.py:490} INFO - 26/06/28 18:38:54 INFO ResourceUtils: ==============================================================
[2026-06-28T18:38:54.337+0000] {spark_submit.py:490} INFO - 26/06/28 18:38:54 INFO SparkContext: Submitted application: tomtom_gold_layer
[2026-06-28T18:38:54.350+0000] {spark_submit.py:490} INFO - 26/06/28 18:38:54 INFO ResourceProfile: Default ResourceProfile created, executor resources: Map(memory -> name: memory, amount: 1024, script: , vendor: , offHeap -> name: offHeap, amount: 0, script: , vendor: ), task resources: Map(cpus -> name: cpus, amount: 1.0)
[2026-06-28T18:38:54.354+0000] {spark_submit.py:490} INFO - 26/06/28 18:38:54 INFO ResourceProfile: Limiting resource is cpu
[2026-06-28T18:38:54.354+0000] {spark_submit.py:490} INFO - 26/06/28 18:38:54 INFO ResourceProfileManager: Added ResourceProfile id: 0
[2026-06-28T18:38:54.381+0000] {spark_submit.py:490} INFO - 26/06/28 18:38:54 INFO SecurityManager: Changing view acls to: ***
[2026-06-28T18:38:54.382+0000] {spark_submit.py:490} INFO - 26/06/28 18:38:54 INFO SecurityManager: Changing modify acls to: ***
[2026-06-28T18:38:54.382+0000] {spark_submit.py:490} INFO - 26/06/28 18:38:54 INFO SecurityManager: Changing view acls groups to:
[2026-06-28T18:38:54.382+0000] {spark_submit.py:490} INFO - 26/06/28 18:38:54 INFO SecurityManager: Changing modify acls groups to:
[2026-06-28T18:38:54.382+0000] {spark_submit.py:490} INFO - 26/06/28 18:38:54 INFO SecurityManager: SecurityManager: authentication disabled; ui acls disabled; users with view permissions: ***; groups with view permissions: EMPTY; users with modify permissions: ***; groups with modify permissions: EMPTY
[2026-06-28T18:38:54.494+0000] {spark_submit.py:490} INFO - 26/06/28 18:38:54 INFO Utils: Successfully started service 'sparkDriver' on port 43817.
[2026-06-28T18:38:54.507+0000] {spark_submit.py:490} INFO - 26/06/28 18:38:54 INFO SparkEnv: Registering MapOutputTracker
[2026-06-28T18:38:54.524+0000] {spark_submit.py:490} INFO - 26/06/28 18:38:54 INFO SparkEnv: Registering BlockManagerMaster
[2026-06-28T18:38:54.532+0000] {spark_submit.py:490} INFO - 26/06/28 18:38:54 INFO BlockManagerMasterEndpoint: Using org.apache.spark.storage.DefaultTopologyMapper for getting topology information
[2026-06-28T18:38:54.533+0000] {spark_submit.py:490} INFO - 26/06/28 18:38:54 INFO BlockManagerMasterEndpoint: BlockManagerMasterEndpoint up
[2026-06-28T18:38:54.535+0000] {spark_submit.py:490} INFO - 26/06/28 18:38:54 INFO SparkEnv: Registering BlockManagerMasterHeartbeat
[2026-06-28T18:38:54.545+0000] {spark_submit.py:490} INFO - 26/06/28 18:38:54 INFO DiskBlockManager: Created local directory at /tmp/blockmgr-93dffe35-7a55-4f4a-b261-7f38c4b44ae9
[2026-06-28T18:38:54.557+0000] {spark_submit.py:490} INFO - 26/06/28 18:38:54 INFO MemoryStore: MemoryStore started with capacity 434.4 MiB
[2026-06-28T18:38:54.564+0000] {spark_submit.py:490} INFO - 26/06/28 18:38:54 INFO SparkEnv: Registering OutputCommitCoordinator
[2026-06-28T18:38:54.618+0000] {spark_submit.py:490} INFO - 26/06/28 18:38:54 INFO JettyUtils: Start Jetty 0.0.0.0:4040 for SparkUI
[2026-06-28T18:38:54.649+0000] {spark_submit.py:490} INFO - 26/06/28 18:38:54 INFO Utils: Successfully started service 'SparkUI' on port 4040.
[2026-06-28T18:38:54.678+0000] {spark_submit.py:490} INFO - 26/06/28 18:38:54 INFO SparkContext: Added JAR file:///opt/spark/drivers/postgresql-42.7.11.jar at spark://86a3e92c752e:43817/jars/postgresql-42.7.11.jar with timestamp 1782671934309
[2026-06-28T18:38:54.729+0000] {spark_submit.py:490} INFO - 26/06/28 18:38:54 INFO StandaloneAppClient$ClientEndpoint: Connecting to master spark://spark-master:7077...
[2026-06-28T18:38:54.755+0000] {spark_submit.py:490} INFO - 26/06/28 18:38:54 INFO TransportClientFactory: Successfully created connection to spark-master/172.18.0.2:7077 after 11 ms (0 ms spent in bootstraps)
[2026-06-28T18:38:54.800+0000] {spark_submit.py:490} INFO - 26/06/28 18:38:54 INFO StandaloneSchedulerBackend: Connected to Spark cluster with app ID app-20260628183854-0014
[2026-06-28T18:38:54.801+0000] {spark_submit.py:490} INFO - 26/06/28 18:38:54 INFO StandaloneAppClient$ClientEndpoint: Executor added: app-20260628183854-0014/0 on worker-20260628170304-172.18.0.4-41779 (172.18.0.4:41779) with 12 core(s)
[2026-06-28T18:38:54.803+0000] {spark_submit.py:490} INFO - 26/06/28 18:38:54 INFO StandaloneSchedulerBackend: Granted executor ID app-20260628183854-0014/0 on hostPort 172.18.0.4:41779 with 12 core(s), 1024.0 MiB RAM
[2026-06-28T18:38:54.805+0000] {spark_submit.py:490} INFO - 26/06/28 18:38:54 INFO Utils: Successfully started service 'org.apache.spark.network.netty.NettyBlockTransferService' on port 39313.
[2026-06-28T18:38:54.805+0000] {spark_submit.py:490} INFO - 26/06/28 18:38:54 INFO NettyBlockTransferService: Server created on 86a3e92c752e:39313
[2026-06-28T18:38:54.806+0000] {spark_submit.py:490} INFO - 26/06/28 18:38:54 INFO BlockManager: Using org.apache.spark.storage.RandomBlockReplicationPolicy for block replication policy
[2026-06-28T18:38:54.809+0000] {spark_submit.py:490} INFO - 26/06/28 18:38:54 INFO BlockManagerMaster: Registering BlockManager BlockManagerId(driver, 86a3e92c752e, 39313, None)
[2026-06-28T18:38:54.812+0000] {spark_submit.py:490} INFO - 26/06/28 18:38:54 INFO BlockManagerMasterEndpoint: Registering block manager 86a3e92c752e:39313 with 434.4 MiB RAM, BlockManagerId(driver, 86a3e92c752e, 39313, None)
[2026-06-28T18:38:54.815+0000] {spark_submit.py:490} INFO - 26/06/28 18:38:54 INFO BlockManagerMaster: Registered BlockManager BlockManagerId(driver, 86a3e92c752e, 39313, None)
[2026-06-28T18:38:54.816+0000] {spark_submit.py:490} INFO - 26/06/28 18:38:54 INFO BlockManager: Initialized BlockManager: BlockManagerId(driver, 86a3e92c752e, 39313, None)
[2026-06-28T18:38:54.825+0000] {spark_submit.py:490} INFO - 26/06/28 18:38:54 INFO StandaloneAppClient$ClientEndpoint: Executor updated: app-20260628183854-0014/0 is now RUNNING
[2026-06-28T18:38:54.923+0000] {spark_submit.py:490} INFO - 26/06/28 18:38:54 INFO StandaloneSchedulerBackend: SchedulerBackend is ready for scheduling beginning after reached minRegisteredResourcesRatio: 0.0
[2026-06-28T18:38:55.048+0000] {spark_submit.py:490} INFO - 26/06/28 18:38:55 INFO SharedState: Setting hive.metastore.warehouse.dir ('null') to the value of spark.sql.warehouse.dir.
[2026-06-28T18:38:55.050+0000] {spark_submit.py:490} INFO - 26/06/28 18:38:55 INFO SharedState: Warehouse path is 'file:/opt/data'.
[2026-06-28T18:38:55.634+0000] {spark_submit.py:490} INFO - 26/06/28 18:38:55 INFO InMemoryFileIndex: It took 45 ms to list leaf files for 1 paths.
[2026-06-28T18:38:55.994+0000] {spark_submit.py:490} INFO - 26/06/28 18:38:55 INFO SparkContext: Starting job: parquet at NativeMethodAccessorImpl.java:0
[2026-06-28T18:38:56.009+0000] {spark_submit.py:490} INFO - 26/06/28 18:38:56 INFO DAGScheduler: Got job 0 (parquet at NativeMethodAccessorImpl.java:0) with 1 output partitions
[2026-06-28T18:38:56.009+0000] {spark_submit.py:490} INFO - 26/06/28 18:38:56 INFO DAGScheduler: Final stage: ResultStage 0 (parquet at NativeMethodAccessorImpl.java:0)
[2026-06-28T18:38:56.009+0000] {spark_submit.py:490} INFO - 26/06/28 18:38:56 INFO DAGScheduler: Parents of final stage: List()
[2026-06-28T18:38:56.011+0000] {spark_submit.py:490} INFO - 26/06/28 18:38:56 INFO DAGScheduler: Missing parents: List()
[2026-06-28T18:38:56.014+0000] {spark_submit.py:490} INFO - 26/06/28 18:38:56 INFO DAGScheduler: Submitting ResultStage 0 (MapPartitionsRDD[1] at parquet at NativeMethodAccessorImpl.java:0), which has no missing parents
[2026-06-28T18:38:56.064+0000] {spark_submit.py:490} INFO - 26/06/28 18:38:56 INFO MemoryStore: Block broadcast_0 stored as values in memory (estimated size 103.9 KiB, free 434.3 MiB)
[2026-06-28T18:38:56.097+0000] {spark_submit.py:490} INFO - 26/06/28 18:38:56 INFO MemoryStore: Block broadcast_0_piece0 stored as bytes in memory (estimated size 37.6 KiB, free 434.3 MiB)
[2026-06-28T18:38:56.099+0000] {spark_submit.py:490} INFO - 26/06/28 18:38:56 INFO BlockManagerInfo: Added broadcast_0_piece0 in memory on 86a3e92c752e:39313 (size: 37.6 KiB, free: 434.4 MiB)
[2026-06-28T18:38:56.103+0000] {spark_submit.py:490} INFO - 26/06/28 18:38:56 INFO SparkContext: Created broadcast 0 from broadcast at DAGScheduler.scala:1611
[2026-06-28T18:38:56.121+0000] {spark_submit.py:490} INFO - 26/06/28 18:38:56 INFO DAGScheduler: Submitting 1 missing tasks from ResultStage 0 (MapPartitionsRDD[1] at parquet at NativeMethodAccessorImpl.java:0) (first 15 tasks are for partitions Vector(0))
[2026-06-28T18:38:56.123+0000] {spark_submit.py:490} INFO - 26/06/28 18:38:56 INFO TaskSchedulerImpl: Adding task set 0.0 with 1 tasks resource profile 0
[2026-06-28T18:38:56.654+0000] {spark_submit.py:490} INFO - 26/06/28 18:38:56 INFO StandaloneSchedulerBackend$StandaloneDriverEndpoint: Registered executor NettyRpcEndpointRef(spark-client://Executor) (172.18.0.4:43218) with ID 0,  ResourceProfileId 0
[2026-06-28T18:38:56.698+0000] {spark_submit.py:490} INFO - 26/06/28 18:38:56 INFO BlockManagerMasterEndpoint: Registering block manager 172.18.0.4:33547 with 434.4 MiB RAM, BlockManagerId(0, 172.18.0.4, 33547, None)
[2026-06-28T18:38:56.788+0000] {spark_submit.py:490} INFO - 26/06/28 18:38:56 INFO TaskSetManager: Starting task 0.0 in stage 0.0 (TID 0) (172.18.0.4, executor 0, partition 0, PROCESS_LOCAL, 9359 bytes)
[2026-06-28T18:38:56.943+0000] {spark_submit.py:490} INFO - 26/06/28 18:38:56 INFO BlockManagerInfo: Added broadcast_0_piece0 in memory on 172.18.0.4:33547 (size: 37.6 KiB, free: 434.4 MiB)
[2026-06-28T18:38:57.322+0000] {spark_submit.py:490} INFO - 26/06/28 18:38:57 INFO TaskSetManager: Finished task 0.0 in stage 0.0 (TID 0) in 539 ms on 172.18.0.4 (executor 0) (1/1)
[2026-06-28T18:38:57.324+0000] {spark_submit.py:490} INFO - 26/06/28 18:38:57 INFO TaskSchedulerImpl: Removed TaskSet 0.0, whose tasks have all completed, from pool
[2026-06-28T18:38:57.327+0000] {spark_submit.py:490} INFO - 26/06/28 18:38:57 INFO DAGScheduler: ResultStage 0 (parquet at NativeMethodAccessorImpl.java:0) finished in 1.301 s
[2026-06-28T18:38:57.329+0000] {spark_submit.py:490} INFO - 26/06/28 18:38:57 INFO DAGScheduler: Job 0 is finished. Cancelling potential speculative or zombie tasks for this job
[2026-06-28T18:38:57.330+0000] {spark_submit.py:490} INFO - 26/06/28 18:38:57 INFO TaskSchedulerImpl: Killing all running tasks in stage 0: Stage finished
[2026-06-28T18:38:57.331+0000] {spark_submit.py:490} INFO - 26/06/28 18:38:57 INFO DAGScheduler: Job 0 finished: parquet at NativeMethodAccessorImpl.java:0, took 1.336639 s
[2026-06-28T18:38:57.461+0000] {spark_submit.py:490} INFO - 26/06/28 18:38:57 INFO BlockManagerInfo: Removed broadcast_0_piece0 on 86a3e92c752e:39313 in memory (size: 37.6 KiB, free: 434.4 MiB)
[2026-06-28T18:38:57.470+0000] {spark_submit.py:490} INFO - 26/06/28 18:38:57 INFO BlockManagerInfo: Removed broadcast_0_piece0 on 172.18.0.4:33547 in memory (size: 37.6 KiB, free: 434.4 MiB)
[2026-06-28T18:38:58.015+0000] {spark_submit.py:490} INFO - 26/06/28 18:38:58 INFO DataSourceStrategy: Pruning directories with:
[2026-06-28T18:38:58.016+0000] {spark_submit.py:490} INFO - 26/06/28 18:38:58 INFO FileSourceStrategy: Pushed Filters:
[2026-06-28T18:38:58.017+0000] {spark_submit.py:490} INFO - 26/06/28 18:38:58 INFO FileSourceStrategy: Post-Scan Filters:
[2026-06-28T18:38:58.302+0000] {spark_submit.py:490} INFO - 26/06/28 18:38:58 INFO CodeGenerator: Code generated in 160.455987 ms
[2026-06-28T18:38:58.314+0000] {spark_submit.py:490} INFO - 26/06/28 18:38:58 INFO MemoryStore: Block broadcast_1 stored as values in memory (estimated size 202.7 KiB, free 434.2 MiB)
[2026-06-28T18:38:58.327+0000] {spark_submit.py:490} INFO - 26/06/28 18:38:58 INFO MemoryStore: Block broadcast_1_piece0 stored as bytes in memory (estimated size 35.6 KiB, free 434.2 MiB)
[2026-06-28T18:38:58.328+0000] {spark_submit.py:490} INFO - 26/06/28 18:38:58 INFO BlockManagerInfo: Added broadcast_1_piece0 in memory on 86a3e92c752e:39313 (size: 35.6 KiB, free: 434.4 MiB)
[2026-06-28T18:38:58.329+0000] {spark_submit.py:490} INFO - 26/06/28 18:38:58 INFO SparkContext: Created broadcast 1 from parquet at NativeMethodAccessorImpl.java:0
[2026-06-28T18:38:58.343+0000] {spark_submit.py:490} INFO - 26/06/28 18:38:58 INFO FileSourceScanExec: Planning scan with bin packing, max size: 5252112 bytes, open cost is considered as scanning 4194304 bytes.
[2026-06-28T18:38:58.407+0000] {spark_submit.py:490} INFO - 26/06/28 18:38:58 INFO DAGScheduler: Registering RDD 5 (parquet at NativeMethodAccessorImpl.java:0) as input to shuffle 0
[2026-06-28T18:38:58.413+0000] {spark_submit.py:490} INFO - 26/06/28 18:38:58 INFO DAGScheduler: Got map stage job 1 (parquet at NativeMethodAccessorImpl.java:0) with 8 output partitions
[2026-06-28T18:38:58.414+0000] {spark_submit.py:490} INFO - 26/06/28 18:38:58 INFO DAGScheduler: Final stage: ShuffleMapStage 1 (parquet at NativeMethodAccessorImpl.java:0)
[2026-06-28T18:38:58.415+0000] {spark_submit.py:490} INFO - 26/06/28 18:38:58 INFO DAGScheduler: Parents of final stage: List()
[2026-06-28T18:38:58.415+0000] {spark_submit.py:490} INFO - 26/06/28 18:38:58 INFO DAGScheduler: Missing parents: List()
[2026-06-28T18:38:58.416+0000] {spark_submit.py:490} INFO - 26/06/28 18:38:58 INFO DAGScheduler: Submitting ShuffleMapStage 1 (MapPartitionsRDD[5] at parquet at NativeMethodAccessorImpl.java:0), which has no missing parents
[2026-06-28T18:38:58.430+0000] {spark_submit.py:490} INFO - 26/06/28 18:38:58 INFO MemoryStore: Block broadcast_2 stored as values in memory (estimated size 71.6 KiB, free 434.1 MiB)
[2026-06-28T18:38:58.435+0000] {spark_submit.py:490} INFO - 26/06/28 18:38:58 INFO MemoryStore: Block broadcast_2_piece0 stored as bytes in memory (estimated size 26.9 KiB, free 434.1 MiB)
[2026-06-28T18:38:58.436+0000] {spark_submit.py:490} INFO - 26/06/28 18:38:58 INFO BlockManagerInfo: Added broadcast_2_piece0 in memory on 86a3e92c752e:39313 (size: 26.9 KiB, free: 434.3 MiB)
[2026-06-28T18:38:58.436+0000] {spark_submit.py:490} INFO - 26/06/28 18:38:58 INFO SparkContext: Created broadcast 2 from broadcast at DAGScheduler.scala:1611
[2026-06-28T18:38:58.439+0000] {spark_submit.py:490} INFO - 26/06/28 18:38:58 INFO DAGScheduler: Submitting 8 missing tasks from ShuffleMapStage 1 (MapPartitionsRDD[5] at parquet at NativeMethodAccessorImpl.java:0) (first 15 tasks are for partitions Vector(0, 1, 2, 3, 4, 5, 6, 7))
[2026-06-28T18:38:58.440+0000] {spark_submit.py:490} INFO - 26/06/28 18:38:58 INFO TaskSchedulerImpl: Adding task set 1.0 with 8 tasks resource profile 0
[2026-06-28T18:38:58.445+0000] {spark_submit.py:490} INFO - 26/06/28 18:38:58 INFO TaskSetManager: Starting task 0.0 in stage 1.0 (TID 1) (172.18.0.4, executor 0, partition 0, PROCESS_LOCAL, 10110 bytes)
[2026-06-28T18:38:58.445+0000] {spark_submit.py:490} INFO - 26/06/28 18:38:58 INFO TaskSetManager: Starting task 1.0 in stage 1.0 (TID 2) (172.18.0.4, executor 0, partition 1, PROCESS_LOCAL, 10137 bytes)
[2026-06-28T18:38:58.446+0000] {spark_submit.py:490} INFO - 26/06/28 18:38:58 INFO TaskSetManager: Starting task 2.0 in stage 1.0 (TID 3) (172.18.0.4, executor 0, partition 2, PROCESS_LOCAL, 10137 bytes)
[2026-06-28T18:38:58.446+0000] {spark_submit.py:490} INFO - 26/06/28 18:38:58 INFO TaskSetManager: Starting task 3.0 in stage 1.0 (TID 4) (172.18.0.4, executor 0, partition 3, PROCESS_LOCAL, 10101 bytes)
[2026-06-28T18:38:58.446+0000] {spark_submit.py:490} INFO - 26/06/28 18:38:58 INFO TaskSetManager: Starting task 4.0 in stage 1.0 (TID 5) (172.18.0.4, executor 0, partition 4, PROCESS_LOCAL, 10137 bytes)
[2026-06-28T18:38:58.447+0000] {spark_submit.py:490} INFO - 26/06/28 18:38:58 INFO TaskSetManager: Starting task 5.0 in stage 1.0 (TID 6) (172.18.0.4, executor 0, partition 5, PROCESS_LOCAL, 10101 bytes)
[2026-06-28T18:38:58.447+0000] {spark_submit.py:490} INFO - 26/06/28 18:38:58 INFO TaskSetManager: Starting task 6.0 in stage 1.0 (TID 7) (172.18.0.4, executor 0, partition 6, PROCESS_LOCAL, 10101 bytes)
[2026-06-28T18:38:58.447+0000] {spark_submit.py:490} INFO - 26/06/28 18:38:58 INFO TaskSetManager: Starting task 7.0 in stage 1.0 (TID 8) (172.18.0.4, executor 0, partition 7, PROCESS_LOCAL, 9925 bytes)
[2026-06-28T18:38:58.497+0000] {spark_submit.py:490} INFO - 26/06/28 18:38:58 INFO BlockManagerInfo: Added broadcast_2_piece0 in memory on 172.18.0.4:33547 (size: 26.9 KiB, free: 434.4 MiB)
[2026-06-28T18:38:59.242+0000] {spark_submit.py:490} INFO - 26/06/28 18:38:59 INFO BlockManagerInfo: Added broadcast_1_piece0 in memory on 172.18.0.4:33547 (size: 35.6 KiB, free: 434.3 MiB)
[2026-06-28T18:38:59.567+0000] {spark_submit.py:490} INFO - 26/06/28 18:38:59 INFO TaskSetManager: Finished task 7.0 in stage 1.0 (TID 8) in 1120 ms on 172.18.0.4 (executor 0) (1/8)
[2026-06-28T18:38:59.568+0000] {spark_submit.py:490} INFO - 26/06/28 18:38:59 INFO TaskSetManager: Finished task 4.0 in stage 1.0 (TID 5) in 1121 ms on 172.18.0.4 (executor 0) (2/8)
[2026-06-28T18:38:59.569+0000] {spark_submit.py:490} INFO - 26/06/28 18:38:59 INFO TaskSetManager: Finished task 1.0 in stage 1.0 (TID 2) in 1123 ms on 172.18.0.4 (executor 0) (3/8)
[2026-06-28T18:38:59.570+0000] {spark_submit.py:490} INFO - 26/06/28 18:38:59 INFO TaskSetManager: Finished task 2.0 in stage 1.0 (TID 3) in 1125 ms on 172.18.0.4 (executor 0) (4/8)
[2026-06-28T18:38:59.571+0000] {spark_submit.py:490} INFO - 26/06/28 18:38:59 INFO TaskSetManager: Finished task 3.0 in stage 1.0 (TID 4) in 1125 ms on 172.18.0.4 (executor 0) (5/8)
[2026-06-28T18:38:59.572+0000] {spark_submit.py:490} INFO - 26/06/28 18:38:59 INFO TaskSetManager: Finished task 0.0 in stage 1.0 (TID 1) in 1130 ms on 172.18.0.4 (executor 0) (6/8)
[2026-06-28T18:38:59.572+0000] {spark_submit.py:490} INFO - 26/06/28 18:38:59 INFO TaskSetManager: Finished task 5.0 in stage 1.0 (TID 6) in 1126 ms on 172.18.0.4 (executor 0) (7/8)
[2026-06-28T18:38:59.572+0000] {spark_submit.py:490} INFO - 26/06/28 18:38:59 INFO TaskSetManager: Finished task 6.0 in stage 1.0 (TID 7) in 1125 ms on 172.18.0.4 (executor 0) (8/8)
[2026-06-28T18:38:59.572+0000] {spark_submit.py:490} INFO - 26/06/28 18:38:59 INFO TaskSchedulerImpl: Removed TaskSet 1.0, whose tasks have all completed, from pool
[2026-06-28T18:38:59.576+0000] {spark_submit.py:490} INFO - 26/06/28 18:38:59 INFO DAGScheduler: ShuffleMapStage 1 (parquet at NativeMethodAccessorImpl.java:0) finished in 1.154 s
[2026-06-28T18:38:59.576+0000] {spark_submit.py:490} INFO - 26/06/28 18:38:59 INFO DAGScheduler: looking for newly runnable stages
[2026-06-28T18:38:59.577+0000] {spark_submit.py:490} INFO - 26/06/28 18:38:59 INFO DAGScheduler: running: Set()
[2026-06-28T18:38:59.577+0000] {spark_submit.py:490} INFO - 26/06/28 18:38:59 INFO DAGScheduler: waiting: Set()
[2026-06-28T18:38:59.577+0000] {spark_submit.py:490} INFO - 26/06/28 18:38:59 INFO DAGScheduler: failed: Set()
[2026-06-28T18:38:59.592+0000] {spark_submit.py:490} INFO - 26/06/28 18:38:59 INFO ShufflePartitionsUtil: For shuffle(0), advisory target size: 67108864, actual target size 1048576, minimum partition size: 1048576
[2026-06-28T18:38:59.615+0000] {spark_submit.py:490} INFO - 26/06/28 18:38:59 INFO ParquetUtils: Using default output committer for Parquet: org.apache.parquet.hadoop.ParquetOutputCommitter
[2026-06-28T18:38:59.621+0000] {spark_submit.py:490} INFO - 26/06/28 18:38:59 INFO FileOutputCommitter: File Output Committer Algorithm version is 1
[2026-06-28T18:38:59.622+0000] {spark_submit.py:490} INFO - 26/06/28 18:38:59 INFO FileOutputCommitter: FileOutputCommitter skip cleanup _temporary folders under output directory:false, ignore cleanup failures: false
[2026-06-28T18:38:59.622+0000] {spark_submit.py:490} INFO - 26/06/28 18:38:59 INFO SQLHadoopMapReduceCommitProtocol: Using user defined output committer class org.apache.parquet.hadoop.ParquetOutputCommitter
[2026-06-28T18:38:59.622+0000] {spark_submit.py:490} INFO - 26/06/28 18:38:59 INFO FileOutputCommitter: File Output Committer Algorithm version is 1
[2026-06-28T18:38:59.622+0000] {spark_submit.py:490} INFO - 26/06/28 18:38:59 INFO FileOutputCommitter: FileOutputCommitter skip cleanup _temporary folders under output directory:false, ignore cleanup failures: false
[2026-06-28T18:38:59.622+0000] {spark_submit.py:490} INFO - 26/06/28 18:38:59 INFO SQLHadoopMapReduceCommitProtocol: Using output committer class org.apache.parquet.hadoop.ParquetOutputCommitter
[2026-06-28T18:38:59.632+0000] {spark_submit.py:490} INFO - 26/06/28 18:38:59 INFO HashAggregateExec: spark.sql.codegen.aggregate.map.twolevel.enabled is set to true, but current version of codegened fast hashmap does not support this aggregate.
[2026-06-28T18:38:59.694+0000] {spark_submit.py:490} INFO - 26/06/28 18:38:59 INFO CodeGenerator: Code generated in 46.379477 ms
[2026-06-28T18:38:59.720+0000] {spark_submit.py:490} INFO - 26/06/28 18:38:59 INFO SparkContext: Starting job: parquet at NativeMethodAccessorImpl.java:0
[2026-06-28T18:38:59.721+0000] {spark_submit.py:490} INFO - 26/06/28 18:38:59 INFO DAGScheduler: Got job 2 (parquet at NativeMethodAccessorImpl.java:0) with 1 output partitions
[2026-06-28T18:38:59.721+0000] {spark_submit.py:490} INFO - 26/06/28 18:38:59 INFO DAGScheduler: Final stage: ResultStage 3 (parquet at NativeMethodAccessorImpl.java:0)
[2026-06-28T18:38:59.722+0000] {spark_submit.py:490} INFO - 26/06/28 18:38:59 INFO DAGScheduler: Parents of final stage: List(ShuffleMapStage 2)
[2026-06-28T18:38:59.722+0000] {spark_submit.py:490} INFO - 26/06/28 18:38:59 INFO DAGScheduler: Missing parents: List()
[2026-06-28T18:38:59.722+0000] {spark_submit.py:490} INFO - 26/06/28 18:38:59 INFO DAGScheduler: Submitting ResultStage 3 (MapPartitionsRDD[8] at parquet at NativeMethodAccessorImpl.java:0), which has no missing parents
[2026-06-28T18:38:59.754+0000] {spark_submit.py:490} INFO - 26/06/28 18:38:59 INFO MemoryStore: Block broadcast_3 stored as values in memory (estimated size 287.2 KiB, free 433.8 MiB)
[2026-06-28T18:38:59.754+0000] {spark_submit.py:490} INFO - 26/06/28 18:38:59 INFO BlockManagerInfo: Removed broadcast_2_piece0 on 86a3e92c752e:39313 in memory (size: 26.9 KiB, free: 434.4 MiB)
[2026-06-28T18:38:59.759+0000] {spark_submit.py:490} INFO - 26/06/28 18:38:59 INFO BlockManagerInfo: Removed broadcast_2_piece0 on 172.18.0.4:33547 in memory (size: 26.9 KiB, free: 434.4 MiB)
[2026-06-28T18:38:59.759+0000] {spark_submit.py:490} INFO - 26/06/28 18:38:59 INFO MemoryStore: Block broadcast_3_piece0 stored as bytes in memory (estimated size 103.2 KiB, free 433.8 MiB)
[2026-06-28T18:38:59.760+0000] {spark_submit.py:490} INFO - 26/06/28 18:38:59 INFO BlockManagerInfo: Added broadcast_3_piece0 in memory on 86a3e92c752e:39313 (size: 103.2 KiB, free: 434.3 MiB)
[2026-06-28T18:38:59.760+0000] {spark_submit.py:490} INFO - 26/06/28 18:38:59 INFO SparkContext: Created broadcast 3 from broadcast at DAGScheduler.scala:1611
[2026-06-28T18:38:59.760+0000] {spark_submit.py:490} INFO - 26/06/28 18:38:59 INFO DAGScheduler: Submitting 1 missing tasks from ResultStage 3 (MapPartitionsRDD[8] at parquet at NativeMethodAccessorImpl.java:0) (first 15 tasks are for partitions Vector(0))
[2026-06-28T18:38:59.761+0000] {spark_submit.py:490} INFO - 26/06/28 18:38:59 INFO TaskSchedulerImpl: Adding task set 3.0 with 1 tasks resource profile 0
[2026-06-28T18:38:59.765+0000] {spark_submit.py:490} INFO - 26/06/28 18:38:59 INFO TaskSetManager: Starting task 0.0 in stage 3.0 (TID 9) (172.18.0.4, executor 0, partition 0, NODE_LOCAL, 9184 bytes)
[2026-06-28T18:38:59.783+0000] {spark_submit.py:490} INFO - 26/06/28 18:38:59 INFO BlockManagerInfo: Added broadcast_3_piece0 in memory on 172.18.0.4:33547 (size: 103.2 KiB, free: 434.3 MiB)
[2026-06-28T18:38:59.862+0000] {spark_submit.py:490} INFO - 26/06/28 18:38:59 INFO MapOutputTrackerMasterEndpoint: Asked to send map output locations for shuffle 0 to 172.18.0.4:43218
[2026-06-28T18:39:00.270+0000] {spark_submit.py:490} INFO - 26/06/28 18:39:00 INFO TaskSetManager: Finished task 0.0 in stage 3.0 (TID 9) in 506 ms on 172.18.0.4 (executor 0) (1/1)
[2026-06-28T18:39:00.271+0000] {spark_submit.py:490} INFO - 26/06/28 18:39:00 INFO TaskSchedulerImpl: Removed TaskSet 3.0, whose tasks have all completed, from pool
[2026-06-28T18:39:00.273+0000] {spark_submit.py:490} INFO - 26/06/28 18:39:00 INFO DAGScheduler: ResultStage 3 (parquet at NativeMethodAccessorImpl.java:0) finished in 0.543 s
[2026-06-28T18:39:00.274+0000] {spark_submit.py:490} INFO - 26/06/28 18:39:00 INFO DAGScheduler: Job 2 is finished. Cancelling potential speculative or zombie tasks for this job
[2026-06-28T18:39:00.274+0000] {spark_submit.py:490} INFO - 26/06/28 18:39:00 INFO TaskSchedulerImpl: Killing all running tasks in stage 3: Stage finished
[2026-06-28T18:39:00.275+0000] {spark_submit.py:490} INFO - 26/06/28 18:39:00 INFO DAGScheduler: Job 2 finished: parquet at NativeMethodAccessorImpl.java:0, took 0.555130 s
[2026-06-28T18:39:00.278+0000] {spark_submit.py:490} INFO - 26/06/28 18:39:00 INFO FileFormatWriter: Start to commit write Job c9743441-2ce9-4639-b1c6-247ae5a9f814.
[2026-06-28T18:39:00.299+0000] {spark_submit.py:490} INFO - 26/06/28 18:39:00 INFO FileFormatWriter: Write Job c9743441-2ce9-4639-b1c6-247ae5a9f814 committed. Elapsed time: 19 ms.
[2026-06-28T18:39:00.302+0000] {spark_submit.py:490} INFO - 26/06/28 18:39:00 INFO FileFormatWriter: Finished processing stats for write job c9743441-2ce9-4639-b1c6-247ae5a9f814.
[2026-06-28T18:39:00.563+0000] {spark_submit.py:490} INFO - Traceback (most recent call last):
[2026-06-28T18:39:00.563+0000] {spark_submit.py:490} INFO - File "/opt/spark-apps/gold_job.py", line 83, in <module>
[2026-06-28T18:39:00.563+0000] {spark_submit.py:490} INFO - gold.write
[2026-06-28T18:39:00.563+0000] {spark_submit.py:490} INFO - File "/home/***/.local/lib/python3.8/site-packages/pyspark/python/lib/pyspark.zip/pyspark/sql/readwriter.py", line 1461, in save
[2026-06-28T18:39:00.564+0000] {spark_submit.py:490} INFO - File "/home/***/.local/lib/python3.8/site-packages/pyspark/python/lib/py4j-0.10.9.7-src.zip/py4j/java_gateway.py", line 1322, in __call__
[2026-06-28T18:39:00.564+0000] {spark_submit.py:490} INFO - File "/home/***/.local/lib/python3.8/site-packages/pyspark/python/lib/pyspark.zip/pyspark/errors/exceptions/captured.py", line 185, in deco
[2026-06-28T18:39:00.567+0000] {spark_submit.py:490} INFO - pyspark.errors.exceptions.captured.AnalysisException: Column batch_ts not found in schema Some(StructType(StructField(id,LongType,false),StructField(city,StringType,true),StructField(road_id,StringType,true),StructField(observation_ts,TimestampType,true),StructField(frc,StringType,true),StructField(current_speed,DoubleType,true),StructField(free_flow_speed,DoubleType,true),StructField(current_travel_time,DoubleType,true),StructField(free_flow_travel_time,DoubleType,true),StructField(confidence,DoubleType,true),StructField(road_closure,BooleanType,true),StructField(delay_seconds,DoubleType,true),StructField(speed_ratio,DoubleType,true),StructField(congestion_level,StringType,true),StructField(batch_file,StringType,true),StructField(created_at,TimestampType,true))).
[2026-06-28T18:39:00.603+0000] {spark_submit.py:490} INFO - 26/06/28 18:39:00 INFO SparkContext: Invoking stop() from shutdown hook
[2026-06-28T18:39:00.603+0000] {spark_submit.py:490} INFO - 26/06/28 18:39:00 INFO SparkContext: SparkContext is stopping with exitCode 0.
[2026-06-28T18:39:00.611+0000] {spark_submit.py:490} INFO - 26/06/28 18:39:00 INFO SparkUI: Stopped Spark web UI at http://86a3e92c752e:4040
[2026-06-28T18:39:00.613+0000] {spark_submit.py:490} INFO - 26/06/28 18:39:00 INFO StandaloneSchedulerBackend: Shutting down all executors
[2026-06-28T18:39:00.614+0000] {spark_submit.py:490} INFO - 26/06/28 18:39:00 INFO StandaloneSchedulerBackend$StandaloneDriverEndpoint: Asking each executor to shut down
[2026-06-28T18:39:00.625+0000] {spark_submit.py:490} INFO - 26/06/28 18:39:00 INFO MapOutputTrackerMasterEndpoint: MapOutputTrackerMasterEndpoint stopped!
[2026-06-28T18:39:00.638+0000] {spark_submit.py:490} INFO - 26/06/28 18:39:00 INFO MemoryStore: MemoryStore cleared
[2026-06-28T18:39:00.638+0000] {spark_submit.py:490} INFO - 26/06/28 18:39:00 INFO BlockManager: BlockManager stopped
[2026-06-28T18:39:00.642+0000] {spark_submit.py:490} INFO - 26/06/28 18:39:00 INFO BlockManagerMaster: BlockManagerMaster stopped
[2026-06-28T18:39:00.645+0000] {spark_submit.py:490} INFO - 26/06/28 18:39:00 INFO OutputCommitCoordinator$OutputCommitCoordinatorEndpoint: OutputCommitCoordinator stopped!
[2026-06-28T18:39:00.654+0000] {spark_submit.py:490} INFO - 26/06/28 18:39:00 INFO SparkContext: Successfully stopped SparkContext
[2026-06-28T18:39:00.654+0000] {spark_submit.py:490} INFO - 26/06/28 18:39:00 INFO ShutdownHookManager: Shutdown hook called
[2026-06-28T18:39:00.654+0000] {spark_submit.py:490} INFO - 26/06/28 18:39:00 INFO ShutdownHookManager: Deleting directory /tmp/spark-d59599bd-fb8d-42fc-957c-fba8b983bdc1/pyspark-798c7c14-f096-4674-bb88-262d7e72f40e
[2026-06-28T18:39:00.657+0000] {spark_submit.py:490} INFO - 26/06/28 18:39:00 INFO ShutdownHookManager: Deleting directory /tmp/spark-d59599bd-fb8d-42fc-957c-fba8b983bdc1
[2026-06-28T18:39:00.659+0000] {spark_submit.py:490} INFO - 26/06/28 18:39:00 INFO ShutdownHookManager: Deleting directory /tmp/spark-a6432b3c-4da1-4aa7-a74b-9b6303e1b46c
[2026-06-28T18:39:00.718+0000] {taskinstance.py:2698} ERROR - Task failed with exception
Traceback (most recent call last):
  File "/home/airflow/.local/lib/python3.8/site-packages/airflow/models/taskinstance.py", line 433, in _execute_task
    result = execute_callable(context=context, **execute_callable_kwargs)
  File "/home/airflow/.local/lib/python3.8/site-packages/airflow/providers/apache/spark/operators/spark_submit.py", line 157, in execute
    self._hook.submit(self._application)
  File "/home/airflow/.local/lib/python3.8/site-packages/airflow/providers/apache/spark/hooks/spark_submit.py", line 421, in submit
    raise AirflowException(
airflow.exceptions.AirflowException: Cannot execute: spark-submit --master spark://spark-master:7077 --conf spark.master=spark://spark-master:7077 --conf spark.hadoop.fs.permissions.umask-mode=000 --conf spark.hadoop.fs.permissions.enabled=false --conf spark.sql.warehouse.dir=/opt/data --jars /opt/spark/drivers/postgresql-42.7.11.jar --name arrow-spark /opt/spark-apps/gold_job.py. Error code is: 1.
[2026-06-28T18:39:00.720+0000] {taskinstance.py:1138} INFO - Marking task as UP_FOR_RETRY. dag_id=tomtom_spark_pipeline, task_id=silver_to_gold, execution_date=20260628T181802, start_date=20260628T183852, end_date=20260628T183900
[2026-06-28T18:39:00.730+0000] {standard_task_runner.py:107} ERROR - Failed to execute job 29 for task silver_to_gold (Cannot execute: spark-submit --master spark://spark-master:7077 --conf spark.master=spark://spark-master:7077 --conf spark.hadoop.fs.permissions.umask-mode=000 --conf spark.hadoop.fs.permissions.enabled=false --conf spark.sql.warehouse.dir=/opt/data --jars /opt/spark/drivers/postgresql-42.7.11.jar --name arrow-spark /opt/spark-apps/gold_job.py. Error code is: 1.; 7764)
[2026-06-28T18:39:00.746+0000] {local_task_job_runner.py:234} INFO - Task exited with return code 1
[2026-06-28T18:39:00.759+0000] {taskinstance.py:3280} INFO - 0 downstream tasks scheduled from follow-on schedule check
