[2026-06-26T22:09:48.313+0000] {taskinstance.py:1956} INFO - Dependencies all met for dep_context=non-requeueable deps ti=<TaskInstance: ingestion_dag.fetch_bremen scheduled__2026-06-26T18:15:00+00:00 [queued]>
[2026-06-26T22:09:48.336+0000] {taskinstance.py:1956} INFO - Dependencies all met for dep_context=requeueable deps ti=<TaskInstance: ingestion_dag.fetch_bremen scheduled__2026-06-26T18:15:00+00:00 [queued]>
[2026-06-26T22:09:48.337+0000] {taskinstance.py:2170} INFO - Starting attempt 4 of 4
[2026-06-26T22:09:48.365+0000] {taskinstance.py:2191} INFO - Executing <Task(PythonOperator): fetch_bremen> on 2026-06-26 18:15:00+00:00
[2026-06-26T22:09:48.379+0000] {standard_task_runner.py:60} INFO - Started process 612 to run task
[2026-06-26T22:09:48.385+0000] {standard_task_runner.py:87} INFO - Running: ['***', 'tasks', 'run', 'ingestion_dag', 'fetch_bremen', 'scheduled__2026-06-26T18:15:00+00:00', '--job-id', '73', '--raw', '--subdir', 'DAGS_FOLDER/ingestion_dag.py', '--cfg-path', '/tmp/tmpka88qz2k']
[2026-06-26T22:09:48.388+0000] {standard_task_runner.py:88} INFO - Job 73: Subtask fetch_bremen
[2026-06-26T22:09:48.485+0000] {task_command.py:423} INFO - Running <TaskInstance: ingestion_dag.fetch_bremen scheduled__2026-06-26T18:15:00+00:00 [running]> on host 2a877a0edbb9
[2026-06-26T22:09:48.820+0000] {taskinstance.py:2480} INFO - Exporting env vars: AIRFLOW_CTX_DAG_OWNER='thesis' AIRFLOW_CTX_DAG_ID='ingestion_dag' AIRFLOW_CTX_TASK_ID='fetch_bremen' AIRFLOW_CTX_EXECUTION_DATE='2026-06-26T18:15:00+00:00' AIRFLOW_CTX_TRY_NUMBER='4' AIRFLOW_CTX_DAG_RUN_ID='scheduled__2026-06-26T18:15:00+00:00'
[2026-06-26T22:09:53.188+0000] {ingestion_dag.py:75} WARNING - Failed bremen (53.03,8.72): 401 Client Error: Unauthorized for url: https://api.tomtom.com/traffic/services/4/flowSegmentData/absolute/10/json?key=&point=53.03%2C8.72&unit=KMPH
[2026-06-26T22:09:53.636+0000] {ingestion_dag.py:75} WARNING - Failed bremen (53.063333,8.72): 401 Client Error: Unauthorized for url: https://api.tomtom.com/traffic/services/4/flowSegmentData/absolute/10/json?key=&point=53.063333%2C8.72&unit=KMPH
[2026-06-26T22:09:54.192+0000] {ingestion_dag.py:75} WARNING - Failed bremen (53.096667,8.72): 401 Client Error: Unauthorized for url: https://api.tomtom.com/traffic/services/4/flowSegmentData/absolute/10/json?key=&point=53.096667%2C8.72&unit=KMPH
[2026-06-26T22:09:54.700+0000] {ingestion_dag.py:75} WARNING - Failed bremen (53.13,8.72): 401 Client Error: Unauthorized for url: https://api.tomtom.com/traffic/services/4/flowSegmentData/absolute/10/json?key=&point=53.13%2C8.72&unit=KMPH
[2026-06-26T22:09:55.053+0000] {ingestion_dag.py:75} WARNING - Failed bremen (53.03,8.796667): 401 Client Error: Unauthorized for url: https://api.tomtom.com/traffic/services/4/flowSegmentData/absolute/10/json?key=&point=53.03%2C8.796667&unit=KMPH
[2026-06-26T22:09:55.429+0000] {ingestion_dag.py:75} WARNING - Failed bremen (53.063333,8.796667): 401 Client Error: Unauthorized for url: https://api.tomtom.com/traffic/services/4/flowSegmentData/absolute/10/json?key=&point=53.063333%2C8.796667&unit=KMPH
[2026-06-26T22:09:55.817+0000] {ingestion_dag.py:75} WARNING - Failed bremen (53.096667,8.796667): 401 Client Error: Unauthorized for url: https://api.tomtom.com/traffic/services/4/flowSegmentData/absolute/10/json?key=&point=53.096667%2C8.796667&unit=KMPH
[2026-06-26T22:09:56.260+0000] {ingestion_dag.py:75} WARNING - Failed bremen (53.13,8.796667): 401 Client Error: Unauthorized for url: https://api.tomtom.com/traffic/services/4/flowSegmentData/absolute/10/json?key=&point=53.13%2C8.796667&unit=KMPH
[2026-06-26T22:09:56.474+0000] {ingestion_dag.py:75} WARNING - Failed bremen (53.03,8.873333): 401 Client Error: Unauthorized for url: https://api.tomtom.com/traffic/services/4/flowSegmentData/absolute/10/json?key=&point=53.03%2C8.873333&unit=KMPH
[2026-06-26T22:09:56.715+0000] {ingestion_dag.py:75} WARNING - Failed bremen (53.063333,8.873333): 401 Client Error: Unauthorized for url: https://api.tomtom.com/traffic/services/4/flowSegmentData/absolute/10/json?key=&point=53.063333%2C8.873333&unit=KMPH
[2026-06-26T22:09:57.000+0000] {ingestion_dag.py:75} WARNING - Failed bremen (53.096667,8.873333): 401 Client Error: Unauthorized for url: https://api.tomtom.com/traffic/services/4/flowSegmentData/absolute/10/json?key=&point=53.096667%2C8.873333&unit=KMPH
[2026-06-26T22:09:57.361+0000] {ingestion_dag.py:75} WARNING - Failed bremen (53.13,8.873333): 401 Client Error: Unauthorized for url: https://api.tomtom.com/traffic/services/4/flowSegmentData/absolute/10/json?key=&point=53.13%2C8.873333&unit=KMPH
[2026-06-26T22:09:57.814+0000] {ingestion_dag.py:75} WARNING - Failed bremen (53.03,8.95): 401 Client Error: Unauthorized for url: https://api.tomtom.com/traffic/services/4/flowSegmentData/absolute/10/json?key=&point=53.03%2C8.95&unit=KMPH
[2026-06-26T22:09:58.164+0000] {ingestion_dag.py:75} WARNING - Failed bremen (53.063333,8.95): 401 Client Error: Unauthorized for url: https://api.tomtom.com/traffic/services/4/flowSegmentData/absolute/10/json?key=&point=53.063333%2C8.95&unit=KMPH
[2026-06-26T22:09:58.484+0000] {ingestion_dag.py:75} WARNING - Failed bremen (53.096667,8.95): 401 Client Error: Unauthorized for url: https://api.tomtom.com/traffic/services/4/flowSegmentData/absolute/10/json?key=&point=53.096667%2C8.95&unit=KMPH
[2026-06-26T22:09:58.820+0000] {ingestion_dag.py:75} WARNING - Failed bremen (53.13,8.95): 401 Client Error: Unauthorized for url: https://api.tomtom.com/traffic/services/4/flowSegmentData/absolute/10/json?key=&point=53.13%2C8.95&unit=KMPH
[2026-06-26T22:09:58.824+0000] {taskinstance.py:2698} ERROR - Task failed with exception
Traceback (most recent call last):
  File "/home/airflow/.local/lib/python3.8/site-packages/airflow/models/taskinstance.py", line 433, in _execute_task
    result = execute_callable(context=context, **execute_callable_kwargs)
  File "/home/airflow/.local/lib/python3.8/site-packages/airflow/operators/python.py", line 199, in execute
    return_value = self.execute_callable()
  File "/home/airflow/.local/lib/python3.8/site-packages/airflow/operators/python.py", line 216, in execute_callable
    return self.python_callable(*self.op_args, **self.op_kwargs)
  File "/opt/airflow/dags/ingestion_dag.py", line 78, in fetch_and_extract
    raise RuntimeError("All grid points failed")
RuntimeError: All grid points failed
[2026-06-26T22:09:58.848+0000] {taskinstance.py:1138} INFO - Marking task as FAILED. dag_id=ingestion_dag, task_id=fetch_bremen, execution_date=20260626T181500, start_date=20260626T220948, end_date=20260626T220958
[2026-06-26T22:09:58.874+0000] {standard_task_runner.py:107} ERROR - Failed to execute job 73 for task fetch_bremen (All grid points failed; 612)
[2026-06-26T22:09:58.899+0000] {local_task_job_runner.py:234} INFO - Task exited with return code 1
[2026-06-26T22:09:58.931+0000] {taskinstance.py:3280} INFO - 0 downstream tasks scheduled from follow-on schedule check
