[2026-06-28T11:00:16.699+0000] {taskinstance.py:1956} INFO - Dependencies all met for dep_context=non-requeueable deps ti=<TaskInstance: tomtom_spark_pipeline.silver_to_gold scheduled__2026-06-28T10:00:00+00:00 [queued]>
[2026-06-28T11:00:16.712+0000] {taskinstance.py:1956} INFO - Dependencies all met for dep_context=requeueable deps ti=<TaskInstance: tomtom_spark_pipeline.silver_to_gold scheduled__2026-06-28T10:00:00+00:00 [queued]>
[2026-06-28T11:00:16.712+0000] {taskinstance.py:2170} INFO - Starting attempt 1 of 1
[2026-06-28T11:00:16.730+0000] {taskinstance.py:2191} INFO - Executing <Task(SparkSubmitOperator): silver_to_gold> on 2026-06-28 10:00:00+00:00
[2026-06-28T11:00:16.734+0000] {standard_task_runner.py:60} INFO - Started process 3098 to run task
[2026-06-28T11:00:16.736+0000] {standard_task_runner.py:87} INFO - Running: ['***', 'tasks', 'run', 'tomtom_spark_pipeline', 'silver_to_gold', 'scheduled__2026-06-28T10:00:00+00:00', '--job-id', '81', '--raw', '--subdir', 'DAGS_FOLDER/tomtom_spark_pipeline_dag.py', '--cfg-path', '/tmp/tmpg859_ghn']
[2026-06-28T11:00:16.738+0000] {standard_task_runner.py:88} INFO - Job 81: Subtask silver_to_gold
[2026-06-28T11:00:16.782+0000] {task_command.py:423} INFO - Running <TaskInstance: tomtom_spark_pipeline.silver_to_gold scheduled__2026-06-28T10:00:00+00:00 [running]> on host b18662f3c6bd
[2026-06-28T11:00:16.886+0000] {taskinstance.py:2480} INFO - Exporting env vars: AIRFLOW_CTX_DAG_OWNER='***' AIRFLOW_CTX_DAG_ID='tomtom_spark_pipeline' AIRFLOW_CTX_TASK_ID='silver_to_gold' AIRFLOW_CTX_EXECUTION_DATE='2026-06-28T10:00:00+00:00' AIRFLOW_CTX_TRY_NUMBER='1' AIRFLOW_CTX_DAG_RUN_ID='scheduled__2026-06-28T10:00:00+00:00'
[2026-06-28T11:00:16.905+0000] {base.py:83} INFO - Using connection ID 'spark_default' for task execution.
[2026-06-28T11:00:16.906+0000] {spark_submit.py:339} INFO - Spark-Submit cmd: spark-submit --master spark://spark-master:7077 --conf spark.master=spark://spark-master:7077 --conf spark.hadoop.fs.permissions.umask-mode=000 --conf spark.hadoop.fs.permissions.enabled=false --conf spark.sql.warehouse.dir=/opt/data --name arrow-spark /opt/spark-apps/gold_job.py
[2026-06-28T11:00:18.293+0000] {spark_submit.py:490} INFO - 26/06/28 11:00:18 INFO SparkContext: Running Spark version 3.5.8
[2026-06-28T11:00:18.294+0000] {spark_submit.py:490} INFO - 26/06/28 11:00:18 INFO SparkContext: OS info Linux, 6.17.0-23-generic, amd64
[2026-06-28T11:00:18.294+0000] {spark_submit.py:490} INFO - 26/06/28 11:00:18 INFO SparkContext: Java version 17.0.19
[2026-06-28T11:00:18.321+0000] {spark_submit.py:490} INFO - 26/06/28 11:00:18 WARN NativeCodeLoader: Unable to load native-hadoop library for your platform... using builtin-java classes where applicable
[2026-06-28T11:00:18.368+0000] {spark_submit.py:490} INFO - 26/06/28 11:00:18 INFO ResourceUtils: ==============================================================
[2026-06-28T11:00:18.368+0000] {spark_submit.py:490} INFO - 26/06/28 11:00:18 INFO ResourceUtils: No custom resources configured for spark.driver.
[2026-06-28T11:00:18.368+0000] {spark_submit.py:490} INFO - 26/06/28 11:00:18 INFO ResourceUtils: ==============================================================
[2026-06-28T11:00:18.368+0000] {spark_submit.py:490} INFO - 26/06/28 11:00:18 INFO SparkContext: Submitted application: tomtom_gold_layer
[2026-06-28T11:00:18.379+0000] {spark_submit.py:490} INFO - 26/06/28 11:00:18 INFO ResourceProfile: Default ResourceProfile created, executor resources: Map(memory -> name: memory, amount: 1024, script: , vendor: , offHeap -> name: offHeap, amount: 0, script: , vendor: ), task resources: Map(cpus -> name: cpus, amount: 1.0)
[2026-06-28T11:00:18.383+0000] {spark_submit.py:490} INFO - 26/06/28 11:00:18 INFO ResourceProfile: Limiting resource is cpu
[2026-06-28T11:00:18.384+0000] {spark_submit.py:490} INFO - 26/06/28 11:00:18 INFO ResourceProfileManager: Added ResourceProfile id: 0
[2026-06-28T11:00:18.409+0000] {spark_submit.py:490} INFO - 26/06/28 11:00:18 INFO SecurityManager: Changing view acls to: ***
[2026-06-28T11:00:18.409+0000] {spark_submit.py:490} INFO - 26/06/28 11:00:18 INFO SecurityManager: Changing modify acls to: ***
[2026-06-28T11:00:18.410+0000] {spark_submit.py:490} INFO - 26/06/28 11:00:18 INFO SecurityManager: Changing view acls groups to:
[2026-06-28T11:00:18.410+0000] {spark_submit.py:490} INFO - 26/06/28 11:00:18 INFO SecurityManager: Changing modify acls groups to:
[2026-06-28T11:00:18.410+0000] {spark_submit.py:490} INFO - 26/06/28 11:00:18 INFO SecurityManager: SecurityManager: authentication disabled; ui acls disabled; users with view permissions: ***; groups with view permissions: EMPTY; users with modify permissions: ***; groups with modify permissions: EMPTY
[2026-06-28T11:00:18.559+0000] {spark_submit.py:490} INFO - 26/06/28 11:00:18 INFO Utils: Successfully started service 'sparkDriver' on port 44357.
[2026-06-28T11:00:18.577+0000] {spark_submit.py:490} INFO - 26/06/28 11:00:18 INFO SparkEnv: Registering MapOutputTracker
[2026-06-28T11:00:18.612+0000] {spark_submit.py:490} INFO - 26/06/28 11:00:18 INFO SparkEnv: Registering BlockManagerMaster
[2026-06-28T11:00:18.628+0000] {spark_submit.py:490} INFO - 26/06/28 11:00:18 INFO BlockManagerMasterEndpoint: Using org.apache.spark.storage.DefaultTopologyMapper for getting topology information
[2026-06-28T11:00:18.629+0000] {spark_submit.py:490} INFO - 26/06/28 11:00:18 INFO BlockManagerMasterEndpoint: BlockManagerMasterEndpoint up
[2026-06-28T11:00:18.633+0000] {spark_submit.py:490} INFO - 26/06/28 11:00:18 INFO SparkEnv: Registering BlockManagerMasterHeartbeat
[2026-06-28T11:00:18.650+0000] {spark_submit.py:490} INFO - 26/06/28 11:00:18 INFO DiskBlockManager: Created local directory at /tmp/blockmgr-79e8ca7c-ec28-4bc4-b57a-89accf886670
[2026-06-28T11:00:18.661+0000] {spark_submit.py:490} INFO - 26/06/28 11:00:18 INFO MemoryStore: MemoryStore started with capacity 434.4 MiB
[2026-06-28T11:00:18.671+0000] {spark_submit.py:490} INFO - 26/06/28 11:00:18 INFO SparkEnv: Registering OutputCommitCoordinator
[2026-06-28T11:00:18.746+0000] {spark_submit.py:490} INFO - 26/06/28 11:00:18 INFO JettyUtils: Start Jetty 0.0.0.0:4040 for SparkUI
[2026-06-28T11:00:18.775+0000] {spark_submit.py:490} INFO - 26/06/28 11:00:18 INFO Utils: Successfully started service 'SparkUI' on port 4040.
[2026-06-28T11:00:18.860+0000] {spark_submit.py:490} INFO - 26/06/28 11:00:18 INFO StandaloneAppClient$ClientEndpoint: Connecting to master spark://spark-master:7077...
[2026-06-28T11:00:18.894+0000] {spark_submit.py:490} INFO - 26/06/28 11:00:18 INFO TransportClientFactory: Successfully created connection to spark-master/172.19.0.2:7077 after 17 ms (0 ms spent in bootstraps)
[2026-06-28T11:00:18.944+0000] {spark_submit.py:490} INFO - 26/06/28 11:00:18 INFO StandaloneSchedulerBackend: Connected to Spark cluster with app ID app-20260628110018-0005
[2026-06-28T11:00:18.948+0000] {spark_submit.py:490} INFO - 26/06/28 11:00:18 INFO StandaloneAppClient$ClientEndpoint: Executor added: app-20260628110018-0005/0 on worker-20260628102341-172.19.0.4-32847 (172.19.0.4:32847) with 12 core(s)
[2026-06-28T11:00:18.950+0000] {spark_submit.py:490} INFO - 26/06/28 11:00:18 INFO StandaloneSchedulerBackend: Granted executor ID app-20260628110018-0005/0 on hostPort 172.19.0.4:32847 with 12 core(s), 1024.0 MiB RAM
[2026-06-28T11:00:18.959+0000] {spark_submit.py:490} INFO - 26/06/28 11:00:18 INFO Utils: Successfully started service 'org.apache.spark.network.netty.NettyBlockTransferService' on port 43247.
[2026-06-28T11:00:18.960+0000] {spark_submit.py:490} INFO - 26/06/28 11:00:18 INFO NettyBlockTransferService: Server created on b18662f3c6bd:43247
[2026-06-28T11:00:18.962+0000] {spark_submit.py:490} INFO - 26/06/28 11:00:18 INFO BlockManager: Using org.apache.spark.storage.RandomBlockReplicationPolicy for block replication policy
[2026-06-28T11:00:18.975+0000] {spark_submit.py:490} INFO - 26/06/28 11:00:18 INFO BlockManagerMaster: Registering BlockManager BlockManagerId(driver, b18662f3c6bd, 43247, None)
[2026-06-28T11:00:18.980+0000] {spark_submit.py:490} INFO - 26/06/28 11:00:18 INFO BlockManagerMasterEndpoint: Registering block manager b18662f3c6bd:43247 with 434.4 MiB RAM, BlockManagerId(driver, b18662f3c6bd, 43247, None)
[2026-06-28T11:00:18.985+0000] {spark_submit.py:490} INFO - 26/06/28 11:00:18 INFO BlockManagerMaster: Registered BlockManager BlockManagerId(driver, b18662f3c6bd, 43247, None)
[2026-06-28T11:00:18.987+0000] {spark_submit.py:490} INFO - 26/06/28 11:00:18 INFO BlockManager: Initialized BlockManager: BlockManagerId(driver, b18662f3c6bd, 43247, None)
[2026-06-28T11:00:18.995+0000] {spark_submit.py:490} INFO - 26/06/28 11:00:18 INFO StandaloneAppClient$ClientEndpoint: Executor updated: app-20260628110018-0005/0 is now RUNNING
[2026-06-28T11:00:19.152+0000] {spark_submit.py:490} INFO - 26/06/28 11:00:19 INFO StandaloneSchedulerBackend: SchedulerBackend is ready for scheduling beginning after reached minRegisteredResourcesRatio: 0.0
[2026-06-28T11:00:19.320+0000] {spark_submit.py:490} INFO - 26/06/28 11:00:19 INFO SharedState: Setting hive.metastore.warehouse.dir ('null') to the value of spark.sql.warehouse.dir.
[2026-06-28T11:00:19.328+0000] {spark_submit.py:490} INFO - 26/06/28 11:00:19 INFO SharedState: Warehouse path is 'file:/opt/data'.
[2026-06-28T11:00:19.848+0000] {spark_submit.py:490} INFO - 26/06/28 11:00:19 INFO InMemoryFileIndex: It took 55 ms to list leaf files for 1 paths.
[2026-06-28T11:00:20.132+0000] {spark_submit.py:490} INFO - 26/06/28 11:00:20 INFO SparkContext: Starting job: parquet at NativeMethodAccessorImpl.java:0
[2026-06-28T11:00:20.150+0000] {spark_submit.py:490} INFO - 26/06/28 11:00:20 INFO DAGScheduler: Got job 0 (parquet at NativeMethodAccessorImpl.java:0) with 1 output partitions
[2026-06-28T11:00:20.151+0000] {spark_submit.py:490} INFO - 26/06/28 11:00:20 INFO DAGScheduler: Final stage: ResultStage 0 (parquet at NativeMethodAccessorImpl.java:0)
[2026-06-28T11:00:20.151+0000] {spark_submit.py:490} INFO - 26/06/28 11:00:20 INFO DAGScheduler: Parents of final stage: List()
[2026-06-28T11:00:20.151+0000] {spark_submit.py:490} INFO - 26/06/28 11:00:20 INFO DAGScheduler: Missing parents: List()
[2026-06-28T11:00:20.155+0000] {spark_submit.py:490} INFO - 26/06/28 11:00:20 INFO DAGScheduler: Submitting ResultStage 0 (MapPartitionsRDD[1] at parquet at NativeMethodAccessorImpl.java:0), which has no missing parents
[2026-06-28T11:00:20.207+0000] {spark_submit.py:490} INFO - 26/06/28 11:00:20 INFO MemoryStore: Block broadcast_0 stored as values in memory (estimated size 103.5 KiB, free 434.3 MiB)
[2026-06-28T11:00:20.237+0000] {spark_submit.py:490} INFO - 26/06/28 11:00:20 INFO MemoryStore: Block broadcast_0_piece0 stored as bytes in memory (estimated size 37.4 KiB, free 434.3 MiB)
[2026-06-28T11:00:20.240+0000] {spark_submit.py:490} INFO - 26/06/28 11:00:20 INFO BlockManagerInfo: Added broadcast_0_piece0 in memory on b18662f3c6bd:43247 (size: 37.4 KiB, free: 434.4 MiB)
[2026-06-28T11:00:20.244+0000] {spark_submit.py:490} INFO - 26/06/28 11:00:20 INFO SparkContext: Created broadcast 0 from broadcast at DAGScheduler.scala:1611
[2026-06-28T11:00:20.264+0000] {spark_submit.py:490} INFO - 26/06/28 11:00:20 INFO DAGScheduler: Submitting 1 missing tasks from ResultStage 0 (MapPartitionsRDD[1] at parquet at NativeMethodAccessorImpl.java:0) (first 15 tasks are for partitions Vector(0))
[2026-06-28T11:00:20.265+0000] {spark_submit.py:490} INFO - 26/06/28 11:00:20 INFO TaskSchedulerImpl: Adding task set 0.0 with 1 tasks resource profile 0
[2026-06-28T11:00:20.732+0000] {spark_submit.py:490} INFO - 26/06/28 11:00:20 INFO StandaloneSchedulerBackend$StandaloneDriverEndpoint: Registered executor NettyRpcEndpointRef(spark-client://Executor) (172.19.0.4:59684) with ID 0,  ResourceProfileId 0
[2026-06-28T11:00:20.782+0000] {spark_submit.py:490} INFO - 26/06/28 11:00:20 INFO BlockManagerMasterEndpoint: Registering block manager 172.19.0.4:44195 with 434.4 MiB RAM, BlockManagerId(0, 172.19.0.4, 44195, None)
[2026-06-28T11:00:20.824+0000] {spark_submit.py:490} INFO - 26/06/28 11:00:20 INFO TaskSetManager: Starting task 0.0 in stage 0.0 (TID 0) (172.19.0.4, executor 0, partition 0, PROCESS_LOCAL, 9215 bytes)
[2026-06-28T11:00:20.963+0000] {spark_submit.py:490} INFO - 26/06/28 11:00:20 INFO BlockManagerInfo: Added broadcast_0_piece0 in memory on 172.19.0.4:44195 (size: 37.4 KiB, free: 434.4 MiB)
[2026-06-28T11:00:21.364+0000] {spark_submit.py:490} INFO - 26/06/28 11:00:21 INFO TaskSetManager: Finished task 0.0 in stage 0.0 (TID 0) in 545 ms on 172.19.0.4 (executor 0) (1/1)
[2026-06-28T11:00:21.365+0000] {spark_submit.py:490} INFO - 26/06/28 11:00:21 INFO TaskSchedulerImpl: Removed TaskSet 0.0, whose tasks have all completed, from pool
[2026-06-28T11:00:21.368+0000] {spark_submit.py:490} INFO - 26/06/28 11:00:21 INFO DAGScheduler: ResultStage 0 (parquet at NativeMethodAccessorImpl.java:0) finished in 1.201 s
[2026-06-28T11:00:21.369+0000] {spark_submit.py:490} INFO - 26/06/28 11:00:21 INFO DAGScheduler: Job 0 is finished. Cancelling potential speculative or zombie tasks for this job
[2026-06-28T11:00:21.370+0000] {spark_submit.py:490} INFO - 26/06/28 11:00:21 INFO TaskSchedulerImpl: Killing all running tasks in stage 0: Stage finished
[2026-06-28T11:00:21.370+0000] {spark_submit.py:490} INFO - 26/06/28 11:00:21 INFO DAGScheduler: Job 0 finished: parquet at NativeMethodAccessorImpl.java:0, took 1.238325 s
[2026-06-28T11:00:21.511+0000] {spark_submit.py:490} INFO - 26/06/28 11:00:21 INFO BlockManagerInfo: Removed broadcast_0_piece0 on b18662f3c6bd:43247 in memory (size: 37.4 KiB, free: 434.4 MiB)
[2026-06-28T11:00:21.520+0000] {spark_submit.py:490} INFO - 26/06/28 11:00:21 INFO BlockManagerInfo: Removed broadcast_0_piece0 on 172.19.0.4:44195 in memory (size: 37.4 KiB, free: 434.4 MiB)
[2026-06-28T11:00:22.041+0000] {spark_submit.py:490} INFO - 26/06/28 11:00:22 INFO DataSourceStrategy: Pruning directories with:
[2026-06-28T11:00:22.043+0000] {spark_submit.py:490} INFO - 26/06/28 11:00:22 INFO FileSourceStrategy: Pushed Filters:
[2026-06-28T11:00:22.046+0000] {spark_submit.py:490} INFO - 26/06/28 11:00:22 INFO FileSourceStrategy: Post-Scan Filters:
[2026-06-28T11:00:22.328+0000] {spark_submit.py:490} INFO - 26/06/28 11:00:22 INFO CodeGenerator: Code generated in 156.313719 ms
[2026-06-28T11:00:22.340+0000] {spark_submit.py:490} INFO - 26/06/28 11:00:22 INFO MemoryStore: Block broadcast_1 stored as values in memory (estimated size 202.2 KiB, free 434.2 MiB)
[2026-06-28T11:00:22.348+0000] {spark_submit.py:490} INFO - 26/06/28 11:00:22 INFO MemoryStore: Block broadcast_1_piece0 stored as bytes in memory (estimated size 35.3 KiB, free 434.2 MiB)
[2026-06-28T11:00:22.349+0000] {spark_submit.py:490} INFO - 26/06/28 11:00:22 INFO BlockManagerInfo: Added broadcast_1_piece0 in memory on b18662f3c6bd:43247 (size: 35.3 KiB, free: 434.4 MiB)
[2026-06-28T11:00:22.350+0000] {spark_submit.py:490} INFO - 26/06/28 11:00:22 INFO SparkContext: Created broadcast 1 from parquet at NativeMethodAccessorImpl.java:0
[2026-06-28T11:00:22.362+0000] {spark_submit.py:490} INFO - 26/06/28 11:00:22 INFO FileSourceScanExec: Planning scan with bin packing, max size: 4194304 bytes, open cost is considered as scanning 4194304 bytes.
[2026-06-28T11:00:22.420+0000] {spark_submit.py:490} INFO - 26/06/28 11:00:22 INFO DAGScheduler: Registering RDD 5 (parquet at NativeMethodAccessorImpl.java:0) as input to shuffle 0
[2026-06-28T11:00:22.422+0000] {spark_submit.py:490} INFO - 26/06/28 11:00:22 INFO DAGScheduler: Got map stage job 1 (parquet at NativeMethodAccessorImpl.java:0) with 3 output partitions
[2026-06-28T11:00:22.422+0000] {spark_submit.py:490} INFO - 26/06/28 11:00:22 INFO DAGScheduler: Final stage: ShuffleMapStage 1 (parquet at NativeMethodAccessorImpl.java:0)
[2026-06-28T11:00:22.422+0000] {spark_submit.py:490} INFO - 26/06/28 11:00:22 INFO DAGScheduler: Parents of final stage: List()
[2026-06-28T11:00:22.422+0000] {spark_submit.py:490} INFO - 26/06/28 11:00:22 INFO DAGScheduler: Missing parents: List()
[2026-06-28T11:00:22.423+0000] {spark_submit.py:490} INFO - 26/06/28 11:00:22 INFO DAGScheduler: Submitting ShuffleMapStage 1 (MapPartitionsRDD[5] at parquet at NativeMethodAccessorImpl.java:0), which has no missing parents
[2026-06-28T11:00:22.436+0000] {spark_submit.py:490} INFO - 26/06/28 11:00:22 INFO MemoryStore: Block broadcast_2 stored as values in memory (estimated size 71.6 KiB, free 434.1 MiB)
[2026-06-28T11:00:22.440+0000] {spark_submit.py:490} INFO - 26/06/28 11:00:22 INFO MemoryStore: Block broadcast_2_piece0 stored as bytes in memory (estimated size 26.9 KiB, free 434.1 MiB)
[2026-06-28T11:00:22.441+0000] {spark_submit.py:490} INFO - 26/06/28 11:00:22 INFO BlockManagerInfo: Added broadcast_2_piece0 in memory on b18662f3c6bd:43247 (size: 26.9 KiB, free: 434.3 MiB)
[2026-06-28T11:00:22.442+0000] {spark_submit.py:490} INFO - 26/06/28 11:00:22 INFO SparkContext: Created broadcast 2 from broadcast at DAGScheduler.scala:1611
[2026-06-28T11:00:22.443+0000] {spark_submit.py:490} INFO - 26/06/28 11:00:22 INFO DAGScheduler: Submitting 3 missing tasks from ShuffleMapStage 1 (MapPartitionsRDD[5] at parquet at NativeMethodAccessorImpl.java:0) (first 15 tasks are for partitions Vector(0, 1, 2))
[2026-06-28T11:00:22.443+0000] {spark_submit.py:490} INFO - 26/06/28 11:00:22 INFO TaskSchedulerImpl: Adding task set 1.0 with 3 tasks resource profile 0
[2026-06-28T11:00:22.448+0000] {spark_submit.py:490} INFO - 26/06/28 11:00:22 INFO TaskSetManager: Starting task 0.0 in stage 1.0 (TID 1) (172.19.0.4, executor 0, partition 0, PROCESS_LOCAL, 9744 bytes)
[2026-06-28T11:00:22.448+0000] {spark_submit.py:490} INFO - 26/06/28 11:00:22 INFO TaskSetManager: Starting task 1.0 in stage 1.0 (TID 2) (172.19.0.4, executor 0, partition 1, PROCESS_LOCAL, 9750 bytes)
[2026-06-28T11:00:22.449+0000] {spark_submit.py:490} INFO - 26/06/28 11:00:22 INFO TaskSetManager: Starting task 2.0 in stage 1.0 (TID 3) (172.19.0.4, executor 0, partition 2, PROCESS_LOCAL, 9744 bytes)
[2026-06-28T11:00:22.483+0000] {spark_submit.py:490} INFO - 26/06/28 11:00:22 INFO BlockManagerInfo: Added broadcast_2_piece0 in memory on 172.19.0.4:44195 (size: 26.9 KiB, free: 434.4 MiB)
[2026-06-28T11:00:23.254+0000] {spark_submit.py:490} INFO - 26/06/28 11:00:23 INFO BlockManagerInfo: Added broadcast_1_piece0 in memory on 172.19.0.4:44195 (size: 35.3 KiB, free: 434.3 MiB)
[2026-06-28T11:00:23.495+0000] {spark_submit.py:490} INFO - 26/06/28 11:00:23 INFO TaskSetManager: Finished task 1.0 in stage 1.0 (TID 2) in 1047 ms on 172.19.0.4 (executor 0) (1/3)
[2026-06-28T11:00:23.497+0000] {spark_submit.py:490} INFO - 26/06/28 11:00:23 INFO TaskSetManager: Finished task 0.0 in stage 1.0 (TID 1) in 1053 ms on 172.19.0.4 (executor 0) (2/3)
[2026-06-28T11:00:23.499+0000] {spark_submit.py:490} INFO - 26/06/28 11:00:23 INFO TaskSetManager: Finished task 2.0 in stage 1.0 (TID 3) in 1050 ms on 172.19.0.4 (executor 0) (3/3)
[2026-06-28T11:00:23.499+0000] {spark_submit.py:490} INFO - 26/06/28 11:00:23 INFO TaskSchedulerImpl: Removed TaskSet 1.0, whose tasks have all completed, from pool
[2026-06-28T11:00:23.500+0000] {spark_submit.py:490} INFO - 26/06/28 11:00:23 INFO DAGScheduler: ShuffleMapStage 1 (parquet at NativeMethodAccessorImpl.java:0) finished in 1.074 s
[2026-06-28T11:00:23.500+0000] {spark_submit.py:490} INFO - 26/06/28 11:00:23 INFO DAGScheduler: looking for newly runnable stages
[2026-06-28T11:00:23.500+0000] {spark_submit.py:490} INFO - 26/06/28 11:00:23 INFO DAGScheduler: running: Set()
[2026-06-28T11:00:23.500+0000] {spark_submit.py:490} INFO - 26/06/28 11:00:23 INFO DAGScheduler: waiting: Set()
[2026-06-28T11:00:23.500+0000] {spark_submit.py:490} INFO - 26/06/28 11:00:23 INFO DAGScheduler: failed: Set()
[2026-06-28T11:00:23.530+0000] {spark_submit.py:490} INFO - 26/06/28 11:00:23 INFO ShufflePartitionsUtil: For shuffle(0), advisory target size: 67108864, actual target size 1048576, minimum partition size: 1048576
[2026-06-28T11:00:23.557+0000] {spark_submit.py:490} INFO - 26/06/28 11:00:23 INFO ParquetUtils: Using default output committer for Parquet: org.apache.parquet.hadoop.ParquetOutputCommitter
[2026-06-28T11:00:23.566+0000] {spark_submit.py:490} INFO - 26/06/28 11:00:23 INFO FileOutputCommitter: File Output Committer Algorithm version is 1
[2026-06-28T11:00:23.566+0000] {spark_submit.py:490} INFO - 26/06/28 11:00:23 INFO FileOutputCommitter: FileOutputCommitter skip cleanup _temporary folders under output directory:false, ignore cleanup failures: false
[2026-06-28T11:00:23.566+0000] {spark_submit.py:490} INFO - 26/06/28 11:00:23 INFO SQLHadoopMapReduceCommitProtocol: Using user defined output committer class org.apache.parquet.hadoop.ParquetOutputCommitter
[2026-06-28T11:00:23.566+0000] {spark_submit.py:490} INFO - 26/06/28 11:00:23 INFO FileOutputCommitter: File Output Committer Algorithm version is 1
[2026-06-28T11:00:23.566+0000] {spark_submit.py:490} INFO - 26/06/28 11:00:23 INFO FileOutputCommitter: FileOutputCommitter skip cleanup _temporary folders under output directory:false, ignore cleanup failures: false
[2026-06-28T11:00:23.566+0000] {spark_submit.py:490} INFO - 26/06/28 11:00:23 INFO SQLHadoopMapReduceCommitProtocol: Using output committer class org.apache.parquet.hadoop.ParquetOutputCommitter
[2026-06-28T11:00:23.579+0000] {spark_submit.py:490} INFO - 26/06/28 11:00:23 INFO HashAggregateExec: spark.sql.codegen.aggregate.map.twolevel.enabled is set to true, but current version of codegened fast hashmap does not support this aggregate.
[2026-06-28T11:00:23.627+0000] {spark_submit.py:490} INFO - 26/06/28 11:00:23 INFO CodeGenerator: Code generated in 32.364386 ms
[2026-06-28T11:00:23.645+0000] {spark_submit.py:490} INFO - 26/06/28 11:00:23 INFO SparkContext: Starting job: parquet at NativeMethodAccessorImpl.java:0
[2026-06-28T11:00:23.646+0000] {spark_submit.py:490} INFO - 26/06/28 11:00:23 INFO DAGScheduler: Got job 2 (parquet at NativeMethodAccessorImpl.java:0) with 1 output partitions
[2026-06-28T11:00:23.647+0000] {spark_submit.py:490} INFO - 26/06/28 11:00:23 INFO DAGScheduler: Final stage: ResultStage 3 (parquet at NativeMethodAccessorImpl.java:0)
[2026-06-28T11:00:23.647+0000] {spark_submit.py:490} INFO - 26/06/28 11:00:23 INFO DAGScheduler: Parents of final stage: List(ShuffleMapStage 2)
[2026-06-28T11:00:23.647+0000] {spark_submit.py:490} INFO - 26/06/28 11:00:23 INFO DAGScheduler: Missing parents: List()
[2026-06-28T11:00:23.647+0000] {spark_submit.py:490} INFO - 26/06/28 11:00:23 INFO DAGScheduler: Submitting ResultStage 3 (MapPartitionsRDD[8] at parquet at NativeMethodAccessorImpl.java:0), which has no missing parents
[2026-06-28T11:00:23.666+0000] {spark_submit.py:490} INFO - 26/06/28 11:00:23 INFO MemoryStore: Block broadcast_3 stored as values in memory (estimated size 286.5 KiB, free 433.8 MiB)
[2026-06-28T11:00:23.670+0000] {spark_submit.py:490} INFO - 26/06/28 11:00:23 INFO MemoryStore: Block broadcast_3_piece0 stored as bytes in memory (estimated size 102.8 KiB, free 433.7 MiB)
[2026-06-28T11:00:23.670+0000] {spark_submit.py:490} INFO - 26/06/28 11:00:23 INFO BlockManagerInfo: Added broadcast_3_piece0 in memory on b18662f3c6bd:43247 (size: 102.8 KiB, free: 434.2 MiB)
[2026-06-28T11:00:23.671+0000] {spark_submit.py:490} INFO - 26/06/28 11:00:23 INFO SparkContext: Created broadcast 3 from broadcast at DAGScheduler.scala:1611
[2026-06-28T11:00:23.671+0000] {spark_submit.py:490} INFO - 26/06/28 11:00:23 INFO BlockManagerInfo: Removed broadcast_2_piece0 on b18662f3c6bd:43247 in memory (size: 26.9 KiB, free: 434.3 MiB)
[2026-06-28T11:00:23.672+0000] {spark_submit.py:490} INFO - 26/06/28 11:00:23 INFO DAGScheduler: Submitting 1 missing tasks from ResultStage 3 (MapPartitionsRDD[8] at parquet at NativeMethodAccessorImpl.java:0) (first 15 tasks are for partitions Vector(0))
[2026-06-28T11:00:23.673+0000] {spark_submit.py:490} INFO - 26/06/28 11:00:23 INFO TaskSchedulerImpl: Adding task set 3.0 with 1 tasks resource profile 0
[2026-06-28T11:00:23.675+0000] {spark_submit.py:490} INFO - 26/06/28 11:00:23 INFO BlockManagerInfo: Removed broadcast_2_piece0 on 172.19.0.4:44195 in memory (size: 26.9 KiB, free: 434.4 MiB)
[2026-06-28T11:00:23.676+0000] {spark_submit.py:490} INFO - 26/06/28 11:00:23 INFO TaskSetManager: Starting task 0.0 in stage 3.0 (TID 4) (172.19.0.4, executor 0, partition 0, NODE_LOCAL, 9003 bytes)
[2026-06-28T11:00:23.698+0000] {spark_submit.py:490} INFO - 26/06/28 11:00:23 INFO BlockManagerInfo: Added broadcast_3_piece0 in memory on 172.19.0.4:44195 (size: 102.8 KiB, free: 434.3 MiB)
[2026-06-28T11:00:23.768+0000] {spark_submit.py:490} INFO - 26/06/28 11:00:23 INFO MapOutputTrackerMasterEndpoint: Asked to send map output locations for shuffle 0 to 172.19.0.4:59684
[2026-06-28T11:00:24.263+0000] {spark_submit.py:490} INFO - 26/06/28 11:00:24 INFO TaskSetManager: Finished task 0.0 in stage 3.0 (TID 4) in 588 ms on 172.19.0.4 (executor 0) (1/1)
[2026-06-28T11:00:24.263+0000] {spark_submit.py:490} INFO - 26/06/28 11:00:24 INFO TaskSchedulerImpl: Removed TaskSet 3.0, whose tasks have all completed, from pool
[2026-06-28T11:00:24.264+0000] {spark_submit.py:490} INFO - 26/06/28 11:00:24 INFO DAGScheduler: ResultStage 3 (parquet at NativeMethodAccessorImpl.java:0) finished in 0.612 s
[2026-06-28T11:00:24.264+0000] {spark_submit.py:490} INFO - 26/06/28 11:00:24 INFO DAGScheduler: Job 2 is finished. Cancelling potential speculative or zombie tasks for this job
[2026-06-28T11:00:24.264+0000] {spark_submit.py:490} INFO - 26/06/28 11:00:24 INFO TaskSchedulerImpl: Killing all running tasks in stage 3: Stage finished
[2026-06-28T11:00:24.265+0000] {spark_submit.py:490} INFO - 26/06/28 11:00:24 INFO DAGScheduler: Job 2 finished: parquet at NativeMethodAccessorImpl.java:0, took 0.619192 s
[2026-06-28T11:00:24.266+0000] {spark_submit.py:490} INFO - 26/06/28 11:00:24 INFO FileFormatWriter: Start to commit write Job 334fbf09-ece3-4e31-bdf9-6258954a4ce7.
[2026-06-28T11:00:24.284+0000] {spark_submit.py:490} INFO - 26/06/28 11:00:24 INFO FileFormatWriter: Write Job 334fbf09-ece3-4e31-bdf9-6258954a4ce7 committed. Elapsed time: 16 ms.
[2026-06-28T11:00:24.286+0000] {spark_submit.py:490} INFO - 26/06/28 11:00:24 INFO FileFormatWriter: Finished processing stats for write job 334fbf09-ece3-4e31-bdf9-6258954a4ce7.
[2026-06-28T11:00:24.292+0000] {spark_submit.py:490} INFO - 26/06/28 11:00:24 INFO SparkContext: SparkContext is stopping with exitCode 0.
[2026-06-28T11:00:24.304+0000] {spark_submit.py:490} INFO - 26/06/28 11:00:24 INFO SparkUI: Stopped Spark web UI at http://b18662f3c6bd:4040
[2026-06-28T11:00:24.308+0000] {spark_submit.py:490} INFO - 26/06/28 11:00:24 INFO StandaloneSchedulerBackend: Shutting down all executors
[2026-06-28T11:00:24.308+0000] {spark_submit.py:490} INFO - 26/06/28 11:00:24 INFO StandaloneSchedulerBackend$StandaloneDriverEndpoint: Asking each executor to shut down
[2026-06-28T11:00:24.325+0000] {spark_submit.py:490} INFO - 26/06/28 11:00:24 INFO MapOutputTrackerMasterEndpoint: MapOutputTrackerMasterEndpoint stopped!
[2026-06-28T11:00:24.342+0000] {spark_submit.py:490} INFO - 26/06/28 11:00:24 INFO MemoryStore: MemoryStore cleared
[2026-06-28T11:00:24.343+0000] {spark_submit.py:490} INFO - 26/06/28 11:00:24 INFO BlockManager: BlockManager stopped
[2026-06-28T11:00:24.346+0000] {spark_submit.py:490} INFO - 26/06/28 11:00:24 INFO BlockManagerMaster: BlockManagerMaster stopped
[2026-06-28T11:00:24.348+0000] {spark_submit.py:490} INFO - 26/06/28 11:00:24 INFO OutputCommitCoordinator$OutputCommitCoordinatorEndpoint: OutputCommitCoordinator stopped!
[2026-06-28T11:00:24.354+0000] {spark_submit.py:490} INFO - 26/06/28 11:00:24 INFO SparkContext: Successfully stopped SparkContext
[2026-06-28T11:00:24.712+0000] {spark_submit.py:490} INFO - 26/06/28 11:00:24 INFO ShutdownHookManager: Shutdown hook called
[2026-06-28T11:00:24.713+0000] {spark_submit.py:490} INFO - 26/06/28 11:00:24 INFO ShutdownHookManager: Deleting directory /tmp/spark-2823ac32-c82b-4219-a7af-8fd9ef8cc9fc/pyspark-3e7f5e70-145c-4c28-b7e7-026cf17e31a9
[2026-06-28T11:00:24.715+0000] {spark_submit.py:490} INFO - 26/06/28 11:00:24 INFO ShutdownHookManager: Deleting directory /tmp/spark-4a595cd9-ae76-47e9-82d1-76cb76dd9e5f
[2026-06-28T11:00:24.719+0000] {spark_submit.py:490} INFO - 26/06/28 11:00:24 INFO ShutdownHookManager: Deleting directory /tmp/spark-2823ac32-c82b-4219-a7af-8fd9ef8cc9fc
[2026-06-28T11:00:24.787+0000] {taskinstance.py:1138} INFO - Marking task as SUCCESS. dag_id=tomtom_spark_pipeline, task_id=silver_to_gold, execution_date=20260628T100000, start_date=20260628T110016, end_date=20260628T110024
[2026-06-28T11:00:24.811+0000] {local_task_job_runner.py:234} INFO - Task exited with return code 0
[2026-06-28T11:00:24.829+0000] {taskinstance.py:3280} INFO - 0 downstream tasks scheduled from follow-on schedule check
