[2026-06-26T18:45:02.021+0000] {taskinstance.py:1956} INFO - Dependencies all met for dep_context=non-requeueable deps ti=<TaskInstance: ingestion_dag.fetch_berlin scheduled__2026-06-26T18:30:00+00:00 [queued]>
[2026-06-26T18:45:02.027+0000] {taskinstance.py:1956} INFO - Dependencies all met for dep_context=requeueable deps ti=<TaskInstance: ingestion_dag.fetch_berlin scheduled__2026-06-26T18:30:00+00:00 [queued]>
[2026-06-26T18:45:02.027+0000] {taskinstance.py:2170} INFO - Starting attempt 1 of 4
[2026-06-26T18:45:02.038+0000] {taskinstance.py:2191} INFO - Executing <Task(PythonOperator): fetch_berlin> on 2026-06-26 18:30:00+00:00
[2026-06-26T18:45:02.043+0000] {standard_task_runner.py:60} INFO - Started process 366 to run task
[2026-06-26T18:45:02.046+0000] {standard_task_runner.py:87} INFO - Running: ['***', 'tasks', 'run', 'ingestion_dag', 'fetch_berlin', 'scheduled__2026-06-26T18:30:00+00:00', '--job-id', '31', '--raw', '--subdir', 'DAGS_FOLDER/ingestion_dag.py', '--cfg-path', '/tmp/tmp5jrzdy8x']
[2026-06-26T18:45:02.048+0000] {standard_task_runner.py:88} INFO - Job 31: Subtask fetch_berlin
[2026-06-26T18:45:02.089+0000] {task_command.py:423} INFO - Running <TaskInstance: ingestion_dag.fetch_berlin scheduled__2026-06-26T18:30:00+00:00 [running]> on host 89c3114bfaef
[2026-06-26T18:45:02.287+0000] {taskinstance.py:2480} INFO - Exporting env vars: AIRFLOW_CTX_DAG_OWNER='thesis' AIRFLOW_CTX_DAG_ID='ingestion_dag' AIRFLOW_CTX_TASK_ID='fetch_berlin' AIRFLOW_CTX_EXECUTION_DATE='2026-06-26T18:30:00+00:00' AIRFLOW_CTX_TRY_NUMBER='1' AIRFLOW_CTX_DAG_RUN_ID='scheduled__2026-06-26T18:30:00+00:00'
[2026-06-26T18:45:02.288+0000] {taskinstance.py:2698} ERROR - Task failed with exception
Traceback (most recent call last):
  File "/usr/local/lib/python3.8/pathlib.py", line 1288, in mkdir
    self._accessor.mkdir(self, mode)
FileNotFoundError: [Errno 2] No such file or directory: '/opt/data/raw'

During handling of the above exception, another exception occurred:

Traceback (most recent call last):
  File "/home/airflow/.local/lib/python3.8/site-packages/airflow/models/taskinstance.py", line 433, in _execute_task
    result = execute_callable(context=context, **execute_callable_kwargs)
  File "/home/airflow/.local/lib/python3.8/site-packages/airflow/operators/python.py", line 199, in execute
    return_value = self.execute_callable()
  File "/home/airflow/.local/lib/python3.8/site-packages/airflow/operators/python.py", line 216, in execute_callable
    return self.python_callable(*self.op_args, **self.op_kwargs)
  File "/opt/airflow/dags/ingestion_dag.py", line 43, in fetch_and_extract
    ensure_dirs()
  File "/opt/airflow/dags/common/paths.py", line 11, in ensure_dirs
    p.mkdir(parents=True, exist_ok=True)
  File "/usr/local/lib/python3.8/pathlib.py", line 1292, in mkdir
    self.parent.mkdir(parents=True, exist_ok=True)
  File "/usr/local/lib/python3.8/pathlib.py", line 1288, in mkdir
    self._accessor.mkdir(self, mode)
PermissionError: [Errno 13] Permission denied: '/opt/data'
[2026-06-26T18:45:02.297+0000] {taskinstance.py:1138} INFO - Marking task as UP_FOR_RETRY. dag_id=ingestion_dag, task_id=fetch_berlin, execution_date=20260626T183000, start_date=20260626T184502, end_date=20260626T184502
[2026-06-26T18:45:02.307+0000] {standard_task_runner.py:107} ERROR - Failed to execute job 31 for task fetch_berlin ([Errno 13] Permission denied: '/opt/data'; 366)
[2026-06-26T18:45:02.338+0000] {local_task_job_runner.py:234} INFO - Task exited with return code 1
[2026-06-26T18:45:02.360+0000] {taskinstance.py:3280} INFO - 0 downstream tasks scheduled from follow-on schedule check
