[2026-06-27T19:00:26.692+0000] {taskinstance.py:1956} INFO - Dependencies all met for dep_context=non-requeueable deps ti=<TaskInstance: tomtom_spark_pipeline.silver_to_gold scheduled__2026-06-27T18:00:00+00:00 [queued]>
[2026-06-27T19:00:26.707+0000] {taskinstance.py:1956} INFO - Dependencies all met for dep_context=requeueable deps ti=<TaskInstance: tomtom_spark_pipeline.silver_to_gold scheduled__2026-06-27T18:00:00+00:00 [queued]>
[2026-06-27T19:00:26.708+0000] {taskinstance.py:2170} INFO - Starting attempt 1 of 1
[2026-06-27T19:00:26.730+0000] {taskinstance.py:2191} INFO - Executing <Task(SparkSubmitOperator): silver_to_gold> on 2026-06-27 18:00:00+00:00
[2026-06-27T19:00:26.736+0000] {standard_task_runner.py:60} INFO - Started process 18585 to run task
[2026-06-27T19:00:26.741+0000] {standard_task_runner.py:87} INFO - Running: ['***', 'tasks', 'run', 'tomtom_spark_pipeline', 'silver_to_gold', 'scheduled__2026-06-27T18:00:00+00:00', '--job-id', '68', '--raw', '--subdir', 'DAGS_FOLDER/tomtom_spark_pipeline_dag.py', '--cfg-path', '/tmp/tmp4_2ngscs']
[2026-06-27T19:00:26.744+0000] {standard_task_runner.py:88} INFO - Job 68: Subtask silver_to_gold
[2026-06-27T19:00:26.820+0000] {task_command.py:423} INFO - Running <TaskInstance: tomtom_spark_pipeline.silver_to_gold scheduled__2026-06-27T18:00:00+00:00 [running]> on host b18662f3c6bd
[2026-06-27T19:00:26.936+0000] {taskinstance.py:2480} INFO - Exporting env vars: AIRFLOW_CTX_DAG_OWNER='***' AIRFLOW_CTX_DAG_ID='tomtom_spark_pipeline' AIRFLOW_CTX_TASK_ID='silver_to_gold' AIRFLOW_CTX_EXECUTION_DATE='2026-06-27T18:00:00+00:00' AIRFLOW_CTX_TRY_NUMBER='1' AIRFLOW_CTX_DAG_RUN_ID='scheduled__2026-06-27T18:00:00+00:00'
[2026-06-27T19:00:26.956+0000] {base.py:83} INFO - Using connection ID 'spark_default' for task execution.
[2026-06-27T19:00:26.957+0000] {spark_submit.py:339} INFO - Spark-Submit cmd: spark-submit --master spark://spark-master:7077 --conf spark.master=spark://spark-master:7077 --conf spark.hadoop.fs.permissions.umask-mode=000 --conf spark.hadoop.fs.permissions.enabled=false --conf spark.sql.warehouse.dir=/opt/data --name arrow-spark /opt/spark-apps/gold_job.py
[2026-06-27T19:00:28.594+0000] {spark_submit.py:490} INFO - 26/06/27 19:00:28 INFO SparkContext: Running Spark version 3.5.8
[2026-06-27T19:00:28.596+0000] {spark_submit.py:490} INFO - 26/06/27 19:00:28 INFO SparkContext: OS info Linux, 6.17.0-23-generic, amd64
[2026-06-27T19:00:28.597+0000] {spark_submit.py:490} INFO - 26/06/27 19:00:28 INFO SparkContext: Java version 17.0.19
[2026-06-27T19:00:28.640+0000] {spark_submit.py:490} INFO - 26/06/27 19:00:28 WARN NativeCodeLoader: Unable to load native-hadoop library for your platform... using builtin-java classes where applicable
[2026-06-27T19:00:28.685+0000] {spark_submit.py:490} INFO - 26/06/27 19:00:28 INFO ResourceUtils: ==============================================================
[2026-06-27T19:00:28.685+0000] {spark_submit.py:490} INFO - 26/06/27 19:00:28 INFO ResourceUtils: No custom resources configured for spark.driver.
[2026-06-27T19:00:28.686+0000] {spark_submit.py:490} INFO - 26/06/27 19:00:28 INFO ResourceUtils: ==============================================================
[2026-06-27T19:00:28.686+0000] {spark_submit.py:490} INFO - 26/06/27 19:00:28 INFO SparkContext: Submitted application: tomtom_gold_layer
[2026-06-27T19:00:28.697+0000] {spark_submit.py:490} INFO - 26/06/27 19:00:28 INFO ResourceProfile: Default ResourceProfile created, executor resources: Map(memory -> name: memory, amount: 1024, script: , vendor: , offHeap -> name: offHeap, amount: 0, script: , vendor: ), task resources: Map(cpus -> name: cpus, amount: 1.0)
[2026-06-27T19:00:28.701+0000] {spark_submit.py:490} INFO - 26/06/27 19:00:28 INFO ResourceProfile: Limiting resource is cpu
[2026-06-27T19:00:28.702+0000] {spark_submit.py:490} INFO - 26/06/27 19:00:28 INFO ResourceProfileManager: Added ResourceProfile id: 0
[2026-06-27T19:00:28.726+0000] {spark_submit.py:490} INFO - 26/06/27 19:00:28 INFO SecurityManager: Changing view acls to: ***
[2026-06-27T19:00:28.727+0000] {spark_submit.py:490} INFO - 26/06/27 19:00:28 INFO SecurityManager: Changing modify acls to: ***
[2026-06-27T19:00:28.727+0000] {spark_submit.py:490} INFO - 26/06/27 19:00:28 INFO SecurityManager: Changing view acls groups to:
[2026-06-27T19:00:28.728+0000] {spark_submit.py:490} INFO - 26/06/27 19:00:28 INFO SecurityManager: Changing modify acls groups to:
[2026-06-27T19:00:28.728+0000] {spark_submit.py:490} INFO - 26/06/27 19:00:28 INFO SecurityManager: SecurityManager: authentication disabled; ui acls disabled; users with view permissions: ***; groups with view permissions: EMPTY; users with modify permissions: ***; groups with modify permissions: EMPTY
[2026-06-27T19:00:28.885+0000] {spark_submit.py:490} INFO - 26/06/27 19:00:28 INFO Utils: Successfully started service 'sparkDriver' on port 46441.
[2026-06-27T19:00:28.911+0000] {spark_submit.py:490} INFO - 26/06/27 19:00:28 INFO SparkEnv: Registering MapOutputTracker
[2026-06-27T19:00:28.944+0000] {spark_submit.py:490} INFO - 26/06/27 19:00:28 INFO SparkEnv: Registering BlockManagerMaster
[2026-06-27T19:00:28.954+0000] {spark_submit.py:490} INFO - 26/06/27 19:00:28 INFO BlockManagerMasterEndpoint: Using org.apache.spark.storage.DefaultTopologyMapper for getting topology information
[2026-06-27T19:00:28.954+0000] {spark_submit.py:490} INFO - 26/06/27 19:00:28 INFO BlockManagerMasterEndpoint: BlockManagerMasterEndpoint up
[2026-06-27T19:00:28.959+0000] {spark_submit.py:490} INFO - 26/06/27 19:00:28 INFO SparkEnv: Registering BlockManagerMasterHeartbeat
[2026-06-27T19:00:28.970+0000] {spark_submit.py:490} INFO - 26/06/27 19:00:28 INFO DiskBlockManager: Created local directory at /tmp/blockmgr-f73d7c6f-ca8e-455c-a7ae-4dcd8fce77a2
[2026-06-27T19:00:28.978+0000] {spark_submit.py:490} INFO - 26/06/27 19:00:28 INFO MemoryStore: MemoryStore started with capacity 434.4 MiB
[2026-06-27T19:00:28.987+0000] {spark_submit.py:490} INFO - 26/06/27 19:00:28 INFO SparkEnv: Registering OutputCommitCoordinator
[2026-06-27T19:00:29.053+0000] {spark_submit.py:490} INFO - 26/06/27 19:00:29 INFO JettyUtils: Start Jetty 0.0.0.0:4040 for SparkUI
[2026-06-27T19:00:29.092+0000] {spark_submit.py:490} INFO - 26/06/27 19:00:29 INFO Utils: Successfully started service 'SparkUI' on port 4040.
[2026-06-27T19:00:29.195+0000] {spark_submit.py:490} INFO - 26/06/27 19:00:29 INFO StandaloneAppClient$ClientEndpoint: Connecting to master spark://spark-master:7077...
[2026-06-27T19:00:29.246+0000] {spark_submit.py:490} INFO - 26/06/27 19:00:29 INFO TransportClientFactory: Successfully created connection to spark-master/172.19.0.3:7077 after 28 ms (0 ms spent in bootstraps)
[2026-06-27T19:00:29.347+0000] {spark_submit.py:490} INFO - 26/06/27 19:00:29 INFO StandaloneSchedulerBackend: Connected to Spark cluster with app ID app-20260627190029-0021
[2026-06-27T19:00:29.350+0000] {spark_submit.py:490} INFO - 26/06/27 19:00:29 INFO StandaloneAppClient$ClientEndpoint: Executor added: app-20260627190029-0021/0 on worker-20260627123732-172.19.0.6-33673 (172.19.0.6:33673) with 12 core(s)
[2026-06-27T19:00:29.355+0000] {spark_submit.py:490} INFO - 26/06/27 19:00:29 INFO StandaloneSchedulerBackend: Granted executor ID app-20260627190029-0021/0 on hostPort 172.19.0.6:33673 with 12 core(s), 1024.0 MiB RAM
[2026-06-27T19:00:29.360+0000] {spark_submit.py:490} INFO - 26/06/27 19:00:29 INFO Utils: Successfully started service 'org.apache.spark.network.netty.NettyBlockTransferService' on port 35833.
[2026-06-27T19:00:29.360+0000] {spark_submit.py:490} INFO - 26/06/27 19:00:29 INFO NettyBlockTransferService: Server created on b18662f3c6bd:35833
[2026-06-27T19:00:29.363+0000] {spark_submit.py:490} INFO - 26/06/27 19:00:29 INFO BlockManager: Using org.apache.spark.storage.RandomBlockReplicationPolicy for block replication policy
[2026-06-27T19:00:29.376+0000] {spark_submit.py:490} INFO - 26/06/27 19:00:29 INFO BlockManagerMaster: Registering BlockManager BlockManagerId(driver, b18662f3c6bd, 35833, None)
[2026-06-27T19:00:29.384+0000] {spark_submit.py:490} INFO - 26/06/27 19:00:29 INFO BlockManagerMasterEndpoint: Registering block manager b18662f3c6bd:35833 with 434.4 MiB RAM, BlockManagerId(driver, b18662f3c6bd, 35833, None)
[2026-06-27T19:00:29.389+0000] {spark_submit.py:490} INFO - 26/06/27 19:00:29 INFO BlockManagerMaster: Registered BlockManager BlockManagerId(driver, b18662f3c6bd, 35833, None)
[2026-06-27T19:00:29.392+0000] {spark_submit.py:490} INFO - 26/06/27 19:00:29 INFO BlockManager: Initialized BlockManager: BlockManagerId(driver, b18662f3c6bd, 35833, None)
[2026-06-27T19:00:29.395+0000] {spark_submit.py:490} INFO - 26/06/27 19:00:29 INFO StandaloneAppClient$ClientEndpoint: Executor updated: app-20260627190029-0021/0 is now RUNNING
[2026-06-27T19:00:29.620+0000] {spark_submit.py:490} INFO - 26/06/27 19:00:29 INFO StandaloneSchedulerBackend: SchedulerBackend is ready for scheduling beginning after reached minRegisteredResourcesRatio: 0.0
[2026-06-27T19:00:29.788+0000] {spark_submit.py:490} INFO - 26/06/27 19:00:29 INFO SharedState: Setting hive.metastore.warehouse.dir ('null') to the value of spark.sql.warehouse.dir.
[2026-06-27T19:00:29.794+0000] {spark_submit.py:490} INFO - 26/06/27 19:00:29 INFO SharedState: Warehouse path is 'file:/opt/data'.
[2026-06-27T19:00:30.388+0000] {spark_submit.py:490} INFO - 26/06/27 19:00:30 INFO InMemoryFileIndex: It took 39 ms to list leaf files for 1 paths.
[2026-06-27T19:00:30.697+0000] {spark_submit.py:490} INFO - 26/06/27 19:00:30 INFO SparkContext: Starting job: parquet at NativeMethodAccessorImpl.java:0
[2026-06-27T19:00:30.712+0000] {spark_submit.py:490} INFO - 26/06/27 19:00:30 INFO DAGScheduler: Got job 0 (parquet at NativeMethodAccessorImpl.java:0) with 1 output partitions
[2026-06-27T19:00:30.713+0000] {spark_submit.py:490} INFO - 26/06/27 19:00:30 INFO DAGScheduler: Final stage: ResultStage 0 (parquet at NativeMethodAccessorImpl.java:0)
[2026-06-27T19:00:30.713+0000] {spark_submit.py:490} INFO - 26/06/27 19:00:30 INFO DAGScheduler: Parents of final stage: List()
[2026-06-27T19:00:30.714+0000] {spark_submit.py:490} INFO - 26/06/27 19:00:30 INFO DAGScheduler: Missing parents: List()
[2026-06-27T19:00:30.718+0000] {spark_submit.py:490} INFO - 26/06/27 19:00:30 INFO DAGScheduler: Submitting ResultStage 0 (MapPartitionsRDD[1] at parquet at NativeMethodAccessorImpl.java:0), which has no missing parents
[2026-06-27T19:00:30.766+0000] {spark_submit.py:490} INFO - 26/06/27 19:00:30 INFO MemoryStore: Block broadcast_0 stored as values in memory (estimated size 103.5 KiB, free 434.3 MiB)
[2026-06-27T19:00:30.797+0000] {spark_submit.py:490} INFO - 26/06/27 19:00:30 INFO MemoryStore: Block broadcast_0_piece0 stored as bytes in memory (estimated size 37.4 KiB, free 434.3 MiB)
[2026-06-27T19:00:30.800+0000] {spark_submit.py:490} INFO - 26/06/27 19:00:30 INFO BlockManagerInfo: Added broadcast_0_piece0 in memory on b18662f3c6bd:35833 (size: 37.4 KiB, free: 434.4 MiB)
[2026-06-27T19:00:30.803+0000] {spark_submit.py:490} INFO - 26/06/27 19:00:30 INFO SparkContext: Created broadcast 0 from broadcast at DAGScheduler.scala:1611
[2026-06-27T19:00:30.823+0000] {spark_submit.py:490} INFO - 26/06/27 19:00:30 INFO DAGScheduler: Submitting 1 missing tasks from ResultStage 0 (MapPartitionsRDD[1] at parquet at NativeMethodAccessorImpl.java:0) (first 15 tasks are for partitions Vector(0))
[2026-06-27T19:00:30.824+0000] {spark_submit.py:490} INFO - 26/06/27 19:00:30 INFO TaskSchedulerImpl: Adding task set 0.0 with 1 tasks resource profile 0
[2026-06-27T19:00:31.562+0000] {spark_submit.py:490} INFO - 26/06/27 19:00:31 INFO StandaloneSchedulerBackend$StandaloneDriverEndpoint: Registered executor NettyRpcEndpointRef(spark-client://Executor) (172.19.0.6:34202) with ID 0,  ResourceProfileId 0
[2026-06-27T19:00:31.620+0000] {spark_submit.py:490} INFO - 26/06/27 19:00:31 INFO BlockManagerMasterEndpoint: Registering block manager 172.19.0.6:45385 with 434.4 MiB RAM, BlockManagerId(0, 172.19.0.6, 45385, None)
[2026-06-27T19:00:31.683+0000] {spark_submit.py:490} INFO - 26/06/27 19:00:31 INFO TaskSetManager: Starting task 0.0 in stage 0.0 (TID 0) (172.19.0.6, executor 0, partition 0, PROCESS_LOCAL, 9215 bytes)
[2026-06-27T19:00:31.909+0000] {spark_submit.py:490} INFO - 26/06/27 19:00:31 INFO BlockManagerInfo: Added broadcast_0_piece0 in memory on 172.19.0.6:45385 (size: 37.4 KiB, free: 434.4 MiB)
[2026-06-27T19:00:32.366+0000] {spark_submit.py:490} INFO - 26/06/27 19:00:32 INFO TaskSetManager: Finished task 0.0 in stage 0.0 (TID 0) in 688 ms on 172.19.0.6 (executor 0) (1/1)
[2026-06-27T19:00:32.368+0000] {spark_submit.py:490} INFO - 26/06/27 19:00:32 INFO TaskSchedulerImpl: Removed TaskSet 0.0, whose tasks have all completed, from pool
[2026-06-27T19:00:32.374+0000] {spark_submit.py:490} INFO - 26/06/27 19:00:32 INFO DAGScheduler: ResultStage 0 (parquet at NativeMethodAccessorImpl.java:0) finished in 1.645 s
[2026-06-27T19:00:32.377+0000] {spark_submit.py:490} INFO - 26/06/27 19:00:32 INFO DAGScheduler: Job 0 is finished. Cancelling potential speculative or zombie tasks for this job
[2026-06-27T19:00:32.378+0000] {spark_submit.py:490} INFO - 26/06/27 19:00:32 INFO TaskSchedulerImpl: Killing all running tasks in stage 0: Stage finished
[2026-06-27T19:00:32.381+0000] {spark_submit.py:490} INFO - 26/06/27 19:00:32 INFO DAGScheduler: Job 0 finished: parquet at NativeMethodAccessorImpl.java:0, took 1.682451 s
[2026-06-27T19:00:32.526+0000] {spark_submit.py:490} INFO - 26/06/27 19:00:32 INFO BlockManagerInfo: Removed broadcast_0_piece0 on b18662f3c6bd:35833 in memory (size: 37.4 KiB, free: 434.4 MiB)
[2026-06-27T19:00:32.540+0000] {spark_submit.py:490} INFO - 26/06/27 19:00:32 INFO BlockManagerInfo: Removed broadcast_0_piece0 on 172.19.0.6:45385 in memory (size: 37.4 KiB, free: 434.4 MiB)
[2026-06-27T19:00:33.373+0000] {spark_submit.py:490} INFO - 26/06/27 19:00:33 INFO DataSourceStrategy: Pruning directories with:
[2026-06-27T19:00:33.374+0000] {spark_submit.py:490} INFO - 26/06/27 19:00:33 INFO FileSourceStrategy: Pushed Filters:
[2026-06-27T19:00:33.375+0000] {spark_submit.py:490} INFO - 26/06/27 19:00:33 INFO FileSourceStrategy: Post-Scan Filters:
[2026-06-27T19:00:33.707+0000] {spark_submit.py:490} INFO - 26/06/27 19:00:33 INFO CodeGenerator: Code generated in 209.202229 ms
[2026-06-27T19:00:33.722+0000] {spark_submit.py:490} INFO - 26/06/27 19:00:33 INFO MemoryStore: Block broadcast_1 stored as values in memory (estimated size 202.2 KiB, free 434.2 MiB)
[2026-06-27T19:00:33.734+0000] {spark_submit.py:490} INFO - 26/06/27 19:00:33 INFO MemoryStore: Block broadcast_1_piece0 stored as bytes in memory (estimated size 35.3 KiB, free 434.2 MiB)
[2026-06-27T19:00:33.735+0000] {spark_submit.py:490} INFO - 26/06/27 19:00:33 INFO BlockManagerInfo: Added broadcast_1_piece0 in memory on b18662f3c6bd:35833 (size: 35.3 KiB, free: 434.4 MiB)
[2026-06-27T19:00:33.737+0000] {spark_submit.py:490} INFO - 26/06/27 19:00:33 INFO SparkContext: Created broadcast 1 from parquet at NativeMethodAccessorImpl.java:0
[2026-06-27T19:00:33.750+0000] {spark_submit.py:490} INFO - 26/06/27 19:00:33 INFO FileSourceScanExec: Planning scan with bin packing, max size: 4194304 bytes, open cost is considered as scanning 4194304 bytes.
[2026-06-27T19:00:33.813+0000] {spark_submit.py:490} INFO - 26/06/27 19:00:33 INFO DAGScheduler: Registering RDD 5 (parquet at NativeMethodAccessorImpl.java:0) as input to shuffle 0
[2026-06-27T19:00:33.816+0000] {spark_submit.py:490} INFO - 26/06/27 19:00:33 INFO DAGScheduler: Got map stage job 1 (parquet at NativeMethodAccessorImpl.java:0) with 3 output partitions
[2026-06-27T19:00:33.816+0000] {spark_submit.py:490} INFO - 26/06/27 19:00:33 INFO DAGScheduler: Final stage: ShuffleMapStage 1 (parquet at NativeMethodAccessorImpl.java:0)
[2026-06-27T19:00:33.816+0000] {spark_submit.py:490} INFO - 26/06/27 19:00:33 INFO DAGScheduler: Parents of final stage: List()
[2026-06-27T19:00:33.817+0000] {spark_submit.py:490} INFO - 26/06/27 19:00:33 INFO DAGScheduler: Missing parents: List()
[2026-06-27T19:00:33.818+0000] {spark_submit.py:490} INFO - 26/06/27 19:00:33 INFO DAGScheduler: Submitting ShuffleMapStage 1 (MapPartitionsRDD[5] at parquet at NativeMethodAccessorImpl.java:0), which has no missing parents
[2026-06-27T19:00:33.829+0000] {spark_submit.py:490} INFO - 26/06/27 19:00:33 INFO MemoryStore: Block broadcast_2 stored as values in memory (estimated size 71.6 KiB, free 434.1 MiB)
[2026-06-27T19:00:33.830+0000] {spark_submit.py:490} INFO - 26/06/27 19:00:33 INFO MemoryStore: Block broadcast_2_piece0 stored as bytes in memory (estimated size 26.9 KiB, free 434.1 MiB)
[2026-06-27T19:00:33.831+0000] {spark_submit.py:490} INFO - 26/06/27 19:00:33 INFO BlockManagerInfo: Added broadcast_2_piece0 in memory on b18662f3c6bd:35833 (size: 26.9 KiB, free: 434.3 MiB)
[2026-06-27T19:00:33.831+0000] {spark_submit.py:490} INFO - 26/06/27 19:00:33 INFO SparkContext: Created broadcast 2 from broadcast at DAGScheduler.scala:1611
[2026-06-27T19:00:33.832+0000] {spark_submit.py:490} INFO - 26/06/27 19:00:33 INFO DAGScheduler: Submitting 3 missing tasks from ShuffleMapStage 1 (MapPartitionsRDD[5] at parquet at NativeMethodAccessorImpl.java:0) (first 15 tasks are for partitions Vector(0, 1, 2))
[2026-06-27T19:00:33.833+0000] {spark_submit.py:490} INFO - 26/06/27 19:00:33 INFO TaskSchedulerImpl: Adding task set 1.0 with 3 tasks resource profile 0
[2026-06-27T19:00:33.839+0000] {spark_submit.py:490} INFO - 26/06/27 19:00:33 INFO TaskSetManager: Starting task 0.0 in stage 1.0 (TID 1) (172.19.0.6, executor 0, partition 0, PROCESS_LOCAL, 9744 bytes)
[2026-06-27T19:00:33.839+0000] {spark_submit.py:490} INFO - 26/06/27 19:00:33 INFO TaskSetManager: Starting task 1.0 in stage 1.0 (TID 2) (172.19.0.6, executor 0, partition 1, PROCESS_LOCAL, 9750 bytes)
[2026-06-27T19:00:33.840+0000] {spark_submit.py:490} INFO - 26/06/27 19:00:33 INFO TaskSetManager: Starting task 2.0 in stage 1.0 (TID 3) (172.19.0.6, executor 0, partition 2, PROCESS_LOCAL, 9744 bytes)
[2026-06-27T19:00:33.928+0000] {spark_submit.py:490} INFO - 26/06/27 19:00:33 INFO BlockManagerInfo: Added broadcast_2_piece0 in memory on 172.19.0.6:45385 (size: 26.9 KiB, free: 434.4 MiB)
[2026-06-27T19:00:34.769+0000] {spark_submit.py:490} INFO - 26/06/27 19:00:34 INFO BlockManagerInfo: Added broadcast_1_piece0 in memory on 172.19.0.6:45385 (size: 35.3 KiB, free: 434.3 MiB)
[2026-06-27T19:00:35.060+0000] {spark_submit.py:490} INFO - 26/06/27 19:00:35 INFO TaskSetManager: Finished task 0.0 in stage 1.0 (TID 1) in 1226 ms on 172.19.0.6 (executor 0) (1/3)
[2026-06-27T19:00:35.061+0000] {spark_submit.py:490} INFO - 26/06/27 19:00:35 INFO TaskSetManager: Finished task 1.0 in stage 1.0 (TID 2) in 1221 ms on 172.19.0.6 (executor 0) (2/3)
[2026-06-27T19:00:35.063+0000] {spark_submit.py:490} INFO - 26/06/27 19:00:35 INFO TaskSetManager: Finished task 2.0 in stage 1.0 (TID 3) in 1223 ms on 172.19.0.6 (executor 0) (3/3)
[2026-06-27T19:00:35.064+0000] {spark_submit.py:490} INFO - 26/06/27 19:00:35 INFO TaskSchedulerImpl: Removed TaskSet 1.0, whose tasks have all completed, from pool
[2026-06-27T19:00:35.070+0000] {spark_submit.py:490} INFO - 26/06/27 19:00:35 INFO DAGScheduler: ShuffleMapStage 1 (parquet at NativeMethodAccessorImpl.java:0) finished in 1.248 s
[2026-06-27T19:00:35.071+0000] {spark_submit.py:490} INFO - 26/06/27 19:00:35 INFO DAGScheduler: looking for newly runnable stages
[2026-06-27T19:00:35.071+0000] {spark_submit.py:490} INFO - 26/06/27 19:00:35 INFO DAGScheduler: running: Set()
[2026-06-27T19:00:35.072+0000] {spark_submit.py:490} INFO - 26/06/27 19:00:35 INFO DAGScheduler: waiting: Set()
[2026-06-27T19:00:35.073+0000] {spark_submit.py:490} INFO - 26/06/27 19:00:35 INFO DAGScheduler: failed: Set()
[2026-06-27T19:00:35.095+0000] {spark_submit.py:490} INFO - 26/06/27 19:00:35 INFO ShufflePartitionsUtil: For shuffle(0), advisory target size: 67108864, actual target size 1048576, minimum partition size: 1048576
[2026-06-27T19:00:35.118+0000] {spark_submit.py:490} INFO - 26/06/27 19:00:35 INFO ParquetUtils: Using default output committer for Parquet: org.apache.parquet.hadoop.ParquetOutputCommitter
[2026-06-27T19:00:35.126+0000] {spark_submit.py:490} INFO - 26/06/27 19:00:35 INFO FileOutputCommitter: File Output Committer Algorithm version is 1
[2026-06-27T19:00:35.126+0000] {spark_submit.py:490} INFO - 26/06/27 19:00:35 INFO FileOutputCommitter: FileOutputCommitter skip cleanup _temporary folders under output directory:false, ignore cleanup failures: false
[2026-06-27T19:00:35.126+0000] {spark_submit.py:490} INFO - 26/06/27 19:00:35 INFO SQLHadoopMapReduceCommitProtocol: Using user defined output committer class org.apache.parquet.hadoop.ParquetOutputCommitter
[2026-06-27T19:00:35.126+0000] {spark_submit.py:490} INFO - 26/06/27 19:00:35 INFO FileOutputCommitter: File Output Committer Algorithm version is 1
[2026-06-27T19:00:35.126+0000] {spark_submit.py:490} INFO - 26/06/27 19:00:35 INFO FileOutputCommitter: FileOutputCommitter skip cleanup _temporary folders under output directory:false, ignore cleanup failures: false
[2026-06-27T19:00:35.127+0000] {spark_submit.py:490} INFO - 26/06/27 19:00:35 INFO SQLHadoopMapReduceCommitProtocol: Using output committer class org.apache.parquet.hadoop.ParquetOutputCommitter
[2026-06-27T19:00:35.143+0000] {spark_submit.py:490} INFO - 26/06/27 19:00:35 INFO HashAggregateExec: spark.sql.codegen.aggregate.map.twolevel.enabled is set to true, but current version of codegened fast hashmap does not support this aggregate.
[2026-06-27T19:00:35.198+0000] {spark_submit.py:490} INFO - 26/06/27 19:00:35 INFO BlockManagerInfo: Removed broadcast_2_piece0 on b18662f3c6bd:35833 in memory (size: 26.9 KiB, free: 434.4 MiB)
[2026-06-27T19:00:35.203+0000] {spark_submit.py:490} INFO - 26/06/27 19:00:35 INFO BlockManagerInfo: Removed broadcast_2_piece0 on 172.19.0.6:45385 in memory (size: 26.9 KiB, free: 434.4 MiB)
[2026-06-27T19:00:35.239+0000] {spark_submit.py:490} INFO - 26/06/27 19:00:35 INFO CodeGenerator: Code generated in 61.803363 ms
[2026-06-27T19:00:35.258+0000] {spark_submit.py:490} INFO - 26/06/27 19:00:35 INFO SparkContext: Starting job: parquet at NativeMethodAccessorImpl.java:0
[2026-06-27T19:00:35.260+0000] {spark_submit.py:490} INFO - 26/06/27 19:00:35 INFO DAGScheduler: Got job 2 (parquet at NativeMethodAccessorImpl.java:0) with 1 output partitions
[2026-06-27T19:00:35.261+0000] {spark_submit.py:490} INFO - 26/06/27 19:00:35 INFO DAGScheduler: Final stage: ResultStage 3 (parquet at NativeMethodAccessorImpl.java:0)
[2026-06-27T19:00:35.261+0000] {spark_submit.py:490} INFO - 26/06/27 19:00:35 INFO DAGScheduler: Parents of final stage: List(ShuffleMapStage 2)
[2026-06-27T19:00:35.261+0000] {spark_submit.py:490} INFO - 26/06/27 19:00:35 INFO DAGScheduler: Missing parents: List()
[2026-06-27T19:00:35.261+0000] {spark_submit.py:490} INFO - 26/06/27 19:00:35 INFO DAGScheduler: Submitting ResultStage 3 (MapPartitionsRDD[8] at parquet at NativeMethodAccessorImpl.java:0), which has no missing parents
[2026-06-27T19:00:35.292+0000] {spark_submit.py:490} INFO - 26/06/27 19:00:35 INFO MemoryStore: Block broadcast_3 stored as values in memory (estimated size 286.5 KiB, free 433.9 MiB)
[2026-06-27T19:00:35.297+0000] {spark_submit.py:490} INFO - 26/06/27 19:00:35 INFO MemoryStore: Block broadcast_3_piece0 stored as bytes in memory (estimated size 102.8 KiB, free 433.8 MiB)
[2026-06-27T19:00:35.298+0000] {spark_submit.py:490} INFO - 26/06/27 19:00:35 INFO BlockManagerInfo: Added broadcast_3_piece0 in memory on b18662f3c6bd:35833 (size: 102.8 KiB, free: 434.3 MiB)
[2026-06-27T19:00:35.299+0000] {spark_submit.py:490} INFO - 26/06/27 19:00:35 INFO SparkContext: Created broadcast 3 from broadcast at DAGScheduler.scala:1611
[2026-06-27T19:00:35.299+0000] {spark_submit.py:490} INFO - 26/06/27 19:00:35 INFO DAGScheduler: Submitting 1 missing tasks from ResultStage 3 (MapPartitionsRDD[8] at parquet at NativeMethodAccessorImpl.java:0) (first 15 tasks are for partitions Vector(0))
[2026-06-27T19:00:35.300+0000] {spark_submit.py:490} INFO - 26/06/27 19:00:35 INFO TaskSchedulerImpl: Adding task set 3.0 with 1 tasks resource profile 0
[2026-06-27T19:00:35.307+0000] {spark_submit.py:490} INFO - 26/06/27 19:00:35 INFO TaskSetManager: Starting task 0.0 in stage 3.0 (TID 4) (172.19.0.6, executor 0, partition 0, NODE_LOCAL, 9003 bytes)
[2026-06-27T19:00:35.334+0000] {spark_submit.py:490} INFO - 26/06/27 19:00:35 INFO BlockManagerInfo: Added broadcast_3_piece0 in memory on 172.19.0.6:45385 (size: 102.8 KiB, free: 434.3 MiB)
[2026-06-27T19:00:35.468+0000] {spark_submit.py:490} INFO - 26/06/27 19:00:35 INFO MapOutputTrackerMasterEndpoint: Asked to send map output locations for shuffle 0 to 172.19.0.6:34202
[2026-06-27T19:00:35.982+0000] {spark_submit.py:490} INFO - 26/06/27 19:00:35 INFO TaskSetManager: Finished task 0.0 in stage 3.0 (TID 4) in 677 ms on 172.19.0.6 (executor 0) (1/1)
[2026-06-27T19:00:35.982+0000] {spark_submit.py:490} INFO - 26/06/27 19:00:35 INFO TaskSchedulerImpl: Removed TaskSet 3.0, whose tasks have all completed, from pool
[2026-06-27T19:00:35.983+0000] {spark_submit.py:490} INFO - 26/06/27 19:00:35 INFO DAGScheduler: ResultStage 3 (parquet at NativeMethodAccessorImpl.java:0) finished in 0.712 s
[2026-06-27T19:00:35.984+0000] {spark_submit.py:490} INFO - 26/06/27 19:00:35 INFO DAGScheduler: Job 2 is finished. Cancelling potential speculative or zombie tasks for this job
[2026-06-27T19:00:35.985+0000] {spark_submit.py:490} INFO - 26/06/27 19:00:35 INFO TaskSchedulerImpl: Killing all running tasks in stage 3: Stage finished
[2026-06-27T19:00:35.986+0000] {spark_submit.py:490} INFO - 26/06/27 19:00:35 INFO DAGScheduler: Job 2 finished: parquet at NativeMethodAccessorImpl.java:0, took 0.726955 s
[2026-06-27T19:00:35.989+0000] {spark_submit.py:490} INFO - 26/06/27 19:00:35 INFO FileFormatWriter: Start to commit write Job babad8e0-45f0-474c-885e-715680635d26.
[2026-06-27T19:00:36.020+0000] {spark_submit.py:490} INFO - 26/06/27 19:00:36 INFO FileFormatWriter: Write Job babad8e0-45f0-474c-885e-715680635d26 committed. Elapsed time: 30 ms.
[2026-06-27T19:00:36.024+0000] {spark_submit.py:490} INFO - 26/06/27 19:00:36 INFO FileFormatWriter: Finished processing stats for write job babad8e0-45f0-474c-885e-715680635d26.
[2026-06-27T19:00:36.027+0000] {spark_submit.py:490} INFO - 26/06/27 19:00:36 INFO SparkContext: SparkContext is stopping with exitCode 0.
[2026-06-27T19:00:36.035+0000] {spark_submit.py:490} INFO - 26/06/27 19:00:36 INFO SparkUI: Stopped Spark web UI at http://b18662f3c6bd:4040
[2026-06-27T19:00:36.040+0000] {spark_submit.py:490} INFO - 26/06/27 19:00:36 INFO StandaloneSchedulerBackend: Shutting down all executors
[2026-06-27T19:00:36.041+0000] {spark_submit.py:490} INFO - 26/06/27 19:00:36 INFO StandaloneSchedulerBackend$StandaloneDriverEndpoint: Asking each executor to shut down
[2026-06-27T19:00:36.070+0000] {spark_submit.py:490} INFO - 26/06/27 19:00:36 INFO MapOutputTrackerMasterEndpoint: MapOutputTrackerMasterEndpoint stopped!
[2026-06-27T19:00:36.095+0000] {spark_submit.py:490} INFO - 26/06/27 19:00:36 INFO MemoryStore: MemoryStore cleared
[2026-06-27T19:00:36.096+0000] {spark_submit.py:490} INFO - 26/06/27 19:00:36 INFO BlockManager: BlockManager stopped
[2026-06-27T19:00:36.101+0000] {spark_submit.py:490} INFO - 26/06/27 19:00:36 INFO BlockManagerMaster: BlockManagerMaster stopped
[2026-06-27T19:00:36.104+0000] {spark_submit.py:490} INFO - 26/06/27 19:00:36 INFO OutputCommitCoordinator$OutputCommitCoordinatorEndpoint: OutputCommitCoordinator stopped!
[2026-06-27T19:00:36.115+0000] {spark_submit.py:490} INFO - 26/06/27 19:00:36 INFO SparkContext: Successfully stopped SparkContext
[2026-06-27T19:00:36.216+0000] {spark_submit.py:490} INFO - 26/06/27 19:00:36 INFO ShutdownHookManager: Shutdown hook called
[2026-06-27T19:00:36.217+0000] {spark_submit.py:490} INFO - 26/06/27 19:00:36 INFO ShutdownHookManager: Deleting directory /tmp/spark-84a486e6-b6c7-4057-9f06-e480a735c61b
[2026-06-27T19:00:36.225+0000] {spark_submit.py:490} INFO - 26/06/27 19:00:36 INFO ShutdownHookManager: Deleting directory /tmp/spark-3b9a8264-4c49-46e5-9c34-e7a7f7e6de46
[2026-06-27T19:00:36.231+0000] {spark_submit.py:490} INFO - 26/06/27 19:00:36 INFO ShutdownHookManager: Deleting directory /tmp/spark-84a486e6-b6c7-4057-9f06-e480a735c61b/pyspark-63aa01fe-4280-4693-a7d3-9ebbf05700b5
[2026-06-27T19:00:36.310+0000] {taskinstance.py:1138} INFO - Marking task as SUCCESS. dag_id=tomtom_spark_pipeline, task_id=silver_to_gold, execution_date=20260627T180000, start_date=20260627T190026, end_date=20260627T190036
[2026-06-27T19:00:36.365+0000] {local_task_job_runner.py:234} INFO - Task exited with return code 0
[2026-06-27T19:00:36.394+0000] {taskinstance.py:3280} INFO - 0 downstream tasks scheduled from follow-on schedule check
