[2026-06-28T18:25:16.149+0000] {taskinstance.py:1956} INFO - Dependencies all met for dep_context=non-requeueable deps ti=<TaskInstance: tomtom_spark_pipeline.ingestion manual__2026-06-28T18:18:02.489399+00:00 [queued]>
[2026-06-28T18:25:16.156+0000] {taskinstance.py:1956} INFO - Dependencies all met for dep_context=requeueable deps ti=<TaskInstance: tomtom_spark_pipeline.ingestion manual__2026-06-28T18:18:02.489399+00:00 [queued]>
[2026-06-28T18:25:16.157+0000] {taskinstance.py:2170} INFO - Starting attempt 1 of 4
[2026-06-28T18:25:16.169+0000] {taskinstance.py:2191} INFO - Executing <Task(SparkSubmitOperator): ingestion> on 2026-06-28 18:18:02.489399+00:00
[2026-06-28T18:25:16.173+0000] {standard_task_runner.py:60} INFO - Started process 4116 to run task
[2026-06-28T18:25:16.175+0000] {standard_task_runner.py:87} INFO - Running: ['***', 'tasks', 'run', 'tomtom_spark_pipeline', 'ingestion', 'manual__2026-06-28T18:18:02.489399+00:00', '--job-id', '11', '--raw', '--subdir', 'DAGS_FOLDER/tomtom_spark_pipeline_dag.py', '--cfg-path', '/tmp/tmprg9_fcth']
[2026-06-28T18:25:16.176+0000] {standard_task_runner.py:88} INFO - Job 11: Subtask ingestion
[2026-06-28T18:25:16.215+0000] {task_command.py:423} INFO - Running <TaskInstance: tomtom_spark_pipeline.ingestion manual__2026-06-28T18:18:02.489399+00:00 [running]> on host 86a3e92c752e
[2026-06-28T18:25:16.280+0000] {taskinstance.py:2480} INFO - Exporting env vars: AIRFLOW_CTX_DAG_OWNER='thesis' AIRFLOW_CTX_DAG_ID='tomtom_spark_pipeline' AIRFLOW_CTX_TASK_ID='ingestion' AIRFLOW_CTX_EXECUTION_DATE='2026-06-28T18:18:02.489399+00:00' AIRFLOW_CTX_TRY_NUMBER='1' AIRFLOW_CTX_DAG_RUN_ID='manual__2026-06-28T18:18:02.489399+00:00'
[2026-06-28T18:25:16.289+0000] {spark_submit.py:217} INFO - Could not load connection string spark_default, defaulting to yarn
[2026-06-28T18:25:16.290+0000] {spark_submit.py:339} INFO - Spark-Submit cmd: spark-submit --master yarn --conf spark.master=spark://spark-master:7077 --conf spark.hadoop.fs.permissions.umask-mode=000 --conf spark.hadoop.fs.permissions.enabled=false --conf spark.sql.warehouse.dir=/opt/data --name arrow-spark /opt/spark-apps/bronze_job.py
[2026-06-28T18:25:17.456+0000] {spark_submit.py:490} INFO - Exception in thread "main" org.apache.spark.SparkException: When running with master 'yarn' either HADOOP_CONF_DIR or YARN_CONF_DIR must be set in the environment.
[2026-06-28T18:25:17.456+0000] {spark_submit.py:490} INFO - at org.apache.spark.deploy.SparkSubmitArguments.error(SparkSubmitArguments.scala:650)
[2026-06-28T18:25:17.456+0000] {spark_submit.py:490} INFO - at org.apache.spark.deploy.SparkSubmitArguments.validateSubmitArguments(SparkSubmitArguments.scala:281)
[2026-06-28T18:25:17.457+0000] {spark_submit.py:490} INFO - at org.apache.spark.deploy.SparkSubmitArguments.validateArguments(SparkSubmitArguments.scala:237)
[2026-06-28T18:25:17.457+0000] {spark_submit.py:490} INFO - at org.apache.spark.deploy.SparkSubmitArguments.<init>(SparkSubmitArguments.scala:122)
[2026-06-28T18:25:17.457+0000] {spark_submit.py:490} INFO - at org.apache.spark.deploy.SparkSubmit$$anon$2$$anon$3.<init>(SparkSubmit.scala:1108)
[2026-06-28T18:25:17.457+0000] {spark_submit.py:490} INFO - at org.apache.spark.deploy.SparkSubmit$$anon$2.parseArguments(SparkSubmit.scala:1108)
[2026-06-28T18:25:17.457+0000] {spark_submit.py:490} INFO - at org.apache.spark.deploy.SparkSubmit.doSubmit(SparkSubmit.scala:86)
[2026-06-28T18:25:17.457+0000] {spark_submit.py:490} INFO - at org.apache.spark.deploy.SparkSubmit$$anon$2.doSubmit(SparkSubmit.scala:1125)
[2026-06-28T18:25:17.457+0000] {spark_submit.py:490} INFO - at org.apache.spark.deploy.SparkSubmit$.main(SparkSubmit.scala:1134)
[2026-06-28T18:25:17.457+0000] {spark_submit.py:490} INFO - at org.apache.spark.deploy.SparkSubmit.main(SparkSubmit.scala)
[2026-06-28T18:25:17.482+0000] {taskinstance.py:2698} ERROR - Task failed with exception
Traceback (most recent call last):
  File "/home/airflow/.local/lib/python3.8/site-packages/airflow/models/taskinstance.py", line 433, in _execute_task
    result = execute_callable(context=context, **execute_callable_kwargs)
  File "/home/airflow/.local/lib/python3.8/site-packages/airflow/providers/apache/spark/operators/spark_submit.py", line 157, in execute
    self._hook.submit(self._application)
  File "/home/airflow/.local/lib/python3.8/site-packages/airflow/providers/apache/spark/hooks/spark_submit.py", line 421, in submit
    raise AirflowException(
airflow.exceptions.AirflowException: Cannot execute: spark-submit --master yarn --conf spark.master=spark://spark-master:7077 --conf spark.hadoop.fs.permissions.umask-mode=000 --conf spark.hadoop.fs.permissions.enabled=false --conf spark.sql.warehouse.dir=/opt/data --name arrow-spark /opt/spark-apps/bronze_job.py. Error code is: 1.
[2026-06-28T18:25:17.484+0000] {taskinstance.py:1138} INFO - Marking task as UP_FOR_RETRY. dag_id=tomtom_spark_pipeline, task_id=ingestion, execution_date=20260628T181802, start_date=20260628T182516, end_date=20260628T182517
[2026-06-28T18:25:17.492+0000] {standard_task_runner.py:107} ERROR - Failed to execute job 11 for task ingestion (Cannot execute: spark-submit --master yarn --conf spark.master=spark://spark-master:7077 --conf spark.hadoop.fs.permissions.umask-mode=000 --conf spark.hadoop.fs.permissions.enabled=false --conf spark.sql.warehouse.dir=/opt/data --name arrow-spark /opt/spark-apps/bronze_job.py. Error code is: 1.; 4116)
[2026-06-28T18:25:17.512+0000] {local_task_job_runner.py:234} INFO - Task exited with return code 1
[2026-06-28T18:25:17.530+0000] {taskinstance.py:3280} INFO - 0 downstream tasks scheduled from follow-on schedule check
