[2026-06-27T08:20:00.209+0000] {taskinstance.py:1956} INFO - Dependencies all met for dep_context=non-requeueable deps ti=<TaskInstance: spark_transform_dag.spark_job scheduled__2026-06-27T07:40:00+00:00 [queued]>
[2026-06-27T08:20:00.217+0000] {taskinstance.py:1956} INFO - Dependencies all met for dep_context=requeueable deps ti=<TaskInstance: spark_transform_dag.spark_job scheduled__2026-06-27T07:40:00+00:00 [queued]>
[2026-06-27T08:20:00.217+0000] {taskinstance.py:2170} INFO - Starting attempt 2 of 4
[2026-06-27T08:20:00.228+0000] {taskinstance.py:2191} INFO - Executing <Task(PythonOperator): spark_job> on 2026-06-27 07:40:00+00:00
[2026-06-27T08:20:00.231+0000] {standard_task_runner.py:60} INFO - Started process 413 to run task
[2026-06-27T08:20:00.234+0000] {standard_task_runner.py:87} INFO - Running: ['***', 'tasks', 'run', 'spark_transform_dag', 'spark_job', 'scheduled__2026-06-27T07:40:00+00:00', '--job-id', '16', '--raw', '--subdir', 'DAGS_FOLDER/spark_transform_dag.py', '--cfg-path', '/tmp/tmpnccsy29w']
[2026-06-27T08:20:00.234+0000] {standard_task_runner.py:88} INFO - Job 16: Subtask spark_job
[2026-06-27T08:20:00.273+0000] {task_command.py:423} INFO - Running <TaskInstance: spark_transform_dag.spark_job scheduled__2026-06-27T07:40:00+00:00 [running]> on host e16f27897115
[2026-06-27T08:20:00.333+0000] {taskinstance.py:2480} INFO - Exporting env vars: AIRFLOW_CTX_DAG_OWNER='thesis' AIRFLOW_CTX_DAG_ID='spark_transform_dag' AIRFLOW_CTX_TASK_ID='spark_job' AIRFLOW_CTX_EXECUTION_DATE='2026-06-27T07:40:00+00:00' AIRFLOW_CTX_TRY_NUMBER='2' AIRFLOW_CTX_DAG_RUN_ID='scheduled__2026-06-27T07:40:00+00:00'
[2026-06-27T08:20:00.348+0000] {logging_mixin.py:188} INFO - Cannot connect to the Docker daemon at unix:///var/run/docker.sock. Is the docker daemon running?
[2026-06-27T08:20:00.349+0000] {taskinstance.py:2698} ERROR - Task failed with exception
Traceback (most recent call last):
  File "/home/airflow/.local/lib/python3.8/site-packages/airflow/models/taskinstance.py", line 433, in _execute_task
    result = execute_callable(context=context, **execute_callable_kwargs)
  File "/home/airflow/.local/lib/python3.8/site-packages/airflow/operators/python.py", line 199, in execute
    return_value = self.execute_callable()
  File "/home/airflow/.local/lib/python3.8/site-packages/airflow/operators/python.py", line 216, in execute_callable
    return self.python_callable(*self.op_args, **self.op_kwargs)
  File "/opt/airflow/dags/spark_transform_dag.py", line 26, in run_spark_job
    raise RuntimeError("Spark job failed")
RuntimeError: Spark job failed
[2026-06-27T08:20:00.357+0000] {taskinstance.py:1138} INFO - Marking task as UP_FOR_RETRY. dag_id=spark_transform_dag, task_id=spark_job, execution_date=20260627T074000, start_date=20260627T082000, end_date=20260627T082000
[2026-06-27T08:20:00.368+0000] {standard_task_runner.py:107} ERROR - Failed to execute job 16 for task spark_job (Spark job failed; 413)
[2026-06-27T08:20:00.404+0000] {local_task_job_runner.py:234} INFO - Task exited with return code 1
[2026-06-27T08:20:00.418+0000] {taskinstance.py:3280} INFO - 0 downstream tasks scheduled from follow-on schedule check
