[2026-06-27T08:35:32.667+0000] {taskinstance.py:1956} INFO - Dependencies all met for dep_context=non-requeueable deps ti=<TaskInstance: spark_transform_dag.spark_job scheduled__2026-06-27T07:40:00+00:00 [queued]>
[2026-06-27T08:35:32.676+0000] {taskinstance.py:1956} INFO - Dependencies all met for dep_context=requeueable deps ti=<TaskInstance: spark_transform_dag.spark_job scheduled__2026-06-27T07:40:00+00:00 [queued]>
[2026-06-27T08:35:32.677+0000] {taskinstance.py:2170} INFO - Starting attempt 4 of 4
[2026-06-27T08:35:32.688+0000] {taskinstance.py:2191} INFO - Executing <Task(SparkSubmitOperator): spark_job> on 2026-06-27 07:40:00+00:00
[2026-06-27T08:35:32.691+0000] {standard_task_runner.py:60} INFO - Started process 520 to run task
[2026-06-27T08:35:32.693+0000] {standard_task_runner.py:87} INFO - Running: ['***', 'tasks', 'run', 'spark_transform_dag', 'spark_job', 'scheduled__2026-06-27T07:40:00+00:00', '--job-id', '27', '--raw', '--subdir', 'DAGS_FOLDER/spark_transform_dag.py', '--cfg-path', '/tmp/tmps1qs_d53']
[2026-06-27T08:35:32.695+0000] {standard_task_runner.py:88} INFO - Job 27: Subtask spark_job
[2026-06-27T08:35:32.760+0000] {task_command.py:423} INFO - Running <TaskInstance: spark_transform_dag.spark_job scheduled__2026-06-27T07:40:00+00:00 [running]> on host fd1b3bb3981a
[2026-06-27T08:35:32.866+0000] {taskinstance.py:2480} INFO - Exporting env vars: AIRFLOW_CTX_DAG_OWNER='thesis' AIRFLOW_CTX_DAG_ID='spark_transform_dag' AIRFLOW_CTX_TASK_ID='spark_job' AIRFLOW_CTX_EXECUTION_DATE='2026-06-27T07:40:00+00:00' AIRFLOW_CTX_TRY_NUMBER='4' AIRFLOW_CTX_DAG_RUN_ID='scheduled__2026-06-27T07:40:00+00:00'
[2026-06-27T08:35:32.879+0000] {spark_submit.py:217} INFO - Could not load connection string spark_default, defaulting to yarn
[2026-06-27T08:35:32.880+0000] {spark_submit.py:339} INFO - Spark-Submit cmd: spark-submit --master yarn --conf spark.master=spark://spark-master:7077 --jars /opt/spark/drivers/postgresql-42.7.11.jar --name arrow-spark --verbose /opt/***/dags/silver_to_gold.py
[2026-06-27T08:35:32.932+0000] {spark_submit.py:490} INFO - JAVA_HOME is not set
[2026-06-27T08:35:32.947+0000] {taskinstance.py:2698} ERROR - Task failed with exception
Traceback (most recent call last):
  File "/home/airflow/.local/lib/python3.8/site-packages/airflow/models/taskinstance.py", line 433, in _execute_task
    result = execute_callable(context=context, **execute_callable_kwargs)
  File "/home/airflow/.local/lib/python3.8/site-packages/airflow/providers/apache/spark/operators/spark_submit.py", line 157, in execute
    self._hook.submit(self._application)
  File "/home/airflow/.local/lib/python3.8/site-packages/airflow/providers/apache/spark/hooks/spark_submit.py", line 421, in submit
    raise AirflowException(
airflow.exceptions.AirflowException: Cannot execute: spark-submit --master yarn --conf spark.master=spark://spark-master:7077 --jars /opt/spark/drivers/postgresql-42.7.11.jar --name arrow-spark --verbose /opt/***/dags/silver_to_gold.py. Error code is: 1.
[2026-06-27T08:35:32.950+0000] {taskinstance.py:1138} INFO - Marking task as FAILED. dag_id=spark_transform_dag, task_id=spark_job, execution_date=20260627T074000, start_date=20260627T083532, end_date=20260627T083532
[2026-06-27T08:35:32.967+0000] {standard_task_runner.py:107} ERROR - Failed to execute job 27 for task spark_job (Cannot execute: spark-submit --master yarn --conf spark.master=spark://spark-master:7077 --jars /opt/spark/drivers/postgresql-42.7.11.jar --name arrow-spark --verbose /opt/***/dags/silver_to_gold.py. Error code is: 1.; 520)
[2026-06-27T08:35:32.986+0000] {local_task_job_runner.py:234} INFO - Task exited with return code 1
[2026-06-27T08:35:33.011+0000] {taskinstance.py:3280} INFO - 0 downstream tasks scheduled from follow-on schedule check
