[2026-06-28T18:18:02.235+0000] {taskinstance.py:1956} INFO - Dependencies all met for dep_context=non-requeueable deps ti=<TaskInstance: tomtom_api_ingestion.trigger_spark_pipeline manual__2026-06-28T18:17:49.373553+00:00 [queued]>
[2026-06-28T18:18:02.248+0000] {taskinstance.py:1956} INFO - Dependencies all met for dep_context=requeueable deps ti=<TaskInstance: tomtom_api_ingestion.trigger_spark_pipeline manual__2026-06-28T18:17:49.373553+00:00 [queued]>
[2026-06-28T18:18:02.248+0000] {taskinstance.py:2170} INFO - Starting attempt 1 of 4
[2026-06-28T18:18:02.266+0000] {taskinstance.py:2191} INFO - Executing <Task(TriggerDagRunOperator): trigger_spark_pipeline> on 2026-06-28 18:17:49.373553+00:00
[2026-06-28T18:18:02.274+0000] {standard_task_runner.py:60} INFO - Started process 3900 to run task
[2026-06-28T18:18:02.278+0000] {standard_task_runner.py:87} INFO - Running: ['***', 'tasks', 'run', 'tomtom_api_ingestion', 'trigger_spark_pipeline', 'manual__2026-06-28T18:17:49.373553+00:00', '--job-id', '8', '--raw', '--subdir', 'DAGS_FOLDER/tomtom_ingestion_api_dag.py', '--cfg-path', '/tmp/tmpyuacefnh']
[2026-06-28T18:18:02.281+0000] {standard_task_runner.py:88} INFO - Job 8: Subtask trigger_spark_pipeline
[2026-06-28T18:18:02.353+0000] {task_command.py:423} INFO - Running <TaskInstance: tomtom_api_ingestion.trigger_spark_pipeline manual__2026-06-28T18:17:49.373553+00:00 [running]> on host 86a3e92c752e
[2026-06-28T18:18:02.472+0000] {taskinstance.py:2480} INFO - Exporting env vars: AIRFLOW_CTX_DAG_OWNER='thesis' AIRFLOW_CTX_DAG_ID='tomtom_api_ingestion' AIRFLOW_CTX_TASK_ID='trigger_spark_pipeline' AIRFLOW_CTX_EXECUTION_DATE='2026-06-28T18:17:49.373553+00:00' AIRFLOW_CTX_TRY_NUMBER='1' AIRFLOW_CTX_DAG_RUN_ID='manual__2026-06-28T18:17:49.373553+00:00'
[2026-06-28T18:18:02.598+0000] {trigger_dagrun.py:210} INFO - Waiting for tomtom_spark_pipeline on 2026-06-28 18:18:02.473327+00:00 to become allowed state ['success'] ...
[2026-06-28T18:19:02.680+0000] {trigger_dagrun.py:210} INFO - Waiting for tomtom_spark_pipeline on 2026-06-28 18:18:02.473327+00:00 to become allowed state ['success'] ...
[2026-06-28T18:20:02.715+0000] {trigger_dagrun.py:210} INFO - Waiting for tomtom_spark_pipeline on 2026-06-28 18:18:02.473327+00:00 to become allowed state ['success'] ...
[2026-06-28T18:21:02.780+0000] {trigger_dagrun.py:210} INFO - Waiting for tomtom_spark_pipeline on 2026-06-28 18:18:02.473327+00:00 to become allowed state ['success'] ...
[2026-06-28T18:22:02.840+0000] {trigger_dagrun.py:210} INFO - Waiting for tomtom_spark_pipeline on 2026-06-28 18:18:02.473327+00:00 to become allowed state ['success'] ...
[2026-06-28T18:23:02.914+0000] {trigger_dagrun.py:210} INFO - Waiting for tomtom_spark_pipeline on 2026-06-28 18:18:02.473327+00:00 to become allowed state ['success'] ...
[2026-06-28T18:24:02.992+0000] {trigger_dagrun.py:210} INFO - Waiting for tomtom_spark_pipeline on 2026-06-28 18:18:02.473327+00:00 to become allowed state ['success'] ...
[2026-06-28T18:25:03.070+0000] {trigger_dagrun.py:210} INFO - Waiting for tomtom_spark_pipeline on 2026-06-28 18:18:02.473327+00:00 to become allowed state ['success'] ...
[2026-06-28T18:26:03.147+0000] {trigger_dagrun.py:210} INFO - Waiting for tomtom_spark_pipeline on 2026-06-28 18:18:02.473327+00:00 to become allowed state ['success'] ...
[2026-06-28T18:27:03.224+0000] {trigger_dagrun.py:210} INFO - Waiting for tomtom_spark_pipeline on 2026-06-28 18:18:02.473327+00:00 to become allowed state ['success'] ...
[2026-06-28T18:28:03.300+0000] {trigger_dagrun.py:210} INFO - Waiting for tomtom_spark_pipeline on 2026-06-28 18:18:02.473327+00:00 to become allowed state ['success'] ...
[2026-06-28T18:29:03.374+0000] {trigger_dagrun.py:210} INFO - Waiting for tomtom_spark_pipeline on 2026-06-28 18:18:02.473327+00:00 to become allowed state ['success'] ...
[2026-06-28T18:30:03.449+0000] {trigger_dagrun.py:210} INFO - Waiting for tomtom_spark_pipeline on 2026-06-28 18:18:02.473327+00:00 to become allowed state ['success'] ...
[2026-06-28T18:31:03.521+0000] {trigger_dagrun.py:210} INFO - Waiting for tomtom_spark_pipeline on 2026-06-28 18:18:02.473327+00:00 to become allowed state ['success'] ...
[2026-06-28T18:32:03.562+0000] {trigger_dagrun.py:210} INFO - Waiting for tomtom_spark_pipeline on 2026-06-28 18:18:02.473327+00:00 to become allowed state ['success'] ...
[2026-06-28T18:33:03.594+0000] {trigger_dagrun.py:210} INFO - Waiting for tomtom_spark_pipeline on 2026-06-28 18:18:02.473327+00:00 to become allowed state ['success'] ...
[2026-06-28T18:34:03.662+0000] {trigger_dagrun.py:210} INFO - Waiting for tomtom_spark_pipeline on 2026-06-28 18:18:02.473327+00:00 to become allowed state ['success'] ...
[2026-06-28T18:35:03.733+0000] {trigger_dagrun.py:210} INFO - Waiting for tomtom_spark_pipeline on 2026-06-28 18:18:02.473327+00:00 to become allowed state ['success'] ...
[2026-06-28T18:36:03.810+0000] {trigger_dagrun.py:210} INFO - Waiting for tomtom_spark_pipeline on 2026-06-28 18:18:02.473327+00:00 to become allowed state ['success'] ...
[2026-06-28T18:37:03.885+0000] {trigger_dagrun.py:210} INFO - Waiting for tomtom_spark_pipeline on 2026-06-28 18:18:02.473327+00:00 to become allowed state ['success'] ...
[2026-06-28T18:38:03.953+0000] {trigger_dagrun.py:210} INFO - Waiting for tomtom_spark_pipeline on 2026-06-28 18:18:02.473327+00:00 to become allowed state ['success'] ...
[2026-06-28T18:39:04.032+0000] {trigger_dagrun.py:210} INFO - Waiting for tomtom_spark_pipeline on 2026-06-28 18:18:02.473327+00:00 to become allowed state ['success'] ...
[2026-06-28T18:40:04.114+0000] {trigger_dagrun.py:210} INFO - Waiting for tomtom_spark_pipeline on 2026-06-28 18:18:02.473327+00:00 to become allowed state ['success'] ...
[2026-06-28T18:41:04.181+0000] {trigger_dagrun.py:223} INFO - tomtom_spark_pipeline finished with allowed state success
[2026-06-28T18:41:04.190+0000] {taskinstance.py:1138} INFO - Marking task as SUCCESS. dag_id=tomtom_api_ingestion, task_id=trigger_spark_pipeline, execution_date=20260628T181749, start_date=20260628T181802, end_date=20260628T184104
[2026-06-28T18:41:04.236+0000] {local_task_job_runner.py:234} INFO - Task exited with return code 0
[2026-06-28T18:41:04.251+0000] {taskinstance.py:3280} INFO - 0 downstream tasks scheduled from follow-on schedule check
