[2026-06-27T09:06:45.427+0000] {taskinstance.py:1956} INFO - Dependencies all met for dep_context=non-requeueable deps ti=<TaskInstance: spark_transform_dag.spark_job scheduled__2026-06-27T08:40:00+00:00 [queued]>
[2026-06-27T09:06:45.435+0000] {taskinstance.py:1956} INFO - Dependencies all met for dep_context=requeueable deps ti=<TaskInstance: spark_transform_dag.spark_job scheduled__2026-06-27T08:40:00+00:00 [queued]>
[2026-06-27T09:06:45.435+0000] {taskinstance.py:2170} INFO - Starting attempt 2 of 4
[2026-06-27T09:06:45.448+0000] {taskinstance.py:2191} INFO - Executing <Task(SparkSubmitOperator): spark_job> on 2026-06-27 08:40:00+00:00
[2026-06-27T09:06:45.451+0000] {standard_task_runner.py:60} INFO - Started process 456 to run task
[2026-06-27T09:06:45.454+0000] {standard_task_runner.py:87} INFO - Running: ['***', 'tasks', 'run', 'spark_transform_dag', 'spark_job', 'scheduled__2026-06-27T08:40:00+00:00', '--job-id', '43', '--raw', '--subdir', 'DAGS_FOLDER/spark_transform_dag.py', '--cfg-path', '/tmp/tmp4x7fu05v']
[2026-06-27T09:06:45.456+0000] {standard_task_runner.py:88} INFO - Job 43: Subtask spark_job
[2026-06-27T09:06:45.505+0000] {task_command.py:423} INFO - Running <TaskInstance: spark_transform_dag.spark_job scheduled__2026-06-27T08:40:00+00:00 [running]> on host 1b6401ad89a1
[2026-06-27T09:06:45.559+0000] {taskinstance.py:2480} INFO - Exporting env vars: AIRFLOW_CTX_DAG_OWNER='thesis' AIRFLOW_CTX_DAG_ID='spark_transform_dag' AIRFLOW_CTX_TASK_ID='spark_job' AIRFLOW_CTX_EXECUTION_DATE='2026-06-27T08:40:00+00:00' AIRFLOW_CTX_TRY_NUMBER='2' AIRFLOW_CTX_DAG_RUN_ID='scheduled__2026-06-27T08:40:00+00:00'
[2026-06-27T09:06:45.569+0000] {base.py:83} INFO - Using connection ID 'spark_default' for task execution.
[2026-06-27T09:06:45.570+0000] {spark_submit.py:339} INFO - Spark-Submit cmd: spark-submit --master spark://spark-master:7077 --conf spark.master=spark://spark-master:7077 --jars /opt/spark/drivers/postgresql-42.7.11.jar --name arrow-spark --verbose /opt/spark-apps/silver_to_gold.py
[2026-06-27T09:06:46.185+0000] {spark_submit.py:490} INFO - Using properties file: null
[2026-06-27T09:06:46.224+0000] {spark_submit.py:490} INFO - Parsed arguments:
[2026-06-27T09:06:46.224+0000] {spark_submit.py:490} INFO - master                  spark://spark-master:7077
[2026-06-27T09:06:46.225+0000] {spark_submit.py:490} INFO - remote                  null
[2026-06-27T09:06:46.225+0000] {spark_submit.py:490} INFO - deployMode              null
[2026-06-27T09:06:46.225+0000] {spark_submit.py:490} INFO - executorMemory          null
[2026-06-27T09:06:46.225+0000] {spark_submit.py:490} INFO - executorCores           null
[2026-06-27T09:06:46.225+0000] {spark_submit.py:490} INFO - totalExecutorCores      null
[2026-06-27T09:06:46.225+0000] {spark_submit.py:490} INFO - propertiesFile          null
[2026-06-27T09:06:46.225+0000] {spark_submit.py:490} INFO - driverMemory            null
[2026-06-27T09:06:46.225+0000] {spark_submit.py:490} INFO - driverCores             null
[2026-06-27T09:06:46.225+0000] {spark_submit.py:490} INFO - driverExtraClassPath    null
[2026-06-27T09:06:46.225+0000] {spark_submit.py:490} INFO - driverExtraLibraryPath  null
[2026-06-27T09:06:46.225+0000] {spark_submit.py:490} INFO - driverExtraJavaOptions  null
[2026-06-27T09:06:46.225+0000] {spark_submit.py:490} INFO - supervise               false
[2026-06-27T09:06:46.225+0000] {spark_submit.py:490} INFO - queue                   null
[2026-06-27T09:06:46.225+0000] {spark_submit.py:490} INFO - numExecutors            null
[2026-06-27T09:06:46.225+0000] {spark_submit.py:490} INFO - files                   null
[2026-06-27T09:06:46.226+0000] {spark_submit.py:490} INFO - pyFiles                 null
[2026-06-27T09:06:46.226+0000] {spark_submit.py:490} INFO - archives                null
[2026-06-27T09:06:46.226+0000] {spark_submit.py:490} INFO - mainClass               null
[2026-06-27T09:06:46.226+0000] {spark_submit.py:490} INFO - primaryResource         file:/opt/spark-apps/silver_to_gold.py
[2026-06-27T09:06:46.226+0000] {spark_submit.py:490} INFO - name                    arrow-spark
[2026-06-27T09:06:46.226+0000] {spark_submit.py:490} INFO - childArgs               []
[2026-06-27T09:06:46.226+0000] {spark_submit.py:490} INFO - jars                    file:/opt/spark/drivers/postgresql-42.7.11.jar
[2026-06-27T09:06:46.226+0000] {spark_submit.py:490} INFO - packages                null
[2026-06-27T09:06:46.226+0000] {spark_submit.py:490} INFO - packagesExclusions      null
[2026-06-27T09:06:46.226+0000] {spark_submit.py:490} INFO - repositories            null
[2026-06-27T09:06:46.226+0000] {spark_submit.py:490} INFO - verbose                 true
[2026-06-27T09:06:46.226+0000] {spark_submit.py:490} INFO - 
[2026-06-27T09:06:46.226+0000] {spark_submit.py:490} INFO - Spark properties used, including those specified through
[2026-06-27T09:06:46.226+0000] {spark_submit.py:490} INFO - --conf and those from the properties file null:
[2026-06-27T09:06:46.226+0000] {spark_submit.py:490} INFO - (spark.master,spark://spark-master:7077)
[2026-06-27T09:06:46.227+0000] {spark_submit.py:490} INFO - 
[2026-06-27T09:06:46.227+0000] {spark_submit.py:490} INFO - 
[2026-06-27T09:06:46.359+0000] {spark_submit.py:490} INFO - 26/06/27 09:06:46 WARN NativeCodeLoader: Unable to load native-hadoop library for your platform... using builtin-java classes where applicable
[2026-06-27T09:06:46.449+0000] {spark_submit.py:490} INFO - Main class:
[2026-06-27T09:06:46.449+0000] {spark_submit.py:490} INFO - org.apache.spark.deploy.PythonRunner
[2026-06-27T09:06:46.449+0000] {spark_submit.py:490} INFO - Arguments:
[2026-06-27T09:06:46.449+0000] {spark_submit.py:490} INFO - file:/opt/spark-apps/silver_to_gold.py
[2026-06-27T09:06:46.449+0000] {spark_submit.py:490} INFO - null
[2026-06-27T09:06:46.451+0000] {spark_submit.py:490} INFO - Spark config:
[2026-06-27T09:06:46.451+0000] {spark_submit.py:490} INFO - (spark.app.name,arrow-spark)
[2026-06-27T09:06:46.451+0000] {spark_submit.py:490} INFO - (spark.app.submitTime,1782551206442)
[2026-06-27T09:06:46.451+0000] {spark_submit.py:490} INFO - (spark.jars,file:/opt/spark/drivers/postgresql-42.7.11.jar)
[2026-06-27T09:06:46.451+0000] {spark_submit.py:490} INFO - (spark.master,spark://spark-master:7077)
[2026-06-27T09:06:46.451+0000] {spark_submit.py:490} INFO - (spark.repl.local.jars,file:/opt/spark/drivers/postgresql-42.7.11.jar)
[2026-06-27T09:06:46.452+0000] {spark_submit.py:490} INFO - (spark.submit.deployMode,client)
[2026-06-27T09:06:46.452+0000] {spark_submit.py:490} INFO - (spark.submit.pyFiles,)
[2026-06-27T09:06:46.452+0000] {spark_submit.py:490} INFO - Classpath elements:
[2026-06-27T09:06:46.452+0000] {spark_submit.py:490} INFO - file:/opt/spark/drivers/postgresql-42.7.11.jar
[2026-06-27T09:06:46.452+0000] {spark_submit.py:490} INFO - 
[2026-06-27T09:06:46.452+0000] {spark_submit.py:490} INFO - 
[2026-06-27T09:06:46.453+0000] {spark_submit.py:490} INFO - 26/06/27 09:06:46 WARN DependencyUtils: Local jar /opt/spark/drivers/postgresql-42.7.11.jar does not exist, skipping.
[2026-06-27T09:06:46.502+0000] {spark_submit.py:490} INFO - python3: can't open file '/opt/spark-apps/silver_to_gold.py': [Errno 2] No such file or directory
[2026-06-27T09:06:46.508+0000] {spark_submit.py:490} INFO - 26/06/27 09:06:46 INFO ShutdownHookManager: Shutdown hook called
[2026-06-27T09:06:46.509+0000] {spark_submit.py:490} INFO - 26/06/27 09:06:46 INFO ShutdownHookManager: Deleting directory /tmp/spark-d55598fb-b5ab-4fe5-b90a-d2af6adbca78
[2026-06-27T09:06:46.557+0000] {taskinstance.py:2698} ERROR - Task failed with exception
Traceback (most recent call last):
  File "/home/airflow/.local/lib/python3.8/site-packages/airflow/models/taskinstance.py", line 433, in _execute_task
    result = execute_callable(context=context, **execute_callable_kwargs)
  File "/home/airflow/.local/lib/python3.8/site-packages/airflow/providers/apache/spark/operators/spark_submit.py", line 157, in execute
    self._hook.submit(self._application)
  File "/home/airflow/.local/lib/python3.8/site-packages/airflow/providers/apache/spark/hooks/spark_submit.py", line 421, in submit
    raise AirflowException(
airflow.exceptions.AirflowException: Cannot execute: spark-submit --master spark://spark-master:7077 --conf spark.master=spark://spark-master:7077 --jars /opt/spark/drivers/postgresql-42.7.11.jar --name arrow-spark --verbose /opt/spark-apps/silver_to_gold.py. Error code is: 2.
[2026-06-27T09:06:46.561+0000] {taskinstance.py:1138} INFO - Marking task as UP_FOR_RETRY. dag_id=spark_transform_dag, task_id=spark_job, execution_date=20260627T084000, start_date=20260627T090645, end_date=20260627T090646
[2026-06-27T09:06:46.570+0000] {standard_task_runner.py:107} ERROR - Failed to execute job 43 for task spark_job (Cannot execute: spark-submit --master spark://spark-master:7077 --conf spark.master=spark://spark-master:7077 --jars /opt/spark/drivers/postgresql-42.7.11.jar --name arrow-spark --verbose /opt/spark-apps/silver_to_gold.py. Error code is: 2.; 456)
[2026-06-27T09:06:46.587+0000] {local_task_job_runner.py:234} INFO - Task exited with return code 1
[2026-06-27T09:06:46.611+0000] {taskinstance.py:3280} INFO - 0 downstream tasks scheduled from follow-on schedule check
[2026-06-27T09:22:39.891+0000] {taskinstance.py:1956} INFO - Dependencies all met for dep_context=non-requeueable deps ti=<TaskInstance: spark_transform_dag.spark_job scheduled__2026-06-27T08:40:00+00:00 [queued]>
[2026-06-27T09:22:39.899+0000] {taskinstance.py:1956} INFO - Dependencies all met for dep_context=requeueable deps ti=<TaskInstance: spark_transform_dag.spark_job scheduled__2026-06-27T08:40:00+00:00 [queued]>
[2026-06-27T09:22:39.899+0000] {taskinstance.py:2170} INFO - Starting attempt 2 of 4
[2026-06-27T09:22:39.910+0000] {taskinstance.py:2191} INFO - Executing <Task(SparkSubmitOperator): spark_job> on 2026-06-27 08:40:00+00:00
[2026-06-27T09:22:39.915+0000] {standard_task_runner.py:60} INFO - Started process 602 to run task
[2026-06-27T09:22:39.917+0000] {standard_task_runner.py:87} INFO - Running: ['***', 'tasks', 'run', 'spark_transform_dag', 'spark_job', 'scheduled__2026-06-27T08:40:00+00:00', '--job-id', '14', '--raw', '--subdir', 'DAGS_FOLDER/spark_transform_dag.py', '--cfg-path', '/tmp/tmpcj32hf3_']
[2026-06-27T09:22:39.919+0000] {standard_task_runner.py:88} INFO - Job 14: Subtask spark_job
[2026-06-27T09:22:39.961+0000] {task_command.py:423} INFO - Running <TaskInstance: spark_transform_dag.spark_job scheduled__2026-06-27T08:40:00+00:00 [running]> on host 36cfabb67335
[2026-06-27T09:22:40.033+0000] {taskinstance.py:2480} INFO - Exporting env vars: AIRFLOW_CTX_DAG_OWNER='thesis' AIRFLOW_CTX_DAG_ID='spark_transform_dag' AIRFLOW_CTX_TASK_ID='spark_job' AIRFLOW_CTX_EXECUTION_DATE='2026-06-27T08:40:00+00:00' AIRFLOW_CTX_TRY_NUMBER='2' AIRFLOW_CTX_DAG_RUN_ID='scheduled__2026-06-27T08:40:00+00:00'
[2026-06-27T09:22:40.042+0000] {spark_submit.py:217} INFO - Could not load connection string spark_default, defaulting to yarn
[2026-06-27T09:22:40.043+0000] {spark_submit.py:339} INFO - Spark-Submit cmd: spark-submit --master yarn --conf spark.master=spark://spark-master:7077 --jars /opt/spark/drivers/postgresql-42.7.11.jar --name arrow-spark --verbose /opt/spark-apps/silver_to_gold.py
[2026-06-27T09:22:40.960+0000] {spark_submit.py:490} INFO - Using properties file: null
[2026-06-27T09:22:41.003+0000] {spark_submit.py:490} INFO - Exception in thread "main" org.apache.spark.SparkException: When running with master 'yarn' either HADOOP_CONF_DIR or YARN_CONF_DIR must be set in the environment.
[2026-06-27T09:22:41.003+0000] {spark_submit.py:490} INFO - at org.apache.spark.deploy.SparkSubmitArguments.error(SparkSubmitArguments.scala:650)
[2026-06-27T09:22:41.004+0000] {spark_submit.py:490} INFO - at org.apache.spark.deploy.SparkSubmitArguments.validateSubmitArguments(SparkSubmitArguments.scala:281)
[2026-06-27T09:22:41.004+0000] {spark_submit.py:490} INFO - at org.apache.spark.deploy.SparkSubmitArguments.validateArguments(SparkSubmitArguments.scala:237)
[2026-06-27T09:22:41.004+0000] {spark_submit.py:490} INFO - at org.apache.spark.deploy.SparkSubmitArguments.<init>(SparkSubmitArguments.scala:122)
[2026-06-27T09:22:41.004+0000] {spark_submit.py:490} INFO - at org.apache.spark.deploy.SparkSubmit$$anon$2$$anon$3.<init>(SparkSubmit.scala:1108)
[2026-06-27T09:22:41.004+0000] {spark_submit.py:490} INFO - at org.apache.spark.deploy.SparkSubmit$$anon$2.parseArguments(SparkSubmit.scala:1108)
[2026-06-27T09:22:41.004+0000] {spark_submit.py:490} INFO - at org.apache.spark.deploy.SparkSubmit.doSubmit(SparkSubmit.scala:86)
[2026-06-27T09:22:41.004+0000] {spark_submit.py:490} INFO - at org.apache.spark.deploy.SparkSubmit$$anon$2.doSubmit(SparkSubmit.scala:1125)
[2026-06-27T09:22:41.004+0000] {spark_submit.py:490} INFO - at org.apache.spark.deploy.SparkSubmit$.main(SparkSubmit.scala:1134)
[2026-06-27T09:22:41.004+0000] {spark_submit.py:490} INFO - at org.apache.spark.deploy.SparkSubmit.main(SparkSubmit.scala)
[2026-06-27T09:22:41.034+0000] {taskinstance.py:2698} ERROR - Task failed with exception
Traceback (most recent call last):
  File "/home/airflow/.local/lib/python3.8/site-packages/airflow/models/taskinstance.py", line 433, in _execute_task
    result = execute_callable(context=context, **execute_callable_kwargs)
  File "/home/airflow/.local/lib/python3.8/site-packages/airflow/providers/apache/spark/operators/spark_submit.py", line 157, in execute
    self._hook.submit(self._application)
  File "/home/airflow/.local/lib/python3.8/site-packages/airflow/providers/apache/spark/hooks/spark_submit.py", line 421, in submit
    raise AirflowException(
airflow.exceptions.AirflowException: Cannot execute: spark-submit --master yarn --conf spark.master=spark://spark-master:7077 --jars /opt/spark/drivers/postgresql-42.7.11.jar --name arrow-spark --verbose /opt/spark-apps/silver_to_gold.py. Error code is: 1.
[2026-06-27T09:22:41.037+0000] {taskinstance.py:1138} INFO - Marking task as UP_FOR_RETRY. dag_id=spark_transform_dag, task_id=spark_job, execution_date=20260627T084000, start_date=20260627T092239, end_date=20260627T092241
[2026-06-27T09:22:41.048+0000] {standard_task_runner.py:107} ERROR - Failed to execute job 14 for task spark_job (Cannot execute: spark-submit --master yarn --conf spark.master=spark://spark-master:7077 --jars /opt/spark/drivers/postgresql-42.7.11.jar --name arrow-spark --verbose /opt/spark-apps/silver_to_gold.py. Error code is: 1.; 602)
[2026-06-27T09:22:41.092+0000] {local_task_job_runner.py:234} INFO - Task exited with return code 1
[2026-06-27T09:22:41.109+0000] {taskinstance.py:3280} INFO - 0 downstream tasks scheduled from follow-on schedule check
