[2026-06-26T22:25:44.726+0000] {taskinstance.py:1956} INFO - Dependencies all met for dep_context=non-requeueable deps ti=<TaskInstance: ingestion_dag.fetch_bremen scheduled__2026-06-26T22:00:00+00:00 [queued]>
[2026-06-26T22:25:44.736+0000] {taskinstance.py:1956} INFO - Dependencies all met for dep_context=requeueable deps ti=<TaskInstance: ingestion_dag.fetch_bremen scheduled__2026-06-26T22:00:00+00:00 [queued]>
[2026-06-26T22:25:44.737+0000] {taskinstance.py:2170} INFO - Starting attempt 3 of 4
[2026-06-26T22:25:44.752+0000] {taskinstance.py:2191} INFO - Executing <Task(PythonOperator): fetch_bremen> on 2026-06-26 22:00:00+00:00
[2026-06-26T22:25:44.760+0000] {standard_task_runner.py:60} INFO - Started process 1216 to run task
[2026-06-26T22:25:44.764+0000] {standard_task_runner.py:87} INFO - Running: ['***', 'tasks', 'run', 'ingestion_dag', 'fetch_bremen', 'scheduled__2026-06-26T22:00:00+00:00', '--job-id', '93', '--raw', '--subdir', 'DAGS_FOLDER/ingestion_dag.py', '--cfg-path', '/tmp/tmpq5rfqp3t']
[2026-06-26T22:25:44.767+0000] {standard_task_runner.py:88} INFO - Job 93: Subtask fetch_bremen
[2026-06-26T22:25:44.835+0000] {task_command.py:423} INFO - Running <TaskInstance: ingestion_dag.fetch_bremen scheduled__2026-06-26T22:00:00+00:00 [running]> on host 2a877a0edbb9
[2026-06-26T22:25:45.129+0000] {taskinstance.py:2480} INFO - Exporting env vars: AIRFLOW_CTX_DAG_OWNER='thesis' AIRFLOW_CTX_DAG_ID='ingestion_dag' AIRFLOW_CTX_TASK_ID='fetch_bremen' AIRFLOW_CTX_EXECUTION_DATE='2026-06-26T22:00:00+00:00' AIRFLOW_CTX_TRY_NUMBER='3' AIRFLOW_CTX_DAG_RUN_ID='scheduled__2026-06-26T22:00:00+00:00'
[2026-06-26T22:25:45.556+0000] {ingestion_dag.py:75} WARNING - Failed bremen (53.03,8.72): 401 Client Error: Unauthorized for url: https://api.tomtom.com/traffic/services/4/flowSegmentData/absolute/10/json?key=&point=53.03%2C8.72&unit=KMPH
[2026-06-26T22:25:46.031+0000] {ingestion_dag.py:75} WARNING - Failed bremen (53.063333,8.72): 401 Client Error: Unauthorized for url: https://api.tomtom.com/traffic/services/4/flowSegmentData/absolute/10/json?key=&point=53.063333%2C8.72&unit=KMPH
[2026-06-26T22:25:46.482+0000] {ingestion_dag.py:75} WARNING - Failed bremen (53.096667,8.72): 401 Client Error: Unauthorized for url: https://api.tomtom.com/traffic/services/4/flowSegmentData/absolute/10/json?key=&point=53.096667%2C8.72&unit=KMPH
[2026-06-26T22:25:46.792+0000] {ingestion_dag.py:75} WARNING - Failed bremen (53.13,8.72): 401 Client Error: Unauthorized for url: https://api.tomtom.com/traffic/services/4/flowSegmentData/absolute/10/json?key=&point=53.13%2C8.72&unit=KMPH
[2026-06-26T22:25:47.200+0000] {ingestion_dag.py:75} WARNING - Failed bremen (53.03,8.796667): 401 Client Error: Unauthorized for url: https://api.tomtom.com/traffic/services/4/flowSegmentData/absolute/10/json?key=&point=53.03%2C8.796667&unit=KMPH
[2026-06-26T22:25:47.663+0000] {ingestion_dag.py:75} WARNING - Failed bremen (53.063333,8.796667): 401 Client Error: Unauthorized for url: https://api.tomtom.com/traffic/services/4/flowSegmentData/absolute/10/json?key=&point=53.063333%2C8.796667&unit=KMPH
[2026-06-26T22:25:48.327+0000] {ingestion_dag.py:75} WARNING - Failed bremen (53.096667,8.796667): 401 Client Error: Unauthorized for url: https://api.tomtom.com/traffic/services/4/flowSegmentData/absolute/10/json?key=&point=53.096667%2C8.796667&unit=KMPH
[2026-06-26T22:25:48.736+0000] {ingestion_dag.py:75} WARNING - Failed bremen (53.13,8.796667): 401 Client Error: Unauthorized for url: https://api.tomtom.com/traffic/services/4/flowSegmentData/absolute/10/json?key=&point=53.13%2C8.796667&unit=KMPH
[2026-06-26T22:25:49.250+0000] {ingestion_dag.py:75} WARNING - Failed bremen (53.03,8.873333): 401 Client Error: Unauthorized for url: https://api.tomtom.com/traffic/services/4/flowSegmentData/absolute/10/json?key=&point=53.03%2C8.873333&unit=KMPH
[2026-06-26T22:25:49.657+0000] {ingestion_dag.py:75} WARNING - Failed bremen (53.063333,8.873333): 401 Client Error: Unauthorized for url: https://api.tomtom.com/traffic/services/4/flowSegmentData/absolute/10/json?key=&point=53.063333%2C8.873333&unit=KMPH
[2026-06-26T22:25:50.019+0000] {ingestion_dag.py:75} WARNING - Failed bremen (53.096667,8.873333): 401 Client Error: Unauthorized for url: https://api.tomtom.com/traffic/services/4/flowSegmentData/absolute/10/json?key=&point=53.096667%2C8.873333&unit=KMPH
[2026-06-26T22:25:50.788+0000] {ingestion_dag.py:75} WARNING - Failed bremen (53.13,8.873333): 401 Client Error: Unauthorized for url: https://api.tomtom.com/traffic/services/4/flowSegmentData/absolute/10/json?key=&point=53.13%2C8.873333&unit=KMPH
[2026-06-26T22:25:51.194+0000] {ingestion_dag.py:75} WARNING - Failed bremen (53.03,8.95): 401 Client Error: Unauthorized for url: https://api.tomtom.com/traffic/services/4/flowSegmentData/absolute/10/json?key=&point=53.03%2C8.95&unit=KMPH
[2026-06-26T22:25:51.716+0000] {ingestion_dag.py:75} WARNING - Failed bremen (53.063333,8.95): 401 Client Error: Unauthorized for url: https://api.tomtom.com/traffic/services/4/flowSegmentData/absolute/10/json?key=&point=53.063333%2C8.95&unit=KMPH
[2026-06-26T22:25:52.210+0000] {ingestion_dag.py:75} WARNING - Failed bremen (53.096667,8.95): 401 Client Error: Unauthorized for url: https://api.tomtom.com/traffic/services/4/flowSegmentData/absolute/10/json?key=&point=53.096667%2C8.95&unit=KMPH
[2026-06-26T22:25:52.629+0000] {ingestion_dag.py:75} WARNING - Failed bremen (53.13,8.95): 401 Client Error: Unauthorized for url: https://api.tomtom.com/traffic/services/4/flowSegmentData/absolute/10/json?key=&point=53.13%2C8.95&unit=KMPH
[2026-06-26T22:25:52.631+0000] {taskinstance.py:2698} ERROR - Task failed with exception
Traceback (most recent call last):
  File "/home/airflow/.local/lib/python3.8/site-packages/airflow/models/taskinstance.py", line 433, in _execute_task
    result = execute_callable(context=context, **execute_callable_kwargs)
  File "/home/airflow/.local/lib/python3.8/site-packages/airflow/operators/python.py", line 199, in execute
    return_value = self.execute_callable()
  File "/home/airflow/.local/lib/python3.8/site-packages/airflow/operators/python.py", line 216, in execute_callable
    return self.python_callable(*self.op_args, **self.op_kwargs)
  File "/opt/airflow/dags/ingestion_dag.py", line 78, in fetch_and_extract
    raise RuntimeError("All grid points failed")
RuntimeError: All grid points failed
[2026-06-26T22:25:52.645+0000] {taskinstance.py:1138} INFO - Marking task as UP_FOR_RETRY. dag_id=ingestion_dag, task_id=fetch_bremen, execution_date=20260626T220000, start_date=20260626T222544, end_date=20260626T222552
[2026-06-26T22:25:52.664+0000] {standard_task_runner.py:107} ERROR - Failed to execute job 93 for task fetch_bremen (All grid points failed; 1216)
[2026-06-26T22:25:52.719+0000] {local_task_job_runner.py:234} INFO - Task exited with return code 1
[2026-06-26T22:25:52.743+0000] {taskinstance.py:3280} INFO - 0 downstream tasks scheduled from follow-on schedule check
