[2026-06-27T08:42:41.942+0000] {taskinstance.py:1956} INFO - Dependencies all met for dep_context=non-requeueable deps ti=<TaskInstance: spark_transform_dag.spark_job scheduled__2026-06-27T08:20:00+00:00 [queued]>
[2026-06-27T08:42:41.951+0000] {taskinstance.py:1956} INFO - Dependencies all met for dep_context=requeueable deps ti=<TaskInstance: spark_transform_dag.spark_job scheduled__2026-06-27T08:20:00+00:00 [queued]>
[2026-06-27T08:42:41.952+0000] {taskinstance.py:2170} INFO - Starting attempt 2 of 4
[2026-06-27T08:42:41.968+0000] {taskinstance.py:2191} INFO - Executing <Task(SparkSubmitOperator): spark_job> on 2026-06-27 08:20:00+00:00
[2026-06-27T08:42:41.975+0000] {standard_task_runner.py:60} INFO - Started process 788 to run task
[2026-06-27T08:42:41.979+0000] {standard_task_runner.py:87} INFO - Running: ['***', 'tasks', 'run', 'spark_transform_dag', 'spark_job', 'scheduled__2026-06-27T08:20:00+00:00', '--job-id', '30', '--raw', '--subdir', 'DAGS_FOLDER/spark_transform_dag.py', '--cfg-path', '/tmp/tmp44hs9gho']
[2026-06-27T08:42:41.981+0000] {standard_task_runner.py:88} INFO - Job 30: Subtask spark_job
[2026-06-27T08:42:42.043+0000] {task_command.py:423} INFO - Running <TaskInstance: spark_transform_dag.spark_job scheduled__2026-06-27T08:20:00+00:00 [running]> on host fd1b3bb3981a
[2026-06-27T08:42:42.130+0000] {taskinstance.py:2480} INFO - Exporting env vars: AIRFLOW_CTX_DAG_OWNER='thesis' AIRFLOW_CTX_DAG_ID='spark_transform_dag' AIRFLOW_CTX_TASK_ID='spark_job' AIRFLOW_CTX_EXECUTION_DATE='2026-06-27T08:20:00+00:00' AIRFLOW_CTX_TRY_NUMBER='2' AIRFLOW_CTX_DAG_RUN_ID='scheduled__2026-06-27T08:20:00+00:00'
[2026-06-27T08:42:42.143+0000] {base.py:83} INFO - Using connection ID 'spark_default' for task execution.
[2026-06-27T08:42:42.144+0000] {spark_submit.py:339} INFO - Spark-Submit cmd: spark-submit --master spark://spark-master:7077 --conf spark.master=spark://spark-master:7077 --jars /opt/spark/drivers/postgresql-42.7.11.jar --name arrow-spark --verbose /opt/***/dags/silver_to_gold.py
[2026-06-27T08:42:42.198+0000] {spark_submit.py:490} INFO - JAVA_HOME is not set
[2026-06-27T08:42:42.212+0000] {taskinstance.py:2698} ERROR - Task failed with exception
Traceback (most recent call last):
  File "/home/airflow/.local/lib/python3.8/site-packages/airflow/models/taskinstance.py", line 433, in _execute_task
    result = execute_callable(context=context, **execute_callable_kwargs)
  File "/home/airflow/.local/lib/python3.8/site-packages/airflow/providers/apache/spark/operators/spark_submit.py", line 157, in execute
    self._hook.submit(self._application)
  File "/home/airflow/.local/lib/python3.8/site-packages/airflow/providers/apache/spark/hooks/spark_submit.py", line 421, in submit
    raise AirflowException(
airflow.exceptions.AirflowException: Cannot execute: spark-submit --master spark://spark-master:7077 --conf spark.master=spark://spark-master:7077 --jars /opt/spark/drivers/postgresql-42.7.11.jar --name arrow-spark --verbose /opt/***/dags/silver_to_gold.py. Error code is: 1.
[2026-06-27T08:42:42.214+0000] {taskinstance.py:1138} INFO - Marking task as UP_FOR_RETRY. dag_id=spark_transform_dag, task_id=spark_job, execution_date=20260627T082000, start_date=20260627T084241, end_date=20260627T084242
[2026-06-27T08:42:42.221+0000] {standard_task_runner.py:107} ERROR - Failed to execute job 30 for task spark_job (Cannot execute: spark-submit --master spark://spark-master:7077 --conf spark.master=spark://spark-master:7077 --jars /opt/spark/drivers/postgresql-42.7.11.jar --name arrow-spark --verbose /opt/***/dags/silver_to_gold.py. Error code is: 1.; 788)
[2026-06-27T08:42:42.231+0000] {local_task_job_runner.py:234} INFO - Task exited with return code 1
[2026-06-27T08:42:42.252+0000] {taskinstance.py:3280} INFO - 0 downstream tasks scheduled from follow-on schedule check
