[2026-06-27T10:21:21.281+0000] {taskinstance.py:1956} INFO - Dependencies all met for dep_context=non-requeueable deps ti=<TaskInstance: spark_transform_dag.spark_job manual__2026-06-27T10:21:20.304963+00:00 [queued]>
[2026-06-27T10:21:21.288+0000] {taskinstance.py:1956} INFO - Dependencies all met for dep_context=requeueable deps ti=<TaskInstance: spark_transform_dag.spark_job manual__2026-06-27T10:21:20.304963+00:00 [queued]>
[2026-06-27T10:21:21.289+0000] {taskinstance.py:2170} INFO - Starting attempt 1 of 1
[2026-06-27T10:21:21.301+0000] {taskinstance.py:2191} INFO - Executing <Task(SparkSubmitOperator): spark_job> on 2026-06-27 10:21:20.304963+00:00
[2026-06-27T10:21:21.305+0000] {standard_task_runner.py:60} INFO - Started process 242 to run task
[2026-06-27T10:21:21.308+0000] {standard_task_runner.py:87} INFO - Running: ['***', 'tasks', 'run', 'spark_transform_dag', 'spark_job', 'manual__2026-06-27T10:21:20.304963+00:00', '--job-id', '2', '--raw', '--subdir', 'DAGS_FOLDER/spark_transform_dag.py', '--cfg-path', '/tmp/tmpp32k_y8m']
[2026-06-27T10:21:21.309+0000] {standard_task_runner.py:88} INFO - Job 2: Subtask spark_job
[2026-06-27T10:21:21.369+0000] {task_command.py:423} INFO - Running <TaskInstance: spark_transform_dag.spark_job manual__2026-06-27T10:21:20.304963+00:00 [running]> on host 5388a13ad6e7
[2026-06-27T10:21:21.475+0000] {taskinstance.py:2480} INFO - Exporting env vars: AIRFLOW_CTX_DAG_OWNER='***' AIRFLOW_CTX_DAG_ID='spark_transform_dag' AIRFLOW_CTX_TASK_ID='spark_job' AIRFLOW_CTX_EXECUTION_DATE='2026-06-27T10:21:20.304963+00:00' AIRFLOW_CTX_TRY_NUMBER='1' AIRFLOW_CTX_DAG_RUN_ID='manual__2026-06-27T10:21:20.304963+00:00'
[2026-06-27T10:21:21.489+0000] {base.py:83} INFO - Using connection ID 'spark_default' for task execution.
[2026-06-27T10:21:21.491+0000] {spark_submit.py:339} INFO - Spark-Submit cmd: spark-submit --master spark-master:7077 --conf spark.submit.deployMode=client --jars /opt/spark/drivers/postgresql-42.7.11.jar --name arrow-spark --verbose /opt/spark-apps/silver_to_gold.py
[2026-06-27T10:21:22.390+0000] {spark_submit.py:490} INFO - Using properties file: null
[2026-06-27T10:21:22.431+0000] {spark_submit.py:490} INFO - Parsed arguments:
[2026-06-27T10:21:22.431+0000] {spark_submit.py:490} INFO - master                  spark-master:7077
[2026-06-27T10:21:22.431+0000] {spark_submit.py:490} INFO - remote                  null
[2026-06-27T10:21:22.431+0000] {spark_submit.py:490} INFO - deployMode              client
[2026-06-27T10:21:22.432+0000] {spark_submit.py:490} INFO - executorMemory          null
[2026-06-27T10:21:22.432+0000] {spark_submit.py:490} INFO - executorCores           null
[2026-06-27T10:21:22.432+0000] {spark_submit.py:490} INFO - totalExecutorCores      null
[2026-06-27T10:21:22.432+0000] {spark_submit.py:490} INFO - propertiesFile          null
[2026-06-27T10:21:22.432+0000] {spark_submit.py:490} INFO - driverMemory            null
[2026-06-27T10:21:22.432+0000] {spark_submit.py:490} INFO - driverCores             null
[2026-06-27T10:21:22.432+0000] {spark_submit.py:490} INFO - driverExtraClassPath    null
[2026-06-27T10:21:22.432+0000] {spark_submit.py:490} INFO - driverExtraLibraryPath  null
[2026-06-27T10:21:22.433+0000] {spark_submit.py:490} INFO - driverExtraJavaOptions  null
[2026-06-27T10:21:22.433+0000] {spark_submit.py:490} INFO - supervise               false
[2026-06-27T10:21:22.433+0000] {spark_submit.py:490} INFO - queue                   null
[2026-06-27T10:21:22.433+0000] {spark_submit.py:490} INFO - numExecutors            null
[2026-06-27T10:21:22.433+0000] {spark_submit.py:490} INFO - files                   null
[2026-06-27T10:21:22.433+0000] {spark_submit.py:490} INFO - pyFiles                 null
[2026-06-27T10:21:22.433+0000] {spark_submit.py:490} INFO - archives                null
[2026-06-27T10:21:22.433+0000] {spark_submit.py:490} INFO - mainClass               null
[2026-06-27T10:21:22.434+0000] {spark_submit.py:490} INFO - primaryResource         file:/opt/spark-apps/silver_to_gold.py
[2026-06-27T10:21:22.434+0000] {spark_submit.py:490} INFO - name                    arrow-spark
[2026-06-27T10:21:22.434+0000] {spark_submit.py:490} INFO - childArgs               []
[2026-06-27T10:21:22.434+0000] {spark_submit.py:490} INFO - jars                    file:/opt/spark/drivers/postgresql-42.7.11.jar
[2026-06-27T10:21:22.434+0000] {spark_submit.py:490} INFO - packages                null
[2026-06-27T10:21:22.434+0000] {spark_submit.py:490} INFO - packagesExclusions      null
[2026-06-27T10:21:22.434+0000] {spark_submit.py:490} INFO - repositories            null
[2026-06-27T10:21:22.434+0000] {spark_submit.py:490} INFO - verbose                 true
[2026-06-27T10:21:22.435+0000] {spark_submit.py:490} INFO - 
[2026-06-27T10:21:22.435+0000] {spark_submit.py:490} INFO - Spark properties used, including those specified through
[2026-06-27T10:21:22.435+0000] {spark_submit.py:490} INFO - --conf and those from the properties file null:
[2026-06-27T10:21:22.435+0000] {spark_submit.py:490} INFO - (spark.submit.deployMode,client)
[2026-06-27T10:21:22.435+0000] {spark_submit.py:490} INFO - 
[2026-06-27T10:21:22.435+0000] {spark_submit.py:490} INFO - 
[2026-06-27T10:21:22.680+0000] {spark_submit.py:490} INFO - 26/06/27 10:21:22 WARN NativeCodeLoader: Unable to load native-hadoop library for your platform... using builtin-java classes where applicable
[2026-06-27T10:21:22.778+0000] {spark_submit.py:490} INFO - Main class:
[2026-06-27T10:21:22.779+0000] {spark_submit.py:490} INFO - org.apache.spark.deploy.PythonRunner
[2026-06-27T10:21:22.779+0000] {spark_submit.py:490} INFO - Arguments:
[2026-06-27T10:21:22.779+0000] {spark_submit.py:490} INFO - file:/opt/spark-apps/silver_to_gold.py
[2026-06-27T10:21:22.779+0000] {spark_submit.py:490} INFO - null
[2026-06-27T10:21:22.780+0000] {spark_submit.py:490} INFO - Spark config:
[2026-06-27T10:21:22.781+0000] {spark_submit.py:490} INFO - (spark.app.name,arrow-spark)
[2026-06-27T10:21:22.781+0000] {spark_submit.py:490} INFO - (spark.app.submitTime,1782555682769)
[2026-06-27T10:21:22.781+0000] {spark_submit.py:490} INFO - (spark.jars,file:///opt/spark/drivers/postgresql-42.7.11.jar)
[2026-06-27T10:21:22.781+0000] {spark_submit.py:490} INFO - (spark.master,spark-master:7077)
[2026-06-27T10:21:22.781+0000] {spark_submit.py:490} INFO - (spark.repl.local.jars,file:///opt/spark/drivers/postgresql-42.7.11.jar)
[2026-06-27T10:21:22.781+0000] {spark_submit.py:490} INFO - (spark.submit.deployMode,client)
[2026-06-27T10:21:22.781+0000] {spark_submit.py:490} INFO - (spark.submit.pyFiles,)
[2026-06-27T10:21:22.781+0000] {spark_submit.py:490} INFO - Classpath elements:
[2026-06-27T10:21:22.782+0000] {spark_submit.py:490} INFO - file:///opt/spark/drivers/postgresql-42.7.11.jar
[2026-06-27T10:21:22.782+0000] {spark_submit.py:490} INFO - 
[2026-06-27T10:21:22.782+0000] {spark_submit.py:490} INFO - 
[2026-06-27T10:21:23.239+0000] {spark_submit.py:490} INFO - 26/06/27 10:21:23 INFO SparkContext: Running Spark version 3.5.8
[2026-06-27T10:21:23.240+0000] {spark_submit.py:490} INFO - 26/06/27 10:21:23 INFO SparkContext: OS info Linux, 6.17.0-23-generic, amd64
[2026-06-27T10:21:23.240+0000] {spark_submit.py:490} INFO - 26/06/27 10:21:23 INFO SparkContext: Java version 17.0.19
[2026-06-27T10:21:23.256+0000] {spark_submit.py:490} INFO - 26/06/27 10:21:23 INFO ResourceUtils: ==============================================================
[2026-06-27T10:21:23.256+0000] {spark_submit.py:490} INFO - 26/06/27 10:21:23 INFO ResourceUtils: No custom resources configured for spark.driver.
[2026-06-27T10:21:23.256+0000] {spark_submit.py:490} INFO - 26/06/27 10:21:23 INFO ResourceUtils: ==============================================================
[2026-06-27T10:21:23.256+0000] {spark_submit.py:490} INFO - 26/06/27 10:21:23 INFO SparkContext: Submitted application: silver_to_gold
[2026-06-27T10:21:23.270+0000] {spark_submit.py:490} INFO - 26/06/27 10:21:23 INFO ResourceProfile: Default ResourceProfile created, executor resources: Map(cores -> name: cores, amount: 1, script: , vendor: , memory -> name: memory, amount: 1024, script: , vendor: , offHeap -> name: offHeap, amount: 0, script: , vendor: ), task resources: Map(cpus -> name: cpus, amount: 1.0)
[2026-06-27T10:21:23.279+0000] {spark_submit.py:490} INFO - 26/06/27 10:21:23 INFO ResourceProfile: Limiting resource is cpu
[2026-06-27T10:21:23.280+0000] {spark_submit.py:490} INFO - 26/06/27 10:21:23 INFO ResourceProfileManager: Added ResourceProfile id: 0
[2026-06-27T10:21:23.316+0000] {spark_submit.py:490} INFO - 26/06/27 10:21:23 INFO SecurityManager: Changing view acls to: ***
[2026-06-27T10:21:23.316+0000] {spark_submit.py:490} INFO - 26/06/27 10:21:23 INFO SecurityManager: Changing modify acls to: ***
[2026-06-27T10:21:23.316+0000] {spark_submit.py:490} INFO - 26/06/27 10:21:23 INFO SecurityManager: Changing view acls groups to:
[2026-06-27T10:21:23.317+0000] {spark_submit.py:490} INFO - 26/06/27 10:21:23 INFO SecurityManager: Changing modify acls groups to:
[2026-06-27T10:21:23.318+0000] {spark_submit.py:490} INFO - 26/06/27 10:21:23 INFO SecurityManager: SecurityManager: authentication disabled; ui acls disabled; users with view permissions: ***; groups with view permissions: EMPTY; users with modify permissions: ***; groups with modify permissions: EMPTY
[2026-06-27T10:21:23.440+0000] {spark_submit.py:490} INFO - 26/06/27 10:21:23 INFO Utils: Successfully started service 'sparkDriver' on port 34877.
[2026-06-27T10:21:23.459+0000] {spark_submit.py:490} INFO - 26/06/27 10:21:23 INFO SparkEnv: Registering MapOutputTracker
[2026-06-27T10:21:23.491+0000] {spark_submit.py:490} INFO - 26/06/27 10:21:23 INFO SparkEnv: Registering BlockManagerMaster
[2026-06-27T10:21:23.510+0000] {spark_submit.py:490} INFO - 26/06/27 10:21:23 INFO BlockManagerMasterEndpoint: Using org.apache.spark.storage.DefaultTopologyMapper for getting topology information
[2026-06-27T10:21:23.511+0000] {spark_submit.py:490} INFO - 26/06/27 10:21:23 INFO BlockManagerMasterEndpoint: BlockManagerMasterEndpoint up
[2026-06-27T10:21:23.520+0000] {spark_submit.py:490} INFO - 26/06/27 10:21:23 INFO SparkEnv: Registering BlockManagerMasterHeartbeat
[2026-06-27T10:21:23.541+0000] {spark_submit.py:490} INFO - 26/06/27 10:21:23 INFO DiskBlockManager: Created local directory at /tmp/blockmgr-1235af84-c83c-4eaf-a62b-6d4c3fb618c5
[2026-06-27T10:21:23.551+0000] {spark_submit.py:490} INFO - 26/06/27 10:21:23 INFO MemoryStore: MemoryStore started with capacity 434.4 MiB
[2026-06-27T10:21:23.560+0000] {spark_submit.py:490} INFO - 26/06/27 10:21:23 INFO SparkEnv: Registering OutputCommitCoordinator
[2026-06-27T10:21:23.635+0000] {spark_submit.py:490} INFO - 26/06/27 10:21:23 INFO JettyUtils: Start Jetty 0.0.0.0:4040 for SparkUI
[2026-06-27T10:21:23.687+0000] {spark_submit.py:490} INFO - 26/06/27 10:21:23 INFO Utils: Successfully started service 'SparkUI' on port 4040.
[2026-06-27T10:21:23.724+0000] {spark_submit.py:490} INFO - 26/06/27 10:21:23 INFO SparkContext: Added JAR /opt/spark/drivers/postgresql-42.7.11.jar at spark://5388a13ad6e7:34877/jars/postgresql-42.7.11.jar with timestamp 1782555683234
[2026-06-27T10:21:23.740+0000] {spark_submit.py:490} INFO - 26/06/27 10:21:23 ERROR SparkContext: Error initializing SparkContext.
[2026-06-27T10:21:23.741+0000] {spark_submit.py:490} INFO - org.apache.spark.SparkException: Could not parse Master URL: 'spark-master:7077'
[2026-06-27T10:21:23.741+0000] {spark_submit.py:490} INFO - at org.apache.spark.SparkContext$.org$apache$spark$SparkContext$$createTaskScheduler(SparkContext.scala:3194)
[2026-06-27T10:21:23.741+0000] {spark_submit.py:490} INFO - at org.apache.spark.SparkContext.<init>(SparkContext.scala:577)
[2026-06-27T10:21:23.741+0000] {spark_submit.py:490} INFO - at org.apache.spark.api.java.JavaSparkContext.<init>(JavaSparkContext.scala:58)
[2026-06-27T10:21:23.741+0000] {spark_submit.py:490} INFO - at java.base/jdk.internal.reflect.NativeConstructorAccessorImpl.newInstance0(Native Method)
[2026-06-27T10:21:23.741+0000] {spark_submit.py:490} INFO - at java.base/jdk.internal.reflect.NativeConstructorAccessorImpl.newInstance(NativeConstructorAccessorImpl.java:77)
[2026-06-27T10:21:23.741+0000] {spark_submit.py:490} INFO - at java.base/jdk.internal.reflect.DelegatingConstructorAccessorImpl.newInstance(DelegatingConstructorAccessorImpl.java:45)
[2026-06-27T10:21:23.742+0000] {spark_submit.py:490} INFO - at java.base/java.lang.reflect.Constructor.newInstanceWithCaller(Constructor.java:500)
[2026-06-27T10:21:23.742+0000] {spark_submit.py:490} INFO - at java.base/java.lang.reflect.Constructor.newInstance(Constructor.java:481)
[2026-06-27T10:21:23.742+0000] {spark_submit.py:490} INFO - at py4j.reflection.MethodInvoker.invoke(MethodInvoker.java:247)
[2026-06-27T10:21:23.742+0000] {spark_submit.py:490} INFO - at py4j.reflection.ReflectionEngine.invoke(ReflectionEngine.java:374)
[2026-06-27T10:21:23.742+0000] {spark_submit.py:490} INFO - at py4j.Gateway.invoke(Gateway.java:238)
[2026-06-27T10:21:23.743+0000] {spark_submit.py:490} INFO - at py4j.commands.ConstructorCommand.invokeConstructor(ConstructorCommand.java:80)
[2026-06-27T10:21:23.743+0000] {spark_submit.py:490} INFO - at py4j.commands.ConstructorCommand.execute(ConstructorCommand.java:69)
[2026-06-27T10:21:23.743+0000] {spark_submit.py:490} INFO - at py4j.ClientServerConnection.waitForCommands(ClientServerConnection.java:182)
[2026-06-27T10:21:23.743+0000] {spark_submit.py:490} INFO - at py4j.ClientServerConnection.run(ClientServerConnection.java:106)
[2026-06-27T10:21:23.744+0000] {spark_submit.py:490} INFO - at java.base/java.lang.Thread.run(Thread.java:840)
[2026-06-27T10:21:23.744+0000] {spark_submit.py:490} INFO - 26/06/27 10:21:23 INFO SparkContext: SparkContext is stopping with exitCode 0.
[2026-06-27T10:21:23.753+0000] {spark_submit.py:490} INFO - 26/06/27 10:21:23 INFO SparkUI: Stopped Spark web UI at http://5388a13ad6e7:4040
[2026-06-27T10:21:23.770+0000] {spark_submit.py:490} INFO - 26/06/27 10:21:23 INFO MapOutputTrackerMasterEndpoint: MapOutputTrackerMasterEndpoint stopped!
[2026-06-27T10:21:23.781+0000] {spark_submit.py:490} INFO - 26/06/27 10:21:23 INFO MemoryStore: MemoryStore cleared
[2026-06-27T10:21:23.782+0000] {spark_submit.py:490} INFO - 26/06/27 10:21:23 INFO BlockManager: BlockManager stopped
[2026-06-27T10:21:23.785+0000] {spark_submit.py:490} INFO - 26/06/27 10:21:23 INFO BlockManagerMaster: BlockManagerMaster stopped
[2026-06-27T10:21:23.786+0000] {spark_submit.py:490} INFO - 26/06/27 10:21:23 WARN MetricsSystem: Stopping a MetricsSystem that is not running
[2026-06-27T10:21:23.788+0000] {spark_submit.py:490} INFO - 26/06/27 10:21:23 INFO OutputCommitCoordinator$OutputCommitCoordinatorEndpoint: OutputCommitCoordinator stopped!
[2026-06-27T10:21:23.795+0000] {spark_submit.py:490} INFO - 26/06/27 10:21:23 INFO SparkContext: Successfully stopped SparkContext
[2026-06-27T10:21:23.796+0000] {spark_submit.py:490} INFO - Traceback (most recent call last):
[2026-06-27T10:21:23.796+0000] {spark_submit.py:490} INFO - File "/opt/spark-apps/silver_to_gold.py", line 5, in <module>
[2026-06-27T10:21:23.796+0000] {spark_submit.py:490} INFO - SparkSession.builder
[2026-06-27T10:21:23.796+0000] {spark_submit.py:490} INFO - File "/home/***/.local/lib/python3.8/site-packages/pyspark/python/lib/pyspark.zip/pyspark/sql/session.py", line 497, in getOrCreate
[2026-06-27T10:21:23.797+0000] {spark_submit.py:490} INFO - File "/home/***/.local/lib/python3.8/site-packages/pyspark/python/lib/pyspark.zip/pyspark/context.py", line 515, in getOrCreate
[2026-06-27T10:21:23.797+0000] {spark_submit.py:490} INFO - File "/home/***/.local/lib/python3.8/site-packages/pyspark/python/lib/pyspark.zip/pyspark/context.py", line 203, in __init__
[2026-06-27T10:21:23.797+0000] {spark_submit.py:490} INFO - File "/home/***/.local/lib/python3.8/site-packages/pyspark/python/lib/pyspark.zip/pyspark/context.py", line 296, in _do_init
[2026-06-27T10:21:23.797+0000] {spark_submit.py:490} INFO - File "/home/***/.local/lib/python3.8/site-packages/pyspark/python/lib/pyspark.zip/pyspark/context.py", line 421, in _initialize_context
[2026-06-27T10:21:23.797+0000] {spark_submit.py:490} INFO - File "/home/***/.local/lib/python3.8/site-packages/pyspark/python/lib/py4j-0.10.9.7-src.zip/py4j/java_gateway.py", line 1587, in __call__
[2026-06-27T10:21:23.798+0000] {spark_submit.py:490} INFO - File "/home/***/.local/lib/python3.8/site-packages/pyspark/python/lib/py4j-0.10.9.7-src.zip/py4j/protocol.py", line 326, in get_return_value
[2026-06-27T10:21:23.798+0000] {spark_submit.py:490} INFO - py4j.protocol.Py4JJavaError: An error occurred while calling None.org.apache.spark.api.java.JavaSparkContext.
[2026-06-27T10:21:23.798+0000] {spark_submit.py:490} INFO - : org.apache.spark.SparkException: Could not parse Master URL: 'spark-master:7077'
[2026-06-27T10:21:23.798+0000] {spark_submit.py:490} INFO - at org.apache.spark.SparkContext$.org$apache$spark$SparkContext$$createTaskScheduler(SparkContext.scala:3194)
[2026-06-27T10:21:23.798+0000] {spark_submit.py:490} INFO - at org.apache.spark.SparkContext.<init>(SparkContext.scala:577)
[2026-06-27T10:21:23.798+0000] {spark_submit.py:490} INFO - at org.apache.spark.api.java.JavaSparkContext.<init>(JavaSparkContext.scala:58)
[2026-06-27T10:21:23.798+0000] {spark_submit.py:490} INFO - at java.base/jdk.internal.reflect.NativeConstructorAccessorImpl.newInstance0(Native Method)
[2026-06-27T10:21:23.798+0000] {spark_submit.py:490} INFO - at java.base/jdk.internal.reflect.NativeConstructorAccessorImpl.newInstance(NativeConstructorAccessorImpl.java:77)
[2026-06-27T10:21:23.798+0000] {spark_submit.py:490} INFO - at java.base/jdk.internal.reflect.DelegatingConstructorAccessorImpl.newInstance(DelegatingConstructorAccessorImpl.java:45)
[2026-06-27T10:21:23.798+0000] {spark_submit.py:490} INFO - at java.base/java.lang.reflect.Constructor.newInstanceWithCaller(Constructor.java:500)
[2026-06-27T10:21:23.799+0000] {spark_submit.py:490} INFO - at java.base/java.lang.reflect.Constructor.newInstance(Constructor.java:481)
[2026-06-27T10:21:23.799+0000] {spark_submit.py:490} INFO - at py4j.reflection.MethodInvoker.invoke(MethodInvoker.java:247)
[2026-06-27T10:21:23.799+0000] {spark_submit.py:490} INFO - at py4j.reflection.ReflectionEngine.invoke(ReflectionEngine.java:374)
[2026-06-27T10:21:23.799+0000] {spark_submit.py:490} INFO - at py4j.Gateway.invoke(Gateway.java:238)
[2026-06-27T10:21:23.799+0000] {spark_submit.py:490} INFO - at py4j.commands.ConstructorCommand.invokeConstructor(ConstructorCommand.java:80)
[2026-06-27T10:21:23.799+0000] {spark_submit.py:490} INFO - at py4j.commands.ConstructorCommand.execute(ConstructorCommand.java:69)
[2026-06-27T10:21:23.799+0000] {spark_submit.py:490} INFO - at py4j.ClientServerConnection.waitForCommands(ClientServerConnection.java:182)
[2026-06-27T10:21:23.799+0000] {spark_submit.py:490} INFO - at py4j.ClientServerConnection.run(ClientServerConnection.java:106)
[2026-06-27T10:21:23.799+0000] {spark_submit.py:490} INFO - at java.base/java.lang.Thread.run(Thread.java:840)
[2026-06-27T10:21:23.799+0000] {spark_submit.py:490} INFO - 
[2026-06-27T10:21:23.836+0000] {spark_submit.py:490} INFO - 26/06/27 10:21:23 INFO ShutdownHookManager: Shutdown hook called
[2026-06-27T10:21:23.837+0000] {spark_submit.py:490} INFO - 26/06/27 10:21:23 INFO ShutdownHookManager: Deleting directory /tmp/spark-59d494b2-458b-490d-b524-9a5934a7c61d
[2026-06-27T10:21:23.841+0000] {spark_submit.py:490} INFO - 26/06/27 10:21:23 INFO ShutdownHookManager: Deleting directory /tmp/spark-b3a25f6e-85c4-4033-ba9d-69e6b35e22ef
[2026-06-27T10:21:23.872+0000] {taskinstance.py:2698} ERROR - Task failed with exception
Traceback (most recent call last):
  File "/home/airflow/.local/lib/python3.8/site-packages/airflow/models/taskinstance.py", line 433, in _execute_task
    result = execute_callable(context=context, **execute_callable_kwargs)
  File "/home/airflow/.local/lib/python3.8/site-packages/airflow/providers/apache/spark/operators/spark_submit.py", line 157, in execute
    self._hook.submit(self._application)
  File "/home/airflow/.local/lib/python3.8/site-packages/airflow/providers/apache/spark/hooks/spark_submit.py", line 421, in submit
    raise AirflowException(
airflow.exceptions.AirflowException: Cannot execute: spark-submit --master spark-master:7077 --conf spark.submit.deployMode=client --jars /opt/spark/drivers/postgresql-42.7.11.jar --name arrow-spark --verbose /opt/spark-apps/silver_to_gold.py. Error code is: 1.
[2026-06-27T10:21:23.874+0000] {taskinstance.py:1138} INFO - Marking task as FAILED. dag_id=spark_transform_dag, task_id=spark_job, execution_date=20260627T102120, start_date=20260627T102121, end_date=20260627T102123
[2026-06-27T10:21:23.887+0000] {standard_task_runner.py:107} ERROR - Failed to execute job 2 for task spark_job (Cannot execute: spark-submit --master spark-master:7077 --conf spark.submit.deployMode=client --jars /opt/spark/drivers/postgresql-42.7.11.jar --name arrow-spark --verbose /opt/spark-apps/silver_to_gold.py. Error code is: 1.; 242)
[2026-06-27T10:21:23.927+0000] {local_task_job_runner.py:234} INFO - Task exited with return code 1
[2026-06-27T10:21:23.941+0000] {taskinstance.py:3280} INFO - 0 downstream tasks scheduled from follow-on schedule check
