[2026-06-27T08:30:02.519+0000] {taskinstance.py:1956} INFO - Dependencies all met for dep_context=non-requeueable deps ti=<TaskInstance: spark_transform_dag.spark_job scheduled__2026-06-27T08:00:00+00:00 [queued]>
[2026-06-27T08:30:02.527+0000] {taskinstance.py:1956} INFO - Dependencies all met for dep_context=requeueable deps ti=<TaskInstance: spark_transform_dag.spark_job scheduled__2026-06-27T08:00:00+00:00 [queued]>
[2026-06-27T08:30:02.527+0000] {taskinstance.py:2170} INFO - Starting attempt 3 of 4
[2026-06-27T08:30:02.536+0000] {taskinstance.py:2191} INFO - Executing <Task(PythonOperator): spark_job> on 2026-06-27 08:00:00+00:00
[2026-06-27T08:30:02.538+0000] {standard_task_runner.py:60} INFO - Started process 297 to run task
[2026-06-27T08:30:02.540+0000] {standard_task_runner.py:87} INFO - Running: ['***', 'tasks', 'run', 'spark_transform_dag', 'spark_job', 'scheduled__2026-06-27T08:00:00+00:00', '--job-id', '25', '--raw', '--subdir', 'DAGS_FOLDER/spark_transform_dag.py', '--cfg-path', '/tmp/tmp5rrvjpen']
[2026-06-27T08:30:02.542+0000] {standard_task_runner.py:88} INFO - Job 25: Subtask spark_job
[2026-06-27T08:30:02.592+0000] {task_command.py:423} INFO - Running <TaskInstance: spark_transform_dag.spark_job scheduled__2026-06-27T08:00:00+00:00 [running]> on host fd1b3bb3981a
[2026-06-27T08:30:02.675+0000] {taskinstance.py:2480} INFO - Exporting env vars: AIRFLOW_CTX_DAG_OWNER='thesis' AIRFLOW_CTX_DAG_ID='spark_transform_dag' AIRFLOW_CTX_TASK_ID='spark_job' AIRFLOW_CTX_EXECUTION_DATE='2026-06-27T08:00:00+00:00' AIRFLOW_CTX_TRY_NUMBER='3' AIRFLOW_CTX_DAG_RUN_ID='scheduled__2026-06-27T08:00:00+00:00'
[2026-06-27T08:30:02.697+0000] {logging_mixin.py:188} INFO - Cannot connect to the Docker daemon at unix:///var/run/docker.sock. Is the docker daemon running?
[2026-06-27T08:30:02.698+0000] {taskinstance.py:2698} ERROR - Task failed with exception
Traceback (most recent call last):
  File "/home/airflow/.local/lib/python3.8/site-packages/airflow/models/taskinstance.py", line 433, in _execute_task
    result = execute_callable(context=context, **execute_callable_kwargs)
  File "/home/airflow/.local/lib/python3.8/site-packages/airflow/operators/python.py", line 199, in execute
    return_value = self.execute_callable()
  File "/home/airflow/.local/lib/python3.8/site-packages/airflow/operators/python.py", line 216, in execute_callable
    return self.python_callable(*self.op_args, **self.op_kwargs)
  File "/opt/airflow/dags/spark_transform_dag.py", line 26, in run_spark_job
    raise RuntimeError("Spark job failed")
RuntimeError: Spark job failed
[2026-06-27T08:30:02.711+0000] {taskinstance.py:1138} INFO - Marking task as UP_FOR_RETRY. dag_id=spark_transform_dag, task_id=spark_job, execution_date=20260627T080000, start_date=20260627T083002, end_date=20260627T083002
[2026-06-27T08:30:02.727+0000] {standard_task_runner.py:107} ERROR - Failed to execute job 25 for task spark_job (Spark job failed; 297)
[2026-06-27T08:30:02.752+0000] {local_task_job_runner.py:234} INFO - Task exited with return code 1
[2026-06-27T08:30:02.777+0000] {taskinstance.py:3280} INFO - 0 downstream tasks scheduled from follow-on schedule check
