[2026-06-26T22:59:49.647+0000] {taskinstance.py:1956} INFO - Dependencies all met for dep_context=non-requeueable deps ti=<TaskInstance: spark_transform_dag.spark_job scheduled__2026-06-26T22:20:00+00:00 [queued]>
[2026-06-26T22:59:49.658+0000] {taskinstance.py:1956} INFO - Dependencies all met for dep_context=requeueable deps ti=<TaskInstance: spark_transform_dag.spark_job scheduled__2026-06-26T22:20:00+00:00 [queued]>
[2026-06-26T22:59:49.659+0000] {taskinstance.py:2170} INFO - Starting attempt 4 of 4
[2026-06-26T22:59:49.673+0000] {taskinstance.py:2191} INFO - Executing <Task(PythonOperator): spark_job> on 2026-06-26 22:20:00+00:00
[2026-06-26T22:59:49.679+0000] {standard_task_runner.py:60} INFO - Started process 1475 to run task
[2026-06-26T22:59:49.683+0000] {standard_task_runner.py:87} INFO - Running: ['***', 'tasks', 'run', 'spark_transform_dag', 'spark_job', 'scheduled__2026-06-26T22:20:00+00:00', '--job-id', '31', '--raw', '--subdir', 'DAGS_FOLDER/spark_transform_dag.py', '--cfg-path', '/tmp/tmpbhc6osme']
[2026-06-26T22:59:49.685+0000] {standard_task_runner.py:88} INFO - Job 31: Subtask spark_job
[2026-06-26T22:59:49.749+0000] {task_command.py:423} INFO - Running <TaskInstance: spark_transform_dag.spark_job scheduled__2026-06-26T22:20:00+00:00 [running]> on host 2287e6a6e47d
[2026-06-26T22:59:49.848+0000] {taskinstance.py:2480} INFO - Exporting env vars: AIRFLOW_CTX_DAG_OWNER='thesis' AIRFLOW_CTX_DAG_ID='spark_transform_dag' AIRFLOW_CTX_TASK_ID='spark_job' AIRFLOW_CTX_EXECUTION_DATE='2026-06-26T22:20:00+00:00' AIRFLOW_CTX_TRY_NUMBER='4' AIRFLOW_CTX_DAG_RUN_ID='scheduled__2026-06-26T22:20:00+00:00'
[2026-06-26T22:59:49.849+0000] {spark_transform_dag.py:30} INFO - Running Spark command: docker exec smart-city-traffic-etl-spark-1 spark-submit --jars /opt/spark/drivers/postgresql-42.7.11.jar /opt/spark-apps/silver_to_gold.py
[2026-06-26T22:59:49.875+0000] {spark_transform_dag.py:35} INFO - STDOUT:

[2026-06-26T22:59:49.875+0000] {spark_transform_dag.py:36} INFO - STDERR:
Cannot connect to the Docker daemon at unix:///var/run/docker.sock. Is the docker daemon running?

[2026-06-26T22:59:49.876+0000] {taskinstance.py:2698} ERROR - Task failed with exception
Traceback (most recent call last):
  File "/home/airflow/.local/lib/python3.8/site-packages/airflow/models/taskinstance.py", line 433, in _execute_task
    result = execute_callable(context=context, **execute_callable_kwargs)
  File "/home/airflow/.local/lib/python3.8/site-packages/airflow/operators/python.py", line 199, in execute
    return_value = self.execute_callable()
  File "/home/airflow/.local/lib/python3.8/site-packages/airflow/operators/python.py", line 216, in execute_callable
    return self.python_callable(*self.op_args, **self.op_kwargs)
  File "/opt/airflow/dags/spark_transform_dag.py", line 39, in run_spark_job
    raise RuntimeError(f"Spark job failed with exit code {process.returncode}")
RuntimeError: Spark job failed with exit code 1
[2026-06-26T22:59:49.890+0000] {taskinstance.py:1138} INFO - Marking task as FAILED. dag_id=spark_transform_dag, task_id=spark_job, execution_date=20260626T222000, start_date=20260626T225949, end_date=20260626T225949
[2026-06-26T22:59:49.907+0000] {standard_task_runner.py:107} ERROR - Failed to execute job 31 for task spark_job (Spark job failed with exit code 1; 1475)
[2026-06-26T22:59:49.935+0000] {local_task_job_runner.py:234} INFO - Task exited with return code 1
[2026-06-26T22:59:49.959+0000] {taskinstance.py:3280} INFO - 0 downstream tasks scheduled from follow-on schedule check
