[2026-06-26T22:43:34.745+0000] {taskinstance.py:1956} INFO - Dependencies all met for dep_context=non-requeueable deps ti=<TaskInstance: spark_transform_dag.spark_job scheduled__2026-06-26T22:20:00+00:00 [queued]>
[2026-06-26T22:43:34.757+0000] {taskinstance.py:1956} INFO - Dependencies all met for dep_context=requeueable deps ti=<TaskInstance: spark_transform_dag.spark_job scheduled__2026-06-26T22:20:00+00:00 [queued]>
[2026-06-26T22:43:34.757+0000] {taskinstance.py:2170} INFO - Starting attempt 2 of 4
[2026-06-26T22:43:34.774+0000] {taskinstance.py:2191} INFO - Executing <Task(PythonOperator): spark_job> on 2026-06-26 22:20:00+00:00
[2026-06-26T22:43:34.781+0000] {standard_task_runner.py:60} INFO - Started process 850 to run task
[2026-06-26T22:43:34.785+0000] {standard_task_runner.py:87} INFO - Running: ['***', 'tasks', 'run', 'spark_transform_dag', 'spark_job', 'scheduled__2026-06-26T22:20:00+00:00', '--job-id', '21', '--raw', '--subdir', 'DAGS_FOLDER/spark_transform_dag.py', '--cfg-path', '/tmp/tmpanfbn41s']
[2026-06-26T22:43:34.788+0000] {standard_task_runner.py:88} INFO - Job 21: Subtask spark_job
[2026-06-26T22:43:34.861+0000] {task_command.py:423} INFO - Running <TaskInstance: spark_transform_dag.spark_job scheduled__2026-06-26T22:20:00+00:00 [running]> on host 2287e6a6e47d
[2026-06-26T22:43:34.967+0000] {taskinstance.py:2480} INFO - Exporting env vars: AIRFLOW_CTX_DAG_OWNER='thesis' AIRFLOW_CTX_DAG_ID='spark_transform_dag' AIRFLOW_CTX_TASK_ID='spark_job' AIRFLOW_CTX_EXECUTION_DATE='2026-06-26T22:20:00+00:00' AIRFLOW_CTX_TRY_NUMBER='2' AIRFLOW_CTX_DAG_RUN_ID='scheduled__2026-06-26T22:20:00+00:00'
[2026-06-26T22:43:34.997+0000] {taskinstance.py:2698} ERROR - Task failed with exception
Traceback (most recent call last):
  File "/home/airflow/.local/lib/python3.8/site-packages/airflow/models/taskinstance.py", line 433, in _execute_task
    result = execute_callable(context=context, **execute_callable_kwargs)
  File "/home/airflow/.local/lib/python3.8/site-packages/airflow/operators/python.py", line 199, in execute
    return_value = self.execute_callable()
  File "/home/airflow/.local/lib/python3.8/site-packages/airflow/operators/python.py", line 216, in execute_callable
    return self.python_callable(*self.op_args, **self.op_kwargs)
  File "/opt/airflow/dags/spark_transform_dag.py", line 17, in run_spark_job
    subprocess.run(cmd, check=True)
  File "/usr/local/lib/python3.8/subprocess.py", line 516, in run
    raise CalledProcessError(retcode, process.args,
subprocess.CalledProcessError: Command '['docker', 'exec', 'spark', 'spark-submit', '--jars', '/opt/spark/drivers/postgresql-42.7.11.jar', '/opt/spark-apps/silver_to_gold.py']' returned non-zero exit status 1.
[2026-06-26T22:43:35.013+0000] {taskinstance.py:1138} INFO - Marking task as UP_FOR_RETRY. dag_id=spark_transform_dag, task_id=spark_job, execution_date=20260626T222000, start_date=20260626T224334, end_date=20260626T224335
[2026-06-26T22:43:35.033+0000] {standard_task_runner.py:107} ERROR - Failed to execute job 21 for task spark_job (Command '['docker', 'exec', 'spark', 'spark-submit', '--jars', '/opt/spark/drivers/postgresql-42.7.11.jar', '/opt/spark-apps/silver_to_gold.py']' returned non-zero exit status 1.; 850)
[2026-06-26T22:43:35.078+0000] {local_task_job_runner.py:234} INFO - Task exited with return code 1
[2026-06-26T22:43:35.103+0000] {taskinstance.py:3280} INFO - 0 downstream tasks scheduled from follow-on schedule check
