[2026-06-28T18:18:02.246+0000] {taskinstance.py:1956} INFO - Dependencies all met for dep_context=non-requeueable deps ti=<TaskInstance: tomtom_api_ingestion.trigger_spark_pipeline scheduled__2026-06-28T17:00:00+00:00 [queued]>
[2026-06-28T18:18:02.259+0000] {taskinstance.py:1956} INFO - Dependencies all met for dep_context=requeueable deps ti=<TaskInstance: tomtom_api_ingestion.trigger_spark_pipeline scheduled__2026-06-28T17:00:00+00:00 [queued]>
[2026-06-28T18:18:02.260+0000] {taskinstance.py:2170} INFO - Starting attempt 1 of 4
[2026-06-28T18:18:02.278+0000] {taskinstance.py:2191} INFO - Executing <Task(TriggerDagRunOperator): trigger_spark_pipeline> on 2026-06-28 17:00:00+00:00
[2026-06-28T18:18:02.287+0000] {standard_task_runner.py:60} INFO - Started process 3901 to run task
[2026-06-28T18:18:02.291+0000] {standard_task_runner.py:87} INFO - Running: ['***', 'tasks', 'run', 'tomtom_api_ingestion', 'trigger_spark_pipeline', 'scheduled__2026-06-28T17:00:00+00:00', '--job-id', '9', '--raw', '--subdir', 'DAGS_FOLDER/tomtom_ingestion_api_dag.py', '--cfg-path', '/tmp/tmpw9tgrn_o']
[2026-06-28T18:18:02.295+0000] {standard_task_runner.py:88} INFO - Job 9: Subtask trigger_spark_pipeline
[2026-06-28T18:18:02.371+0000] {task_command.py:423} INFO - Running <TaskInstance: tomtom_api_ingestion.trigger_spark_pipeline scheduled__2026-06-28T17:00:00+00:00 [running]> on host 86a3e92c752e
[2026-06-28T18:18:02.488+0000] {taskinstance.py:2480} INFO - Exporting env vars: AIRFLOW_CTX_DAG_OWNER='thesis' AIRFLOW_CTX_DAG_ID='tomtom_api_ingestion' AIRFLOW_CTX_TASK_ID='trigger_spark_pipeline' AIRFLOW_CTX_EXECUTION_DATE='2026-06-28T17:00:00+00:00' AIRFLOW_CTX_TRY_NUMBER='1' AIRFLOW_CTX_DAG_RUN_ID='scheduled__2026-06-28T17:00:00+00:00'
[2026-06-28T18:18:02.607+0000] {trigger_dagrun.py:210} INFO - Waiting for tomtom_spark_pipeline on 2026-06-28 18:18:02.489399+00:00 to become allowed state ['success'] ...
[2026-06-28T18:19:02.687+0000] {trigger_dagrun.py:210} INFO - Waiting for tomtom_spark_pipeline on 2026-06-28 18:18:02.489399+00:00 to become allowed state ['success'] ...
[2026-06-28T18:20:02.705+0000] {trigger_dagrun.py:210} INFO - Waiting for tomtom_spark_pipeline on 2026-06-28 18:18:02.489399+00:00 to become allowed state ['success'] ...
[2026-06-28T18:21:02.737+0000] {trigger_dagrun.py:210} INFO - Waiting for tomtom_spark_pipeline on 2026-06-28 18:18:02.489399+00:00 to become allowed state ['success'] ...
[2026-06-28T18:22:02.810+0000] {trigger_dagrun.py:210} INFO - Waiting for tomtom_spark_pipeline on 2026-06-28 18:18:02.489399+00:00 to become allowed state ['success'] ...
[2026-06-28T18:23:02.883+0000] {trigger_dagrun.py:210} INFO - Waiting for tomtom_spark_pipeline on 2026-06-28 18:18:02.489399+00:00 to become allowed state ['success'] ...
[2026-06-28T18:24:02.960+0000] {trigger_dagrun.py:210} INFO - Waiting for tomtom_spark_pipeline on 2026-06-28 18:18:02.489399+00:00 to become allowed state ['success'] ...
[2026-06-28T18:25:03.039+0000] {trigger_dagrun.py:210} INFO - Waiting for tomtom_spark_pipeline on 2026-06-28 18:18:02.489399+00:00 to become allowed state ['success'] ...
[2026-06-28T18:26:03.114+0000] {trigger_dagrun.py:210} INFO - Waiting for tomtom_spark_pipeline on 2026-06-28 18:18:02.489399+00:00 to become allowed state ['success'] ...
[2026-06-28T18:27:03.182+0000] {trigger_dagrun.py:210} INFO - Waiting for tomtom_spark_pipeline on 2026-06-28 18:18:02.489399+00:00 to become allowed state ['success'] ...
[2026-06-28T18:28:03.259+0000] {trigger_dagrun.py:210} INFO - Waiting for tomtom_spark_pipeline on 2026-06-28 18:18:02.489399+00:00 to become allowed state ['success'] ...
[2026-06-28T18:29:03.325+0000] {trigger_dagrun.py:210} INFO - Waiting for tomtom_spark_pipeline on 2026-06-28 18:18:02.489399+00:00 to become allowed state ['success'] ...
[2026-06-28T18:30:03.392+0000] {trigger_dagrun.py:210} INFO - Waiting for tomtom_spark_pipeline on 2026-06-28 18:18:02.489399+00:00 to become allowed state ['success'] ...
[2026-06-28T18:31:03.461+0000] {trigger_dagrun.py:210} INFO - Waiting for tomtom_spark_pipeline on 2026-06-28 18:18:02.489399+00:00 to become allowed state ['success'] ...
[2026-06-28T18:32:03.535+0000] {trigger_dagrun.py:210} INFO - Waiting for tomtom_spark_pipeline on 2026-06-28 18:18:02.489399+00:00 to become allowed state ['success'] ...
[2026-06-28T18:33:03.606+0000] {trigger_dagrun.py:210} INFO - Waiting for tomtom_spark_pipeline on 2026-06-28 18:18:02.489399+00:00 to become allowed state ['success'] ...
[2026-06-28T18:34:03.648+0000] {trigger_dagrun.py:210} INFO - Waiting for tomtom_spark_pipeline on 2026-06-28 18:18:02.489399+00:00 to become allowed state ['success'] ...
[2026-06-28T18:35:03.719+0000] {trigger_dagrun.py:210} INFO - Waiting for tomtom_spark_pipeline on 2026-06-28 18:18:02.489399+00:00 to become allowed state ['success'] ...
[2026-06-28T18:36:03.799+0000] {trigger_dagrun.py:210} INFO - Waiting for tomtom_spark_pipeline on 2026-06-28 18:18:02.489399+00:00 to become allowed state ['success'] ...
[2026-06-28T18:37:03.873+0000] {trigger_dagrun.py:210} INFO - Waiting for tomtom_spark_pipeline on 2026-06-28 18:18:02.489399+00:00 to become allowed state ['success'] ...
[2026-06-28T18:38:03.941+0000] {trigger_dagrun.py:210} INFO - Waiting for tomtom_spark_pipeline on 2026-06-28 18:18:02.489399+00:00 to become allowed state ['success'] ...
[2026-06-28T18:39:04.006+0000] {trigger_dagrun.py:210} INFO - Waiting for tomtom_spark_pipeline on 2026-06-28 18:18:02.489399+00:00 to become allowed state ['success'] ...
[2026-06-28T18:40:04.073+0000] {trigger_dagrun.py:210} INFO - Waiting for tomtom_spark_pipeline on 2026-06-28 18:18:02.489399+00:00 to become allowed state ['success'] ...
[2026-06-28T18:41:04.139+0000] {trigger_dagrun.py:210} INFO - Waiting for tomtom_spark_pipeline on 2026-06-28 18:18:02.489399+00:00 to become allowed state ['success'] ...
[2026-06-28T18:42:04.212+0000] {trigger_dagrun.py:223} INFO - tomtom_spark_pipeline finished with allowed state success
[2026-06-28T18:42:04.225+0000] {taskinstance.py:1138} INFO - Marking task as SUCCESS. dag_id=tomtom_api_ingestion, task_id=trigger_spark_pipeline, execution_date=20260628T170000, start_date=20260628T181802, end_date=20260628T184204
[2026-06-28T18:42:04.263+0000] {local_task_job_runner.py:234} INFO - Task exited with return code 0
[2026-06-28T18:42:04.285+0000] {taskinstance.py:3280} INFO - 0 downstream tasks scheduled from follow-on schedule check
