[2026-06-26T22:02:43.736+0000] {taskinstance.py:1956} INFO - Dependencies all met for dep_context=non-requeueable deps ti=<TaskInstance: ingestion_dag.fetch_berlin scheduled__2026-06-26T21:30:00+00:00 [queued]>
[2026-06-26T22:02:43.746+0000] {taskinstance.py:1956} INFO - Dependencies all met for dep_context=requeueable deps ti=<TaskInstance: ingestion_dag.fetch_berlin scheduled__2026-06-26T21:30:00+00:00 [queued]>
[2026-06-26T22:02:43.746+0000] {taskinstance.py:2170} INFO - Starting attempt 2 of 4
[2026-06-26T22:02:43.761+0000] {taskinstance.py:2191} INFO - Executing <Task(PythonOperator): fetch_berlin> on 2026-06-26 21:30:00+00:00
[2026-06-26T22:02:43.768+0000] {standard_task_runner.py:60} INFO - Started process 337 to run task
[2026-06-26T22:02:43.772+0000] {standard_task_runner.py:87} INFO - Running: ['***', 'tasks', 'run', 'ingestion_dag', 'fetch_berlin', 'scheduled__2026-06-26T21:30:00+00:00', '--job-id', '59', '--raw', '--subdir', 'DAGS_FOLDER/ingestion_dag.py', '--cfg-path', '/tmp/tmpnv_jvryi']
[2026-06-26T22:02:43.774+0000] {standard_task_runner.py:88} INFO - Job 59: Subtask fetch_berlin
[2026-06-26T22:02:43.845+0000] {task_command.py:423} INFO - Running <TaskInstance: ingestion_dag.fetch_berlin scheduled__2026-06-26T21:30:00+00:00 [running]> on host 2a877a0edbb9
[2026-06-26T22:02:44.119+0000] {taskinstance.py:2480} INFO - Exporting env vars: AIRFLOW_CTX_DAG_OWNER='thesis' AIRFLOW_CTX_DAG_ID='ingestion_dag' AIRFLOW_CTX_TASK_ID='fetch_berlin' AIRFLOW_CTX_EXECUTION_DATE='2026-06-26T21:30:00+00:00' AIRFLOW_CTX_TRY_NUMBER='2' AIRFLOW_CTX_DAG_RUN_ID='scheduled__2026-06-26T21:30:00+00:00'
[2026-06-26T22:02:44.615+0000] {ingestion_dag.py:75} WARNING - Failed berlin (52.46,13.28): 401 Client Error: Unauthorized for url: https://api.tomtom.com/traffic/services/4/flowSegmentData/absolute/10/json?key=&point=52.46%2C13.28&unit=KMPH
[2026-06-26T22:02:45.026+0000] {ingestion_dag.py:75} WARNING - Failed berlin (52.4875,13.28): 401 Client Error: Unauthorized for url: https://api.tomtom.com/traffic/services/4/flowSegmentData/absolute/10/json?key=&point=52.4875%2C13.28&unit=KMPH
[2026-06-26T22:02:45.639+0000] {ingestion_dag.py:75} WARNING - Failed berlin (52.515,13.28): 401 Client Error: Unauthorized for url: https://api.tomtom.com/traffic/services/4/flowSegmentData/absolute/10/json?key=&point=52.515%2C13.28&unit=KMPH
[2026-06-26T22:02:46.131+0000] {ingestion_dag.py:75} WARNING - Failed berlin (52.5425,13.28): 401 Client Error: Unauthorized for url: https://api.tomtom.com/traffic/services/4/flowSegmentData/absolute/10/json?key=&point=52.5425%2C13.28&unit=KMPH
[2026-06-26T22:02:46.670+0000] {ingestion_dag.py:75} WARNING - Failed berlin (52.57,13.28): 401 Client Error: Unauthorized for url: https://api.tomtom.com/traffic/services/4/flowSegmentData/absolute/10/json?key=&point=52.57%2C13.28&unit=KMPH
[2026-06-26T22:02:47.071+0000] {ingestion_dag.py:75} WARNING - Failed berlin (52.46,13.3525): 401 Client Error: Unauthorized for url: https://api.tomtom.com/traffic/services/4/flowSegmentData/absolute/10/json?key=&point=52.46%2C13.3525&unit=KMPH
[2026-06-26T22:02:47.489+0000] {ingestion_dag.py:75} WARNING - Failed berlin (52.4875,13.3525): 401 Client Error: Unauthorized for url: https://api.tomtom.com/traffic/services/4/flowSegmentData/absolute/10/json?key=&point=52.4875%2C13.3525&unit=KMPH
[2026-06-26T22:02:48.094+0000] {ingestion_dag.py:75} WARNING - Failed berlin (52.515,13.3525): 401 Client Error: Unauthorized for url: https://api.tomtom.com/traffic/services/4/flowSegmentData/absolute/10/json?key=&point=52.515%2C13.3525&unit=KMPH
[2026-06-26T22:02:48.496+0000] {ingestion_dag.py:75} WARNING - Failed berlin (52.5425,13.3525): 401 Client Error: Unauthorized for url: https://api.tomtom.com/traffic/services/4/flowSegmentData/absolute/10/json?key=&point=52.5425%2C13.3525&unit=KMPH
[2026-06-26T22:02:48.927+0000] {ingestion_dag.py:75} WARNING - Failed berlin (52.57,13.3525): 401 Client Error: Unauthorized for url: https://api.tomtom.com/traffic/services/4/flowSegmentData/absolute/10/json?key=&point=52.57%2C13.3525&unit=KMPH
[2026-06-26T22:02:49.222+0000] {ingestion_dag.py:75} WARNING - Failed berlin (52.46,13.425): 401 Client Error: Unauthorized for url: https://api.tomtom.com/traffic/services/4/flowSegmentData/absolute/10/json?key=&point=52.46%2C13.425&unit=KMPH
[2026-06-26T22:02:49.529+0000] {ingestion_dag.py:75} WARNING - Failed berlin (52.4875,13.425): 401 Client Error: Unauthorized for url: https://api.tomtom.com/traffic/services/4/flowSegmentData/absolute/10/json?key=&point=52.4875%2C13.425&unit=KMPH
[2026-06-26T22:02:49.938+0000] {ingestion_dag.py:75} WARNING - Failed berlin (52.515,13.425): 401 Client Error: Unauthorized for url: https://api.tomtom.com/traffic/services/4/flowSegmentData/absolute/10/json?key=&point=52.515%2C13.425&unit=KMPH
[2026-06-26T22:02:50.451+0000] {ingestion_dag.py:75} WARNING - Failed berlin (52.5425,13.425): 401 Client Error: Unauthorized for url: https://api.tomtom.com/traffic/services/4/flowSegmentData/absolute/10/json?key=&point=52.5425%2C13.425&unit=KMPH
[2026-06-26T22:02:50.862+0000] {ingestion_dag.py:75} WARNING - Failed berlin (52.57,13.425): 401 Client Error: Unauthorized for url: https://api.tomtom.com/traffic/services/4/flowSegmentData/absolute/10/json?key=&point=52.57%2C13.425&unit=KMPH
[2026-06-26T22:02:51.474+0000] {ingestion_dag.py:75} WARNING - Failed berlin (52.46,13.4975): 401 Client Error: Unauthorized for url: https://api.tomtom.com/traffic/services/4/flowSegmentData/absolute/10/json?key=&point=52.46%2C13.4975&unit=KMPH
[2026-06-26T22:02:51.987+0000] {ingestion_dag.py:75} WARNING - Failed berlin (52.4875,13.4975): 401 Client Error: Unauthorized for url: https://api.tomtom.com/traffic/services/4/flowSegmentData/absolute/10/json?key=&point=52.4875%2C13.4975&unit=KMPH
[2026-06-26T22:02:52.396+0000] {ingestion_dag.py:75} WARNING - Failed berlin (52.515,13.4975): 401 Client Error: Unauthorized for url: https://api.tomtom.com/traffic/services/4/flowSegmentData/absolute/10/json?key=&point=52.515%2C13.4975&unit=KMPH
[2026-06-26T22:02:52.811+0000] {ingestion_dag.py:75} WARNING - Failed berlin (52.5425,13.4975): 401 Client Error: Unauthorized for url: https://api.tomtom.com/traffic/services/4/flowSegmentData/absolute/10/json?key=&point=52.5425%2C13.4975&unit=KMPH
[2026-06-26T22:02:53.216+0000] {ingestion_dag.py:75} WARNING - Failed berlin (52.57,13.4975): 401 Client Error: Unauthorized for url: https://api.tomtom.com/traffic/services/4/flowSegmentData/absolute/10/json?key=&point=52.57%2C13.4975&unit=KMPH
[2026-06-26T22:02:53.626+0000] {ingestion_dag.py:75} WARNING - Failed berlin (52.46,13.57): 401 Client Error: Unauthorized for url: https://api.tomtom.com/traffic/services/4/flowSegmentData/absolute/10/json?key=&point=52.46%2C13.57&unit=KMPH
[2026-06-26T22:02:54.179+0000] {ingestion_dag.py:75} WARNING - Failed berlin (52.4875,13.57): 401 Client Error: Unauthorized for url: https://api.tomtom.com/traffic/services/4/flowSegmentData/absolute/10/json?key=&point=52.4875%2C13.57&unit=KMPH
[2026-06-26T22:02:54.649+0000] {ingestion_dag.py:75} WARNING - Failed berlin (52.515,13.57): 401 Client Error: Unauthorized for url: https://api.tomtom.com/traffic/services/4/flowSegmentData/absolute/10/json?key=&point=52.515%2C13.57&unit=KMPH
[2026-06-26T22:02:57.858+0000] {ingestion_dag.py:75} WARNING - Failed berlin (52.5425,13.57): 401 Client Error: Unauthorized for url: https://api.tomtom.com/traffic/services/4/flowSegmentData/absolute/10/json?key=&point=52.5425%2C13.57&unit=KMPH
[2026-06-26T22:02:58.357+0000] {ingestion_dag.py:75} WARNING - Failed berlin (52.57,13.57): 401 Client Error: Unauthorized for url: https://api.tomtom.com/traffic/services/4/flowSegmentData/absolute/10/json?key=&point=52.57%2C13.57&unit=KMPH
[2026-06-26T22:02:58.361+0000] {taskinstance.py:2698} ERROR - Task failed with exception
Traceback (most recent call last):
  File "/home/airflow/.local/lib/python3.8/site-packages/airflow/models/taskinstance.py", line 433, in _execute_task
    result = execute_callable(context=context, **execute_callable_kwargs)
  File "/home/airflow/.local/lib/python3.8/site-packages/airflow/operators/python.py", line 199, in execute
    return_value = self.execute_callable()
  File "/home/airflow/.local/lib/python3.8/site-packages/airflow/operators/python.py", line 216, in execute_callable
    return self.python_callable(*self.op_args, **self.op_kwargs)
  File "/opt/airflow/dags/ingestion_dag.py", line 78, in fetch_and_extract
    raise RuntimeError("All grid points failed")
RuntimeError: All grid points failed
[2026-06-26T22:02:58.388+0000] {taskinstance.py:1138} INFO - Marking task as UP_FOR_RETRY. dag_id=ingestion_dag, task_id=fetch_berlin, execution_date=20260626T213000, start_date=20260626T220243, end_date=20260626T220258
[2026-06-26T22:02:58.422+0000] {standard_task_runner.py:107} ERROR - Failed to execute job 59 for task fetch_berlin (All grid points failed; 337)
[2026-06-26T22:02:58.468+0000] {local_task_job_runner.py:234} INFO - Task exited with return code 1
[2026-06-26T22:02:58.504+0000] {taskinstance.py:3280} INFO - 0 downstream tasks scheduled from follow-on schedule check
