[2026-06-28T13:00:25.080+0000] {taskinstance.py:1956} INFO - Dependencies all met for dep_context=non-requeueable deps ti=<TaskInstance: tomtom_spark_pipeline.silver_to_gold scheduled__2026-06-28T12:00:00+00:00 [queued]>
[2026-06-28T13:00:25.092+0000] {taskinstance.py:1956} INFO - Dependencies all met for dep_context=requeueable deps ti=<TaskInstance: tomtom_spark_pipeline.silver_to_gold scheduled__2026-06-28T12:00:00+00:00 [queued]>
[2026-06-28T13:00:25.092+0000] {taskinstance.py:2170} INFO - Starting attempt 1 of 1
[2026-06-28T13:00:25.107+0000] {taskinstance.py:2191} INFO - Executing <Task(SparkSubmitOperator): silver_to_gold> on 2026-06-28 12:00:00+00:00
[2026-06-28T13:00:25.112+0000] {standard_task_runner.py:60} INFO - Started process 1115 to run task
[2026-06-28T13:00:25.116+0000] {standard_task_runner.py:87} INFO - Running: ['***', 'tasks', 'run', 'tomtom_spark_pipeline', 'silver_to_gold', 'scheduled__2026-06-28T12:00:00+00:00', '--job-id', '100', '--raw', '--subdir', 'DAGS_FOLDER/tomtom_spark_pipeline_dag.py', '--cfg-path', '/tmp/tmpfci2_g7l']
[2026-06-28T13:00:25.118+0000] {standard_task_runner.py:88} INFO - Job 100: Subtask silver_to_gold
[2026-06-28T13:00:25.179+0000] {task_command.py:423} INFO - Running <TaskInstance: tomtom_spark_pipeline.silver_to_gold scheduled__2026-06-28T12:00:00+00:00 [running]> on host d00c70bd258a
[2026-06-28T13:00:25.293+0000] {taskinstance.py:2480} INFO - Exporting env vars: AIRFLOW_CTX_DAG_OWNER='***' AIRFLOW_CTX_DAG_ID='tomtom_spark_pipeline' AIRFLOW_CTX_TASK_ID='silver_to_gold' AIRFLOW_CTX_EXECUTION_DATE='2026-06-28T12:00:00+00:00' AIRFLOW_CTX_TRY_NUMBER='1' AIRFLOW_CTX_DAG_RUN_ID='scheduled__2026-06-28T12:00:00+00:00'
[2026-06-28T13:00:25.311+0000] {base.py:83} INFO - Using connection ID 'spark_default' for task execution.
[2026-06-28T13:00:25.313+0000] {spark_submit.py:339} INFO - Spark-Submit cmd: spark-submit --master spark://spark-master:7077 --conf spark.master=spark://spark-master:7077 --conf spark.hadoop.fs.permissions.umask-mode=000 --conf spark.hadoop.fs.permissions.enabled=false --conf spark.sql.warehouse.dir=/opt/data --name arrow-spark /opt/spark-apps/gold_job.py
[2026-06-28T13:00:26.988+0000] {spark_submit.py:490} INFO - 26/06/28 13:00:26 INFO SparkContext: Running Spark version 3.5.8
[2026-06-28T13:00:26.993+0000] {spark_submit.py:490} INFO - 26/06/28 13:00:26 INFO SparkContext: OS info Linux, 6.17.0-23-generic, amd64
[2026-06-28T13:00:26.994+0000] {spark_submit.py:490} INFO - 26/06/28 13:00:26 INFO SparkContext: Java version 17.0.19
[2026-06-28T13:00:27.009+0000] {local_task_job_runner.py:121} ERROR - Received SIGTERM. Terminating subprocesses
[2026-06-28T13:00:27.018+0000] {process_utils.py:131} INFO - Sending 15 to group 1115. PIDs of all processes in the group: [1116, 1188, 1115]
[2026-06-28T13:00:27.019+0000] {process_utils.py:86} INFO - Sending the signal 15 to group 1115
[2026-06-28T13:00:27.020+0000] {taskinstance.py:2450} ERROR - Received SIGTERM. Terminating subprocesses.
[2026-06-28T13:00:27.024+0000] {spark_submit.py:615} INFO - Sending kill signal to spark-submit
[2026-06-28T13:00:27.060+0000] {taskinstance.py:2698} ERROR - Task failed with exception
Traceback (most recent call last):
  File "/home/airflow/.local/lib/python3.8/site-packages/airflow/models/taskinstance.py", line 433, in _execute_task
    result = execute_callable(context=context, **execute_callable_kwargs)
  File "/home/airflow/.local/lib/python3.8/site-packages/airflow/providers/apache/spark/operators/spark_submit.py", line 157, in execute
    self._hook.submit(self._application)
  File "/home/airflow/.local/lib/python3.8/site-packages/airflow/providers/apache/spark/hooks/spark_submit.py", line 409, in submit
    self._process_spark_submit_log(iter(self._submit_sp.stdout))  # type: ignore
  File "/home/airflow/.local/lib/python3.8/site-packages/airflow/providers/apache/spark/hooks/spark_submit.py", line 458, in _process_spark_submit_log
    for line in itr:
  File "/home/airflow/.local/lib/python3.8/site-packages/airflow/models/taskinstance.py", line 2452, in signal_handler
    raise AirflowException("Task received SIGTERM signal")
airflow.exceptions.AirflowException: Task received SIGTERM signal
[2026-06-28T13:00:27.069+0000] {taskinstance.py:1138} INFO - Marking task as FAILED. dag_id=tomtom_spark_pipeline, task_id=silver_to_gold, execution_date=20260628T120000, start_date=20260628T130025, end_date=20260628T130027
[2026-06-28T13:00:27.075+0000] {process_utils.py:79} INFO - Process psutil.Process(pid=1188, status='terminated', started='13:00:25') (1188) terminated with exit code None
[2026-06-28T13:00:27.114+0000] {standard_task_runner.py:107} ERROR - Failed to execute job 100 for task silver_to_gold (Task received SIGTERM signal; 1115)
[2026-06-28T13:00:27.170+0000] {process_utils.py:79} INFO - Process psutil.Process(pid=1115, status='terminated', exitcode=1, started='13:00:24') (1115) terminated with exit code 1
[2026-06-28T13:00:27.171+0000] {process_utils.py:79} INFO - Process psutil.Process(pid=1116, status='terminated', started='13:00:24') (1116) terminated with exit code None
[2026-06-28T13:00:27.171+0000] {local_task_job_runner.py:234} INFO - Task exited with return code 143
[2026-06-28T13:00:27.190+0000] {taskinstance.py:3280} INFO - 0 downstream tasks scheduled from follow-on schedule check
