[2026-06-27T18:13:05.750+0000] {taskinstance.py:1956} INFO - Dependencies all met for dep_context=non-requeueable deps ti=<TaskInstance: tomtom_spark_pipeline.ingestion manual__2026-06-27T18:13:04.673389+00:00 [queued]>
[2026-06-27T18:13:05.763+0000] {taskinstance.py:1956} INFO - Dependencies all met for dep_context=requeueable deps ti=<TaskInstance: tomtom_spark_pipeline.ingestion manual__2026-06-27T18:13:04.673389+00:00 [queued]>
[2026-06-27T18:13:05.764+0000] {taskinstance.py:2170} INFO - Starting attempt 1 of 1
[2026-06-27T18:13:05.777+0000] {taskinstance.py:2191} INFO - Executing <Task(SparkSubmitOperator): ingestion> on 2026-06-27 18:13:04.673389+00:00
[2026-06-27T18:13:05.780+0000] {standard_task_runner.py:60} INFO - Started process 15258 to run task
[2026-06-27T18:13:05.784+0000] {standard_task_runner.py:87} INFO - Running: ['***', 'tasks', 'run', 'tomtom_spark_pipeline', 'ingestion', 'manual__2026-06-27T18:13:04.673389+00:00', '--job-id', '58', '--raw', '--subdir', 'DAGS_FOLDER/tomtom_spark_pipeline_dag.py', '--cfg-path', '/tmp/tmpea__4wtf']
[2026-06-27T18:13:05.786+0000] {standard_task_runner.py:88} INFO - Job 58: Subtask ingestion
[2026-06-27T18:13:05.848+0000] {task_command.py:423} INFO - Running <TaskInstance: tomtom_spark_pipeline.ingestion manual__2026-06-27T18:13:04.673389+00:00 [running]> on host b18662f3c6bd
[2026-06-27T18:13:05.943+0000] {taskinstance.py:2480} INFO - Exporting env vars: AIRFLOW_CTX_DAG_OWNER='***' AIRFLOW_CTX_DAG_ID='tomtom_spark_pipeline' AIRFLOW_CTX_TASK_ID='ingestion' AIRFLOW_CTX_EXECUTION_DATE='2026-06-27T18:13:04.673389+00:00' AIRFLOW_CTX_TRY_NUMBER='1' AIRFLOW_CTX_DAG_RUN_ID='manual__2026-06-27T18:13:04.673389+00:00'
[2026-06-27T18:13:05.962+0000] {base.py:83} INFO - Using connection ID 'spark_default' for task execution.
[2026-06-27T18:13:05.963+0000] {spark_submit.py:339} INFO - Spark-Submit cmd: spark-submit --master spark://spark-master:7077 --conf spark.master=spark://spark-master:7077 --name arrow-spark /opt/spark-apps/bronze_job.py
[2026-06-27T18:13:07.494+0000] {spark_submit.py:490} INFO - 26/06/27 18:13:07 INFO SparkContext: Running Spark version 3.5.8
[2026-06-27T18:13:07.496+0000] {spark_submit.py:490} INFO - 26/06/27 18:13:07 INFO SparkContext: OS info Linux, 6.17.0-23-generic, amd64
[2026-06-27T18:13:07.497+0000] {spark_submit.py:490} INFO - 26/06/27 18:13:07 INFO SparkContext: Java version 17.0.19
[2026-06-27T18:13:07.543+0000] {spark_submit.py:490} INFO - 26/06/27 18:13:07 WARN NativeCodeLoader: Unable to load native-hadoop library for your platform... using builtin-java classes where applicable
[2026-06-27T18:13:07.612+0000] {spark_submit.py:490} INFO - 26/06/27 18:13:07 INFO ResourceUtils: ==============================================================
[2026-06-27T18:13:07.612+0000] {spark_submit.py:490} INFO - 26/06/27 18:13:07 INFO ResourceUtils: No custom resources configured for spark.driver.
[2026-06-27T18:13:07.613+0000] {spark_submit.py:490} INFO - 26/06/27 18:13:07 INFO ResourceUtils: ==============================================================
[2026-06-27T18:13:07.613+0000] {spark_submit.py:490} INFO - 26/06/27 18:13:07 INFO SparkContext: Submitted application: bronze_to_silver
[2026-06-27T18:13:07.634+0000] {spark_submit.py:490} INFO - 26/06/27 18:13:07 INFO ResourceProfile: Default ResourceProfile created, executor resources: Map(memory -> name: memory, amount: 1024, script: , vendor: , offHeap -> name: offHeap, amount: 0, script: , vendor: ), task resources: Map(cpus -> name: cpus, amount: 1.0)
[2026-06-27T18:13:07.642+0000] {spark_submit.py:490} INFO - 26/06/27 18:13:07 INFO ResourceProfile: Limiting resource is cpu
[2026-06-27T18:13:07.642+0000] {spark_submit.py:490} INFO - 26/06/27 18:13:07 INFO ResourceProfileManager: Added ResourceProfile id: 0
[2026-06-27T18:13:07.690+0000] {spark_submit.py:490} INFO - 26/06/27 18:13:07 INFO SecurityManager: Changing view acls to: ***
[2026-06-27T18:13:07.691+0000] {spark_submit.py:490} INFO - 26/06/27 18:13:07 INFO SecurityManager: Changing modify acls to: ***
[2026-06-27T18:13:07.691+0000] {spark_submit.py:490} INFO - 26/06/27 18:13:07 INFO SecurityManager: Changing view acls groups to:
[2026-06-27T18:13:07.692+0000] {spark_submit.py:490} INFO - 26/06/27 18:13:07 INFO SecurityManager: Changing modify acls groups to:
[2026-06-27T18:13:07.693+0000] {spark_submit.py:490} INFO - 26/06/27 18:13:07 INFO SecurityManager: SecurityManager: authentication disabled; ui acls disabled; users with view permissions: ***; groups with view permissions: EMPTY; users with modify permissions: ***; groups with modify permissions: EMPTY
[2026-06-27T18:13:07.850+0000] {spark_submit.py:490} INFO - 26/06/27 18:13:07 INFO Utils: Successfully started service 'sparkDriver' on port 32865.
[2026-06-27T18:13:07.873+0000] {spark_submit.py:490} INFO - 26/06/27 18:13:07 INFO SparkEnv: Registering MapOutputTracker
[2026-06-27T18:13:07.899+0000] {spark_submit.py:490} INFO - 26/06/27 18:13:07 INFO SparkEnv: Registering BlockManagerMaster
[2026-06-27T18:13:07.910+0000] {spark_submit.py:490} INFO - 26/06/27 18:13:07 INFO BlockManagerMasterEndpoint: Using org.apache.spark.storage.DefaultTopologyMapper for getting topology information
[2026-06-27T18:13:07.911+0000] {spark_submit.py:490} INFO - 26/06/27 18:13:07 INFO BlockManagerMasterEndpoint: BlockManagerMasterEndpoint up
[2026-06-27T18:13:07.915+0000] {spark_submit.py:490} INFO - 26/06/27 18:13:07 INFO SparkEnv: Registering BlockManagerMasterHeartbeat
[2026-06-27T18:13:07.935+0000] {spark_submit.py:490} INFO - 26/06/27 18:13:07 INFO DiskBlockManager: Created local directory at /tmp/blockmgr-8ee15a7b-f373-4d46-ae05-93bfd9e3f364
[2026-06-27T18:13:07.948+0000] {spark_submit.py:490} INFO - 26/06/27 18:13:07 INFO MemoryStore: MemoryStore started with capacity 434.4 MiB
[2026-06-27T18:13:07.961+0000] {spark_submit.py:490} INFO - 26/06/27 18:13:07 INFO SparkEnv: Registering OutputCommitCoordinator
[2026-06-27T18:13:08.051+0000] {spark_submit.py:490} INFO - 26/06/27 18:13:08 INFO JettyUtils: Start Jetty 0.0.0.0:4040 for SparkUI
[2026-06-27T18:13:08.105+0000] {spark_submit.py:490} INFO - 26/06/27 18:13:08 WARN Utils: Service 'SparkUI' could not bind on port 4040. Attempting port 4041.
[2026-06-27T18:13:08.111+0000] {spark_submit.py:490} INFO - 26/06/27 18:13:08 INFO Utils: Successfully started service 'SparkUI' on port 4041.
[2026-06-27T18:13:08.194+0000] {spark_submit.py:490} INFO - 26/06/27 18:13:08 INFO StandaloneAppClient$ClientEndpoint: Connecting to master spark://spark-master:7077...
[2026-06-27T18:13:08.242+0000] {spark_submit.py:490} INFO - 26/06/27 18:13:08 INFO TransportClientFactory: Successfully created connection to spark-master/172.19.0.3:7077 after 27 ms (0 ms spent in bootstraps)
[2026-06-27T18:13:08.308+0000] {spark_submit.py:490} INFO - 26/06/27 18:13:08 INFO StandaloneSchedulerBackend: Connected to Spark cluster with app ID app-20260627181308-0015
[2026-06-27T18:13:08.316+0000] {spark_submit.py:490} INFO - 26/06/27 18:13:08 INFO Utils: Successfully started service 'org.apache.spark.network.netty.NettyBlockTransferService' on port 43213.
[2026-06-27T18:13:08.317+0000] {spark_submit.py:490} INFO - 26/06/27 18:13:08 INFO NettyBlockTransferService: Server created on b18662f3c6bd:43213
[2026-06-27T18:13:08.318+0000] {spark_submit.py:490} INFO - 26/06/27 18:13:08 INFO BlockManager: Using org.apache.spark.storage.RandomBlockReplicationPolicy for block replication policy
[2026-06-27T18:13:08.324+0000] {spark_submit.py:490} INFO - 26/06/27 18:13:08 INFO BlockManagerMaster: Registering BlockManager BlockManagerId(driver, b18662f3c6bd, 43213, None)
[2026-06-27T18:13:08.327+0000] {spark_submit.py:490} INFO - 26/06/27 18:13:08 INFO BlockManagerMasterEndpoint: Registering block manager b18662f3c6bd:43213 with 434.4 MiB RAM, BlockManagerId(driver, b18662f3c6bd, 43213, None)
[2026-06-27T18:13:08.329+0000] {spark_submit.py:490} INFO - 26/06/27 18:13:08 INFO BlockManagerMaster: Registered BlockManager BlockManagerId(driver, b18662f3c6bd, 43213, None)
[2026-06-27T18:13:08.330+0000] {spark_submit.py:490} INFO - 26/06/27 18:13:08 INFO BlockManager: Initialized BlockManager: BlockManagerId(driver, b18662f3c6bd, 43213, None)
[2026-06-27T18:13:08.487+0000] {spark_submit.py:490} INFO - 26/06/27 18:13:08 INFO StandaloneSchedulerBackend: SchedulerBackend is ready for scheduling beginning after reached minRegisteredResourcesRatio: 0.0
[2026-06-27T18:13:08.665+0000] {spark_submit.py:490} INFO - 26/06/27 18:13:08 INFO SharedState: Setting hive.metastore.warehouse.dir ('null') to the value of spark.sql.warehouse.dir.
[2026-06-27T18:13:08.670+0000] {spark_submit.py:490} INFO - 26/06/27 18:13:08 INFO SharedState: Warehouse path is 'file:/opt/***/spark-warehouse'.
[2026-06-27T18:13:09.431+0000] {spark_submit.py:490} INFO - Traceback (most recent call last):
[2026-06-27T18:13:09.433+0000] {spark_submit.py:490} INFO - File "/opt/spark-apps/bronze_job.py", line 12, in <module>
[2026-06-27T18:13:09.434+0000] {spark_submit.py:490} INFO - df = spark.read.parquet(bronze_path)
[2026-06-27T18:13:09.435+0000] {spark_submit.py:490} INFO - File "/home/***/.local/lib/python3.8/site-packages/pyspark/python/lib/pyspark.zip/pyspark/sql/readwriter.py", line 544, in parquet
[2026-06-27T18:13:09.435+0000] {spark_submit.py:490} INFO - File "/home/***/.local/lib/python3.8/site-packages/pyspark/python/lib/py4j-0.10.9.7-src.zip/py4j/java_gateway.py", line 1322, in __call__
[2026-06-27T18:13:09.435+0000] {spark_submit.py:490} INFO - File "/home/***/.local/lib/python3.8/site-packages/pyspark/python/lib/pyspark.zip/pyspark/errors/exceptions/captured.py", line 185, in deco
[2026-06-27T18:13:09.444+0000] {spark_submit.py:490} INFO - pyspark.errors.exceptions.captured.AnalysisException: [PATH_NOT_FOUND] Path does not exist: file:/opt/data/bronze/*.parquet.
[2026-06-27T18:13:09.513+0000] {spark_submit.py:490} INFO - 26/06/27 18:13:09 INFO SparkContext: Invoking stop() from shutdown hook
[2026-06-27T18:13:09.513+0000] {spark_submit.py:490} INFO - 26/06/27 18:13:09 INFO SparkContext: SparkContext is stopping with exitCode 0.
[2026-06-27T18:13:09.520+0000] {spark_submit.py:490} INFO - 26/06/27 18:13:09 INFO SparkUI: Stopped Spark web UI at http://b18662f3c6bd:4041
[2026-06-27T18:13:09.525+0000] {spark_submit.py:490} INFO - 26/06/27 18:13:09 INFO StandaloneSchedulerBackend: Shutting down all executors
[2026-06-27T18:13:09.528+0000] {spark_submit.py:490} INFO - 26/06/27 18:13:09 INFO StandaloneSchedulerBackend$StandaloneDriverEndpoint: Asking each executor to shut down
[2026-06-27T18:13:09.545+0000] {spark_submit.py:490} INFO - 26/06/27 18:13:09 INFO MapOutputTrackerMasterEndpoint: MapOutputTrackerMasterEndpoint stopped!
[2026-06-27T18:13:09.564+0000] {spark_submit.py:490} INFO - 26/06/27 18:13:09 INFO MemoryStore: MemoryStore cleared
[2026-06-27T18:13:09.564+0000] {spark_submit.py:490} INFO - 26/06/27 18:13:09 INFO BlockManager: BlockManager stopped
[2026-06-27T18:13:09.573+0000] {spark_submit.py:490} INFO - 26/06/27 18:13:09 INFO BlockManagerMaster: BlockManagerMaster stopped
[2026-06-27T18:13:09.579+0000] {spark_submit.py:490} INFO - 26/06/27 18:13:09 INFO OutputCommitCoordinator$OutputCommitCoordinatorEndpoint: OutputCommitCoordinator stopped!
[2026-06-27T18:13:09.602+0000] {spark_submit.py:490} INFO - 26/06/27 18:13:09 INFO SparkContext: Successfully stopped SparkContext
[2026-06-27T18:13:09.603+0000] {spark_submit.py:490} INFO - 26/06/27 18:13:09 INFO ShutdownHookManager: Shutdown hook called
[2026-06-27T18:13:09.603+0000] {spark_submit.py:490} INFO - 26/06/27 18:13:09 INFO ShutdownHookManager: Deleting directory /tmp/spark-d47e6f5e-4c8c-411b-a1c9-333575a343ff
[2026-06-27T18:13:09.609+0000] {spark_submit.py:490} INFO - 26/06/27 18:13:09 INFO ShutdownHookManager: Deleting directory /tmp/spark-5b27a799-a149-40e5-afa0-14719089a5c1
[2026-06-27T18:13:09.614+0000] {spark_submit.py:490} INFO - 26/06/27 18:13:09 INFO ShutdownHookManager: Deleting directory /tmp/spark-5b27a799-a149-40e5-afa0-14719089a5c1/pyspark-d23a24ac-eb38-4149-8872-e110d259a10a
[2026-06-27T18:13:09.675+0000] {taskinstance.py:2698} ERROR - Task failed with exception
Traceback (most recent call last):
  File "/home/airflow/.local/lib/python3.8/site-packages/airflow/models/taskinstance.py", line 433, in _execute_task
    result = execute_callable(context=context, **execute_callable_kwargs)
  File "/home/airflow/.local/lib/python3.8/site-packages/airflow/providers/apache/spark/operators/spark_submit.py", line 157, in execute
    self._hook.submit(self._application)
  File "/home/airflow/.local/lib/python3.8/site-packages/airflow/providers/apache/spark/hooks/spark_submit.py", line 421, in submit
    raise AirflowException(
airflow.exceptions.AirflowException: Cannot execute: spark-submit --master spark://spark-master:7077 --conf spark.master=spark://spark-master:7077 --name arrow-spark /opt/spark-apps/bronze_job.py. Error code is: 1.
[2026-06-27T18:13:09.679+0000] {taskinstance.py:1138} INFO - Marking task as FAILED. dag_id=tomtom_spark_pipeline, task_id=ingestion, execution_date=20260627T181304, start_date=20260627T181305, end_date=20260627T181309
[2026-06-27T18:13:09.695+0000] {standard_task_runner.py:107} ERROR - Failed to execute job 58 for task ingestion (Cannot execute: spark-submit --master spark://spark-master:7077 --conf spark.master=spark://spark-master:7077 --name arrow-spark /opt/spark-apps/bronze_job.py. Error code is: 1.; 15258)
[2026-06-27T18:13:09.730+0000] {local_task_job_runner.py:234} INFO - Task exited with return code 1
[2026-06-27T18:13:09.759+0000] {taskinstance.py:3280} INFO - 0 downstream tasks scheduled from follow-on schedule check
