[2026-06-28T10:24:14.687+0000] {taskinstance.py:1956} INFO - Dependencies all met for dep_context=non-requeueable deps ti=<TaskInstance: tomtom_spark_pipeline.silver_to_gold scheduled__2026-06-28T09:00:00+00:00 [queued]>
[2026-06-28T10:24:14.696+0000] {taskinstance.py:1956} INFO - Dependencies all met for dep_context=requeueable deps ti=<TaskInstance: tomtom_spark_pipeline.silver_to_gold scheduled__2026-06-28T09:00:00+00:00 [queued]>
[2026-06-28T10:24:14.697+0000] {taskinstance.py:2170} INFO - Starting attempt 1 of 1
[2026-06-28T10:24:14.711+0000] {taskinstance.py:2191} INFO - Executing <Task(SparkSubmitOperator): silver_to_gold> on 2026-06-28 09:00:00+00:00
[2026-06-28T10:24:14.716+0000] {standard_task_runner.py:60} INFO - Started process 614 to run task
[2026-06-28T10:24:14.720+0000] {standard_task_runner.py:87} INFO - Running: ['***', 'tasks', 'run', 'tomtom_spark_pipeline', 'silver_to_gold', 'scheduled__2026-06-28T09:00:00+00:00', '--job-id', '75', '--raw', '--subdir', 'DAGS_FOLDER/tomtom_spark_pipeline_dag.py', '--cfg-path', '/tmp/tmpcapolx2m']
[2026-06-28T10:24:14.722+0000] {standard_task_runner.py:88} INFO - Job 75: Subtask silver_to_gold
[2026-06-28T10:24:14.785+0000] {task_command.py:423} INFO - Running <TaskInstance: tomtom_spark_pipeline.silver_to_gold scheduled__2026-06-28T09:00:00+00:00 [running]> on host b18662f3c6bd
[2026-06-28T10:24:14.890+0000] {taskinstance.py:2480} INFO - Exporting env vars: AIRFLOW_CTX_DAG_OWNER='***' AIRFLOW_CTX_DAG_ID='tomtom_spark_pipeline' AIRFLOW_CTX_TASK_ID='silver_to_gold' AIRFLOW_CTX_EXECUTION_DATE='2026-06-28T09:00:00+00:00' AIRFLOW_CTX_TRY_NUMBER='1' AIRFLOW_CTX_DAG_RUN_ID='scheduled__2026-06-28T09:00:00+00:00'
[2026-06-28T10:24:14.910+0000] {base.py:83} INFO - Using connection ID 'spark_default' for task execution.
[2026-06-28T10:24:14.912+0000] {spark_submit.py:339} INFO - Spark-Submit cmd: spark-submit --master spark://spark-master:7077 --conf spark.master=spark://spark-master:7077 --conf spark.hadoop.fs.permissions.umask-mode=000 --conf spark.hadoop.fs.permissions.enabled=false --conf spark.sql.warehouse.dir=/opt/data --name arrow-spark /opt/spark-apps/gold_job.py
[2026-06-28T10:24:16.435+0000] {spark_submit.py:490} INFO - 26/06/28 10:24:16 INFO SparkContext: Running Spark version 3.5.8
[2026-06-28T10:24:16.437+0000] {spark_submit.py:490} INFO - 26/06/28 10:24:16 INFO SparkContext: OS info Linux, 6.17.0-23-generic, amd64
[2026-06-28T10:24:16.438+0000] {spark_submit.py:490} INFO - 26/06/28 10:24:16 INFO SparkContext: Java version 17.0.19
[2026-06-28T10:24:16.505+0000] {spark_submit.py:490} INFO - 26/06/28 10:24:16 WARN NativeCodeLoader: Unable to load native-hadoop library for your platform... using builtin-java classes where applicable
[2026-06-28T10:24:16.581+0000] {spark_submit.py:490} INFO - 26/06/28 10:24:16 INFO ResourceUtils: ==============================================================
[2026-06-28T10:24:16.581+0000] {spark_submit.py:490} INFO - 26/06/28 10:24:16 INFO ResourceUtils: No custom resources configured for spark.driver.
[2026-06-28T10:24:16.582+0000] {spark_submit.py:490} INFO - 26/06/28 10:24:16 INFO ResourceUtils: ==============================================================
[2026-06-28T10:24:16.582+0000] {spark_submit.py:490} INFO - 26/06/28 10:24:16 INFO SparkContext: Submitted application: tomtom_gold_layer
[2026-06-28T10:24:16.600+0000] {spark_submit.py:490} INFO - 26/06/28 10:24:16 INFO ResourceProfile: Default ResourceProfile created, executor resources: Map(memory -> name: memory, amount: 1024, script: , vendor: , offHeap -> name: offHeap, amount: 0, script: , vendor: ), task resources: Map(cpus -> name: cpus, amount: 1.0)
[2026-06-28T10:24:16.607+0000] {spark_submit.py:490} INFO - 26/06/28 10:24:16 INFO ResourceProfile: Limiting resource is cpu
[2026-06-28T10:24:16.608+0000] {spark_submit.py:490} INFO - 26/06/28 10:24:16 INFO ResourceProfileManager: Added ResourceProfile id: 0
[2026-06-28T10:24:16.663+0000] {spark_submit.py:490} INFO - 26/06/28 10:24:16 INFO SecurityManager: Changing view acls to: ***
[2026-06-28T10:24:16.664+0000] {spark_submit.py:490} INFO - 26/06/28 10:24:16 INFO SecurityManager: Changing modify acls to: ***
[2026-06-28T10:24:16.664+0000] {spark_submit.py:490} INFO - 26/06/28 10:24:16 INFO SecurityManager: Changing view acls groups to:
[2026-06-28T10:24:16.665+0000] {spark_submit.py:490} INFO - 26/06/28 10:24:16 INFO SecurityManager: Changing modify acls groups to:
[2026-06-28T10:24:16.665+0000] {spark_submit.py:490} INFO - 26/06/28 10:24:16 INFO SecurityManager: SecurityManager: authentication disabled; ui acls disabled; users with view permissions: ***; groups with view permissions: EMPTY; users with modify permissions: ***; groups with modify permissions: EMPTY
[2026-06-28T10:24:16.818+0000] {spark_submit.py:490} INFO - 26/06/28 10:24:16 INFO Utils: Successfully started service 'sparkDriver' on port 41227.
[2026-06-28T10:24:16.841+0000] {spark_submit.py:490} INFO - 26/06/28 10:24:16 INFO SparkEnv: Registering MapOutputTracker
[2026-06-28T10:24:16.869+0000] {spark_submit.py:490} INFO - 26/06/28 10:24:16 INFO SparkEnv: Registering BlockManagerMaster
[2026-06-28T10:24:16.883+0000] {spark_submit.py:490} INFO - 26/06/28 10:24:16 INFO BlockManagerMasterEndpoint: Using org.apache.spark.storage.DefaultTopologyMapper for getting topology information
[2026-06-28T10:24:16.883+0000] {spark_submit.py:490} INFO - 26/06/28 10:24:16 INFO BlockManagerMasterEndpoint: BlockManagerMasterEndpoint up
[2026-06-28T10:24:16.887+0000] {spark_submit.py:490} INFO - 26/06/28 10:24:16 INFO SparkEnv: Registering BlockManagerMasterHeartbeat
[2026-06-28T10:24:16.899+0000] {spark_submit.py:490} INFO - 26/06/28 10:24:16 INFO DiskBlockManager: Created local directory at /tmp/blockmgr-ea44cd62-d8f1-4ecf-b265-514b8967c2b7
[2026-06-28T10:24:16.905+0000] {spark_submit.py:490} INFO - 26/06/28 10:24:16 INFO MemoryStore: MemoryStore started with capacity 434.4 MiB
[2026-06-28T10:24:16.915+0000] {spark_submit.py:490} INFO - 26/06/28 10:24:16 INFO SparkEnv: Registering OutputCommitCoordinator
[2026-06-28T10:24:16.986+0000] {spark_submit.py:490} INFO - 26/06/28 10:24:16 INFO JettyUtils: Start Jetty 0.0.0.0:4040 for SparkUI
[2026-06-28T10:24:17.029+0000] {spark_submit.py:490} INFO - 26/06/28 10:24:17 INFO Utils: Successfully started service 'SparkUI' on port 4040.
[2026-06-28T10:24:17.151+0000] {spark_submit.py:490} INFO - 26/06/28 10:24:17 INFO StandaloneAppClient$ClientEndpoint: Connecting to master spark://spark-master:7077...
[2026-06-28T10:24:17.205+0000] {spark_submit.py:490} INFO - 26/06/28 10:24:17 INFO TransportClientFactory: Successfully created connection to spark-master/172.19.0.2:7077 after 29 ms (0 ms spent in bootstraps)
[2026-06-28T10:24:17.292+0000] {spark_submit.py:490} INFO - 26/06/28 10:24:17 INFO StandaloneSchedulerBackend: Connected to Spark cluster with app ID app-20260628102417-0002
[2026-06-28T10:24:17.295+0000] {spark_submit.py:490} INFO - 26/06/28 10:24:17 INFO StandaloneAppClient$ClientEndpoint: Executor added: app-20260628102417-0002/0 on worker-20260628102341-172.19.0.4-32847 (172.19.0.4:32847) with 12 core(s)
[2026-06-28T10:24:17.300+0000] {spark_submit.py:490} INFO - 26/06/28 10:24:17 INFO StandaloneSchedulerBackend: Granted executor ID app-20260628102417-0002/0 on hostPort 172.19.0.4:32847 with 12 core(s), 1024.0 MiB RAM
[2026-06-28T10:24:17.310+0000] {spark_submit.py:490} INFO - 26/06/28 10:24:17 INFO Utils: Successfully started service 'org.apache.spark.network.netty.NettyBlockTransferService' on port 35815.
[2026-06-28T10:24:17.311+0000] {spark_submit.py:490} INFO - 26/06/28 10:24:17 INFO NettyBlockTransferService: Server created on b18662f3c6bd:35815
[2026-06-28T10:24:17.316+0000] {spark_submit.py:490} INFO - 26/06/28 10:24:17 INFO BlockManager: Using org.apache.spark.storage.RandomBlockReplicationPolicy for block replication policy
[2026-06-28T10:24:17.329+0000] {spark_submit.py:490} INFO - 26/06/28 10:24:17 INFO BlockManagerMaster: Registering BlockManager BlockManagerId(driver, b18662f3c6bd, 35815, None)
[2026-06-28T10:24:17.338+0000] {spark_submit.py:490} INFO - 26/06/28 10:24:17 INFO BlockManagerMasterEndpoint: Registering block manager b18662f3c6bd:35815 with 434.4 MiB RAM, BlockManagerId(driver, b18662f3c6bd, 35815, None)
[2026-06-28T10:24:17.343+0000] {spark_submit.py:490} INFO - 26/06/28 10:24:17 INFO BlockManagerMaster: Registered BlockManager BlockManagerId(driver, b18662f3c6bd, 35815, None)
[2026-06-28T10:24:17.345+0000] {spark_submit.py:490} INFO - 26/06/28 10:24:17 INFO BlockManager: Initialized BlockManager: BlockManagerId(driver, b18662f3c6bd, 35815, None)
[2026-06-28T10:24:17.353+0000] {spark_submit.py:490} INFO - 26/06/28 10:24:17 INFO StandaloneAppClient$ClientEndpoint: Executor updated: app-20260628102417-0002/0 is now RUNNING
[2026-06-28T10:24:17.515+0000] {spark_submit.py:490} INFO - 26/06/28 10:24:17 INFO StandaloneSchedulerBackend: SchedulerBackend is ready for scheduling beginning after reached minRegisteredResourcesRatio: 0.0
[2026-06-28T10:24:17.725+0000] {spark_submit.py:490} INFO - 26/06/28 10:24:17 INFO SharedState: Setting hive.metastore.warehouse.dir ('null') to the value of spark.sql.warehouse.dir.
[2026-06-28T10:24:17.741+0000] {spark_submit.py:490} INFO - 26/06/28 10:24:17 INFO SharedState: Warehouse path is 'file:/opt/data'.
[2026-06-28T10:24:18.316+0000] {spark_submit.py:490} INFO - 26/06/28 10:24:18 INFO InMemoryFileIndex: It took 73 ms to list leaf files for 1 paths.
[2026-06-28T10:24:18.673+0000] {spark_submit.py:490} INFO - 26/06/28 10:24:18 INFO SparkContext: Starting job: parquet at NativeMethodAccessorImpl.java:0
[2026-06-28T10:24:18.691+0000] {spark_submit.py:490} INFO - 26/06/28 10:24:18 INFO DAGScheduler: Got job 0 (parquet at NativeMethodAccessorImpl.java:0) with 1 output partitions
[2026-06-28T10:24:18.692+0000] {spark_submit.py:490} INFO - 26/06/28 10:24:18 INFO DAGScheduler: Final stage: ResultStage 0 (parquet at NativeMethodAccessorImpl.java:0)
[2026-06-28T10:24:18.692+0000] {spark_submit.py:490} INFO - 26/06/28 10:24:18 INFO DAGScheduler: Parents of final stage: List()
[2026-06-28T10:24:18.694+0000] {spark_submit.py:490} INFO - 26/06/28 10:24:18 INFO DAGScheduler: Missing parents: List()
[2026-06-28T10:24:18.698+0000] {spark_submit.py:490} INFO - 26/06/28 10:24:18 INFO DAGScheduler: Submitting ResultStage 0 (MapPartitionsRDD[1] at parquet at NativeMethodAccessorImpl.java:0), which has no missing parents
[2026-06-28T10:24:18.771+0000] {spark_submit.py:490} INFO - 26/06/28 10:24:18 INFO MemoryStore: Block broadcast_0 stored as values in memory (estimated size 103.5 KiB, free 434.3 MiB)
[2026-06-28T10:24:18.813+0000] {spark_submit.py:490} INFO - 26/06/28 10:24:18 INFO MemoryStore: Block broadcast_0_piece0 stored as bytes in memory (estimated size 37.4 KiB, free 434.3 MiB)
[2026-06-28T10:24:18.818+0000] {spark_submit.py:490} INFO - 26/06/28 10:24:18 INFO BlockManagerInfo: Added broadcast_0_piece0 in memory on b18662f3c6bd:35815 (size: 37.4 KiB, free: 434.4 MiB)
[2026-06-28T10:24:18.825+0000] {spark_submit.py:490} INFO - 26/06/28 10:24:18 INFO SparkContext: Created broadcast 0 from broadcast at DAGScheduler.scala:1611
[2026-06-28T10:24:18.850+0000] {spark_submit.py:490} INFO - 26/06/28 10:24:18 INFO DAGScheduler: Submitting 1 missing tasks from ResultStage 0 (MapPartitionsRDD[1] at parquet at NativeMethodAccessorImpl.java:0) (first 15 tasks are for partitions Vector(0))
[2026-06-28T10:24:18.852+0000] {spark_submit.py:490} INFO - 26/06/28 10:24:18 INFO TaskSchedulerImpl: Adding task set 0.0 with 1 tasks resource profile 0
[2026-06-28T10:24:19.560+0000] {spark_submit.py:490} INFO - 26/06/28 10:24:19 INFO StandaloneSchedulerBackend$StandaloneDriverEndpoint: Registered executor NettyRpcEndpointRef(spark-client://Executor) (172.19.0.4:60442) with ID 0,  ResourceProfileId 0
[2026-06-28T10:24:19.631+0000] {spark_submit.py:490} INFO - 26/06/28 10:24:19 INFO BlockManagerMasterEndpoint: Registering block manager 172.19.0.4:42253 with 434.4 MiB RAM, BlockManagerId(0, 172.19.0.4, 42253, None)
[2026-06-28T10:24:19.683+0000] {spark_submit.py:490} INFO - 26/06/28 10:24:19 INFO TaskSetManager: Starting task 0.0 in stage 0.0 (TID 0) (172.19.0.4, executor 0, partition 0, PROCESS_LOCAL, 9215 bytes)
[2026-06-28T10:24:19.900+0000] {spark_submit.py:490} INFO - 26/06/28 10:24:19 INFO BlockManagerInfo: Added broadcast_0_piece0 in memory on 172.19.0.4:42253 (size: 37.4 KiB, free: 434.4 MiB)
[2026-06-28T10:24:20.303+0000] {spark_submit.py:490} INFO - 26/06/28 10:24:20 INFO TaskSetManager: Finished task 0.0 in stage 0.0 (TID 0) in 631 ms on 172.19.0.4 (executor 0) (1/1)
[2026-06-28T10:24:20.304+0000] {spark_submit.py:490} INFO - 26/06/28 10:24:20 INFO TaskSchedulerImpl: Removed TaskSet 0.0, whose tasks have all completed, from pool
[2026-06-28T10:24:20.309+0000] {spark_submit.py:490} INFO - 26/06/28 10:24:20 INFO DAGScheduler: ResultStage 0 (parquet at NativeMethodAccessorImpl.java:0) finished in 1.593 s
[2026-06-28T10:24:20.313+0000] {spark_submit.py:490} INFO - 26/06/28 10:24:20 INFO DAGScheduler: Job 0 is finished. Cancelling potential speculative or zombie tasks for this job
[2026-06-28T10:24:20.313+0000] {spark_submit.py:490} INFO - 26/06/28 10:24:20 INFO TaskSchedulerImpl: Killing all running tasks in stage 0: Stage finished
[2026-06-28T10:24:20.316+0000] {spark_submit.py:490} INFO - 26/06/28 10:24:20 INFO DAGScheduler: Job 0 finished: parquet at NativeMethodAccessorImpl.java:0, took 1.642175 s
[2026-06-28T10:24:20.498+0000] {spark_submit.py:490} INFO - 26/06/28 10:24:20 INFO BlockManagerInfo: Removed broadcast_0_piece0 on b18662f3c6bd:35815 in memory (size: 37.4 KiB, free: 434.4 MiB)
[2026-06-28T10:24:20.508+0000] {spark_submit.py:490} INFO - 26/06/28 10:24:20 INFO BlockManagerInfo: Removed broadcast_0_piece0 on 172.19.0.4:42253 in memory (size: 37.4 KiB, free: 434.4 MiB)
[2026-06-28T10:24:21.284+0000] {spark_submit.py:490} INFO - 26/06/28 10:24:21 INFO DataSourceStrategy: Pruning directories with:
[2026-06-28T10:24:21.285+0000] {spark_submit.py:490} INFO - 26/06/28 10:24:21 INFO FileSourceStrategy: Pushed Filters:
[2026-06-28T10:24:21.286+0000] {spark_submit.py:490} INFO - 26/06/28 10:24:21 INFO FileSourceStrategy: Post-Scan Filters:
[2026-06-28T10:24:21.594+0000] {spark_submit.py:490} INFO - 26/06/28 10:24:21 INFO CodeGenerator: Code generated in 177.313355 ms
[2026-06-28T10:24:21.607+0000] {spark_submit.py:490} INFO - 26/06/28 10:24:21 INFO MemoryStore: Block broadcast_1 stored as values in memory (estimated size 202.2 KiB, free 434.2 MiB)
[2026-06-28T10:24:21.616+0000] {spark_submit.py:490} INFO - 26/06/28 10:24:21 INFO MemoryStore: Block broadcast_1_piece0 stored as bytes in memory (estimated size 35.3 KiB, free 434.2 MiB)
[2026-06-28T10:24:21.617+0000] {spark_submit.py:490} INFO - 26/06/28 10:24:21 INFO BlockManagerInfo: Added broadcast_1_piece0 in memory on b18662f3c6bd:35815 (size: 35.3 KiB, free: 434.4 MiB)
[2026-06-28T10:24:21.617+0000] {spark_submit.py:490} INFO - 26/06/28 10:24:21 INFO SparkContext: Created broadcast 1 from parquet at NativeMethodAccessorImpl.java:0
[2026-06-28T10:24:21.626+0000] {spark_submit.py:490} INFO - 26/06/28 10:24:21 INFO FileSourceScanExec: Planning scan with bin packing, max size: 4194304 bytes, open cost is considered as scanning 4194304 bytes.
[2026-06-28T10:24:21.683+0000] {spark_submit.py:490} INFO - 26/06/28 10:24:21 INFO DAGScheduler: Registering RDD 5 (parquet at NativeMethodAccessorImpl.java:0) as input to shuffle 0
[2026-06-28T10:24:21.686+0000] {spark_submit.py:490} INFO - 26/06/28 10:24:21 INFO DAGScheduler: Got map stage job 1 (parquet at NativeMethodAccessorImpl.java:0) with 3 output partitions
[2026-06-28T10:24:21.687+0000] {spark_submit.py:490} INFO - 26/06/28 10:24:21 INFO DAGScheduler: Final stage: ShuffleMapStage 1 (parquet at NativeMethodAccessorImpl.java:0)
[2026-06-28T10:24:21.687+0000] {spark_submit.py:490} INFO - 26/06/28 10:24:21 INFO DAGScheduler: Parents of final stage: List()
[2026-06-28T10:24:21.688+0000] {spark_submit.py:490} INFO - 26/06/28 10:24:21 INFO DAGScheduler: Missing parents: List()
[2026-06-28T10:24:21.689+0000] {spark_submit.py:490} INFO - 26/06/28 10:24:21 INFO DAGScheduler: Submitting ShuffleMapStage 1 (MapPartitionsRDD[5] at parquet at NativeMethodAccessorImpl.java:0), which has no missing parents
[2026-06-28T10:24:21.703+0000] {spark_submit.py:490} INFO - 26/06/28 10:24:21 INFO MemoryStore: Block broadcast_2 stored as values in memory (estimated size 71.6 KiB, free 434.1 MiB)
[2026-06-28T10:24:21.709+0000] {spark_submit.py:490} INFO - 26/06/28 10:24:21 INFO MemoryStore: Block broadcast_2_piece0 stored as bytes in memory (estimated size 26.9 KiB, free 434.1 MiB)
[2026-06-28T10:24:21.710+0000] {spark_submit.py:490} INFO - 26/06/28 10:24:21 INFO BlockManagerInfo: Added broadcast_2_piece0 in memory on b18662f3c6bd:35815 (size: 26.9 KiB, free: 434.3 MiB)
[2026-06-28T10:24:21.711+0000] {spark_submit.py:490} INFO - 26/06/28 10:24:21 INFO SparkContext: Created broadcast 2 from broadcast at DAGScheduler.scala:1611
[2026-06-28T10:24:21.714+0000] {spark_submit.py:490} INFO - 26/06/28 10:24:21 INFO DAGScheduler: Submitting 3 missing tasks from ShuffleMapStage 1 (MapPartitionsRDD[5] at parquet at NativeMethodAccessorImpl.java:0) (first 15 tasks are for partitions Vector(0, 1, 2))
[2026-06-28T10:24:21.715+0000] {spark_submit.py:490} INFO - 26/06/28 10:24:21 INFO TaskSchedulerImpl: Adding task set 1.0 with 3 tasks resource profile 0
[2026-06-28T10:24:21.726+0000] {spark_submit.py:490} INFO - 26/06/28 10:24:21 INFO TaskSetManager: Starting task 0.0 in stage 1.0 (TID 1) (172.19.0.4, executor 0, partition 0, PROCESS_LOCAL, 9744 bytes)
[2026-06-28T10:24:21.727+0000] {spark_submit.py:490} INFO - 26/06/28 10:24:21 INFO TaskSetManager: Starting task 1.0 in stage 1.0 (TID 2) (172.19.0.4, executor 0, partition 1, PROCESS_LOCAL, 9750 bytes)
[2026-06-28T10:24:21.728+0000] {spark_submit.py:490} INFO - 26/06/28 10:24:21 INFO TaskSetManager: Starting task 2.0 in stage 1.0 (TID 3) (172.19.0.4, executor 0, partition 2, PROCESS_LOCAL, 9744 bytes)
[2026-06-28T10:24:21.796+0000] {spark_submit.py:490} INFO - 26/06/28 10:24:21 INFO BlockManagerInfo: Added broadcast_2_piece0 in memory on 172.19.0.4:42253 (size: 26.9 KiB, free: 434.4 MiB)
[2026-06-28T10:24:22.652+0000] {spark_submit.py:490} INFO - 26/06/28 10:24:22 INFO BlockManagerInfo: Added broadcast_1_piece0 in memory on 172.19.0.4:42253 (size: 35.3 KiB, free: 434.3 MiB)
[2026-06-28T10:24:22.922+0000] {spark_submit.py:490} INFO - 26/06/28 10:24:22 INFO TaskSetManager: Finished task 2.0 in stage 1.0 (TID 3) in 1194 ms on 172.19.0.4 (executor 0) (1/3)
[2026-06-28T10:24:22.923+0000] {spark_submit.py:490} INFO - 26/06/28 10:24:22 INFO TaskSetManager: Finished task 1.0 in stage 1.0 (TID 2) in 1197 ms on 172.19.0.4 (executor 0) (2/3)
[2026-06-28T10:24:22.924+0000] {spark_submit.py:490} INFO - 26/06/28 10:24:22 INFO TaskSetManager: Finished task 0.0 in stage 1.0 (TID 1) in 1206 ms on 172.19.0.4 (executor 0) (3/3)
[2026-06-28T10:24:22.924+0000] {spark_submit.py:490} INFO - 26/06/28 10:24:22 INFO TaskSchedulerImpl: Removed TaskSet 1.0, whose tasks have all completed, from pool
[2026-06-28T10:24:22.926+0000] {spark_submit.py:490} INFO - 26/06/28 10:24:22 INFO DAGScheduler: ShuffleMapStage 1 (parquet at NativeMethodAccessorImpl.java:0) finished in 1.231 s
[2026-06-28T10:24:22.926+0000] {spark_submit.py:490} INFO - 26/06/28 10:24:22 INFO DAGScheduler: looking for newly runnable stages
[2026-06-28T10:24:22.927+0000] {spark_submit.py:490} INFO - 26/06/28 10:24:22 INFO DAGScheduler: running: Set()
[2026-06-28T10:24:22.927+0000] {spark_submit.py:490} INFO - 26/06/28 10:24:22 INFO DAGScheduler: waiting: Set()
[2026-06-28T10:24:22.927+0000] {spark_submit.py:490} INFO - 26/06/28 10:24:22 INFO DAGScheduler: failed: Set()
[2026-06-28T10:24:22.954+0000] {spark_submit.py:490} INFO - 26/06/28 10:24:22 INFO ShufflePartitionsUtil: For shuffle(0), advisory target size: 67108864, actual target size 1048576, minimum partition size: 1048576
[2026-06-28T10:24:22.996+0000] {spark_submit.py:490} INFO - 26/06/28 10:24:22 INFO ParquetUtils: Using default output committer for Parquet: org.apache.parquet.hadoop.ParquetOutputCommitter
[2026-06-28T10:24:23.008+0000] {spark_submit.py:490} INFO - 26/06/28 10:24:23 INFO FileOutputCommitter: File Output Committer Algorithm version is 1
[2026-06-28T10:24:23.009+0000] {spark_submit.py:490} INFO - 26/06/28 10:24:23 INFO FileOutputCommitter: FileOutputCommitter skip cleanup _temporary folders under output directory:false, ignore cleanup failures: false
[2026-06-28T10:24:23.009+0000] {spark_submit.py:490} INFO - 26/06/28 10:24:23 INFO SQLHadoopMapReduceCommitProtocol: Using user defined output committer class org.apache.parquet.hadoop.ParquetOutputCommitter
[2026-06-28T10:24:23.010+0000] {spark_submit.py:490} INFO - 26/06/28 10:24:23 INFO FileOutputCommitter: File Output Committer Algorithm version is 1
[2026-06-28T10:24:23.010+0000] {spark_submit.py:490} INFO - 26/06/28 10:24:23 INFO FileOutputCommitter: FileOutputCommitter skip cleanup _temporary folders under output directory:false, ignore cleanup failures: false
[2026-06-28T10:24:23.010+0000] {spark_submit.py:490} INFO - 26/06/28 10:24:23 INFO SQLHadoopMapReduceCommitProtocol: Using output committer class org.apache.parquet.hadoop.ParquetOutputCommitter
[2026-06-28T10:24:23.028+0000] {spark_submit.py:490} INFO - 26/06/28 10:24:23 INFO HashAggregateExec: spark.sql.codegen.aggregate.map.twolevel.enabled is set to true, but current version of codegened fast hashmap does not support this aggregate.
[2026-06-28T10:24:23.067+0000] {spark_submit.py:490} INFO - 26/06/28 10:24:23 INFO CodeGenerator: Code generated in 25.248199 ms
[2026-06-28T10:24:23.086+0000] {spark_submit.py:490} INFO - 26/06/28 10:24:23 INFO SparkContext: Starting job: parquet at NativeMethodAccessorImpl.java:0
[2026-06-28T10:24:23.088+0000] {spark_submit.py:490} INFO - 26/06/28 10:24:23 INFO DAGScheduler: Got job 2 (parquet at NativeMethodAccessorImpl.java:0) with 1 output partitions
[2026-06-28T10:24:23.088+0000] {spark_submit.py:490} INFO - 26/06/28 10:24:23 INFO DAGScheduler: Final stage: ResultStage 3 (parquet at NativeMethodAccessorImpl.java:0)
[2026-06-28T10:24:23.088+0000] {spark_submit.py:490} INFO - 26/06/28 10:24:23 INFO DAGScheduler: Parents of final stage: List(ShuffleMapStage 2)
[2026-06-28T10:24:23.089+0000] {spark_submit.py:490} INFO - 26/06/28 10:24:23 INFO DAGScheduler: Missing parents: List()
[2026-06-28T10:24:23.089+0000] {spark_submit.py:490} INFO - 26/06/28 10:24:23 INFO DAGScheduler: Submitting ResultStage 3 (MapPartitionsRDD[8] at parquet at NativeMethodAccessorImpl.java:0), which has no missing parents
[2026-06-28T10:24:23.111+0000] {spark_submit.py:490} INFO - 26/06/28 10:24:23 INFO MemoryStore: Block broadcast_3 stored as values in memory (estimated size 286.5 KiB, free 433.8 MiB)
[2026-06-28T10:24:23.116+0000] {spark_submit.py:490} INFO - 26/06/28 10:24:23 INFO MemoryStore: Block broadcast_3_piece0 stored as bytes in memory (estimated size 102.8 KiB, free 433.7 MiB)
[2026-06-28T10:24:23.117+0000] {spark_submit.py:490} INFO - 26/06/28 10:24:23 INFO BlockManagerInfo: Added broadcast_3_piece0 in memory on b18662f3c6bd:35815 (size: 102.8 KiB, free: 434.2 MiB)
[2026-06-28T10:24:23.118+0000] {spark_submit.py:490} INFO - 26/06/28 10:24:23 INFO BlockManagerInfo: Removed broadcast_2_piece0 on b18662f3c6bd:35815 in memory (size: 26.9 KiB, free: 434.3 MiB)
[2026-06-28T10:24:23.118+0000] {spark_submit.py:490} INFO - 26/06/28 10:24:23 INFO SparkContext: Created broadcast 3 from broadcast at DAGScheduler.scala:1611
[2026-06-28T10:24:23.119+0000] {spark_submit.py:490} INFO - 26/06/28 10:24:23 INFO DAGScheduler: Submitting 1 missing tasks from ResultStage 3 (MapPartitionsRDD[8] at parquet at NativeMethodAccessorImpl.java:0) (first 15 tasks are for partitions Vector(0))
[2026-06-28T10:24:23.119+0000] {spark_submit.py:490} INFO - 26/06/28 10:24:23 INFO TaskSchedulerImpl: Adding task set 3.0 with 1 tasks resource profile 0
[2026-06-28T10:24:23.121+0000] {spark_submit.py:490} INFO - 26/06/28 10:24:23 INFO BlockManagerInfo: Removed broadcast_2_piece0 on 172.19.0.4:42253 in memory (size: 26.9 KiB, free: 434.4 MiB)
[2026-06-28T10:24:23.127+0000] {spark_submit.py:490} INFO - 26/06/28 10:24:23 INFO TaskSetManager: Starting task 0.0 in stage 3.0 (TID 4) (172.19.0.4, executor 0, partition 0, NODE_LOCAL, 9003 bytes)
[2026-06-28T10:24:23.160+0000] {spark_submit.py:490} INFO - 26/06/28 10:24:23 INFO BlockManagerInfo: Added broadcast_3_piece0 in memory on 172.19.0.4:42253 (size: 102.8 KiB, free: 434.3 MiB)
[2026-06-28T10:24:23.238+0000] {spark_submit.py:490} INFO - 26/06/28 10:24:23 INFO MapOutputTrackerMasterEndpoint: Asked to send map output locations for shuffle 0 to 172.19.0.4:60442
[2026-06-28T10:24:23.700+0000] {spark_submit.py:490} INFO - 26/06/28 10:24:23 INFO TaskSetManager: Finished task 0.0 in stage 3.0 (TID 4) in 575 ms on 172.19.0.4 (executor 0) (1/1)
[2026-06-28T10:24:23.700+0000] {spark_submit.py:490} INFO - 26/06/28 10:24:23 INFO TaskSchedulerImpl: Removed TaskSet 3.0, whose tasks have all completed, from pool
[2026-06-28T10:24:23.702+0000] {spark_submit.py:490} INFO - 26/06/28 10:24:23 INFO DAGScheduler: ResultStage 3 (parquet at NativeMethodAccessorImpl.java:0) finished in 0.603 s
[2026-06-28T10:24:23.703+0000] {spark_submit.py:490} INFO - 26/06/28 10:24:23 INFO DAGScheduler: Job 2 is finished. Cancelling potential speculative or zombie tasks for this job
[2026-06-28T10:24:23.704+0000] {spark_submit.py:490} INFO - 26/06/28 10:24:23 INFO TaskSchedulerImpl: Killing all running tasks in stage 3: Stage finished
[2026-06-28T10:24:23.705+0000] {spark_submit.py:490} INFO - 26/06/28 10:24:23 INFO DAGScheduler: Job 2 finished: parquet at NativeMethodAccessorImpl.java:0, took 0.618420 s
[2026-06-28T10:24:23.707+0000] {spark_submit.py:490} INFO - 26/06/28 10:24:23 INFO FileFormatWriter: Start to commit write Job 10d0af84-7087-4fee-a176-8bf1685807b9.
[2026-06-28T10:24:23.737+0000] {spark_submit.py:490} INFO - 26/06/28 10:24:23 INFO FileFormatWriter: Write Job 10d0af84-7087-4fee-a176-8bf1685807b9 committed. Elapsed time: 29 ms.
[2026-06-28T10:24:23.742+0000] {spark_submit.py:490} INFO - 26/06/28 10:24:23 INFO FileFormatWriter: Finished processing stats for write job 10d0af84-7087-4fee-a176-8bf1685807b9.
[2026-06-28T10:24:23.751+0000] {spark_submit.py:490} INFO - 26/06/28 10:24:23 INFO SparkContext: SparkContext is stopping with exitCode 0.
[2026-06-28T10:24:23.768+0000] {spark_submit.py:490} INFO - 26/06/28 10:24:23 INFO SparkUI: Stopped Spark web UI at http://b18662f3c6bd:4040
[2026-06-28T10:24:23.775+0000] {spark_submit.py:490} INFO - 26/06/28 10:24:23 INFO StandaloneSchedulerBackend: Shutting down all executors
[2026-06-28T10:24:23.776+0000] {spark_submit.py:490} INFO - 26/06/28 10:24:23 INFO StandaloneSchedulerBackend$StandaloneDriverEndpoint: Asking each executor to shut down
[2026-06-28T10:24:23.805+0000] {spark_submit.py:490} INFO - 26/06/28 10:24:23 INFO MapOutputTrackerMasterEndpoint: MapOutputTrackerMasterEndpoint stopped!
[2026-06-28T10:24:23.833+0000] {spark_submit.py:490} INFO - 26/06/28 10:24:23 INFO MemoryStore: MemoryStore cleared
[2026-06-28T10:24:23.834+0000] {spark_submit.py:490} INFO - 26/06/28 10:24:23 INFO BlockManager: BlockManager stopped
[2026-06-28T10:24:23.841+0000] {spark_submit.py:490} INFO - 26/06/28 10:24:23 INFO BlockManagerMaster: BlockManagerMaster stopped
[2026-06-28T10:24:23.846+0000] {spark_submit.py:490} INFO - 26/06/28 10:24:23 INFO OutputCommitCoordinator$OutputCommitCoordinatorEndpoint: OutputCommitCoordinator stopped!
[2026-06-28T10:24:23.865+0000] {spark_submit.py:490} INFO - 26/06/28 10:24:23 INFO SparkContext: Successfully stopped SparkContext
[2026-06-28T10:24:24.094+0000] {spark_submit.py:490} INFO - 26/06/28 10:24:24 INFO ShutdownHookManager: Shutdown hook called
[2026-06-28T10:24:24.094+0000] {spark_submit.py:490} INFO - 26/06/28 10:24:24 INFO ShutdownHookManager: Deleting directory /tmp/spark-1f8619f5-f01b-46bc-9f64-9436f691fb82
[2026-06-28T10:24:24.101+0000] {spark_submit.py:490} INFO - 26/06/28 10:24:24 INFO ShutdownHookManager: Deleting directory /tmp/spark-502e3bc0-8b8b-4fd5-a925-b8ee66044dd5
[2026-06-28T10:24:24.107+0000] {spark_submit.py:490} INFO - 26/06/28 10:24:24 INFO ShutdownHookManager: Deleting directory /tmp/spark-502e3bc0-8b8b-4fd5-a925-b8ee66044dd5/pyspark-edb78ed2-faa4-43a6-8d31-a6d794a420c3
[2026-06-28T10:24:24.176+0000] {taskinstance.py:1138} INFO - Marking task as SUCCESS. dag_id=tomtom_spark_pipeline, task_id=silver_to_gold, execution_date=20260628T090000, start_date=20260628T102414, end_date=20260628T102424
[2026-06-28T10:24:24.224+0000] {local_task_job_runner.py:234} INFO - Task exited with return code 0
[2026-06-28T10:24:24.248+0000] {taskinstance.py:3280} INFO - 0 downstream tasks scheduled from follow-on schedule check
