[2026-06-27T18:13:05.757+0000] {taskinstance.py:1956} INFO - Dependencies all met for dep_context=non-requeueable deps ti=<TaskInstance: tomtom_spark_pipeline.ingestion scheduled__2026-06-27T17:00:00+00:00 [queued]>
[2026-06-27T18:13:05.771+0000] {taskinstance.py:1956} INFO - Dependencies all met for dep_context=requeueable deps ti=<TaskInstance: tomtom_spark_pipeline.ingestion scheduled__2026-06-27T17:00:00+00:00 [queued]>
[2026-06-27T18:13:05.771+0000] {taskinstance.py:2170} INFO - Starting attempt 1 of 1
[2026-06-27T18:13:05.784+0000] {taskinstance.py:2191} INFO - Executing <Task(SparkSubmitOperator): ingestion> on 2026-06-27 17:00:00+00:00
[2026-06-27T18:13:05.789+0000] {standard_task_runner.py:60} INFO - Started process 15259 to run task
[2026-06-27T18:13:05.793+0000] {standard_task_runner.py:87} INFO - Running: ['***', 'tasks', 'run', 'tomtom_spark_pipeline', 'ingestion', 'scheduled__2026-06-27T17:00:00+00:00', '--job-id', '59', '--raw', '--subdir', 'DAGS_FOLDER/tomtom_spark_pipeline_dag.py', '--cfg-path', '/tmp/tmp4kmfdc33']
[2026-06-27T18:13:05.796+0000] {standard_task_runner.py:88} INFO - Job 59: Subtask ingestion
[2026-06-27T18:13:05.854+0000] {task_command.py:423} INFO - Running <TaskInstance: tomtom_spark_pipeline.ingestion scheduled__2026-06-27T17:00:00+00:00 [running]> on host b18662f3c6bd
[2026-06-27T18:13:05.942+0000] {taskinstance.py:2480} INFO - Exporting env vars: AIRFLOW_CTX_DAG_OWNER='***' AIRFLOW_CTX_DAG_ID='tomtom_spark_pipeline' AIRFLOW_CTX_TASK_ID='ingestion' AIRFLOW_CTX_EXECUTION_DATE='2026-06-27T17:00:00+00:00' AIRFLOW_CTX_TRY_NUMBER='1' AIRFLOW_CTX_DAG_RUN_ID='scheduled__2026-06-27T17:00:00+00:00'
[2026-06-27T18:13:05.959+0000] {base.py:83} INFO - Using connection ID 'spark_default' for task execution.
[2026-06-27T18:13:05.960+0000] {spark_submit.py:339} INFO - Spark-Submit cmd: spark-submit --master spark://spark-master:7077 --conf spark.master=spark://spark-master:7077 --name arrow-spark /opt/spark-apps/bronze_job.py
[2026-06-27T18:13:07.446+0000] {spark_submit.py:490} INFO - 26/06/27 18:13:07 INFO SparkContext: Running Spark version 3.5.8
[2026-06-27T18:13:07.448+0000] {spark_submit.py:490} INFO - 26/06/27 18:13:07 INFO SparkContext: OS info Linux, 6.17.0-23-generic, amd64
[2026-06-27T18:13:07.448+0000] {spark_submit.py:490} INFO - 26/06/27 18:13:07 INFO SparkContext: Java version 17.0.19
[2026-06-27T18:13:07.480+0000] {spark_submit.py:490} INFO - 26/06/27 18:13:07 WARN NativeCodeLoader: Unable to load native-hadoop library for your platform... using builtin-java classes where applicable
[2026-06-27T18:13:07.550+0000] {spark_submit.py:490} INFO - 26/06/27 18:13:07 INFO ResourceUtils: ==============================================================
[2026-06-27T18:13:07.550+0000] {spark_submit.py:490} INFO - 26/06/27 18:13:07 INFO ResourceUtils: No custom resources configured for spark.driver.
[2026-06-27T18:13:07.550+0000] {spark_submit.py:490} INFO - 26/06/27 18:13:07 INFO ResourceUtils: ==============================================================
[2026-06-27T18:13:07.551+0000] {spark_submit.py:490} INFO - 26/06/27 18:13:07 INFO SparkContext: Submitted application: bronze_to_silver
[2026-06-27T18:13:07.569+0000] {spark_submit.py:490} INFO - 26/06/27 18:13:07 INFO ResourceProfile: Default ResourceProfile created, executor resources: Map(memory -> name: memory, amount: 1024, script: , vendor: , offHeap -> name: offHeap, amount: 0, script: , vendor: ), task resources: Map(cpus -> name: cpus, amount: 1.0)
[2026-06-27T18:13:07.576+0000] {spark_submit.py:490} INFO - 26/06/27 18:13:07 INFO ResourceProfile: Limiting resource is cpu
[2026-06-27T18:13:07.577+0000] {spark_submit.py:490} INFO - 26/06/27 18:13:07 INFO ResourceProfileManager: Added ResourceProfile id: 0
[2026-06-27T18:13:07.611+0000] {spark_submit.py:490} INFO - 26/06/27 18:13:07 INFO SecurityManager: Changing view acls to: ***
[2026-06-27T18:13:07.612+0000] {spark_submit.py:490} INFO - 26/06/27 18:13:07 INFO SecurityManager: Changing modify acls to: ***
[2026-06-27T18:13:07.612+0000] {spark_submit.py:490} INFO - 26/06/27 18:13:07 INFO SecurityManager: Changing view acls groups to:
[2026-06-27T18:13:07.612+0000] {spark_submit.py:490} INFO - 26/06/27 18:13:07 INFO SecurityManager: Changing modify acls groups to:
[2026-06-27T18:13:07.613+0000] {spark_submit.py:490} INFO - 26/06/27 18:13:07 INFO SecurityManager: SecurityManager: authentication disabled; ui acls disabled; users with view permissions: ***; groups with view permissions: EMPTY; users with modify permissions: ***; groups with modify permissions: EMPTY
[2026-06-27T18:13:07.816+0000] {spark_submit.py:490} INFO - 26/06/27 18:13:07 INFO Utils: Successfully started service 'sparkDriver' on port 36835.
[2026-06-27T18:13:07.839+0000] {spark_submit.py:490} INFO - 26/06/27 18:13:07 INFO SparkEnv: Registering MapOutputTracker
[2026-06-27T18:13:07.874+0000] {spark_submit.py:490} INFO - 26/06/27 18:13:07 INFO SparkEnv: Registering BlockManagerMaster
[2026-06-27T18:13:07.892+0000] {spark_submit.py:490} INFO - 26/06/27 18:13:07 INFO BlockManagerMasterEndpoint: Using org.apache.spark.storage.DefaultTopologyMapper for getting topology information
[2026-06-27T18:13:07.893+0000] {spark_submit.py:490} INFO - 26/06/27 18:13:07 INFO BlockManagerMasterEndpoint: BlockManagerMasterEndpoint up
[2026-06-27T18:13:07.897+0000] {spark_submit.py:490} INFO - 26/06/27 18:13:07 INFO SparkEnv: Registering BlockManagerMasterHeartbeat
[2026-06-27T18:13:07.914+0000] {spark_submit.py:490} INFO - 26/06/27 18:13:07 INFO DiskBlockManager: Created local directory at /tmp/blockmgr-82960c65-6136-4548-809f-027dd1d591be
[2026-06-27T18:13:07.923+0000] {spark_submit.py:490} INFO - 26/06/27 18:13:07 INFO MemoryStore: MemoryStore started with capacity 434.4 MiB
[2026-06-27T18:13:07.933+0000] {spark_submit.py:490} INFO - 26/06/27 18:13:07 INFO SparkEnv: Registering OutputCommitCoordinator
[2026-06-27T18:13:08.001+0000] {spark_submit.py:490} INFO - 26/06/27 18:13:08 INFO JettyUtils: Start Jetty 0.0.0.0:4040 for SparkUI
[2026-06-27T18:13:08.029+0000] {spark_submit.py:490} INFO - 26/06/27 18:13:08 INFO Utils: Successfully started service 'SparkUI' on port 4040.
[2026-06-27T18:13:08.096+0000] {spark_submit.py:490} INFO - 26/06/27 18:13:08 INFO StandaloneAppClient$ClientEndpoint: Connecting to master spark://spark-master:7077...
[2026-06-27T18:13:08.133+0000] {spark_submit.py:490} INFO - 26/06/27 18:13:08 INFO TransportClientFactory: Successfully created connection to spark-master/172.19.0.3:7077 after 21 ms (0 ms spent in bootstraps)
[2026-06-27T18:13:08.206+0000] {spark_submit.py:490} INFO - 26/06/27 18:13:08 INFO StandaloneSchedulerBackend: Connected to Spark cluster with app ID app-20260627181308-0014
[2026-06-27T18:13:08.208+0000] {spark_submit.py:490} INFO - 26/06/27 18:13:08 INFO StandaloneAppClient$ClientEndpoint: Executor added: app-20260627181308-0014/0 on worker-20260627123732-172.19.0.6-33673 (172.19.0.6:33673) with 12 core(s)
[2026-06-27T18:13:08.210+0000] {spark_submit.py:490} INFO - 26/06/27 18:13:08 INFO StandaloneSchedulerBackend: Granted executor ID app-20260627181308-0014/0 on hostPort 172.19.0.6:33673 with 12 core(s), 1024.0 MiB RAM
[2026-06-27T18:13:08.216+0000] {spark_submit.py:490} INFO - 26/06/27 18:13:08 INFO Utils: Successfully started service 'org.apache.spark.network.netty.NettyBlockTransferService' on port 44245.
[2026-06-27T18:13:08.216+0000] {spark_submit.py:490} INFO - 26/06/27 18:13:08 INFO NettyBlockTransferService: Server created on b18662f3c6bd:44245
[2026-06-27T18:13:08.218+0000] {spark_submit.py:490} INFO - 26/06/27 18:13:08 INFO BlockManager: Using org.apache.spark.storage.RandomBlockReplicationPolicy for block replication policy
[2026-06-27T18:13:08.227+0000] {spark_submit.py:490} INFO - 26/06/27 18:13:08 INFO BlockManagerMaster: Registering BlockManager BlockManagerId(driver, b18662f3c6bd, 44245, None)
[2026-06-27T18:13:08.230+0000] {spark_submit.py:490} INFO - 26/06/27 18:13:08 INFO BlockManagerMasterEndpoint: Registering block manager b18662f3c6bd:44245 with 434.4 MiB RAM, BlockManagerId(driver, b18662f3c6bd, 44245, None)
[2026-06-27T18:13:08.233+0000] {spark_submit.py:490} INFO - 26/06/27 18:13:08 INFO BlockManagerMaster: Registered BlockManager BlockManagerId(driver, b18662f3c6bd, 44245, None)
[2026-06-27T18:13:08.233+0000] {spark_submit.py:490} INFO - 26/06/27 18:13:08 INFO StandaloneAppClient$ClientEndpoint: Executor updated: app-20260627181308-0014/0 is now RUNNING
[2026-06-27T18:13:08.234+0000] {spark_submit.py:490} INFO - 26/06/27 18:13:08 INFO BlockManager: Initialized BlockManager: BlockManagerId(driver, b18662f3c6bd, 44245, None)
[2026-06-27T18:13:08.414+0000] {spark_submit.py:490} INFO - 26/06/27 18:13:08 INFO StandaloneSchedulerBackend: SchedulerBackend is ready for scheduling beginning after reached minRegisteredResourcesRatio: 0.0
[2026-06-27T18:13:08.602+0000] {spark_submit.py:490} INFO - 26/06/27 18:13:08 INFO SharedState: Setting hive.metastore.warehouse.dir ('null') to the value of spark.sql.warehouse.dir.
[2026-06-27T18:13:08.608+0000] {spark_submit.py:490} INFO - 26/06/27 18:13:08 INFO SharedState: Warehouse path is 'file:/opt/***/spark-warehouse'.
[2026-06-27T18:13:09.631+0000] {spark_submit.py:490} INFO - Traceback (most recent call last):
[2026-06-27T18:13:09.631+0000] {spark_submit.py:490} INFO - File "/opt/spark-apps/bronze_job.py", line 12, in <module>
[2026-06-27T18:13:09.631+0000] {spark_submit.py:490} INFO - df = spark.read.parquet(bronze_path)
[2026-06-27T18:13:09.632+0000] {spark_submit.py:490} INFO - File "/home/***/.local/lib/python3.8/site-packages/pyspark/python/lib/pyspark.zip/pyspark/sql/readwriter.py", line 544, in parquet
[2026-06-27T18:13:09.632+0000] {spark_submit.py:490} INFO - File "/home/***/.local/lib/python3.8/site-packages/pyspark/python/lib/py4j-0.10.9.7-src.zip/py4j/java_gateway.py", line 1322, in __call__
[2026-06-27T18:13:09.632+0000] {spark_submit.py:490} INFO - File "/home/***/.local/lib/python3.8/site-packages/pyspark/python/lib/pyspark.zip/pyspark/errors/exceptions/captured.py", line 185, in deco
[2026-06-27T18:13:09.637+0000] {spark_submit.py:490} INFO - pyspark.errors.exceptions.captured.AnalysisException: [PATH_NOT_FOUND] Path does not exist: file:/opt/data/bronze/*.parquet.
[2026-06-27T18:13:09.693+0000] {spark_submit.py:490} INFO - 26/06/27 18:13:09 INFO SparkContext: Invoking stop() from shutdown hook
[2026-06-27T18:13:09.694+0000] {spark_submit.py:490} INFO - 26/06/27 18:13:09 INFO SparkContext: SparkContext is stopping with exitCode 0.
[2026-06-27T18:13:09.701+0000] {spark_submit.py:490} INFO - 26/06/27 18:13:09 INFO SparkUI: Stopped Spark web UI at http://b18662f3c6bd:4040
[2026-06-27T18:13:09.709+0000] {spark_submit.py:490} INFO - 26/06/27 18:13:09 INFO StandaloneSchedulerBackend: Shutting down all executors
[2026-06-27T18:13:09.713+0000] {spark_submit.py:490} INFO - 26/06/27 18:13:09 INFO StandaloneSchedulerBackend$StandaloneDriverEndpoint: Asking each executor to shut down
[2026-06-27T18:13:09.729+0000] {spark_submit.py:490} INFO - 26/06/27 18:13:09 INFO MapOutputTrackerMasterEndpoint: MapOutputTrackerMasterEndpoint stopped!
[2026-06-27T18:13:09.746+0000] {spark_submit.py:490} INFO - 26/06/27 18:13:09 INFO MemoryStore: MemoryStore cleared
[2026-06-27T18:13:09.746+0000] {spark_submit.py:490} INFO - 26/06/27 18:13:09 INFO BlockManager: BlockManager stopped
[2026-06-27T18:13:09.753+0000] {spark_submit.py:490} INFO - 26/06/27 18:13:09 INFO BlockManagerMaster: BlockManagerMaster stopped
[2026-06-27T18:13:09.756+0000] {spark_submit.py:490} INFO - 26/06/27 18:13:09 INFO OutputCommitCoordinator$OutputCommitCoordinatorEndpoint: OutputCommitCoordinator stopped!
[2026-06-27T18:13:09.767+0000] {spark_submit.py:490} INFO - 26/06/27 18:13:09 INFO SparkContext: Successfully stopped SparkContext
[2026-06-27T18:13:09.767+0000] {spark_submit.py:490} INFO - 26/06/27 18:13:09 INFO ShutdownHookManager: Shutdown hook called
[2026-06-27T18:13:09.768+0000] {spark_submit.py:490} INFO - 26/06/27 18:13:09 INFO ShutdownHookManager: Deleting directory /tmp/spark-4f732d27-6eee-4f69-a6ff-703fe92728d1
[2026-06-27T18:13:09.774+0000] {spark_submit.py:490} INFO - 26/06/27 18:13:09 INFO ShutdownHookManager: Deleting directory /tmp/spark-511f92fd-d490-4ef9-af0b-73157173022a
[2026-06-27T18:13:09.779+0000] {spark_submit.py:490} INFO - 26/06/27 18:13:09 INFO ShutdownHookManager: Deleting directory /tmp/spark-4f732d27-6eee-4f69-a6ff-703fe92728d1/pyspark-e064d2c1-142a-40eb-8908-c68222969d63
[2026-06-27T18:13:09.827+0000] {taskinstance.py:2698} ERROR - Task failed with exception
Traceback (most recent call last):
  File "/home/airflow/.local/lib/python3.8/site-packages/airflow/models/taskinstance.py", line 433, in _execute_task
    result = execute_callable(context=context, **execute_callable_kwargs)
  File "/home/airflow/.local/lib/python3.8/site-packages/airflow/providers/apache/spark/operators/spark_submit.py", line 157, in execute
    self._hook.submit(self._application)
  File "/home/airflow/.local/lib/python3.8/site-packages/airflow/providers/apache/spark/hooks/spark_submit.py", line 421, in submit
    raise AirflowException(
airflow.exceptions.AirflowException: Cannot execute: spark-submit --master spark://spark-master:7077 --conf spark.master=spark://spark-master:7077 --name arrow-spark /opt/spark-apps/bronze_job.py. Error code is: 1.
[2026-06-27T18:13:09.831+0000] {taskinstance.py:1138} INFO - Marking task as FAILED. dag_id=tomtom_spark_pipeline, task_id=ingestion, execution_date=20260627T170000, start_date=20260627T181305, end_date=20260627T181309
[2026-06-27T18:13:09.843+0000] {standard_task_runner.py:107} ERROR - Failed to execute job 59 for task ingestion (Cannot execute: spark-submit --master spark://spark-master:7077 --conf spark.master=spark://spark-master:7077 --name arrow-spark /opt/spark-apps/bronze_job.py. Error code is: 1.; 15259)
[2026-06-27T18:13:09.860+0000] {local_task_job_runner.py:234} INFO - Task exited with return code 1
[2026-06-27T18:13:09.898+0000] {taskinstance.py:3280} INFO - 0 downstream tasks scheduled from follow-on schedule check
