[2026-06-26T22:03:19.742+0000] {taskinstance.py:1956} INFO - Dependencies all met for dep_context=non-requeueable deps ti=<TaskInstance: ingestion_dag.fetch_frankfurt scheduled__2026-06-26T21:30:00+00:00 [queued]>
[2026-06-26T22:03:19.752+0000] {taskinstance.py:1956} INFO - Dependencies all met for dep_context=requeueable deps ti=<TaskInstance: ingestion_dag.fetch_frankfurt scheduled__2026-06-26T21:30:00+00:00 [queued]>
[2026-06-26T22:03:19.753+0000] {taskinstance.py:2170} INFO - Starting attempt 2 of 4
[2026-06-26T22:03:19.767+0000] {taskinstance.py:2191} INFO - Executing <Task(PythonOperator): fetch_frankfurt> on 2026-06-26 21:30:00+00:00
[2026-06-26T22:03:19.773+0000] {standard_task_runner.py:60} INFO - Started process 372 to run task
[2026-06-26T22:03:19.777+0000] {standard_task_runner.py:87} INFO - Running: ['***', 'tasks', 'run', 'ingestion_dag', 'fetch_frankfurt', 'scheduled__2026-06-26T21:30:00+00:00', '--job-id', '61', '--raw', '--subdir', 'DAGS_FOLDER/ingestion_dag.py', '--cfg-path', '/tmp/tmp1uywd9sk']
[2026-06-26T22:03:19.780+0000] {standard_task_runner.py:88} INFO - Job 61: Subtask fetch_frankfurt
[2026-06-26T22:03:19.850+0000] {task_command.py:423} INFO - Running <TaskInstance: ingestion_dag.fetch_frankfurt scheduled__2026-06-26T21:30:00+00:00 [running]> on host 2a877a0edbb9
[2026-06-26T22:03:20.119+0000] {taskinstance.py:2480} INFO - Exporting env vars: AIRFLOW_CTX_DAG_OWNER='thesis' AIRFLOW_CTX_DAG_ID='ingestion_dag' AIRFLOW_CTX_TASK_ID='fetch_frankfurt' AIRFLOW_CTX_EXECUTION_DATE='2026-06-26T21:30:00+00:00' AIRFLOW_CTX_TRY_NUMBER='2' AIRFLOW_CTX_DAG_RUN_ID='scheduled__2026-06-26T21:30:00+00:00'
[2026-06-26T22:03:20.438+0000] {ingestion_dag.py:75} WARNING - Failed frankfurt (50.05,8.55): 401 Client Error: Unauthorized for url: https://api.tomtom.com/traffic/services/4/flowSegmentData/absolute/10/json?key=&point=50.05%2C8.55&unit=KMPH
[2026-06-26T22:03:20.814+0000] {ingestion_dag.py:75} WARNING - Failed frankfurt (50.0825,8.55): 401 Client Error: Unauthorized for url: https://api.tomtom.com/traffic/services/4/flowSegmentData/absolute/10/json?key=&point=50.0825%2C8.55&unit=KMPH
[2026-06-26T22:03:21.329+0000] {ingestion_dag.py:75} WARNING - Failed frankfurt (50.115,8.55): 401 Client Error: Unauthorized for url: https://api.tomtom.com/traffic/services/4/flowSegmentData/absolute/10/json?key=&point=50.115%2C8.55&unit=KMPH
[2026-06-26T22:03:21.634+0000] {ingestion_dag.py:75} WARNING - Failed frankfurt (50.1475,8.55): 401 Client Error: Unauthorized for url: https://api.tomtom.com/traffic/services/4/flowSegmentData/absolute/10/json?key=&point=50.1475%2C8.55&unit=KMPH
[2026-06-26T22:03:22.044+0000] {ingestion_dag.py:75} WARNING - Failed frankfurt (50.18,8.55): 401 Client Error: Unauthorized for url: https://api.tomtom.com/traffic/services/4/flowSegmentData/absolute/10/json?key=&point=50.18%2C8.55&unit=KMPH
[2026-06-26T22:03:22.584+0000] {ingestion_dag.py:75} WARNING - Failed frankfurt (50.05,8.6125): 401 Client Error: Unauthorized for url: https://api.tomtom.com/traffic/services/4/flowSegmentData/absolute/10/json?key=&point=50.05%2C8.6125&unit=KMPH
[2026-06-26T22:03:23.039+0000] {ingestion_dag.py:75} WARNING - Failed frankfurt (50.0825,8.6125): 401 Client Error: Unauthorized for url: https://api.tomtom.com/traffic/services/4/flowSegmentData/absolute/10/json?key=&point=50.0825%2C8.6125&unit=KMPH
[2026-06-26T22:03:23.425+0000] {ingestion_dag.py:75} WARNING - Failed frankfurt (50.115,8.6125): 401 Client Error: Unauthorized for url: https://api.tomtom.com/traffic/services/4/flowSegmentData/absolute/10/json?key=&point=50.115%2C8.6125&unit=KMPH
[2026-06-26T22:03:23.886+0000] {ingestion_dag.py:75} WARNING - Failed frankfurt (50.1475,8.6125): 401 Client Error: Unauthorized for url: https://api.tomtom.com/traffic/services/4/flowSegmentData/absolute/10/json?key=&point=50.1475%2C8.6125&unit=KMPH
[2026-06-26T22:03:24.672+0000] {ingestion_dag.py:75} WARNING - Failed frankfurt (50.18,8.6125): 401 Client Error: Unauthorized for url: https://api.tomtom.com/traffic/services/4/flowSegmentData/absolute/10/json?key=&point=50.18%2C8.6125&unit=KMPH
[2026-06-26T22:03:25.525+0000] {ingestion_dag.py:75} WARNING - Failed frankfurt (50.05,8.675): 401 Client Error: Unauthorized for url: https://api.tomtom.com/traffic/services/4/flowSegmentData/absolute/10/json?key=&point=50.05%2C8.675&unit=KMPH
[2026-06-26T22:03:25.935+0000] {ingestion_dag.py:75} WARNING - Failed frankfurt (50.0825,8.675): 401 Client Error: Unauthorized for url: https://api.tomtom.com/traffic/services/4/flowSegmentData/absolute/10/json?key=&point=50.0825%2C8.675&unit=KMPH
[2026-06-26T22:03:26.446+0000] {ingestion_dag.py:75} WARNING - Failed frankfurt (50.115,8.675): 401 Client Error: Unauthorized for url: https://api.tomtom.com/traffic/services/4/flowSegmentData/absolute/10/json?key=&point=50.115%2C8.675&unit=KMPH
[2026-06-26T22:03:26.957+0000] {ingestion_dag.py:75} WARNING - Failed frankfurt (50.1475,8.675): 401 Client Error: Unauthorized for url: https://api.tomtom.com/traffic/services/4/flowSegmentData/absolute/10/json?key=&point=50.1475%2C8.675&unit=KMPH
[2026-06-26T22:03:27.369+0000] {ingestion_dag.py:75} WARNING - Failed frankfurt (50.18,8.675): 401 Client Error: Unauthorized for url: https://api.tomtom.com/traffic/services/4/flowSegmentData/absolute/10/json?key=&point=50.18%2C8.675&unit=KMPH
[2026-06-26T22:03:27.871+0000] {ingestion_dag.py:75} WARNING - Failed frankfurt (50.05,8.7375): 401 Client Error: Unauthorized for url: https://api.tomtom.com/traffic/services/4/flowSegmentData/absolute/10/json?key=&point=50.05%2C8.7375&unit=KMPH
[2026-06-26T22:03:28.385+0000] {ingestion_dag.py:75} WARNING - Failed frankfurt (50.0825,8.7375): 401 Client Error: Unauthorized for url: https://api.tomtom.com/traffic/services/4/flowSegmentData/absolute/10/json?key=&point=50.0825%2C8.7375&unit=KMPH
[2026-06-26T22:03:28.671+0000] {ingestion_dag.py:75} WARNING - Failed frankfurt (50.115,8.7375): 401 Client Error: Unauthorized for url: https://api.tomtom.com/traffic/services/4/flowSegmentData/absolute/10/json?key=&point=50.115%2C8.7375&unit=KMPH
[2026-06-26T22:03:29.213+0000] {ingestion_dag.py:75} WARNING - Failed frankfurt (50.1475,8.7375): 401 Client Error: Unauthorized for url: https://api.tomtom.com/traffic/services/4/flowSegmentData/absolute/10/json?key=&point=50.1475%2C8.7375&unit=KMPH
[2026-06-26T22:03:29.598+0000] {ingestion_dag.py:75} WARNING - Failed frankfurt (50.18,8.7375): 401 Client Error: Unauthorized for url: https://api.tomtom.com/traffic/services/4/flowSegmentData/absolute/10/json?key=&point=50.18%2C8.7375&unit=KMPH
[2026-06-26T22:03:29.877+0000] {ingestion_dag.py:75} WARNING - Failed frankfurt (50.05,8.8): 401 Client Error: Unauthorized for url: https://api.tomtom.com/traffic/services/4/flowSegmentData/absolute/10/json?key=&point=50.05%2C8.8&unit=KMPH
[2026-06-26T22:03:30.130+0000] {ingestion_dag.py:75} WARNING - Failed frankfurt (50.0825,8.8): 401 Client Error: Unauthorized for url: https://api.tomtom.com/traffic/services/4/flowSegmentData/absolute/10/json?key=&point=50.0825%2C8.8&unit=KMPH
[2026-06-26T22:03:30.602+0000] {ingestion_dag.py:75} WARNING - Failed frankfurt (50.115,8.8): 401 Client Error: Unauthorized for url: https://api.tomtom.com/traffic/services/4/flowSegmentData/absolute/10/json?key=&point=50.115%2C8.8&unit=KMPH
[2026-06-26T22:03:31.056+0000] {ingestion_dag.py:75} WARNING - Failed frankfurt (50.1475,8.8): 401 Client Error: Unauthorized for url: https://api.tomtom.com/traffic/services/4/flowSegmentData/absolute/10/json?key=&point=50.1475%2C8.8&unit=KMPH
[2026-06-26T22:03:31.521+0000] {ingestion_dag.py:75} WARNING - Failed frankfurt (50.18,8.8): 401 Client Error: Unauthorized for url: https://api.tomtom.com/traffic/services/4/flowSegmentData/absolute/10/json?key=&point=50.18%2C8.8&unit=KMPH
[2026-06-26T22:03:31.524+0000] {taskinstance.py:2698} ERROR - Task failed with exception
Traceback (most recent call last):
  File "/home/airflow/.local/lib/python3.8/site-packages/airflow/models/taskinstance.py", line 433, in _execute_task
    result = execute_callable(context=context, **execute_callable_kwargs)
  File "/home/airflow/.local/lib/python3.8/site-packages/airflow/operators/python.py", line 199, in execute
    return_value = self.execute_callable()
  File "/home/airflow/.local/lib/python3.8/site-packages/airflow/operators/python.py", line 216, in execute_callable
    return self.python_callable(*self.op_args, **self.op_kwargs)
  File "/opt/airflow/dags/ingestion_dag.py", line 78, in fetch_and_extract
    raise RuntimeError("All grid points failed")
RuntimeError: All grid points failed
[2026-06-26T22:03:31.542+0000] {taskinstance.py:1138} INFO - Marking task as UP_FOR_RETRY. dag_id=ingestion_dag, task_id=fetch_frankfurt, execution_date=20260626T213000, start_date=20260626T220319, end_date=20260626T220331
[2026-06-26T22:03:31.569+0000] {standard_task_runner.py:107} ERROR - Failed to execute job 61 for task fetch_frankfurt (All grid points failed; 372)
[2026-06-26T22:03:31.630+0000] {local_task_job_runner.py:234} INFO - Task exited with return code 1
[2026-06-26T22:03:31.661+0000] {taskinstance.py:3280} INFO - 0 downstream tasks scheduled from follow-on schedule check
