[2026-06-26T21:59:43.025+0000] {taskinstance.py:1956} INFO - Dependencies all met for dep_context=non-requeueable deps ti=<TaskInstance: ingestion_dag.fetch_frankfurt scheduled__2026-06-26T21:30:00+00:00 [queued]>
[2026-06-26T21:59:43.030+0000] {taskinstance.py:1956} INFO - Dependencies all met for dep_context=requeueable deps ti=<TaskInstance: ingestion_dag.fetch_frankfurt scheduled__2026-06-26T21:30:00+00:00 [queued]>
[2026-06-26T21:59:43.030+0000] {taskinstance.py:2170} INFO - Starting attempt 1 of 4
[2026-06-26T21:59:43.048+0000] {taskinstance.py:2191} INFO - Executing <Task(PythonOperator): fetch_frankfurt> on 2026-06-26 21:30:00+00:00
[2026-06-26T21:59:43.057+0000] {standard_task_runner.py:60} INFO - Started process 224 to run task
[2026-06-26T21:59:43.065+0000] {standard_task_runner.py:87} INFO - Running: ['***', 'tasks', 'run', 'ingestion_dag', 'fetch_frankfurt', 'scheduled__2026-06-26T21:30:00+00:00', '--job-id', '50', '--raw', '--subdir', 'DAGS_FOLDER/ingestion_dag.py', '--cfg-path', '/tmp/tmp1b5jf03b']
[2026-06-26T21:59:43.070+0000] {standard_task_runner.py:88} INFO - Job 50: Subtask fetch_frankfurt
[2026-06-26T21:59:43.173+0000] {task_command.py:423} INFO - Running <TaskInstance: ingestion_dag.fetch_frankfurt scheduled__2026-06-26T21:30:00+00:00 [running]> on host 2a877a0edbb9
[2026-06-26T21:59:43.502+0000] {taskinstance.py:2480} INFO - Exporting env vars: AIRFLOW_CTX_DAG_OWNER='thesis' AIRFLOW_CTX_DAG_ID='ingestion_dag' AIRFLOW_CTX_TASK_ID='fetch_frankfurt' AIRFLOW_CTX_EXECUTION_DATE='2026-06-26T21:30:00+00:00' AIRFLOW_CTX_TRY_NUMBER='1' AIRFLOW_CTX_DAG_RUN_ID='scheduled__2026-06-26T21:30:00+00:00'
[2026-06-26T21:59:43.741+0000] {ingestion_dag.py:75} WARNING - Failed frankfurt (50.05,8.55): 401 Client Error: Unauthorized for url: https://api.tomtom.com/traffic/services/4/flowSegmentData/absolute/10/json?key=&point=50.05%2C8.55&unit=KMPH
[2026-06-26T21:59:43.972+0000] {ingestion_dag.py:75} WARNING - Failed frankfurt (50.0825,8.55): 401 Client Error: Unauthorized for url: https://api.tomtom.com/traffic/services/4/flowSegmentData/absolute/10/json?key=&point=50.0825%2C8.55&unit=KMPH
[2026-06-26T21:59:44.141+0000] {ingestion_dag.py:75} WARNING - Failed frankfurt (50.115,8.55): 401 Client Error: Unauthorized for url: https://api.tomtom.com/traffic/services/4/flowSegmentData/absolute/10/json?key=&point=50.115%2C8.55&unit=KMPH
[2026-06-26T21:59:44.504+0000] {ingestion_dag.py:75} WARNING - Failed frankfurt (50.1475,8.55): 401 Client Error: Unauthorized for url: https://api.tomtom.com/traffic/services/4/flowSegmentData/absolute/10/json?key=&point=50.1475%2C8.55&unit=KMPH
[2026-06-26T21:59:44.777+0000] {ingestion_dag.py:75} WARNING - Failed frankfurt (50.18,8.55): 401 Client Error: Unauthorized for url: https://api.tomtom.com/traffic/services/4/flowSegmentData/absolute/10/json?key=&point=50.18%2C8.55&unit=KMPH
[2026-06-26T21:59:45.021+0000] {ingestion_dag.py:75} WARNING - Failed frankfurt (50.05,8.6125): 401 Client Error: Unauthorized for url: https://api.tomtom.com/traffic/services/4/flowSegmentData/absolute/10/json?key=&point=50.05%2C8.6125&unit=KMPH
[2026-06-26T21:59:45.227+0000] {ingestion_dag.py:75} WARNING - Failed frankfurt (50.0825,8.6125): 401 Client Error: Unauthorized for url: https://api.tomtom.com/traffic/services/4/flowSegmentData/absolute/10/json?key=&point=50.0825%2C8.6125&unit=KMPH
[2026-06-26T21:59:45.444+0000] {ingestion_dag.py:75} WARNING - Failed frankfurt (50.115,8.6125): 401 Client Error: Unauthorized for url: https://api.tomtom.com/traffic/services/4/flowSegmentData/absolute/10/json?key=&point=50.115%2C8.6125&unit=KMPH
[2026-06-26T21:59:45.685+0000] {ingestion_dag.py:75} WARNING - Failed frankfurt (50.1475,8.6125): 401 Client Error: Unauthorized for url: https://api.tomtom.com/traffic/services/4/flowSegmentData/absolute/10/json?key=&point=50.1475%2C8.6125&unit=KMPH
[2026-06-26T21:59:45.879+0000] {ingestion_dag.py:75} WARNING - Failed frankfurt (50.18,8.6125): 401 Client Error: Unauthorized for url: https://api.tomtom.com/traffic/services/4/flowSegmentData/absolute/10/json?key=&point=50.18%2C8.6125&unit=KMPH
[2026-06-26T21:59:46.054+0000] {ingestion_dag.py:75} WARNING - Failed frankfurt (50.05,8.675): 401 Client Error: Unauthorized for url: https://api.tomtom.com/traffic/services/4/flowSegmentData/absolute/10/json?key=&point=50.05%2C8.675&unit=KMPH
[2026-06-26T21:59:46.254+0000] {ingestion_dag.py:75} WARNING - Failed frankfurt (50.0825,8.675): 401 Client Error: Unauthorized for url: https://api.tomtom.com/traffic/services/4/flowSegmentData/absolute/10/json?key=&point=50.0825%2C8.675&unit=KMPH
[2026-06-26T21:59:46.438+0000] {ingestion_dag.py:75} WARNING - Failed frankfurt (50.115,8.675): 401 Client Error: Unauthorized for url: https://api.tomtom.com/traffic/services/4/flowSegmentData/absolute/10/json?key=&point=50.115%2C8.675&unit=KMPH
[2026-06-26T21:59:46.745+0000] {ingestion_dag.py:75} WARNING - Failed frankfurt (50.1475,8.675): 401 Client Error: Unauthorized for url: https://api.tomtom.com/traffic/services/4/flowSegmentData/absolute/10/json?key=&point=50.1475%2C8.675&unit=KMPH
[2026-06-26T21:59:46.962+0000] {ingestion_dag.py:75} WARNING - Failed frankfurt (50.18,8.675): 401 Client Error: Unauthorized for url: https://api.tomtom.com/traffic/services/4/flowSegmentData/absolute/10/json?key=&point=50.18%2C8.675&unit=KMPH
[2026-06-26T21:59:47.229+0000] {ingestion_dag.py:75} WARNING - Failed frankfurt (50.05,8.7375): 401 Client Error: Unauthorized for url: https://api.tomtom.com/traffic/services/4/flowSegmentData/absolute/10/json?key=&point=50.05%2C8.7375&unit=KMPH
[2026-06-26T21:59:47.444+0000] {ingestion_dag.py:75} WARNING - Failed frankfurt (50.0825,8.7375): 401 Client Error: Unauthorized for url: https://api.tomtom.com/traffic/services/4/flowSegmentData/absolute/10/json?key=&point=50.0825%2C8.7375&unit=KMPH
[2026-06-26T21:59:47.670+0000] {ingestion_dag.py:75} WARNING - Failed frankfurt (50.115,8.7375): 401 Client Error: Unauthorized for url: https://api.tomtom.com/traffic/services/4/flowSegmentData/absolute/10/json?key=&point=50.115%2C8.7375&unit=KMPH
[2026-06-26T21:59:47.975+0000] {ingestion_dag.py:75} WARNING - Failed frankfurt (50.1475,8.7375): 401 Client Error: Unauthorized for url: https://api.tomtom.com/traffic/services/4/flowSegmentData/absolute/10/json?key=&point=50.1475%2C8.7375&unit=KMPH
[2026-06-26T21:59:48.273+0000] {ingestion_dag.py:75} WARNING - Failed frankfurt (50.18,8.7375): 401 Client Error: Unauthorized for url: https://api.tomtom.com/traffic/services/4/flowSegmentData/absolute/10/json?key=&point=50.18%2C8.7375&unit=KMPH
[2026-06-26T21:59:48.493+0000] {ingestion_dag.py:75} WARNING - Failed frankfurt (50.05,8.8): 401 Client Error: Unauthorized for url: https://api.tomtom.com/traffic/services/4/flowSegmentData/absolute/10/json?key=&point=50.05%2C8.8&unit=KMPH
[2026-06-26T21:59:48.718+0000] {ingestion_dag.py:75} WARNING - Failed frankfurt (50.0825,8.8): 401 Client Error: Unauthorized for url: https://api.tomtom.com/traffic/services/4/flowSegmentData/absolute/10/json?key=&point=50.0825%2C8.8&unit=KMPH
[2026-06-26T21:59:49.010+0000] {ingestion_dag.py:75} WARNING - Failed frankfurt (50.115,8.8): 401 Client Error: Unauthorized for url: https://api.tomtom.com/traffic/services/4/flowSegmentData/absolute/10/json?key=&point=50.115%2C8.8&unit=KMPH
[2026-06-26T21:59:49.274+0000] {ingestion_dag.py:75} WARNING - Failed frankfurt (50.1475,8.8): 401 Client Error: Unauthorized for url: https://api.tomtom.com/traffic/services/4/flowSegmentData/absolute/10/json?key=&point=50.1475%2C8.8&unit=KMPH
[2026-06-26T21:59:49.716+0000] {ingestion_dag.py:75} WARNING - Failed frankfurt (50.18,8.8): 401 Client Error: Unauthorized for url: https://api.tomtom.com/traffic/services/4/flowSegmentData/absolute/10/json?key=&point=50.18%2C8.8&unit=KMPH
[2026-06-26T21:59:49.717+0000] {taskinstance.py:2698} ERROR - Task failed with exception
Traceback (most recent call last):
  File "/home/airflow/.local/lib/python3.8/site-packages/airflow/models/taskinstance.py", line 433, in _execute_task
    result = execute_callable(context=context, **execute_callable_kwargs)
  File "/home/airflow/.local/lib/python3.8/site-packages/airflow/operators/python.py", line 199, in execute
    return_value = self.execute_callable()
  File "/home/airflow/.local/lib/python3.8/site-packages/airflow/operators/python.py", line 216, in execute_callable
    return self.python_callable(*self.op_args, **self.op_kwargs)
  File "/opt/airflow/dags/ingestion_dag.py", line 78, in fetch_and_extract
    raise RuntimeError("All grid points failed")
RuntimeError: All grid points failed
[2026-06-26T21:59:49.726+0000] {taskinstance.py:1138} INFO - Marking task as UP_FOR_RETRY. dag_id=ingestion_dag, task_id=fetch_frankfurt, execution_date=20260626T213000, start_date=20260626T215943, end_date=20260626T215949
[2026-06-26T21:59:49.737+0000] {standard_task_runner.py:107} ERROR - Failed to execute job 50 for task fetch_frankfurt (All grid points failed; 224)
[2026-06-26T21:59:49.784+0000] {local_task_job_runner.py:234} INFO - Task exited with return code 1
[2026-06-26T21:59:49.794+0000] {taskinstance.py:3280} INFO - 0 downstream tasks scheduled from follow-on schedule check
