[2026-06-26T22:00:03.801+0000] {taskinstance.py:1956} INFO - Dependencies all met for dep_context=non-requeueable deps ti=<TaskInstance: ingestion_dag.fetch_bremen scheduled__2026-06-26T21:45:00+00:00 [queued]>
[2026-06-26T22:00:03.809+0000] {taskinstance.py:1956} INFO - Dependencies all met for dep_context=requeueable deps ti=<TaskInstance: ingestion_dag.fetch_bremen scheduled__2026-06-26T21:45:00+00:00 [queued]>
[2026-06-26T22:00:03.809+0000] {taskinstance.py:2170} INFO - Starting attempt 1 of 4
[2026-06-26T22:00:03.821+0000] {taskinstance.py:2191} INFO - Executing <Task(PythonOperator): fetch_bremen> on 2026-06-26 21:45:00+00:00
[2026-06-26T22:00:03.828+0000] {standard_task_runner.py:60} INFO - Started process 237 to run task
[2026-06-26T22:00:03.831+0000] {standard_task_runner.py:87} INFO - Running: ['***', 'tasks', 'run', 'ingestion_dag', 'fetch_bremen', 'scheduled__2026-06-26T21:45:00+00:00', '--job-id', '55', '--raw', '--subdir', 'DAGS_FOLDER/ingestion_dag.py', '--cfg-path', '/tmp/tmpd1jk3u12']
[2026-06-26T22:00:03.833+0000] {standard_task_runner.py:88} INFO - Job 55: Subtask fetch_bremen
[2026-06-26T22:00:03.927+0000] {task_command.py:423} INFO - Running <TaskInstance: ingestion_dag.fetch_bremen scheduled__2026-06-26T21:45:00+00:00 [running]> on host 2a877a0edbb9
[2026-06-26T22:00:04.350+0000] {taskinstance.py:2480} INFO - Exporting env vars: AIRFLOW_CTX_DAG_OWNER='thesis' AIRFLOW_CTX_DAG_ID='ingestion_dag' AIRFLOW_CTX_TASK_ID='fetch_bremen' AIRFLOW_CTX_EXECUTION_DATE='2026-06-26T21:45:00+00:00' AIRFLOW_CTX_TRY_NUMBER='1' AIRFLOW_CTX_DAG_RUN_ID='scheduled__2026-06-26T21:45:00+00:00'
[2026-06-26T22:00:04.761+0000] {ingestion_dag.py:75} WARNING - Failed bremen (53.03,8.72): 401 Client Error: Unauthorized for url: https://api.tomtom.com/traffic/services/4/flowSegmentData/absolute/10/json?key=&point=53.03%2C8.72&unit=KMPH
[2026-06-26T22:00:05.170+0000] {ingestion_dag.py:75} WARNING - Failed bremen (53.063333,8.72): 401 Client Error: Unauthorized for url: https://api.tomtom.com/traffic/services/4/flowSegmentData/absolute/10/json?key=&point=53.063333%2C8.72&unit=KMPH
[2026-06-26T22:00:05.588+0000] {ingestion_dag.py:75} WARNING - Failed bremen (53.096667,8.72): 401 Client Error: Unauthorized for url: https://api.tomtom.com/traffic/services/4/flowSegmentData/absolute/10/json?key=&point=53.096667%2C8.72&unit=KMPH
[2026-06-26T22:00:06.004+0000] {ingestion_dag.py:75} WARNING - Failed bremen (53.13,8.72): 401 Client Error: Unauthorized for url: https://api.tomtom.com/traffic/services/4/flowSegmentData/absolute/10/json?key=&point=53.13%2C8.72&unit=KMPH
[2026-06-26T22:00:06.409+0000] {ingestion_dag.py:75} WARNING - Failed bremen (53.03,8.796667): 401 Client Error: Unauthorized for url: https://api.tomtom.com/traffic/services/4/flowSegmentData/absolute/10/json?key=&point=53.03%2C8.796667&unit=KMPH
[2026-06-26T22:00:06.820+0000] {ingestion_dag.py:75} WARNING - Failed bremen (53.063333,8.796667): 401 Client Error: Unauthorized for url: https://api.tomtom.com/traffic/services/4/flowSegmentData/absolute/10/json?key=&point=53.063333%2C8.796667&unit=KMPH
[2026-06-26T22:00:07.330+0000] {ingestion_dag.py:75} WARNING - Failed bremen (53.096667,8.796667): 401 Client Error: Unauthorized for url: https://api.tomtom.com/traffic/services/4/flowSegmentData/absolute/10/json?key=&point=53.096667%2C8.796667&unit=KMPH
[2026-06-26T22:00:07.703+0000] {ingestion_dag.py:75} WARNING - Failed bremen (53.13,8.796667): 401 Client Error: Unauthorized for url: https://api.tomtom.com/traffic/services/4/flowSegmentData/absolute/10/json?key=&point=53.13%2C8.796667&unit=KMPH
[2026-06-26T22:00:08.148+0000] {ingestion_dag.py:75} WARNING - Failed bremen (53.03,8.873333): 401 Client Error: Unauthorized for url: https://api.tomtom.com/traffic/services/4/flowSegmentData/absolute/10/json?key=&point=53.03%2C8.873333&unit=KMPH
[2026-06-26T22:00:08.455+0000] {ingestion_dag.py:75} WARNING - Failed bremen (53.063333,8.873333): 401 Client Error: Unauthorized for url: https://api.tomtom.com/traffic/services/4/flowSegmentData/absolute/10/json?key=&point=53.063333%2C8.873333&unit=KMPH
[2026-06-26T22:00:08.763+0000] {ingestion_dag.py:75} WARNING - Failed bremen (53.096667,8.873333): 401 Client Error: Unauthorized for url: https://api.tomtom.com/traffic/services/4/flowSegmentData/absolute/10/json?key=&point=53.096667%2C8.873333&unit=KMPH
[2026-06-26T22:00:09.146+0000] {ingestion_dag.py:75} WARNING - Failed bremen (53.13,8.873333): 401 Client Error: Unauthorized for url: https://api.tomtom.com/traffic/services/4/flowSegmentData/absolute/10/json?key=&point=53.13%2C8.873333&unit=KMPH
[2026-06-26T22:00:09.563+0000] {ingestion_dag.py:75} WARNING - Failed bremen (53.03,8.95): 401 Client Error: Unauthorized for url: https://api.tomtom.com/traffic/services/4/flowSegmentData/absolute/10/json?key=&point=53.03%2C8.95&unit=KMPH
[2026-06-26T22:00:13.572+0000] {ingestion_dag.py:75} WARNING - Failed bremen (53.063333,8.95): HTTPSConnectionPool(host='api.tomtom.com', port=443): Max retries exceeded with url: /traffic/services/4/flowSegmentData/absolute/10/json?key=&point=53.063333%2C8.95&unit=KMPH (Caused by NewConnectionError('<urllib3.connection.HTTPSConnection object at 0x7b0d75cce850>: Failed to establish a new connection: [Errno -2] Name or service not known'))
[2026-06-26T22:00:15.523+0000] {ingestion_dag.py:75} WARNING - Failed bremen (53.096667,8.95): 401 Client Error: Unauthorized for url: https://api.tomtom.com/traffic/services/4/flowSegmentData/absolute/10/json?key=&point=53.096667%2C8.95&unit=KMPH
[2026-06-26T22:00:15.829+0000] {ingestion_dag.py:75} WARNING - Failed bremen (53.13,8.95): 401 Client Error: Unauthorized for url: https://api.tomtom.com/traffic/services/4/flowSegmentData/absolute/10/json?key=&point=53.13%2C8.95&unit=KMPH
[2026-06-26T22:00:15.832+0000] {taskinstance.py:2698} ERROR - Task failed with exception
Traceback (most recent call last):
  File "/home/airflow/.local/lib/python3.8/site-packages/airflow/models/taskinstance.py", line 433, in _execute_task
    result = execute_callable(context=context, **execute_callable_kwargs)
  File "/home/airflow/.local/lib/python3.8/site-packages/airflow/operators/python.py", line 199, in execute
    return_value = self.execute_callable()
  File "/home/airflow/.local/lib/python3.8/site-packages/airflow/operators/python.py", line 216, in execute_callable
    return self.python_callable(*self.op_args, **self.op_kwargs)
  File "/opt/airflow/dags/ingestion_dag.py", line 78, in fetch_and_extract
    raise RuntimeError("All grid points failed")
RuntimeError: All grid points failed
[2026-06-26T22:00:15.847+0000] {taskinstance.py:1138} INFO - Marking task as UP_FOR_RETRY. dag_id=ingestion_dag, task_id=fetch_bremen, execution_date=20260626T214500, start_date=20260626T220003, end_date=20260626T220015
[2026-06-26T22:00:15.872+0000] {standard_task_runner.py:107} ERROR - Failed to execute job 55 for task fetch_bremen (All grid points failed; 237)
[2026-06-26T22:00:15.893+0000] {local_task_job_runner.py:234} INFO - Task exited with return code 1
[2026-06-26T22:00:15.918+0000] {taskinstance.py:3280} INFO - 0 downstream tasks scheduled from follow-on schedule check
