[2026-06-26T22:15:01.188+0000] {taskinstance.py:1956} INFO - Dependencies all met for dep_context=non-requeueable deps ti=<TaskInstance: ingestion_dag.init_db_schema scheduled__2026-06-26T22:00:00+00:00 [queued]>
[2026-06-26T22:15:01.197+0000] {taskinstance.py:1956} INFO - Dependencies all met for dep_context=requeueable deps ti=<TaskInstance: ingestion_dag.init_db_schema scheduled__2026-06-26T22:00:00+00:00 [queued]>
[2026-06-26T22:15:01.197+0000] {taskinstance.py:2170} INFO - Starting attempt 1 of 4
[2026-06-26T22:15:01.212+0000] {taskinstance.py:2191} INFO - Executing <Task(PythonOperator): init_db_schema> on 2026-06-26 22:00:00+00:00
[2026-06-26T22:15:01.219+0000] {standard_task_runner.py:60} INFO - Started process 814 to run task
[2026-06-26T22:15:01.223+0000] {standard_task_runner.py:87} INFO - Running: ['***', 'tasks', 'run', 'ingestion_dag', 'init_db_schema', 'scheduled__2026-06-26T22:00:00+00:00', '--job-id', '78', '--raw', '--subdir', 'DAGS_FOLDER/ingestion_dag.py', '--cfg-path', '/tmp/tmp7_04crax']
[2026-06-26T22:15:01.226+0000] {standard_task_runner.py:88} INFO - Job 78: Subtask init_db_schema
[2026-06-26T22:15:01.304+0000] {task_command.py:423} INFO - Running <TaskInstance: ingestion_dag.init_db_schema scheduled__2026-06-26T22:00:00+00:00 [running]> on host 2a877a0edbb9
[2026-06-26T22:15:01.572+0000] {taskinstance.py:2480} INFO - Exporting env vars: AIRFLOW_CTX_DAG_OWNER='thesis' AIRFLOW_CTX_DAG_ID='ingestion_dag' AIRFLOW_CTX_TASK_ID='init_db_schema' AIRFLOW_CTX_EXECUTION_DATE='2026-06-26T22:00:00+00:00' AIRFLOW_CTX_TRY_NUMBER='1' AIRFLOW_CTX_DAG_RUN_ID='scheduled__2026-06-26T22:00:00+00:00'
[2026-06-26T22:15:01.581+0000] {python.py:201} INFO - Done. Returned value was: None
[2026-06-26T22:15:01.595+0000] {taskinstance.py:1138} INFO - Marking task as SUCCESS. dag_id=ingestion_dag, task_id=init_db_schema, execution_date=20260626T220000, start_date=20260626T221501, end_date=20260626T221501
[2026-06-26T22:15:01.636+0000] {local_task_job_runner.py:234} INFO - Task exited with return code 0
[2026-06-26T22:15:01.667+0000] {taskinstance.py:3280} INFO - 3 downstream tasks scheduled from follow-on schedule check
[2026-06-26T22:28:31.677+0000] {taskinstance.py:1956} INFO - Dependencies all met for dep_context=non-requeueable deps ti=<TaskInstance: ingestion_dag.init_db_schema scheduled__2026-06-26T22:00:00+00:00 [queued]>
[2026-06-26T22:28:31.694+0000] {taskinstance.py:1956} INFO - Dependencies all met for dep_context=requeueable deps ti=<TaskInstance: ingestion_dag.init_db_schema scheduled__2026-06-26T22:00:00+00:00 [queued]>
[2026-06-26T22:28:31.694+0000] {taskinstance.py:2170} INFO - Starting attempt 1 of 4
[2026-06-26T22:28:31.720+0000] {taskinstance.py:2191} INFO - Executing <Task(PythonOperator): init_db_schema> on 2026-06-26 22:00:00+00:00
[2026-06-26T22:28:31.730+0000] {standard_task_runner.py:60} INFO - Started process 215 to run task
[2026-06-26T22:28:31.736+0000] {standard_task_runner.py:87} INFO - Running: ['***', 'tasks', 'run', 'ingestion_dag', 'init_db_schema', 'scheduled__2026-06-26T22:00:00+00:00', '--job-id', '2', '--raw', '--subdir', 'DAGS_FOLDER/ingestion_dag.py', '--cfg-path', '/tmp/tmpydy3mur0']
[2026-06-26T22:28:31.739+0000] {standard_task_runner.py:88} INFO - Job 2: Subtask init_db_schema
[2026-06-26T22:28:31.813+0000] {task_command.py:423} INFO - Running <TaskInstance: ingestion_dag.init_db_schema scheduled__2026-06-26T22:00:00+00:00 [running]> on host 2287e6a6e47d
[2026-06-26T22:28:32.130+0000] {taskinstance.py:2480} INFO - Exporting env vars: AIRFLOW_CTX_DAG_OWNER='thesis' AIRFLOW_CTX_DAG_ID='ingestion_dag' AIRFLOW_CTX_TASK_ID='init_db_schema' AIRFLOW_CTX_EXECUTION_DATE='2026-06-26T22:00:00+00:00' AIRFLOW_CTX_TRY_NUMBER='1' AIRFLOW_CTX_DAG_RUN_ID='scheduled__2026-06-26T22:00:00+00:00'
[2026-06-26T22:28:32.144+0000] {python.py:201} INFO - Done. Returned value was: None
[2026-06-26T22:28:32.167+0000] {taskinstance.py:1138} INFO - Marking task as SUCCESS. dag_id=ingestion_dag, task_id=init_db_schema, execution_date=20260626T220000, start_date=20260626T222831, end_date=20260626T222832
[2026-06-26T22:28:32.228+0000] {local_task_job_runner.py:234} INFO - Task exited with return code 0
[2026-06-26T22:28:32.274+0000] {taskinstance.py:3280} INFO - 3 downstream tasks scheduled from follow-on schedule check
