[2026-06-27T09:20:00.504+0000] {taskinstance.py:1956} INFO - Dependencies all met for dep_context=non-requeueable deps ti=<TaskInstance: spark_transform_dag.spark_job scheduled__2026-06-27T09:00:00+00:00 [queued]>
[2026-06-27T09:20:00.515+0000] {taskinstance.py:1956} INFO - Dependencies all met for dep_context=requeueable deps ti=<TaskInstance: spark_transform_dag.spark_job scheduled__2026-06-27T09:00:00+00:00 [queued]>
[2026-06-27T09:20:00.515+0000] {taskinstance.py:2170} INFO - Starting attempt 1 of 4
[2026-06-27T09:20:00.529+0000] {taskinstance.py:2191} INFO - Executing <Task(SparkSubmitOperator): spark_job> on 2026-06-27 09:00:00+00:00
[2026-06-27T09:20:00.533+0000] {standard_task_runner.py:60} INFO - Started process 376 to run task
[2026-06-27T09:20:00.537+0000] {standard_task_runner.py:87} INFO - Running: ['***', 'tasks', 'run', 'spark_transform_dag', 'spark_job', 'scheduled__2026-06-27T09:00:00+00:00', '--job-id', '12', '--raw', '--subdir', 'DAGS_FOLDER/spark_transform_dag.py', '--cfg-path', '/tmp/tmppu3tvldc']
[2026-06-27T09:20:00.541+0000] {standard_task_runner.py:88} INFO - Job 12: Subtask spark_job
[2026-06-27T09:20:00.621+0000] {task_command.py:423} INFO - Running <TaskInstance: spark_transform_dag.spark_job scheduled__2026-06-27T09:00:00+00:00 [running]> on host 36cfabb67335
[2026-06-27T09:20:00.687+0000] {taskinstance.py:2480} INFO - Exporting env vars: AIRFLOW_CTX_DAG_OWNER='thesis' AIRFLOW_CTX_DAG_ID='spark_transform_dag' AIRFLOW_CTX_TASK_ID='spark_job' AIRFLOW_CTX_EXECUTION_DATE='2026-06-27T09:00:00+00:00' AIRFLOW_CTX_TRY_NUMBER='1' AIRFLOW_CTX_DAG_RUN_ID='scheduled__2026-06-27T09:00:00+00:00'
[2026-06-27T09:20:00.703+0000] {spark_submit.py:217} INFO - Could not load connection string spark_default, defaulting to yarn
[2026-06-27T09:20:00.705+0000] {spark_submit.py:339} INFO - Spark-Submit cmd: spark-submit --master yarn --conf spark.master=spark://spark-master:7077 --jars /opt/spark/drivers/postgresql-42.7.11.jar --name arrow-spark --verbose /opt/spark-apps/silver_to_gold.py
[2026-06-27T09:20:01.430+0000] {spark_submit.py:490} INFO - Using properties file: null
[2026-06-27T09:20:01.470+0000] {spark_submit.py:490} INFO - Exception in thread "main" org.apache.spark.SparkException: When running with master 'yarn' either HADOOP_CONF_DIR or YARN_CONF_DIR must be set in the environment.
[2026-06-27T09:20:01.470+0000] {spark_submit.py:490} INFO - at org.apache.spark.deploy.SparkSubmitArguments.error(SparkSubmitArguments.scala:650)
[2026-06-27T09:20:01.470+0000] {spark_submit.py:490} INFO - at org.apache.spark.deploy.SparkSubmitArguments.validateSubmitArguments(SparkSubmitArguments.scala:281)
[2026-06-27T09:20:01.470+0000] {spark_submit.py:490} INFO - at org.apache.spark.deploy.SparkSubmitArguments.validateArguments(SparkSubmitArguments.scala:237)
[2026-06-27T09:20:01.470+0000] {spark_submit.py:490} INFO - at org.apache.spark.deploy.SparkSubmitArguments.<init>(SparkSubmitArguments.scala:122)
[2026-06-27T09:20:01.471+0000] {spark_submit.py:490} INFO - at org.apache.spark.deploy.SparkSubmit$$anon$2$$anon$3.<init>(SparkSubmit.scala:1108)
[2026-06-27T09:20:01.471+0000] {spark_submit.py:490} INFO - at org.apache.spark.deploy.SparkSubmit$$anon$2.parseArguments(SparkSubmit.scala:1108)
[2026-06-27T09:20:01.471+0000] {spark_submit.py:490} INFO - at org.apache.spark.deploy.SparkSubmit.doSubmit(SparkSubmit.scala:86)
[2026-06-27T09:20:01.471+0000] {spark_submit.py:490} INFO - at org.apache.spark.deploy.SparkSubmit$$anon$2.doSubmit(SparkSubmit.scala:1125)
[2026-06-27T09:20:01.471+0000] {spark_submit.py:490} INFO - at org.apache.spark.deploy.SparkSubmit$.main(SparkSubmit.scala:1134)
[2026-06-27T09:20:01.471+0000] {spark_submit.py:490} INFO - at org.apache.spark.deploy.SparkSubmit.main(SparkSubmit.scala)
[2026-06-27T09:20:01.499+0000] {taskinstance.py:2698} ERROR - Task failed with exception
Traceback (most recent call last):
  File "/home/airflow/.local/lib/python3.8/site-packages/airflow/models/taskinstance.py", line 433, in _execute_task
    result = execute_callable(context=context, **execute_callable_kwargs)
  File "/home/airflow/.local/lib/python3.8/site-packages/airflow/providers/apache/spark/operators/spark_submit.py", line 157, in execute
    self._hook.submit(self._application)
  File "/home/airflow/.local/lib/python3.8/site-packages/airflow/providers/apache/spark/hooks/spark_submit.py", line 421, in submit
    raise AirflowException(
airflow.exceptions.AirflowException: Cannot execute: spark-submit --master yarn --conf spark.master=spark://spark-master:7077 --jars /opt/spark/drivers/postgresql-42.7.11.jar --name arrow-spark --verbose /opt/spark-apps/silver_to_gold.py. Error code is: 1.
[2026-06-27T09:20:01.503+0000] {taskinstance.py:1138} INFO - Marking task as UP_FOR_RETRY. dag_id=spark_transform_dag, task_id=spark_job, execution_date=20260627T090000, start_date=20260627T092000, end_date=20260627T092001
[2026-06-27T09:20:01.519+0000] {standard_task_runner.py:107} ERROR - Failed to execute job 12 for task spark_job (Cannot execute: spark-submit --master yarn --conf spark.master=spark://spark-master:7077 --jars /opt/spark/drivers/postgresql-42.7.11.jar --name arrow-spark --verbose /opt/spark-apps/silver_to_gold.py. Error code is: 1.; 376)
[2026-06-27T09:20:01.551+0000] {local_task_job_runner.py:234} INFO - Task exited with return code 1
[2026-06-27T09:20:01.570+0000] {taskinstance.py:3280} INFO - 0 downstream tasks scheduled from follow-on schedule check
[2026-06-27T10:00:00.871+0000] {taskinstance.py:1956} INFO - Dependencies all met for dep_context=non-requeueable deps ti=<TaskInstance: spark_transform_dag.spark_job scheduled__2026-06-27T09:00:00+00:00 [queued]>
[2026-06-27T10:00:00.876+0000] {taskinstance.py:1956} INFO - Dependencies all met for dep_context=requeueable deps ti=<TaskInstance: spark_transform_dag.spark_job scheduled__2026-06-27T09:00:00+00:00 [queued]>
[2026-06-27T10:00:00.876+0000] {taskinstance.py:2170} INFO - Starting attempt 1 of 1
[2026-06-27T10:00:00.885+0000] {taskinstance.py:2191} INFO - Executing <Task(SparkSubmitOperator): spark_job> on 2026-06-27 09:00:00+00:00
[2026-06-27T10:00:00.889+0000] {standard_task_runner.py:60} INFO - Started process 1175 to run task
[2026-06-27T10:00:00.890+0000] {standard_task_runner.py:87} INFO - Running: ['***', 'tasks', 'run', 'spark_transform_dag', 'spark_job', 'scheduled__2026-06-27T09:00:00+00:00', '--job-id', '4', '--raw', '--subdir', 'DAGS_FOLDER/spark_transform_dag.py', '--cfg-path', '/tmp/tmpixtil56m']
[2026-06-27T10:00:00.891+0000] {standard_task_runner.py:88} INFO - Job 4: Subtask spark_job
[2026-06-27T10:00:00.962+0000] {task_command.py:423} INFO - Running <TaskInstance: spark_transform_dag.spark_job scheduled__2026-06-27T09:00:00+00:00 [running]> on host f4a2b63465b0
[2026-06-27T10:00:01.069+0000] {taskinstance.py:2480} INFO - Exporting env vars: AIRFLOW_CTX_DAG_OWNER='***' AIRFLOW_CTX_DAG_ID='spark_transform_dag' AIRFLOW_CTX_TASK_ID='spark_job' AIRFLOW_CTX_EXECUTION_DATE='2026-06-27T09:00:00+00:00' AIRFLOW_CTX_TRY_NUMBER='1' AIRFLOW_CTX_DAG_RUN_ID='scheduled__2026-06-27T09:00:00+00:00'
[2026-06-27T10:00:01.079+0000] {base.py:83} INFO - Using connection ID 'spark_default' for task execution.
[2026-06-27T10:00:01.080+0000] {spark_submit.py:339} INFO - Spark-Submit cmd: spark-submit --master spark://spark-master:7077 --conf spark.master=spark://spark-master:7077 --conf spark.submit.deployMode=cluster --jars /opt/spark/drivers/postgresql-42.7.11.jar --name arrow-spark --verbose /opt/spark-apps/silver_to_gold.py
[2026-06-27T10:00:01.841+0000] {spark_submit.py:490} INFO - Using properties file: null
[2026-06-27T10:00:01.890+0000] {spark_submit.py:490} INFO - Parsed arguments:
[2026-06-27T10:00:01.890+0000] {spark_submit.py:490} INFO - master                  spark://spark-master:7077
[2026-06-27T10:00:01.890+0000] {spark_submit.py:490} INFO - remote                  null
[2026-06-27T10:00:01.890+0000] {spark_submit.py:490} INFO - deployMode              cluster
[2026-06-27T10:00:01.890+0000] {spark_submit.py:490} INFO - executorMemory          null
[2026-06-27T10:00:01.890+0000] {spark_submit.py:490} INFO - executorCores           null
[2026-06-27T10:00:01.891+0000] {spark_submit.py:490} INFO - totalExecutorCores      null
[2026-06-27T10:00:01.891+0000] {spark_submit.py:490} INFO - propertiesFile          null
[2026-06-27T10:00:01.891+0000] {spark_submit.py:490} INFO - driverMemory            null
[2026-06-27T10:00:01.891+0000] {spark_submit.py:490} INFO - driverCores             null
[2026-06-27T10:00:01.891+0000] {spark_submit.py:490} INFO - driverExtraClassPath    null
[2026-06-27T10:00:01.891+0000] {spark_submit.py:490} INFO - driverExtraLibraryPath  null
[2026-06-27T10:00:01.891+0000] {spark_submit.py:490} INFO - driverExtraJavaOptions  null
[2026-06-27T10:00:01.891+0000] {spark_submit.py:490} INFO - supervise               false
[2026-06-27T10:00:01.891+0000] {spark_submit.py:490} INFO - queue                   null
[2026-06-27T10:00:01.891+0000] {spark_submit.py:490} INFO - numExecutors            null
[2026-06-27T10:00:01.892+0000] {spark_submit.py:490} INFO - files                   null
[2026-06-27T10:00:01.892+0000] {spark_submit.py:490} INFO - pyFiles                 null
[2026-06-27T10:00:01.892+0000] {spark_submit.py:490} INFO - archives                null
[2026-06-27T10:00:01.892+0000] {spark_submit.py:490} INFO - mainClass               null
[2026-06-27T10:00:01.892+0000] {spark_submit.py:490} INFO - primaryResource         file:/opt/spark-apps/silver_to_gold.py
[2026-06-27T10:00:01.892+0000] {spark_submit.py:490} INFO - name                    arrow-spark
[2026-06-27T10:00:01.892+0000] {spark_submit.py:490} INFO - childArgs               []
[2026-06-27T10:00:01.892+0000] {spark_submit.py:490} INFO - jars                    file:/opt/spark/drivers/postgresql-42.7.11.jar
[2026-06-27T10:00:01.892+0000] {spark_submit.py:490} INFO - packages                null
[2026-06-27T10:00:01.892+0000] {spark_submit.py:490} INFO - packagesExclusions      null
[2026-06-27T10:00:01.893+0000] {spark_submit.py:490} INFO - repositories            null
[2026-06-27T10:00:01.893+0000] {spark_submit.py:490} INFO - verbose                 true
[2026-06-27T10:00:01.893+0000] {spark_submit.py:490} INFO - 
[2026-06-27T10:00:01.893+0000] {spark_submit.py:490} INFO - Spark properties used, including those specified through
[2026-06-27T10:00:01.893+0000] {spark_submit.py:490} INFO - --conf and those from the properties file null:
[2026-06-27T10:00:01.893+0000] {spark_submit.py:490} INFO - (spark.master,spark://spark-master:7077)
[2026-06-27T10:00:01.893+0000] {spark_submit.py:490} INFO - (spark.submit.deployMode,cluster)
[2026-06-27T10:00:01.893+0000] {spark_submit.py:490} INFO - 
[2026-06-27T10:00:01.893+0000] {spark_submit.py:490} INFO - 
[2026-06-27T10:00:01.915+0000] {spark_submit.py:490} INFO - Exception in thread "main" org.apache.spark.SparkException: Cluster deploy mode is currently not supported for python applications on standalone clusters.
[2026-06-27T10:00:01.915+0000] {spark_submit.py:490} INFO - at org.apache.spark.deploy.SparkSubmit.error(SparkSubmit.scala:1052)
[2026-06-27T10:00:01.915+0000] {spark_submit.py:490} INFO - at org.apache.spark.deploy.SparkSubmit.prepareSubmitEnvironment(SparkSubmit.scala:298)
[2026-06-27T10:00:01.915+0000] {spark_submit.py:490} INFO - at org.apache.spark.deploy.SparkSubmit.org$apache$spark$deploy$SparkSubmit$$runMain(SparkSubmit.scala:969)
[2026-06-27T10:00:01.915+0000] {spark_submit.py:490} INFO - at org.apache.spark.deploy.SparkSubmit.doRunMain$1(SparkSubmit.scala:199)
[2026-06-27T10:00:01.915+0000] {spark_submit.py:490} INFO - at org.apache.spark.deploy.SparkSubmit.submit(SparkSubmit.scala:222)
[2026-06-27T10:00:01.916+0000] {spark_submit.py:490} INFO - at org.apache.spark.deploy.SparkSubmit.doSubmit(SparkSubmit.scala:91)
[2026-06-27T10:00:01.916+0000] {spark_submit.py:490} INFO - at org.apache.spark.deploy.SparkSubmit$$anon$2.doSubmit(SparkSubmit.scala:1125)
[2026-06-27T10:00:01.916+0000] {spark_submit.py:490} INFO - at org.apache.spark.deploy.SparkSubmit$.main(SparkSubmit.scala:1134)
[2026-06-27T10:00:01.916+0000] {spark_submit.py:490} INFO - at org.apache.spark.deploy.SparkSubmit.main(SparkSubmit.scala)
[2026-06-27T10:00:01.947+0000] {taskinstance.py:2698} ERROR - Task failed with exception
Traceback (most recent call last):
  File "/home/airflow/.local/lib/python3.8/site-packages/airflow/models/taskinstance.py", line 433, in _execute_task
    result = execute_callable(context=context, **execute_callable_kwargs)
  File "/home/airflow/.local/lib/python3.8/site-packages/airflow/providers/apache/spark/operators/spark_submit.py", line 157, in execute
    self._hook.submit(self._application)
  File "/home/airflow/.local/lib/python3.8/site-packages/airflow/providers/apache/spark/hooks/spark_submit.py", line 421, in submit
    raise AirflowException(
airflow.exceptions.AirflowException: Cannot execute: spark-submit --master spark://spark-master:7077 --conf spark.master=spark://spark-master:7077 --conf spark.submit.deployMode=cluster --jars /opt/spark/drivers/postgresql-42.7.11.jar --name arrow-spark --verbose /opt/spark-apps/silver_to_gold.py. Error code is: 1.
[2026-06-27T10:00:01.949+0000] {taskinstance.py:1138} INFO - Marking task as FAILED. dag_id=spark_transform_dag, task_id=spark_job, execution_date=20260627T090000, start_date=20260627T100000, end_date=20260627T100001
[2026-06-27T10:00:01.960+0000] {standard_task_runner.py:107} ERROR - Failed to execute job 4 for task spark_job (Cannot execute: spark-submit --master spark://spark-master:7077 --conf spark.master=spark://spark-master:7077 --conf spark.submit.deployMode=cluster --jars /opt/spark/drivers/postgresql-42.7.11.jar --name arrow-spark --verbose /opt/spark-apps/silver_to_gold.py. Error code is: 1.; 1175)
[2026-06-27T10:00:01.985+0000] {local_task_job_runner.py:234} INFO - Task exited with return code 1
[2026-06-27T10:00:01.998+0000] {taskinstance.py:3280} INFO - 0 downstream tasks scheduled from follow-on schedule check
[2026-06-27T10:21:21.280+0000] {taskinstance.py:1956} INFO - Dependencies all met for dep_context=non-requeueable deps ti=<TaskInstance: spark_transform_dag.spark_job scheduled__2026-06-27T09:00:00+00:00 [queued]>
[2026-06-27T10:21:21.286+0000] {taskinstance.py:1956} INFO - Dependencies all met for dep_context=requeueable deps ti=<TaskInstance: spark_transform_dag.spark_job scheduled__2026-06-27T09:00:00+00:00 [queued]>
[2026-06-27T10:21:21.286+0000] {taskinstance.py:2170} INFO - Starting attempt 1 of 1
[2026-06-27T10:21:21.299+0000] {taskinstance.py:2191} INFO - Executing <Task(SparkSubmitOperator): spark_job> on 2026-06-27 09:00:00+00:00
[2026-06-27T10:21:21.304+0000] {standard_task_runner.py:60} INFO - Started process 241 to run task
[2026-06-27T10:21:21.307+0000] {standard_task_runner.py:87} INFO - Running: ['***', 'tasks', 'run', 'spark_transform_dag', 'spark_job', 'scheduled__2026-06-27T09:00:00+00:00', '--job-id', '3', '--raw', '--subdir', 'DAGS_FOLDER/spark_transform_dag.py', '--cfg-path', '/tmp/tmp0_wl44g_']
[2026-06-27T10:21:21.309+0000] {standard_task_runner.py:88} INFO - Job 3: Subtask spark_job
[2026-06-27T10:21:21.369+0000] {task_command.py:423} INFO - Running <TaskInstance: spark_transform_dag.spark_job scheduled__2026-06-27T09:00:00+00:00 [running]> on host 5388a13ad6e7
[2026-06-27T10:21:21.499+0000] {taskinstance.py:2480} INFO - Exporting env vars: AIRFLOW_CTX_DAG_OWNER='***' AIRFLOW_CTX_DAG_ID='spark_transform_dag' AIRFLOW_CTX_TASK_ID='spark_job' AIRFLOW_CTX_EXECUTION_DATE='2026-06-27T09:00:00+00:00' AIRFLOW_CTX_TRY_NUMBER='1' AIRFLOW_CTX_DAG_RUN_ID='scheduled__2026-06-27T09:00:00+00:00'
[2026-06-27T10:21:21.514+0000] {base.py:83} INFO - Using connection ID 'spark_default' for task execution.
[2026-06-27T10:21:21.516+0000] {spark_submit.py:339} INFO - Spark-Submit cmd: spark-submit --master spark-master:7077 --conf spark.submit.deployMode=client --jars /opt/spark/drivers/postgresql-42.7.11.jar --name arrow-spark --verbose /opt/spark-apps/silver_to_gold.py
[2026-06-27T10:21:22.318+0000] {spark_submit.py:490} INFO - Using properties file: null
[2026-06-27T10:21:22.365+0000] {spark_submit.py:490} INFO - Parsed arguments:
[2026-06-27T10:21:22.365+0000] {spark_submit.py:490} INFO - master                  spark-master:7077
[2026-06-27T10:21:22.365+0000] {spark_submit.py:490} INFO - remote                  null
[2026-06-27T10:21:22.365+0000] {spark_submit.py:490} INFO - deployMode              client
[2026-06-27T10:21:22.365+0000] {spark_submit.py:490} INFO - executorMemory          null
[2026-06-27T10:21:22.366+0000] {spark_submit.py:490} INFO - executorCores           null
[2026-06-27T10:21:22.366+0000] {spark_submit.py:490} INFO - totalExecutorCores      null
[2026-06-27T10:21:22.366+0000] {spark_submit.py:490} INFO - propertiesFile          null
[2026-06-27T10:21:22.366+0000] {spark_submit.py:490} INFO - driverMemory            null
[2026-06-27T10:21:22.366+0000] {spark_submit.py:490} INFO - driverCores             null
[2026-06-27T10:21:22.366+0000] {spark_submit.py:490} INFO - driverExtraClassPath    null
[2026-06-27T10:21:22.366+0000] {spark_submit.py:490} INFO - driverExtraLibraryPath  null
[2026-06-27T10:21:22.366+0000] {spark_submit.py:490} INFO - driverExtraJavaOptions  null
[2026-06-27T10:21:22.366+0000] {spark_submit.py:490} INFO - supervise               false
[2026-06-27T10:21:22.366+0000] {spark_submit.py:490} INFO - queue                   null
[2026-06-27T10:21:22.367+0000] {spark_submit.py:490} INFO - numExecutors            null
[2026-06-27T10:21:22.367+0000] {spark_submit.py:490} INFO - files                   null
[2026-06-27T10:21:22.367+0000] {spark_submit.py:490} INFO - pyFiles                 null
[2026-06-27T10:21:22.367+0000] {spark_submit.py:490} INFO - archives                null
[2026-06-27T10:21:22.367+0000] {spark_submit.py:490} INFO - mainClass               null
[2026-06-27T10:21:22.367+0000] {spark_submit.py:490} INFO - primaryResource         file:/opt/spark-apps/silver_to_gold.py
[2026-06-27T10:21:22.367+0000] {spark_submit.py:490} INFO - name                    arrow-spark
[2026-06-27T10:21:22.367+0000] {spark_submit.py:490} INFO - childArgs               []
[2026-06-27T10:21:22.367+0000] {spark_submit.py:490} INFO - jars                    file:/opt/spark/drivers/postgresql-42.7.11.jar
[2026-06-27T10:21:22.367+0000] {spark_submit.py:490} INFO - packages                null
[2026-06-27T10:21:22.368+0000] {spark_submit.py:490} INFO - packagesExclusions      null
[2026-06-27T10:21:22.368+0000] {spark_submit.py:490} INFO - repositories            null
[2026-06-27T10:21:22.368+0000] {spark_submit.py:490} INFO - verbose                 true
[2026-06-27T10:21:22.368+0000] {spark_submit.py:490} INFO - 
[2026-06-27T10:21:22.368+0000] {spark_submit.py:490} INFO - Spark properties used, including those specified through
[2026-06-27T10:21:22.368+0000] {spark_submit.py:490} INFO - --conf and those from the properties file null:
[2026-06-27T10:21:22.368+0000] {spark_submit.py:490} INFO - (spark.submit.deployMode,client)
[2026-06-27T10:21:22.368+0000] {spark_submit.py:490} INFO - 
[2026-06-27T10:21:22.368+0000] {spark_submit.py:490} INFO - 
[2026-06-27T10:21:22.508+0000] {spark_submit.py:490} INFO - 26/06/27 10:21:22 WARN NativeCodeLoader: Unable to load native-hadoop library for your platform... using builtin-java classes where applicable
[2026-06-27T10:21:22.622+0000] {spark_submit.py:490} INFO - Main class:
[2026-06-27T10:21:22.623+0000] {spark_submit.py:490} INFO - org.apache.spark.deploy.PythonRunner
[2026-06-27T10:21:22.623+0000] {spark_submit.py:490} INFO - Arguments:
[2026-06-27T10:21:22.623+0000] {spark_submit.py:490} INFO - file:/opt/spark-apps/silver_to_gold.py
[2026-06-27T10:21:22.623+0000] {spark_submit.py:490} INFO - null
[2026-06-27T10:21:22.624+0000] {spark_submit.py:490} INFO - Spark config:
[2026-06-27T10:21:22.624+0000] {spark_submit.py:490} INFO - (spark.app.name,arrow-spark)
[2026-06-27T10:21:22.625+0000] {spark_submit.py:490} INFO - (spark.app.submitTime,1782555682613)
[2026-06-27T10:21:22.625+0000] {spark_submit.py:490} INFO - (spark.jars,file:///opt/spark/drivers/postgresql-42.7.11.jar)
[2026-06-27T10:21:22.625+0000] {spark_submit.py:490} INFO - (spark.master,spark-master:7077)
[2026-06-27T10:21:22.625+0000] {spark_submit.py:490} INFO - (spark.repl.local.jars,file:///opt/spark/drivers/postgresql-42.7.11.jar)
[2026-06-27T10:21:22.625+0000] {spark_submit.py:490} INFO - (spark.submit.deployMode,client)
[2026-06-27T10:21:22.625+0000] {spark_submit.py:490} INFO - (spark.submit.pyFiles,)
[2026-06-27T10:21:22.626+0000] {spark_submit.py:490} INFO - Classpath elements:
[2026-06-27T10:21:22.626+0000] {spark_submit.py:490} INFO - file:///opt/spark/drivers/postgresql-42.7.11.jar
[2026-06-27T10:21:22.626+0000] {spark_submit.py:490} INFO - 
[2026-06-27T10:21:22.626+0000] {spark_submit.py:490} INFO - 
[2026-06-27T10:21:23.163+0000] {spark_submit.py:490} INFO - 26/06/27 10:21:23 INFO SparkContext: Running Spark version 3.5.8
[2026-06-27T10:21:23.163+0000] {spark_submit.py:490} INFO - 26/06/27 10:21:23 INFO SparkContext: OS info Linux, 6.17.0-23-generic, amd64
[2026-06-27T10:21:23.163+0000] {spark_submit.py:490} INFO - 26/06/27 10:21:23 INFO SparkContext: Java version 17.0.19
[2026-06-27T10:21:23.184+0000] {spark_submit.py:490} INFO - 26/06/27 10:21:23 INFO ResourceUtils: ==============================================================
[2026-06-27T10:21:23.184+0000] {spark_submit.py:490} INFO - 26/06/27 10:21:23 INFO ResourceUtils: No custom resources configured for spark.driver.
[2026-06-27T10:21:23.184+0000] {spark_submit.py:490} INFO - 26/06/27 10:21:23 INFO ResourceUtils: ==============================================================
[2026-06-27T10:21:23.185+0000] {spark_submit.py:490} INFO - 26/06/27 10:21:23 INFO SparkContext: Submitted application: silver_to_gold
[2026-06-27T10:21:23.200+0000] {spark_submit.py:490} INFO - 26/06/27 10:21:23 INFO ResourceProfile: Default ResourceProfile created, executor resources: Map(cores -> name: cores, amount: 1, script: , vendor: , memory -> name: memory, amount: 1024, script: , vendor: , offHeap -> name: offHeap, amount: 0, script: , vendor: ), task resources: Map(cpus -> name: cpus, amount: 1.0)
[2026-06-27T10:21:23.208+0000] {spark_submit.py:490} INFO - 26/06/27 10:21:23 INFO ResourceProfile: Limiting resource is cpu
[2026-06-27T10:21:23.209+0000] {spark_submit.py:490} INFO - 26/06/27 10:21:23 INFO ResourceProfileManager: Added ResourceProfile id: 0
[2026-06-27T10:21:23.257+0000] {spark_submit.py:490} INFO - 26/06/27 10:21:23 INFO SecurityManager: Changing view acls to: ***
[2026-06-27T10:21:23.258+0000] {spark_submit.py:490} INFO - 26/06/27 10:21:23 INFO SecurityManager: Changing modify acls to: ***
[2026-06-27T10:21:23.258+0000] {spark_submit.py:490} INFO - 26/06/27 10:21:23 INFO SecurityManager: Changing view acls groups to:
[2026-06-27T10:21:23.259+0000] {spark_submit.py:490} INFO - 26/06/27 10:21:23 INFO SecurityManager: Changing modify acls groups to:
[2026-06-27T10:21:23.259+0000] {spark_submit.py:490} INFO - 26/06/27 10:21:23 INFO SecurityManager: SecurityManager: authentication disabled; ui acls disabled; users with view permissions: ***; groups with view permissions: EMPTY; users with modify permissions: ***; groups with modify permissions: EMPTY
[2026-06-27T10:21:23.448+0000] {spark_submit.py:490} INFO - 26/06/27 10:21:23 INFO Utils: Successfully started service 'sparkDriver' on port 40529.
[2026-06-27T10:21:23.473+0000] {spark_submit.py:490} INFO - 26/06/27 10:21:23 INFO SparkEnv: Registering MapOutputTracker
[2026-06-27T10:21:23.511+0000] {spark_submit.py:490} INFO - 26/06/27 10:21:23 INFO SparkEnv: Registering BlockManagerMaster
[2026-06-27T10:21:23.533+0000] {spark_submit.py:490} INFO - 26/06/27 10:21:23 INFO BlockManagerMasterEndpoint: Using org.apache.spark.storage.DefaultTopologyMapper for getting topology information
[2026-06-27T10:21:23.534+0000] {spark_submit.py:490} INFO - 26/06/27 10:21:23 INFO BlockManagerMasterEndpoint: BlockManagerMasterEndpoint up
[2026-06-27T10:21:23.538+0000] {spark_submit.py:490} INFO - 26/06/27 10:21:23 INFO SparkEnv: Registering BlockManagerMasterHeartbeat
[2026-06-27T10:21:23.557+0000] {spark_submit.py:490} INFO - 26/06/27 10:21:23 INFO DiskBlockManager: Created local directory at /tmp/blockmgr-7a832540-3eea-4938-9beb-99b64867cdb9
[2026-06-27T10:21:23.576+0000] {spark_submit.py:490} INFO - 26/06/27 10:21:23 INFO MemoryStore: MemoryStore started with capacity 434.4 MiB
[2026-06-27T10:21:23.590+0000] {spark_submit.py:490} INFO - 26/06/27 10:21:23 INFO SparkEnv: Registering OutputCommitCoordinator
[2026-06-27T10:21:23.682+0000] {spark_submit.py:490} INFO - 26/06/27 10:21:23 INFO JettyUtils: Start Jetty 0.0.0.0:4040 for SparkUI
[2026-06-27T10:21:23.734+0000] {spark_submit.py:490} INFO - 26/06/27 10:21:23 WARN Utils: Service 'SparkUI' could not bind on port 4040. Attempting port 4041.
[2026-06-27T10:21:23.741+0000] {spark_submit.py:490} INFO - 26/06/27 10:21:23 INFO Utils: Successfully started service 'SparkUI' on port 4041.
[2026-06-27T10:21:23.779+0000] {spark_submit.py:490} INFO - 26/06/27 10:21:23 INFO SparkContext: Added JAR /opt/spark/drivers/postgresql-42.7.11.jar at spark://5388a13ad6e7:40529/jars/postgresql-42.7.11.jar with timestamp 1782555683157
[2026-06-27T10:21:23.796+0000] {spark_submit.py:490} INFO - 26/06/27 10:21:23 ERROR SparkContext: Error initializing SparkContext.
[2026-06-27T10:21:23.796+0000] {spark_submit.py:490} INFO - org.apache.spark.SparkException: Could not parse Master URL: 'spark-master:7077'
[2026-06-27T10:21:23.796+0000] {spark_submit.py:490} INFO - at org.apache.spark.SparkContext$.org$apache$spark$SparkContext$$createTaskScheduler(SparkContext.scala:3194)
[2026-06-27T10:21:23.796+0000] {spark_submit.py:490} INFO - at org.apache.spark.SparkContext.<init>(SparkContext.scala:577)
[2026-06-27T10:21:23.796+0000] {spark_submit.py:490} INFO - at org.apache.spark.api.java.JavaSparkContext.<init>(JavaSparkContext.scala:58)
[2026-06-27T10:21:23.797+0000] {spark_submit.py:490} INFO - at java.base/jdk.internal.reflect.NativeConstructorAccessorImpl.newInstance0(Native Method)
[2026-06-27T10:21:23.797+0000] {spark_submit.py:490} INFO - at java.base/jdk.internal.reflect.NativeConstructorAccessorImpl.newInstance(NativeConstructorAccessorImpl.java:77)
[2026-06-27T10:21:23.797+0000] {spark_submit.py:490} INFO - at java.base/jdk.internal.reflect.DelegatingConstructorAccessorImpl.newInstance(DelegatingConstructorAccessorImpl.java:45)
[2026-06-27T10:21:23.797+0000] {spark_submit.py:490} INFO - at java.base/java.lang.reflect.Constructor.newInstanceWithCaller(Constructor.java:500)
[2026-06-27T10:21:23.797+0000] {spark_submit.py:490} INFO - at java.base/java.lang.reflect.Constructor.newInstance(Constructor.java:481)
[2026-06-27T10:21:23.797+0000] {spark_submit.py:490} INFO - at py4j.reflection.MethodInvoker.invoke(MethodInvoker.java:247)
[2026-06-27T10:21:23.797+0000] {spark_submit.py:490} INFO - at py4j.reflection.ReflectionEngine.invoke(ReflectionEngine.java:374)
[2026-06-27T10:21:23.797+0000] {spark_submit.py:490} INFO - at py4j.Gateway.invoke(Gateway.java:238)
[2026-06-27T10:21:23.797+0000] {spark_submit.py:490} INFO - at py4j.commands.ConstructorCommand.invokeConstructor(ConstructorCommand.java:80)
[2026-06-27T10:21:23.797+0000] {spark_submit.py:490} INFO - at py4j.commands.ConstructorCommand.execute(ConstructorCommand.java:69)
[2026-06-27T10:21:23.797+0000] {spark_submit.py:490} INFO - at py4j.ClientServerConnection.waitForCommands(ClientServerConnection.java:182)
[2026-06-27T10:21:23.797+0000] {spark_submit.py:490} INFO - at py4j.ClientServerConnection.run(ClientServerConnection.java:106)
[2026-06-27T10:21:23.797+0000] {spark_submit.py:490} INFO - at java.base/java.lang.Thread.run(Thread.java:840)
[2026-06-27T10:21:23.798+0000] {spark_submit.py:490} INFO - 26/06/27 10:21:23 INFO SparkContext: SparkContext is stopping with exitCode 0.
[2026-06-27T10:21:23.806+0000] {spark_submit.py:490} INFO - 26/06/27 10:21:23 INFO SparkUI: Stopped Spark web UI at http://5388a13ad6e7:4041
[2026-06-27T10:21:23.823+0000] {spark_submit.py:490} INFO - 26/06/27 10:21:23 INFO MapOutputTrackerMasterEndpoint: MapOutputTrackerMasterEndpoint stopped!
[2026-06-27T10:21:23.834+0000] {spark_submit.py:490} INFO - 26/06/27 10:21:23 INFO MemoryStore: MemoryStore cleared
[2026-06-27T10:21:23.835+0000] {spark_submit.py:490} INFO - 26/06/27 10:21:23 INFO BlockManager: BlockManager stopped
[2026-06-27T10:21:23.841+0000] {spark_submit.py:490} INFO - 26/06/27 10:21:23 INFO BlockManagerMaster: BlockManagerMaster stopped
[2026-06-27T10:21:23.841+0000] {spark_submit.py:490} INFO - 26/06/27 10:21:23 WARN MetricsSystem: Stopping a MetricsSystem that is not running
[2026-06-27T10:21:23.844+0000] {spark_submit.py:490} INFO - 26/06/27 10:21:23 INFO OutputCommitCoordinator$OutputCommitCoordinatorEndpoint: OutputCommitCoordinator stopped!
[2026-06-27T10:21:23.851+0000] {spark_submit.py:490} INFO - 26/06/27 10:21:23 INFO SparkContext: Successfully stopped SparkContext
[2026-06-27T10:21:23.851+0000] {spark_submit.py:490} INFO - Traceback (most recent call last):
[2026-06-27T10:21:23.851+0000] {spark_submit.py:490} INFO - File "/opt/spark-apps/silver_to_gold.py", line 5, in <module>
[2026-06-27T10:21:23.852+0000] {spark_submit.py:490} INFO - SparkSession.builder
[2026-06-27T10:21:23.852+0000] {spark_submit.py:490} INFO - File "/home/***/.local/lib/python3.8/site-packages/pyspark/python/lib/pyspark.zip/pyspark/sql/session.py", line 497, in getOrCreate
[2026-06-27T10:21:23.852+0000] {spark_submit.py:490} INFO - File "/home/***/.local/lib/python3.8/site-packages/pyspark/python/lib/pyspark.zip/pyspark/context.py", line 515, in getOrCreate
[2026-06-27T10:21:23.852+0000] {spark_submit.py:490} INFO - File "/home/***/.local/lib/python3.8/site-packages/pyspark/python/lib/pyspark.zip/pyspark/context.py", line 203, in __init__
[2026-06-27T10:21:23.852+0000] {spark_submit.py:490} INFO - File "/home/***/.local/lib/python3.8/site-packages/pyspark/python/lib/pyspark.zip/pyspark/context.py", line 296, in _do_init
[2026-06-27T10:21:23.852+0000] {spark_submit.py:490} INFO - File "/home/***/.local/lib/python3.8/site-packages/pyspark/python/lib/pyspark.zip/pyspark/context.py", line 421, in _initialize_context
[2026-06-27T10:21:23.852+0000] {spark_submit.py:490} INFO - File "/home/***/.local/lib/python3.8/site-packages/pyspark/python/lib/py4j-0.10.9.7-src.zip/py4j/java_gateway.py", line 1587, in __call__
[2026-06-27T10:21:23.852+0000] {spark_submit.py:490} INFO - File "/home/***/.local/lib/python3.8/site-packages/pyspark/python/lib/py4j-0.10.9.7-src.zip/py4j/protocol.py", line 326, in get_return_value
[2026-06-27T10:21:23.852+0000] {spark_submit.py:490} INFO - py4j.protocol.Py4JJavaError: An error occurred while calling None.org.apache.spark.api.java.JavaSparkContext.
[2026-06-27T10:21:23.852+0000] {spark_submit.py:490} INFO - : org.apache.spark.SparkException: Could not parse Master URL: 'spark-master:7077'
[2026-06-27T10:21:23.853+0000] {spark_submit.py:490} INFO - at org.apache.spark.SparkContext$.org$apache$spark$SparkContext$$createTaskScheduler(SparkContext.scala:3194)
[2026-06-27T10:21:23.853+0000] {spark_submit.py:490} INFO - at org.apache.spark.SparkContext.<init>(SparkContext.scala:577)
[2026-06-27T10:21:23.853+0000] {spark_submit.py:490} INFO - at org.apache.spark.api.java.JavaSparkContext.<init>(JavaSparkContext.scala:58)
[2026-06-27T10:21:23.853+0000] {spark_submit.py:490} INFO - at java.base/jdk.internal.reflect.NativeConstructorAccessorImpl.newInstance0(Native Method)
[2026-06-27T10:21:23.853+0000] {spark_submit.py:490} INFO - at java.base/jdk.internal.reflect.NativeConstructorAccessorImpl.newInstance(NativeConstructorAccessorImpl.java:77)
[2026-06-27T10:21:23.853+0000] {spark_submit.py:490} INFO - at java.base/jdk.internal.reflect.DelegatingConstructorAccessorImpl.newInstance(DelegatingConstructorAccessorImpl.java:45)
[2026-06-27T10:21:23.853+0000] {spark_submit.py:490} INFO - at java.base/java.lang.reflect.Constructor.newInstanceWithCaller(Constructor.java:500)
[2026-06-27T10:21:23.853+0000] {spark_submit.py:490} INFO - at java.base/java.lang.reflect.Constructor.newInstance(Constructor.java:481)
[2026-06-27T10:21:23.853+0000] {spark_submit.py:490} INFO - at py4j.reflection.MethodInvoker.invoke(MethodInvoker.java:247)
[2026-06-27T10:21:23.853+0000] {spark_submit.py:490} INFO - at py4j.reflection.ReflectionEngine.invoke(ReflectionEngine.java:374)
[2026-06-27T10:21:23.853+0000] {spark_submit.py:490} INFO - at py4j.Gateway.invoke(Gateway.java:238)
[2026-06-27T10:21:23.853+0000] {spark_submit.py:490} INFO - at py4j.commands.ConstructorCommand.invokeConstructor(ConstructorCommand.java:80)
[2026-06-27T10:21:23.853+0000] {spark_submit.py:490} INFO - at py4j.commands.ConstructorCommand.execute(ConstructorCommand.java:69)
[2026-06-27T10:21:23.853+0000] {spark_submit.py:490} INFO - at py4j.ClientServerConnection.waitForCommands(ClientServerConnection.java:182)
[2026-06-27T10:21:23.853+0000] {spark_submit.py:490} INFO - at py4j.ClientServerConnection.run(ClientServerConnection.java:106)
[2026-06-27T10:21:23.853+0000] {spark_submit.py:490} INFO - at java.base/java.lang.Thread.run(Thread.java:840)
[2026-06-27T10:21:23.853+0000] {spark_submit.py:490} INFO - 
[2026-06-27T10:21:23.891+0000] {spark_submit.py:490} INFO - 26/06/27 10:21:23 INFO ShutdownHookManager: Shutdown hook called
[2026-06-27T10:21:23.892+0000] {spark_submit.py:490} INFO - 26/06/27 10:21:23 INFO ShutdownHookManager: Deleting directory /tmp/spark-436a7a98-63ea-417b-8585-bbc55079ced3
[2026-06-27T10:21:23.896+0000] {spark_submit.py:490} INFO - 26/06/27 10:21:23 INFO ShutdownHookManager: Deleting directory /tmp/spark-42d69f39-504c-4186-aeff-feb55f63f222
[2026-06-27T10:21:23.935+0000] {taskinstance.py:2698} ERROR - Task failed with exception
Traceback (most recent call last):
  File "/home/airflow/.local/lib/python3.8/site-packages/airflow/models/taskinstance.py", line 433, in _execute_task
    result = execute_callable(context=context, **execute_callable_kwargs)
  File "/home/airflow/.local/lib/python3.8/site-packages/airflow/providers/apache/spark/operators/spark_submit.py", line 157, in execute
    self._hook.submit(self._application)
  File "/home/airflow/.local/lib/python3.8/site-packages/airflow/providers/apache/spark/hooks/spark_submit.py", line 421, in submit
    raise AirflowException(
airflow.exceptions.AirflowException: Cannot execute: spark-submit --master spark-master:7077 --conf spark.submit.deployMode=client --jars /opt/spark/drivers/postgresql-42.7.11.jar --name arrow-spark --verbose /opt/spark-apps/silver_to_gold.py. Error code is: 1.
[2026-06-27T10:21:23.937+0000] {taskinstance.py:1138} INFO - Marking task as FAILED. dag_id=spark_transform_dag, task_id=spark_job, execution_date=20260627T090000, start_date=20260627T102121, end_date=20260627T102123
[2026-06-27T10:21:23.946+0000] {standard_task_runner.py:107} ERROR - Failed to execute job 3 for task spark_job (Cannot execute: spark-submit --master spark-master:7077 --conf spark.submit.deployMode=client --jars /opt/spark/drivers/postgresql-42.7.11.jar --name arrow-spark --verbose /opt/spark-apps/silver_to_gold.py. Error code is: 1.; 241)
[2026-06-27T10:21:23.966+0000] {local_task_job_runner.py:234} INFO - Task exited with return code 1
[2026-06-27T10:21:23.992+0000] {taskinstance.py:3280} INFO - 0 downstream tasks scheduled from follow-on schedule check
