[2026-06-27T09:28:47.355+0000] {taskinstance.py:1956} INFO - Dependencies all met for dep_context=non-requeueable deps ti=<TaskInstance: spark_transform_dag.spark_job manual__2026-06-27T09:19:24.628311+00:00 [queued]>
[2026-06-27T09:28:47.365+0000] {taskinstance.py:1956} INFO - Dependencies all met for dep_context=requeueable deps ti=<TaskInstance: spark_transform_dag.spark_job manual__2026-06-27T09:19:24.628311+00:00 [queued]>
[2026-06-27T09:28:47.365+0000] {taskinstance.py:2170} INFO - Starting attempt 3 of 4
[2026-06-27T09:28:47.381+0000] {taskinstance.py:2191} INFO - Executing <Task(SparkSubmitOperator): spark_job> on 2026-06-27 09:19:24.628311+00:00
[2026-06-27T09:28:47.388+0000] {standard_task_runner.py:60} INFO - Started process 1059 to run task
[2026-06-27T09:28:47.392+0000] {standard_task_runner.py:87} INFO - Running: ['***', 'tasks', 'run', 'spark_transform_dag', 'spark_job', 'manual__2026-06-27T09:19:24.628311+00:00', '--job-id', '18', '--raw', '--subdir', 'DAGS_FOLDER/spark_transform_dag.py', '--cfg-path', '/tmp/tmpfrje7rx7']
[2026-06-27T09:28:47.394+0000] {standard_task_runner.py:88} INFO - Job 18: Subtask spark_job
[2026-06-27T09:28:47.469+0000] {task_command.py:423} INFO - Running <TaskInstance: spark_transform_dag.spark_job manual__2026-06-27T09:19:24.628311+00:00 [running]> on host 36cfabb67335
[2026-06-27T09:28:47.565+0000] {taskinstance.py:2480} INFO - Exporting env vars: AIRFLOW_CTX_DAG_OWNER='thesis' AIRFLOW_CTX_DAG_ID='spark_transform_dag' AIRFLOW_CTX_TASK_ID='spark_job' AIRFLOW_CTX_EXECUTION_DATE='2026-06-27T09:19:24.628311+00:00' AIRFLOW_CTX_TRY_NUMBER='3' AIRFLOW_CTX_DAG_RUN_ID='manual__2026-06-27T09:19:24.628311+00:00'
[2026-06-27T09:28:47.579+0000] {base.py:83} INFO - Using connection ID 'spark_default' for task execution.
[2026-06-27T09:28:47.581+0000] {spark_submit.py:339} INFO - Spark-Submit cmd: spark-submit --master spark://spark-master:7077 --conf spark.master=spark://spark-master:7077 --jars /opt/spark/drivers/postgresql-42.7.11.jar --name arrow-spark --verbose /opt/spark-apps/silver_to_gold.py
[2026-06-27T09:28:48.276+0000] {spark_submit.py:490} INFO - Using properties file: null
[2026-06-27T09:28:48.316+0000] {spark_submit.py:490} INFO - Parsed arguments:
[2026-06-27T09:28:48.316+0000] {spark_submit.py:490} INFO - master                  spark://spark-master:7077
[2026-06-27T09:28:48.316+0000] {spark_submit.py:490} INFO - remote                  null
[2026-06-27T09:28:48.316+0000] {spark_submit.py:490} INFO - deployMode              null
[2026-06-27T09:28:48.316+0000] {spark_submit.py:490} INFO - executorMemory          null
[2026-06-27T09:28:48.316+0000] {spark_submit.py:490} INFO - executorCores           null
[2026-06-27T09:28:48.316+0000] {spark_submit.py:490} INFO - totalExecutorCores      null
[2026-06-27T09:28:48.316+0000] {spark_submit.py:490} INFO - propertiesFile          null
[2026-06-27T09:28:48.316+0000] {spark_submit.py:490} INFO - driverMemory            null
[2026-06-27T09:28:48.317+0000] {spark_submit.py:490} INFO - driverCores             null
[2026-06-27T09:28:48.317+0000] {spark_submit.py:490} INFO - driverExtraClassPath    null
[2026-06-27T09:28:48.317+0000] {spark_submit.py:490} INFO - driverExtraLibraryPath  null
[2026-06-27T09:28:48.317+0000] {spark_submit.py:490} INFO - driverExtraJavaOptions  null
[2026-06-27T09:28:48.317+0000] {spark_submit.py:490} INFO - supervise               false
[2026-06-27T09:28:48.317+0000] {spark_submit.py:490} INFO - queue                   null
[2026-06-27T09:28:48.317+0000] {spark_submit.py:490} INFO - numExecutors            null
[2026-06-27T09:28:48.317+0000] {spark_submit.py:490} INFO - files                   null
[2026-06-27T09:28:48.317+0000] {spark_submit.py:490} INFO - pyFiles                 null
[2026-06-27T09:28:48.317+0000] {spark_submit.py:490} INFO - archives                null
[2026-06-27T09:28:48.317+0000] {spark_submit.py:490} INFO - mainClass               null
[2026-06-27T09:28:48.317+0000] {spark_submit.py:490} INFO - primaryResource         file:/opt/spark-apps/silver_to_gold.py
[2026-06-27T09:28:48.318+0000] {spark_submit.py:490} INFO - name                    arrow-spark
[2026-06-27T09:28:48.318+0000] {spark_submit.py:490} INFO - childArgs               []
[2026-06-27T09:28:48.318+0000] {spark_submit.py:490} INFO - jars                    file:/opt/spark/drivers/postgresql-42.7.11.jar
[2026-06-27T09:28:48.318+0000] {spark_submit.py:490} INFO - packages                null
[2026-06-27T09:28:48.318+0000] {spark_submit.py:490} INFO - packagesExclusions      null
[2026-06-27T09:28:48.318+0000] {spark_submit.py:490} INFO - repositories            null
[2026-06-27T09:28:48.318+0000] {spark_submit.py:490} INFO - verbose                 true
[2026-06-27T09:28:48.318+0000] {spark_submit.py:490} INFO - 
[2026-06-27T09:28:48.318+0000] {spark_submit.py:490} INFO - Spark properties used, including those specified through
[2026-06-27T09:28:48.318+0000] {spark_submit.py:490} INFO - --conf and those from the properties file null:
[2026-06-27T09:28:48.318+0000] {spark_submit.py:490} INFO - (spark.master,spark://spark-master:7077)
[2026-06-27T09:28:48.318+0000] {spark_submit.py:490} INFO - 
[2026-06-27T09:28:48.318+0000] {spark_submit.py:490} INFO - 
[2026-06-27T09:28:48.459+0000] {spark_submit.py:490} INFO - 26/06/27 09:28:48 WARN NativeCodeLoader: Unable to load native-hadoop library for your platform... using builtin-java classes where applicable
[2026-06-27T09:28:48.548+0000] {spark_submit.py:490} INFO - Main class:
[2026-06-27T09:28:48.548+0000] {spark_submit.py:490} INFO - org.apache.spark.deploy.PythonRunner
[2026-06-27T09:28:48.548+0000] {spark_submit.py:490} INFO - Arguments:
[2026-06-27T09:28:48.548+0000] {spark_submit.py:490} INFO - file:/opt/spark-apps/silver_to_gold.py
[2026-06-27T09:28:48.548+0000] {spark_submit.py:490} INFO - null
[2026-06-27T09:28:48.549+0000] {spark_submit.py:490} INFO - Spark config:
[2026-06-27T09:28:48.550+0000] {spark_submit.py:490} INFO - (spark.app.name,arrow-spark)
[2026-06-27T09:28:48.550+0000] {spark_submit.py:490} INFO - (spark.app.submitTime,1782552528540)
[2026-06-27T09:28:48.550+0000] {spark_submit.py:490} INFO - (spark.jars,file:/opt/spark/drivers/postgresql-42.7.11.jar)
[2026-06-27T09:28:48.550+0000] {spark_submit.py:490} INFO - (spark.master,spark://spark-master:7077)
[2026-06-27T09:28:48.550+0000] {spark_submit.py:490} INFO - (spark.repl.local.jars,file:/opt/spark/drivers/postgresql-42.7.11.jar)
[2026-06-27T09:28:48.550+0000] {spark_submit.py:490} INFO - (spark.submit.deployMode,client)
[2026-06-27T09:28:48.550+0000] {spark_submit.py:490} INFO - (spark.submit.pyFiles,)
[2026-06-27T09:28:48.551+0000] {spark_submit.py:490} INFO - Classpath elements:
[2026-06-27T09:28:48.551+0000] {spark_submit.py:490} INFO - file:/opt/spark/drivers/postgresql-42.7.11.jar
[2026-06-27T09:28:48.551+0000] {spark_submit.py:490} INFO - 
[2026-06-27T09:28:48.551+0000] {spark_submit.py:490} INFO - 
[2026-06-27T09:28:48.551+0000] {spark_submit.py:490} INFO - 26/06/27 09:28:48 WARN DependencyUtils: Local jar /opt/spark/drivers/postgresql-42.7.11.jar does not exist, skipping.
[2026-06-27T09:28:48.602+0000] {spark_submit.py:490} INFO - python3: can't open file '/opt/spark-apps/silver_to_gold.py': [Errno 2] No such file or directory
[2026-06-27T09:28:48.609+0000] {spark_submit.py:490} INFO - 26/06/27 09:28:48 INFO ShutdownHookManager: Shutdown hook called
[2026-06-27T09:28:48.610+0000] {spark_submit.py:490} INFO - 26/06/27 09:28:48 INFO ShutdownHookManager: Deleting directory /tmp/spark-5af67e75-24ca-4dac-ab01-2ab633c17130
[2026-06-27T09:28:48.666+0000] {taskinstance.py:2698} ERROR - Task failed with exception
Traceback (most recent call last):
  File "/home/airflow/.local/lib/python3.8/site-packages/airflow/models/taskinstance.py", line 433, in _execute_task
    result = execute_callable(context=context, **execute_callable_kwargs)
  File "/home/airflow/.local/lib/python3.8/site-packages/airflow/providers/apache/spark/operators/spark_submit.py", line 157, in execute
    self._hook.submit(self._application)
  File "/home/airflow/.local/lib/python3.8/site-packages/airflow/providers/apache/spark/hooks/spark_submit.py", line 421, in submit
    raise AirflowException(
airflow.exceptions.AirflowException: Cannot execute: spark-submit --master spark://spark-master:7077 --conf spark.master=spark://spark-master:7077 --jars /opt/spark/drivers/postgresql-42.7.11.jar --name arrow-spark --verbose /opt/spark-apps/silver_to_gold.py. Error code is: 2.
[2026-06-27T09:28:48.671+0000] {taskinstance.py:1138} INFO - Marking task as UP_FOR_RETRY. dag_id=spark_transform_dag, task_id=spark_job, execution_date=20260627T091924, start_date=20260627T092847, end_date=20260627T092848
[2026-06-27T09:28:48.693+0000] {standard_task_runner.py:107} ERROR - Failed to execute job 18 for task spark_job (Cannot execute: spark-submit --master spark://spark-master:7077 --conf spark.master=spark://spark-master:7077 --jars /opt/spark/drivers/postgresql-42.7.11.jar --name arrow-spark --verbose /opt/spark-apps/silver_to_gold.py. Error code is: 2.; 1059)
[2026-06-27T09:28:48.728+0000] {local_task_job_runner.py:234} INFO - Task exited with return code 1
[2026-06-27T09:28:48.745+0000] {taskinstance.py:3280} INFO - 0 downstream tasks scheduled from follow-on schedule check
