[2026-06-27T09:33:49.421+0000] {taskinstance.py:1956} INFO - Dependencies all met for dep_context=non-requeueable deps ti=<TaskInstance: spark_transform_dag.spark_job manual__2026-06-27T09:19:24.628311+00:00 [queued]>
[2026-06-27T09:33:49.425+0000] {taskinstance.py:1956} INFO - Dependencies all met for dep_context=requeueable deps ti=<TaskInstance: spark_transform_dag.spark_job manual__2026-06-27T09:19:24.628311+00:00 [queued]>
[2026-06-27T09:33:49.425+0000] {taskinstance.py:2170} INFO - Starting attempt 4 of 4
[2026-06-27T09:33:49.433+0000] {taskinstance.py:2191} INFO - Executing <Task(SparkSubmitOperator): spark_job> on 2026-06-27 09:19:24.628311+00:00
[2026-06-27T09:33:49.435+0000] {standard_task_runner.py:60} INFO - Started process 1482 to run task
[2026-06-27T09:33:49.437+0000] {standard_task_runner.py:87} INFO - Running: ['***', 'tasks', 'run', 'spark_transform_dag', 'spark_job', 'manual__2026-06-27T09:19:24.628311+00:00', '--job-id', '25', '--raw', '--subdir', 'DAGS_FOLDER/spark_transform_dag.py', '--cfg-path', '/tmp/tmpsaijepxl']
[2026-06-27T09:33:49.439+0000] {standard_task_runner.py:88} INFO - Job 25: Subtask spark_job
[2026-06-27T09:33:49.494+0000] {task_command.py:423} INFO - Running <TaskInstance: spark_transform_dag.spark_job manual__2026-06-27T09:19:24.628311+00:00 [running]> on host 36cfabb67335
[2026-06-27T09:33:49.826+0000] {taskinstance.py:2480} INFO - Exporting env vars: AIRFLOW_CTX_DAG_OWNER='***' AIRFLOW_CTX_DAG_ID='spark_transform_dag' AIRFLOW_CTX_TASK_ID='spark_job' AIRFLOW_CTX_EXECUTION_DATE='2026-06-27T09:19:24.628311+00:00' AIRFLOW_CTX_TRY_NUMBER='4' AIRFLOW_CTX_DAG_RUN_ID='manual__2026-06-27T09:19:24.628311+00:00'
[2026-06-27T09:33:49.841+0000] {base.py:83} INFO - Using connection ID 'spark_default' for task execution.
[2026-06-27T09:33:49.842+0000] {spark_submit.py:339} INFO - Spark-Submit cmd: spark-submit --master spark://spark-master:7077 --conf spark.master=spark://spark-master:7077 --conf spark.submit.deployMode=client --jars /opt/spark/drivers/postgresql-42.7.11.jar --name arrow-spark --verbose /opt/spark-apps/silver_to_gold.py
[2026-06-27T09:33:50.472+0000] {spark_submit.py:490} INFO - Using properties file: null
[2026-06-27T09:33:50.511+0000] {spark_submit.py:490} INFO - Parsed arguments:
[2026-06-27T09:33:50.512+0000] {spark_submit.py:490} INFO - master                  spark://spark-master:7077
[2026-06-27T09:33:50.512+0000] {spark_submit.py:490} INFO - remote                  null
[2026-06-27T09:33:50.512+0000] {spark_submit.py:490} INFO - deployMode              client
[2026-06-27T09:33:50.512+0000] {spark_submit.py:490} INFO - executorMemory          null
[2026-06-27T09:33:50.512+0000] {spark_submit.py:490} INFO - executorCores           null
[2026-06-27T09:33:50.512+0000] {spark_submit.py:490} INFO - totalExecutorCores      null
[2026-06-27T09:33:50.512+0000] {spark_submit.py:490} INFO - propertiesFile          null
[2026-06-27T09:33:50.512+0000] {spark_submit.py:490} INFO - driverMemory            null
[2026-06-27T09:33:50.512+0000] {spark_submit.py:490} INFO - driverCores             null
[2026-06-27T09:33:50.512+0000] {spark_submit.py:490} INFO - driverExtraClassPath    null
[2026-06-27T09:33:50.513+0000] {spark_submit.py:490} INFO - driverExtraLibraryPath  null
[2026-06-27T09:33:50.513+0000] {spark_submit.py:490} INFO - driverExtraJavaOptions  null
[2026-06-27T09:33:50.513+0000] {spark_submit.py:490} INFO - supervise               false
[2026-06-27T09:33:50.513+0000] {spark_submit.py:490} INFO - queue                   null
[2026-06-27T09:33:50.513+0000] {spark_submit.py:490} INFO - numExecutors            null
[2026-06-27T09:33:50.513+0000] {spark_submit.py:490} INFO - files                   null
[2026-06-27T09:33:50.513+0000] {spark_submit.py:490} INFO - pyFiles                 null
[2026-06-27T09:33:50.513+0000] {spark_submit.py:490} INFO - archives                null
[2026-06-27T09:33:50.513+0000] {spark_submit.py:490} INFO - mainClass               null
[2026-06-27T09:33:50.513+0000] {spark_submit.py:490} INFO - primaryResource         file:/opt/spark-apps/silver_to_gold.py
[2026-06-27T09:33:50.513+0000] {spark_submit.py:490} INFO - name                    arrow-spark
[2026-06-27T09:33:50.513+0000] {spark_submit.py:490} INFO - childArgs               []
[2026-06-27T09:33:50.514+0000] {spark_submit.py:490} INFO - jars                    file:/opt/spark/drivers/postgresql-42.7.11.jar
[2026-06-27T09:33:50.514+0000] {spark_submit.py:490} INFO - packages                null
[2026-06-27T09:33:50.514+0000] {spark_submit.py:490} INFO - packagesExclusions      null
[2026-06-27T09:33:50.514+0000] {spark_submit.py:490} INFO - repositories            null
[2026-06-27T09:33:50.514+0000] {spark_submit.py:490} INFO - verbose                 true
[2026-06-27T09:33:50.514+0000] {spark_submit.py:490} INFO - 
[2026-06-27T09:33:50.514+0000] {spark_submit.py:490} INFO - Spark properties used, including those specified through
[2026-06-27T09:33:50.514+0000] {spark_submit.py:490} INFO - --conf and those from the properties file null:
[2026-06-27T09:33:50.514+0000] {spark_submit.py:490} INFO - (spark.master,spark://spark-master:7077)
[2026-06-27T09:33:50.514+0000] {spark_submit.py:490} INFO - (spark.submit.deployMode,client)
[2026-06-27T09:33:50.514+0000] {spark_submit.py:490} INFO - 
[2026-06-27T09:33:50.514+0000] {spark_submit.py:490} INFO - 
[2026-06-27T09:33:50.666+0000] {spark_submit.py:490} INFO - 26/06/27 09:33:50 WARN NativeCodeLoader: Unable to load native-hadoop library for your platform... using builtin-java classes where applicable
[2026-06-27T09:33:50.793+0000] {spark_submit.py:490} INFO - Main class:
[2026-06-27T09:33:50.794+0000] {spark_submit.py:490} INFO - org.apache.spark.deploy.PythonRunner
[2026-06-27T09:33:50.794+0000] {spark_submit.py:490} INFO - Arguments:
[2026-06-27T09:33:50.794+0000] {spark_submit.py:490} INFO - file:/opt/spark-apps/silver_to_gold.py
[2026-06-27T09:33:50.794+0000] {spark_submit.py:490} INFO - null
[2026-06-27T09:33:50.795+0000] {spark_submit.py:490} INFO - Spark config:
[2026-06-27T09:33:50.795+0000] {spark_submit.py:490} INFO - (spark.app.name,arrow-spark)
[2026-06-27T09:33:50.795+0000] {spark_submit.py:490} INFO - (spark.app.submitTime,1782552830781)
[2026-06-27T09:33:50.795+0000] {spark_submit.py:490} INFO - (spark.jars,file:/opt/spark/drivers/postgresql-42.7.11.jar)
[2026-06-27T09:33:50.795+0000] {spark_submit.py:490} INFO - (spark.master,spark://spark-master:7077)
[2026-06-27T09:33:50.795+0000] {spark_submit.py:490} INFO - (spark.repl.local.jars,file:/opt/spark/drivers/postgresql-42.7.11.jar)
[2026-06-27T09:33:50.795+0000] {spark_submit.py:490} INFO - (spark.submit.deployMode,client)
[2026-06-27T09:33:50.795+0000] {spark_submit.py:490} INFO - (spark.submit.pyFiles,)
[2026-06-27T09:33:50.796+0000] {spark_submit.py:490} INFO - Classpath elements:
[2026-06-27T09:33:50.796+0000] {spark_submit.py:490} INFO - file:/opt/spark/drivers/postgresql-42.7.11.jar
[2026-06-27T09:33:50.796+0000] {spark_submit.py:490} INFO - 
[2026-06-27T09:33:50.796+0000] {spark_submit.py:490} INFO - 
[2026-06-27T09:33:50.796+0000] {spark_submit.py:490} INFO - 26/06/27 09:33:50 WARN DependencyUtils: Local jar /opt/spark/drivers/postgresql-42.7.11.jar does not exist, skipping.
[2026-06-27T09:33:50.849+0000] {spark_submit.py:490} INFO - python3: can't open file '/opt/spark-apps/silver_to_gold.py': [Errno 2] No such file or directory
[2026-06-27T09:33:50.856+0000] {spark_submit.py:490} INFO - 26/06/27 09:33:50 INFO ShutdownHookManager: Shutdown hook called
[2026-06-27T09:33:50.856+0000] {spark_submit.py:490} INFO - 26/06/27 09:33:50 INFO ShutdownHookManager: Deleting directory /tmp/spark-8c1d37d4-95a9-4f72-9e51-27bcdec47dc1
[2026-06-27T09:33:50.908+0000] {taskinstance.py:2698} ERROR - Task failed with exception
Traceback (most recent call last):
  File "/home/airflow/.local/lib/python3.8/site-packages/airflow/models/taskinstance.py", line 433, in _execute_task
    result = execute_callable(context=context, **execute_callable_kwargs)
  File "/home/airflow/.local/lib/python3.8/site-packages/airflow/providers/apache/spark/operators/spark_submit.py", line 157, in execute
    self._hook.submit(self._application)
  File "/home/airflow/.local/lib/python3.8/site-packages/airflow/providers/apache/spark/hooks/spark_submit.py", line 421, in submit
    raise AirflowException(
airflow.exceptions.AirflowException: Cannot execute: spark-submit --master spark://spark-master:7077 --conf spark.master=spark://spark-master:7077 --conf spark.submit.deployMode=client --jars /opt/spark/drivers/postgresql-42.7.11.jar --name arrow-spark --verbose /opt/spark-apps/silver_to_gold.py. Error code is: 2.
[2026-06-27T09:33:50.912+0000] {taskinstance.py:1138} INFO - Marking task as FAILED. dag_id=spark_transform_dag, task_id=spark_job, execution_date=20260627T091924, start_date=20260627T093349, end_date=20260627T093350
[2026-06-27T09:33:50.931+0000] {standard_task_runner.py:107} ERROR - Failed to execute job 25 for task spark_job (Cannot execute: spark-submit --master spark://spark-master:7077 --conf spark.master=spark://spark-master:7077 --conf spark.submit.deployMode=client --jars /opt/spark/drivers/postgresql-42.7.11.jar --name arrow-spark --verbose /opt/spark-apps/silver_to_gold.py. Error code is: 2.; 1482)
[2026-06-27T09:33:50.975+0000] {local_task_job_runner.py:234} INFO - Task exited with return code 1
[2026-06-27T09:33:51.003+0000] {taskinstance.py:3280} INFO - 0 downstream tasks scheduled from follow-on schedule check
