[2026-06-26T22:08:28.329+0000] {taskinstance.py:1956} INFO - Dependencies all met for dep_context=non-requeueable deps ti=<TaskInstance: ingestion_dag.fetch_berlin scheduled__2026-06-26T18:15:00+00:00 [queued]>
[2026-06-26T22:08:28.339+0000] {taskinstance.py:1956} INFO - Dependencies all met for dep_context=requeueable deps ti=<TaskInstance: ingestion_dag.fetch_berlin scheduled__2026-06-26T18:15:00+00:00 [queued]>
[2026-06-26T22:08:28.340+0000] {taskinstance.py:2170} INFO - Starting attempt 4 of 4
[2026-06-26T22:08:28.356+0000] {taskinstance.py:2191} INFO - Executing <Task(PythonOperator): fetch_berlin> on 2026-06-26 18:15:00+00:00
[2026-06-26T22:08:28.363+0000] {standard_task_runner.py:60} INFO - Started process 566 to run task
[2026-06-26T22:08:28.368+0000] {standard_task_runner.py:87} INFO - Running: ['***', 'tasks', 'run', 'ingestion_dag', 'fetch_berlin', 'scheduled__2026-06-26T18:15:00+00:00', '--job-id', '69', '--raw', '--subdir', 'DAGS_FOLDER/ingestion_dag.py', '--cfg-path', '/tmp/tmp_t8zii15']
[2026-06-26T22:08:28.372+0000] {standard_task_runner.py:88} INFO - Job 69: Subtask fetch_berlin
[2026-06-26T22:08:28.489+0000] {task_command.py:423} INFO - Running <TaskInstance: ingestion_dag.fetch_berlin scheduled__2026-06-26T18:15:00+00:00 [running]> on host 2a877a0edbb9
[2026-06-26T22:08:28.783+0000] {taskinstance.py:2480} INFO - Exporting env vars: AIRFLOW_CTX_DAG_OWNER='thesis' AIRFLOW_CTX_DAG_ID='ingestion_dag' AIRFLOW_CTX_TASK_ID='fetch_berlin' AIRFLOW_CTX_EXECUTION_DATE='2026-06-26T18:15:00+00:00' AIRFLOW_CTX_TRY_NUMBER='4' AIRFLOW_CTX_DAG_RUN_ID='scheduled__2026-06-26T18:15:00+00:00'
[2026-06-26T22:08:29.225+0000] {ingestion_dag.py:75} WARNING - Failed berlin (52.46,13.28): 401 Client Error: Unauthorized for url: https://api.tomtom.com/traffic/services/4/flowSegmentData/absolute/10/json?key=&point=52.46%2C13.28&unit=KMPH
[2026-06-26T22:08:29.442+0000] {ingestion_dag.py:75} WARNING - Failed berlin (52.4875,13.28): 401 Client Error: Unauthorized for url: https://api.tomtom.com/traffic/services/4/flowSegmentData/absolute/10/json?key=&point=52.4875%2C13.28&unit=KMPH
[2026-06-26T22:08:29.943+0000] {ingestion_dag.py:75} WARNING - Failed berlin (52.515,13.28): 401 Client Error: Unauthorized for url: https://api.tomtom.com/traffic/services/4/flowSegmentData/absolute/10/json?key=&point=52.515%2C13.28&unit=KMPH
[2026-06-26T22:08:30.260+0000] {ingestion_dag.py:75} WARNING - Failed berlin (52.5425,13.28): 401 Client Error: Unauthorized for url: https://api.tomtom.com/traffic/services/4/flowSegmentData/absolute/10/json?key=&point=52.5425%2C13.28&unit=KMPH
[2026-06-26T22:08:30.656+0000] {ingestion_dag.py:75} WARNING - Failed berlin (52.57,13.28): 401 Client Error: Unauthorized for url: https://api.tomtom.com/traffic/services/4/flowSegmentData/absolute/10/json?key=&point=52.57%2C13.28&unit=KMPH
[2026-06-26T22:08:30.966+0000] {ingestion_dag.py:75} WARNING - Failed berlin (52.46,13.3525): 401 Client Error: Unauthorized for url: https://api.tomtom.com/traffic/services/4/flowSegmentData/absolute/10/json?key=&point=52.46%2C13.3525&unit=KMPH
[2026-06-26T22:08:31.384+0000] {ingestion_dag.py:75} WARNING - Failed berlin (52.4875,13.3525): 401 Client Error: Unauthorized for url: https://api.tomtom.com/traffic/services/4/flowSegmentData/absolute/10/json?key=&point=52.4875%2C13.3525&unit=KMPH
[2026-06-26T22:08:31.882+0000] {ingestion_dag.py:75} WARNING - Failed berlin (52.515,13.3525): 401 Client Error: Unauthorized for url: https://api.tomtom.com/traffic/services/4/flowSegmentData/absolute/10/json?key=&point=52.515%2C13.3525&unit=KMPH
[2026-06-26T22:08:32.299+0000] {ingestion_dag.py:75} WARNING - Failed berlin (52.5425,13.3525): 401 Client Error: Unauthorized for url: https://api.tomtom.com/traffic/services/4/flowSegmentData/absolute/10/json?key=&point=52.5425%2C13.3525&unit=KMPH
[2026-06-26T22:08:32.706+0000] {ingestion_dag.py:75} WARNING - Failed berlin (52.57,13.3525): 401 Client Error: Unauthorized for url: https://api.tomtom.com/traffic/services/4/flowSegmentData/absolute/10/json?key=&point=52.57%2C13.3525&unit=KMPH
[2026-06-26T22:08:33.015+0000] {ingestion_dag.py:75} WARNING - Failed berlin (52.46,13.425): 401 Client Error: Unauthorized for url: https://api.tomtom.com/traffic/services/4/flowSegmentData/absolute/10/json?key=&point=52.46%2C13.425&unit=KMPH
[2026-06-26T22:08:33.430+0000] {ingestion_dag.py:75} WARNING - Failed berlin (52.4875,13.425): 401 Client Error: Unauthorized for url: https://api.tomtom.com/traffic/services/4/flowSegmentData/absolute/10/json?key=&point=52.4875%2C13.425&unit=KMPH
[2026-06-26T22:08:33.926+0000] {ingestion_dag.py:75} WARNING - Failed berlin (52.515,13.425): 401 Client Error: Unauthorized for url: https://api.tomtom.com/traffic/services/4/flowSegmentData/absolute/10/json?key=&point=52.515%2C13.425&unit=KMPH
[2026-06-26T22:08:34.342+0000] {ingestion_dag.py:75} WARNING - Failed berlin (52.5425,13.425): 401 Client Error: Unauthorized for url: https://api.tomtom.com/traffic/services/4/flowSegmentData/absolute/10/json?key=&point=52.5425%2C13.425&unit=KMPH
[2026-06-26T22:08:34.654+0000] {ingestion_dag.py:75} WARNING - Failed berlin (52.57,13.425): 401 Client Error: Unauthorized for url: https://api.tomtom.com/traffic/services/4/flowSegmentData/absolute/10/json?key=&point=52.57%2C13.425&unit=KMPH
[2026-06-26T22:08:35.173+0000] {ingestion_dag.py:75} WARNING - Failed berlin (52.46,13.4975): 401 Client Error: Unauthorized for url: https://api.tomtom.com/traffic/services/4/flowSegmentData/absolute/10/json?key=&point=52.46%2C13.4975&unit=KMPH
[2026-06-26T22:08:35.574+0000] {ingestion_dag.py:75} WARNING - Failed berlin (52.4875,13.4975): 401 Client Error: Unauthorized for url: https://api.tomtom.com/traffic/services/4/flowSegmentData/absolute/10/json?key=&point=52.4875%2C13.4975&unit=KMPH
[2026-06-26T22:08:36.076+0000] {ingestion_dag.py:75} WARNING - Failed berlin (52.515,13.4975): 401 Client Error: Unauthorized for url: https://api.tomtom.com/traffic/services/4/flowSegmentData/absolute/10/json?key=&point=52.515%2C13.4975&unit=KMPH
[2026-06-26T22:08:36.498+0000] {ingestion_dag.py:75} WARNING - Failed berlin (52.5425,13.4975): 401 Client Error: Unauthorized for url: https://api.tomtom.com/traffic/services/4/flowSegmentData/absolute/10/json?key=&point=52.5425%2C13.4975&unit=KMPH
[2026-06-26T22:08:36.878+0000] {ingestion_dag.py:75} WARNING - Failed berlin (52.57,13.4975): 401 Client Error: Unauthorized for url: https://api.tomtom.com/traffic/services/4/flowSegmentData/absolute/10/json?key=&point=52.57%2C13.4975&unit=KMPH
[2026-06-26T22:08:37.313+0000] {ingestion_dag.py:75} WARNING - Failed berlin (52.46,13.57): 401 Client Error: Unauthorized for url: https://api.tomtom.com/traffic/services/4/flowSegmentData/absolute/10/json?key=&point=52.46%2C13.57&unit=KMPH
[2026-06-26T22:08:37.866+0000] {ingestion_dag.py:75} WARNING - Failed berlin (52.4875,13.57): 401 Client Error: Unauthorized for url: https://api.tomtom.com/traffic/services/4/flowSegmentData/absolute/10/json?key=&point=52.4875%2C13.57&unit=KMPH
[2026-06-26T22:08:38.377+0000] {ingestion_dag.py:75} WARNING - Failed berlin (52.515,13.57): 401 Client Error: Unauthorized for url: https://api.tomtom.com/traffic/services/4/flowSegmentData/absolute/10/json?key=&point=52.515%2C13.57&unit=KMPH
[2026-06-26T22:08:38.851+0000] {ingestion_dag.py:75} WARNING - Failed berlin (52.5425,13.57): 401 Client Error: Unauthorized for url: https://api.tomtom.com/traffic/services/4/flowSegmentData/absolute/10/json?key=&point=52.5425%2C13.57&unit=KMPH
[2026-06-26T22:08:39.397+0000] {ingestion_dag.py:75} WARNING - Failed berlin (52.57,13.57): 401 Client Error: Unauthorized for url: https://api.tomtom.com/traffic/services/4/flowSegmentData/absolute/10/json?key=&point=52.57%2C13.57&unit=KMPH
[2026-06-26T22:08:39.400+0000] {taskinstance.py:2698} ERROR - Task failed with exception
Traceback (most recent call last):
  File "/home/airflow/.local/lib/python3.8/site-packages/airflow/models/taskinstance.py", line 433, in _execute_task
    result = execute_callable(context=context, **execute_callable_kwargs)
  File "/home/airflow/.local/lib/python3.8/site-packages/airflow/operators/python.py", line 199, in execute
    return_value = self.execute_callable()
  File "/home/airflow/.local/lib/python3.8/site-packages/airflow/operators/python.py", line 216, in execute_callable
    return self.python_callable(*self.op_args, **self.op_kwargs)
  File "/opt/airflow/dags/ingestion_dag.py", line 78, in fetch_and_extract
    raise RuntimeError("All grid points failed")
RuntimeError: All grid points failed
[2026-06-26T22:08:39.413+0000] {taskinstance.py:1138} INFO - Marking task as FAILED. dag_id=ingestion_dag, task_id=fetch_berlin, execution_date=20260626T181500, start_date=20260626T220828, end_date=20260626T220839
[2026-06-26T22:08:39.430+0000] {standard_task_runner.py:107} ERROR - Failed to execute job 69 for task fetch_berlin (All grid points failed; 566)
[2026-06-26T22:08:39.467+0000] {local_task_job_runner.py:234} INFO - Task exited with return code 1
[2026-06-26T22:08:39.493+0000] {taskinstance.py:3280} INFO - 0 downstream tasks scheduled from follow-on schedule check
