[2026-06-26T21:59:41.350+0000] {taskinstance.py:1956} INFO - Dependencies all met for dep_context=non-requeueable deps ti=<TaskInstance: ingestion_dag.fetch_berlin scheduled__2026-06-26T18:15:00+00:00 [queued]>
[2026-06-26T21:59:41.362+0000] {taskinstance.py:1956} INFO - Dependencies all met for dep_context=requeueable deps ti=<TaskInstance: ingestion_dag.fetch_berlin scheduled__2026-06-26T18:15:00+00:00 [queued]>
[2026-06-26T21:59:41.362+0000] {taskinstance.py:2170} INFO - Starting attempt 3 of 4
[2026-06-26T21:59:41.385+0000] {taskinstance.py:2191} INFO - Executing <Task(PythonOperator): fetch_berlin> on 2026-06-26 18:15:00+00:00
[2026-06-26T21:59:41.396+0000] {standard_task_runner.py:60} INFO - Started process 208 to run task
[2026-06-26T21:59:41.400+0000] {standard_task_runner.py:87} INFO - Running: ['***', 'tasks', 'run', 'ingestion_dag', 'fetch_berlin', 'scheduled__2026-06-26T18:15:00+00:00', '--job-id', '40', '--raw', '--subdir', 'DAGS_FOLDER/ingestion_dag.py', '--cfg-path', '/tmp/tmpq66d9mfh']
[2026-06-26T21:59:41.403+0000] {standard_task_runner.py:88} INFO - Job 40: Subtask fetch_berlin
[2026-06-26T21:59:41.464+0000] {task_command.py:423} INFO - Running <TaskInstance: ingestion_dag.fetch_berlin scheduled__2026-06-26T18:15:00+00:00 [running]> on host 2a877a0edbb9
[2026-06-26T21:59:41.778+0000] {taskinstance.py:2480} INFO - Exporting env vars: AIRFLOW_CTX_DAG_OWNER='thesis' AIRFLOW_CTX_DAG_ID='ingestion_dag' AIRFLOW_CTX_TASK_ID='fetch_berlin' AIRFLOW_CTX_EXECUTION_DATE='2026-06-26T18:15:00+00:00' AIRFLOW_CTX_TRY_NUMBER='3' AIRFLOW_CTX_DAG_RUN_ID='scheduled__2026-06-26T18:15:00+00:00'
[2026-06-26T21:59:42.559+0000] {ingestion_dag.py:75} WARNING - Failed berlin (52.46,13.28): 401 Client Error: Unauthorized for url: https://api.tomtom.com/traffic/services/4/flowSegmentData/absolute/10/json?key=&point=52.46%2C13.28&unit=KMPH
[2026-06-26T21:59:42.957+0000] {ingestion_dag.py:75} WARNING - Failed berlin (52.4875,13.28): 401 Client Error: Unauthorized for url: https://api.tomtom.com/traffic/services/4/flowSegmentData/absolute/10/json?key=&point=52.4875%2C13.28&unit=KMPH
[2026-06-26T21:59:43.375+0000] {ingestion_dag.py:75} WARNING - Failed berlin (52.515,13.28): 401 Client Error: Unauthorized for url: https://api.tomtom.com/traffic/services/4/flowSegmentData/absolute/10/json?key=&point=52.515%2C13.28&unit=KMPH
[2026-06-26T21:59:43.639+0000] {ingestion_dag.py:75} WARNING - Failed berlin (52.5425,13.28): 401 Client Error: Unauthorized for url: https://api.tomtom.com/traffic/services/4/flowSegmentData/absolute/10/json?key=&point=52.5425%2C13.28&unit=KMPH
[2026-06-26T21:59:43.905+0000] {ingestion_dag.py:75} WARNING - Failed berlin (52.57,13.28): 401 Client Error: Unauthorized for url: https://api.tomtom.com/traffic/services/4/flowSegmentData/absolute/10/json?key=&point=52.57%2C13.28&unit=KMPH
[2026-06-26T21:59:44.151+0000] {ingestion_dag.py:75} WARNING - Failed berlin (52.46,13.3525): 401 Client Error: Unauthorized for url: https://api.tomtom.com/traffic/services/4/flowSegmentData/absolute/10/json?key=&point=52.46%2C13.3525&unit=KMPH
[2026-06-26T21:59:44.502+0000] {ingestion_dag.py:75} WARNING - Failed berlin (52.4875,13.3525): 401 Client Error: Unauthorized for url: https://api.tomtom.com/traffic/services/4/flowSegmentData/absolute/10/json?key=&point=52.4875%2C13.3525&unit=KMPH
[2026-06-26T21:59:44.771+0000] {ingestion_dag.py:75} WARNING - Failed berlin (52.515,13.3525): 401 Client Error: Unauthorized for url: https://api.tomtom.com/traffic/services/4/flowSegmentData/absolute/10/json?key=&point=52.515%2C13.3525&unit=KMPH
[2026-06-26T21:59:45.049+0000] {ingestion_dag.py:75} WARNING - Failed berlin (52.5425,13.3525): 401 Client Error: Unauthorized for url: https://api.tomtom.com/traffic/services/4/flowSegmentData/absolute/10/json?key=&point=52.5425%2C13.3525&unit=KMPH
[2026-06-26T21:59:45.229+0000] {ingestion_dag.py:75} WARNING - Failed berlin (52.57,13.3525): 401 Client Error: Unauthorized for url: https://api.tomtom.com/traffic/services/4/flowSegmentData/absolute/10/json?key=&point=52.57%2C13.3525&unit=KMPH
[2026-06-26T21:59:45.460+0000] {ingestion_dag.py:75} WARNING - Failed berlin (52.46,13.425): 401 Client Error: Unauthorized for url: https://api.tomtom.com/traffic/services/4/flowSegmentData/absolute/10/json?key=&point=52.46%2C13.425&unit=KMPH
[2026-06-26T21:59:45.688+0000] {ingestion_dag.py:75} WARNING - Failed berlin (52.4875,13.425): 401 Client Error: Unauthorized for url: https://api.tomtom.com/traffic/services/4/flowSegmentData/absolute/10/json?key=&point=52.4875%2C13.425&unit=KMPH
[2026-06-26T21:59:45.906+0000] {ingestion_dag.py:75} WARNING - Failed berlin (52.515,13.425): 401 Client Error: Unauthorized for url: https://api.tomtom.com/traffic/services/4/flowSegmentData/absolute/10/json?key=&point=52.515%2C13.425&unit=KMPH
[2026-06-26T21:59:46.089+0000] {ingestion_dag.py:75} WARNING - Failed berlin (52.5425,13.425): 401 Client Error: Unauthorized for url: https://api.tomtom.com/traffic/services/4/flowSegmentData/absolute/10/json?key=&point=52.5425%2C13.425&unit=KMPH
[2026-06-26T21:59:46.302+0000] {ingestion_dag.py:75} WARNING - Failed berlin (52.57,13.425): 401 Client Error: Unauthorized for url: https://api.tomtom.com/traffic/services/4/flowSegmentData/absolute/10/json?key=&point=52.57%2C13.425&unit=KMPH
[2026-06-26T21:59:46.532+0000] {ingestion_dag.py:75} WARNING - Failed berlin (52.46,13.4975): 401 Client Error: Unauthorized for url: https://api.tomtom.com/traffic/services/4/flowSegmentData/absolute/10/json?key=&point=52.46%2C13.4975&unit=KMPH
[2026-06-26T21:59:46.855+0000] {ingestion_dag.py:75} WARNING - Failed berlin (52.4875,13.4975): 401 Client Error: Unauthorized for url: https://api.tomtom.com/traffic/services/4/flowSegmentData/absolute/10/json?key=&point=52.4875%2C13.4975&unit=KMPH
[2026-06-26T21:59:47.146+0000] {ingestion_dag.py:75} WARNING - Failed berlin (52.515,13.4975): 401 Client Error: Unauthorized for url: https://api.tomtom.com/traffic/services/4/flowSegmentData/absolute/10/json?key=&point=52.515%2C13.4975&unit=KMPH
[2026-06-26T21:59:47.368+0000] {ingestion_dag.py:75} WARNING - Failed berlin (52.5425,13.4975): 401 Client Error: Unauthorized for url: https://api.tomtom.com/traffic/services/4/flowSegmentData/absolute/10/json?key=&point=52.5425%2C13.4975&unit=KMPH
[2026-06-26T21:59:47.592+0000] {ingestion_dag.py:75} WARNING - Failed berlin (52.57,13.4975): 401 Client Error: Unauthorized for url: https://api.tomtom.com/traffic/services/4/flowSegmentData/absolute/10/json?key=&point=52.57%2C13.4975&unit=KMPH
[2026-06-26T21:59:47.873+0000] {ingestion_dag.py:75} WARNING - Failed berlin (52.46,13.57): 401 Client Error: Unauthorized for url: https://api.tomtom.com/traffic/services/4/flowSegmentData/absolute/10/json?key=&point=52.46%2C13.57&unit=KMPH
[2026-06-26T21:59:48.134+0000] {ingestion_dag.py:75} WARNING - Failed berlin (52.4875,13.57): 401 Client Error: Unauthorized for url: https://api.tomtom.com/traffic/services/4/flowSegmentData/absolute/10/json?key=&point=52.4875%2C13.57&unit=KMPH
[2026-06-26T21:59:48.425+0000] {ingestion_dag.py:75} WARNING - Failed berlin (52.515,13.57): 401 Client Error: Unauthorized for url: https://api.tomtom.com/traffic/services/4/flowSegmentData/absolute/10/json?key=&point=52.515%2C13.57&unit=KMPH
[2026-06-26T21:59:48.661+0000] {ingestion_dag.py:75} WARNING - Failed berlin (52.5425,13.57): 401 Client Error: Unauthorized for url: https://api.tomtom.com/traffic/services/4/flowSegmentData/absolute/10/json?key=&point=52.5425%2C13.57&unit=KMPH
[2026-06-26T21:59:49.009+0000] {ingestion_dag.py:75} WARNING - Failed berlin (52.57,13.57): 401 Client Error: Unauthorized for url: https://api.tomtom.com/traffic/services/4/flowSegmentData/absolute/10/json?key=&point=52.57%2C13.57&unit=KMPH
[2026-06-26T21:59:49.012+0000] {taskinstance.py:2698} ERROR - Task failed with exception
Traceback (most recent call last):
  File "/home/airflow/.local/lib/python3.8/site-packages/airflow/models/taskinstance.py", line 433, in _execute_task
    result = execute_callable(context=context, **execute_callable_kwargs)
  File "/home/airflow/.local/lib/python3.8/site-packages/airflow/operators/python.py", line 199, in execute
    return_value = self.execute_callable()
  File "/home/airflow/.local/lib/python3.8/site-packages/airflow/operators/python.py", line 216, in execute_callable
    return self.python_callable(*self.op_args, **self.op_kwargs)
  File "/opt/airflow/dags/ingestion_dag.py", line 78, in fetch_and_extract
    raise RuntimeError("All grid points failed")
RuntimeError: All grid points failed
[2026-06-26T21:59:49.031+0000] {taskinstance.py:1138} INFO - Marking task as UP_FOR_RETRY. dag_id=ingestion_dag, task_id=fetch_berlin, execution_date=20260626T181500, start_date=20260626T215941, end_date=20260626T215949
[2026-06-26T21:59:49.050+0000] {standard_task_runner.py:107} ERROR - Failed to execute job 40 for task fetch_berlin (All grid points failed; 208)
[2026-06-26T21:59:49.099+0000] {local_task_job_runner.py:234} INFO - Task exited with return code 1
[2026-06-26T21:59:49.132+0000] {taskinstance.py:3280} INFO - 0 downstream tasks scheduled from follow-on schedule check
