[2026-06-26T22:06:40.897+0000] {taskinstance.py:1956} INFO - Dependencies all met for dep_context=non-requeueable deps ti=<TaskInstance: ingestion_dag.fetch_frankfurt scheduled__2026-06-26T21:45:00+00:00 [queued]>
[2026-06-26T22:06:40.907+0000] {taskinstance.py:1956} INFO - Dependencies all met for dep_context=requeueable deps ti=<TaskInstance: ingestion_dag.fetch_frankfurt scheduled__2026-06-26T21:45:00+00:00 [queued]>
[2026-06-26T22:06:40.907+0000] {taskinstance.py:2170} INFO - Starting attempt 3 of 4
[2026-06-26T22:06:40.926+0000] {taskinstance.py:2191} INFO - Executing <Task(PythonOperator): fetch_frankfurt> on 2026-06-26 21:45:00+00:00
[2026-06-26T22:06:40.934+0000] {standard_task_runner.py:60} INFO - Started process 480 to run task
[2026-06-26T22:06:40.938+0000] {standard_task_runner.py:87} INFO - Running: ['***', 'tasks', 'run', 'ingestion_dag', 'fetch_frankfurt', 'scheduled__2026-06-26T21:45:00+00:00', '--job-id', '63', '--raw', '--subdir', 'DAGS_FOLDER/ingestion_dag.py', '--cfg-path', '/tmp/tmpxqiws60y']
[2026-06-26T22:06:40.941+0000] {standard_task_runner.py:88} INFO - Job 63: Subtask fetch_frankfurt
[2026-06-26T22:06:41.039+0000] {task_command.py:423} INFO - Running <TaskInstance: ingestion_dag.fetch_frankfurt scheduled__2026-06-26T21:45:00+00:00 [running]> on host 2a877a0edbb9
[2026-06-26T22:06:41.399+0000] {taskinstance.py:2480} INFO - Exporting env vars: AIRFLOW_CTX_DAG_OWNER='thesis' AIRFLOW_CTX_DAG_ID='ingestion_dag' AIRFLOW_CTX_TASK_ID='fetch_frankfurt' AIRFLOW_CTX_EXECUTION_DATE='2026-06-26T21:45:00+00:00' AIRFLOW_CTX_TRY_NUMBER='3' AIRFLOW_CTX_DAG_RUN_ID='scheduled__2026-06-26T21:45:00+00:00'
[2026-06-26T22:06:42.118+0000] {ingestion_dag.py:75} WARNING - Failed frankfurt (50.05,8.55): 401 Client Error: Unauthorized for url: https://api.tomtom.com/traffic/services/4/flowSegmentData/absolute/10/json?key=&point=50.05%2C8.55&unit=KMPH
[2026-06-26T22:06:42.534+0000] {ingestion_dag.py:75} WARNING - Failed frankfurt (50.0825,8.55): 401 Client Error: Unauthorized for url: https://api.tomtom.com/traffic/services/4/flowSegmentData/absolute/10/json?key=&point=50.0825%2C8.55&unit=KMPH
[2026-06-26T22:06:43.053+0000] {ingestion_dag.py:75} WARNING - Failed frankfurt (50.115,8.55): 401 Client Error: Unauthorized for url: https://api.tomtom.com/traffic/services/4/flowSegmentData/absolute/10/json?key=&point=50.115%2C8.55&unit=KMPH
[2026-06-26T22:06:43.455+0000] {ingestion_dag.py:75} WARNING - Failed frankfurt (50.1475,8.55): 401 Client Error: Unauthorized for url: https://api.tomtom.com/traffic/services/4/flowSegmentData/absolute/10/json?key=&point=50.1475%2C8.55&unit=KMPH
[2026-06-26T22:06:43.866+0000] {ingestion_dag.py:75} WARNING - Failed frankfurt (50.18,8.55): 401 Client Error: Unauthorized for url: https://api.tomtom.com/traffic/services/4/flowSegmentData/absolute/10/json?key=&point=50.18%2C8.55&unit=KMPH
[2026-06-26T22:06:44.167+0000] {ingestion_dag.py:75} WARNING - Failed frankfurt (50.05,8.6125): 401 Client Error: Unauthorized for url: https://api.tomtom.com/traffic/services/4/flowSegmentData/absolute/10/json?key=&point=50.05%2C8.6125&unit=KMPH
[2026-06-26T22:06:44.640+0000] {ingestion_dag.py:75} WARNING - Failed frankfurt (50.0825,8.6125): 401 Client Error: Unauthorized for url: https://api.tomtom.com/traffic/services/4/flowSegmentData/absolute/10/json?key=&point=50.0825%2C8.6125&unit=KMPH
[2026-06-26T22:06:45.514+0000] {ingestion_dag.py:75} WARNING - Failed frankfurt (50.115,8.6125): 401 Client Error: Unauthorized for url: https://api.tomtom.com/traffic/services/4/flowSegmentData/absolute/10/json?key=&point=50.115%2C8.6125&unit=KMPH
[2026-06-26T22:06:46.015+0000] {ingestion_dag.py:75} WARNING - Failed frankfurt (50.1475,8.6125): 401 Client Error: Unauthorized for url: https://api.tomtom.com/traffic/services/4/flowSegmentData/absolute/10/json?key=&point=50.1475%2C8.6125&unit=KMPH
[2026-06-26T22:06:46.537+0000] {ingestion_dag.py:75} WARNING - Failed frankfurt (50.18,8.6125): 401 Client Error: Unauthorized for url: https://api.tomtom.com/traffic/services/4/flowSegmentData/absolute/10/json?key=&point=50.18%2C8.6125&unit=KMPH
[2026-06-26T22:06:46.928+0000] {ingestion_dag.py:75} WARNING - Failed frankfurt (50.05,8.675): 401 Client Error: Unauthorized for url: https://api.tomtom.com/traffic/services/4/flowSegmentData/absolute/10/json?key=&point=50.05%2C8.675&unit=KMPH
[2026-06-26T22:06:47.346+0000] {ingestion_dag.py:75} WARNING - Failed frankfurt (50.0825,8.675): 401 Client Error: Unauthorized for url: https://api.tomtom.com/traffic/services/4/flowSegmentData/absolute/10/json?key=&point=50.0825%2C8.675&unit=KMPH
[2026-06-26T22:06:47.858+0000] {ingestion_dag.py:75} WARNING - Failed frankfurt (50.115,8.675): 401 Client Error: Unauthorized for url: https://api.tomtom.com/traffic/services/4/flowSegmentData/absolute/10/json?key=&point=50.115%2C8.675&unit=KMPH
[2026-06-26T22:06:48.358+0000] {ingestion_dag.py:75} WARNING - Failed frankfurt (50.1475,8.675): 401 Client Error: Unauthorized for url: https://api.tomtom.com/traffic/services/4/flowSegmentData/absolute/10/json?key=&point=50.1475%2C8.675&unit=KMPH
[2026-06-26T22:06:48.774+0000] {ingestion_dag.py:75} WARNING - Failed frankfurt (50.18,8.675): 401 Client Error: Unauthorized for url: https://api.tomtom.com/traffic/services/4/flowSegmentData/absolute/10/json?key=&point=50.18%2C8.675&unit=KMPH
[2026-06-26T22:06:49.296+0000] {ingestion_dag.py:75} WARNING - Failed frankfurt (50.05,8.7375): 401 Client Error: Unauthorized for url: https://api.tomtom.com/traffic/services/4/flowSegmentData/absolute/10/json?key=&point=50.05%2C8.7375&unit=KMPH
[2026-06-26T22:06:49.798+0000] {ingestion_dag.py:75} WARNING - Failed frankfurt (50.0825,8.7375): 401 Client Error: Unauthorized for url: https://api.tomtom.com/traffic/services/4/flowSegmentData/absolute/10/json?key=&point=50.0825%2C8.7375&unit=KMPH
[2026-06-26T22:06:50.118+0000] {ingestion_dag.py:75} WARNING - Failed frankfurt (50.115,8.7375): 401 Client Error: Unauthorized for url: https://api.tomtom.com/traffic/services/4/flowSegmentData/absolute/10/json?key=&point=50.115%2C8.7375&unit=KMPH
[2026-06-26T22:06:50.527+0000] {ingestion_dag.py:75} WARNING - Failed frankfurt (50.1475,8.7375): 401 Client Error: Unauthorized for url: https://api.tomtom.com/traffic/services/4/flowSegmentData/absolute/10/json?key=&point=50.1475%2C8.7375&unit=KMPH
[2026-06-26T22:06:50.922+0000] {ingestion_dag.py:75} WARNING - Failed frankfurt (50.18,8.7375): 401 Client Error: Unauthorized for url: https://api.tomtom.com/traffic/services/4/flowSegmentData/absolute/10/json?key=&point=50.18%2C8.7375&unit=KMPH
[2026-06-26T22:06:51.442+0000] {ingestion_dag.py:75} WARNING - Failed frankfurt (50.05,8.8): 401 Client Error: Unauthorized for url: https://api.tomtom.com/traffic/services/4/flowSegmentData/absolute/10/json?key=&point=50.05%2C8.8&unit=KMPH
[2026-06-26T22:06:52.158+0000] {ingestion_dag.py:75} WARNING - Failed frankfurt (50.0825,8.8): 401 Client Error: Unauthorized for url: https://api.tomtom.com/traffic/services/4/flowSegmentData/absolute/10/json?key=&point=50.0825%2C8.8&unit=KMPH
[2026-06-26T22:06:52.774+0000] {ingestion_dag.py:75} WARNING - Failed frankfurt (50.115,8.8): 401 Client Error: Unauthorized for url: https://api.tomtom.com/traffic/services/4/flowSegmentData/absolute/10/json?key=&point=50.115%2C8.8&unit=KMPH
[2026-06-26T22:06:53.350+0000] {ingestion_dag.py:75} WARNING - Failed frankfurt (50.1475,8.8): 401 Client Error: Unauthorized for url: https://api.tomtom.com/traffic/services/4/flowSegmentData/absolute/10/json?key=&point=50.1475%2C8.8&unit=KMPH
[2026-06-26T22:06:53.792+0000] {ingestion_dag.py:75} WARNING - Failed frankfurt (50.18,8.8): 401 Client Error: Unauthorized for url: https://api.tomtom.com/traffic/services/4/flowSegmentData/absolute/10/json?key=&point=50.18%2C8.8&unit=KMPH
[2026-06-26T22:06:53.796+0000] {taskinstance.py:2698} ERROR - Task failed with exception
Traceback (most recent call last):
  File "/home/airflow/.local/lib/python3.8/site-packages/airflow/models/taskinstance.py", line 433, in _execute_task
    result = execute_callable(context=context, **execute_callable_kwargs)
  File "/home/airflow/.local/lib/python3.8/site-packages/airflow/operators/python.py", line 199, in execute
    return_value = self.execute_callable()
  File "/home/airflow/.local/lib/python3.8/site-packages/airflow/operators/python.py", line 216, in execute_callable
    return self.python_callable(*self.op_args, **self.op_kwargs)
  File "/opt/airflow/dags/ingestion_dag.py", line 78, in fetch_and_extract
    raise RuntimeError("All grid points failed")
RuntimeError: All grid points failed
[2026-06-26T22:06:53.820+0000] {taskinstance.py:1138} INFO - Marking task as UP_FOR_RETRY. dag_id=ingestion_dag, task_id=fetch_frankfurt, execution_date=20260626T214500, start_date=20260626T220640, end_date=20260626T220653
[2026-06-26T22:06:53.848+0000] {standard_task_runner.py:107} ERROR - Failed to execute job 63 for task fetch_frankfurt (All grid points failed; 480)
[2026-06-26T22:06:53.889+0000] {local_task_job_runner.py:234} INFO - Task exited with return code 1
[2026-06-26T22:06:53.917+0000] {taskinstance.py:3280} INFO - 0 downstream tasks scheduled from follow-on schedule check
