[2026-06-26T18:42:43.622+0000] {taskinstance.py:1956} INFO - Dependencies all met for dep_context=non-requeueable deps ti=<TaskInstance: ingestion_dag.fetch_frankfurt manual__2026-06-26T18:42:41.916354+00:00 [queued]>
[2026-06-26T18:42:43.627+0000] {taskinstance.py:1956} INFO - Dependencies all met for dep_context=requeueable deps ti=<TaskInstance: ingestion_dag.fetch_frankfurt manual__2026-06-26T18:42:41.916354+00:00 [queued]>
[2026-06-26T18:42:43.628+0000] {taskinstance.py:2170} INFO - Starting attempt 1 of 4
[2026-06-26T18:42:43.636+0000] {taskinstance.py:2191} INFO - Executing <Task(PythonOperator): fetch_frankfurt> on 2026-06-26 18:42:41.916354+00:00
[2026-06-26T18:42:43.642+0000] {standard_task_runner.py:60} INFO - Started process 260 to run task
[2026-06-26T18:42:43.644+0000] {standard_task_runner.py:87} INFO - Running: ['***', 'tasks', 'run', 'ingestion_dag', 'fetch_frankfurt', 'manual__2026-06-26T18:42:41.916354+00:00', '--job-id', '24', '--raw', '--subdir', 'DAGS_FOLDER/ingestion_dag.py', '--cfg-path', '/tmp/tmpfuim4qup']
[2026-06-26T18:42:43.645+0000] {standard_task_runner.py:88} INFO - Job 24: Subtask fetch_frankfurt
[2026-06-26T18:42:43.683+0000] {task_command.py:423} INFO - Running <TaskInstance: ingestion_dag.fetch_frankfurt manual__2026-06-26T18:42:41.916354+00:00 [running]> on host 89c3114bfaef
[2026-06-26T18:42:43.851+0000] {taskinstance.py:2480} INFO - Exporting env vars: AIRFLOW_CTX_DAG_OWNER='thesis' AIRFLOW_CTX_DAG_ID='ingestion_dag' AIRFLOW_CTX_TASK_ID='fetch_frankfurt' AIRFLOW_CTX_EXECUTION_DATE='2026-06-26T18:42:41.916354+00:00' AIRFLOW_CTX_TRY_NUMBER='1' AIRFLOW_CTX_DAG_RUN_ID='manual__2026-06-26T18:42:41.916354+00:00'
[2026-06-26T18:42:43.852+0000] {taskinstance.py:2698} ERROR - Task failed with exception
Traceback (most recent call last):
  File "/usr/local/lib/python3.8/pathlib.py", line 1288, in mkdir
    self._accessor.mkdir(self, mode)
FileNotFoundError: [Errno 2] No such file or directory: '/opt/data/raw'

During handling of the above exception, another exception occurred:

Traceback (most recent call last):
  File "/home/airflow/.local/lib/python3.8/site-packages/airflow/models/taskinstance.py", line 433, in _execute_task
    result = execute_callable(context=context, **execute_callable_kwargs)
  File "/home/airflow/.local/lib/python3.8/site-packages/airflow/operators/python.py", line 199, in execute
    return_value = self.execute_callable()
  File "/home/airflow/.local/lib/python3.8/site-packages/airflow/operators/python.py", line 216, in execute_callable
    return self.python_callable(*self.op_args, **self.op_kwargs)
  File "/opt/airflow/dags/ingestion_dag.py", line 43, in fetch_and_extract
    ensure_dirs()
  File "/opt/airflow/dags/common/paths.py", line 11, in ensure_dirs
    p.mkdir(parents=True, exist_ok=True)
  File "/usr/local/lib/python3.8/pathlib.py", line 1292, in mkdir
    self.parent.mkdir(parents=True, exist_ok=True)
  File "/usr/local/lib/python3.8/pathlib.py", line 1288, in mkdir
    self._accessor.mkdir(self, mode)
PermissionError: [Errno 13] Permission denied: '/opt/data'
[2026-06-26T18:42:43.860+0000] {taskinstance.py:1138} INFO - Marking task as UP_FOR_RETRY. dag_id=ingestion_dag, task_id=fetch_frankfurt, execution_date=20260626T184241, start_date=20260626T184243, end_date=20260626T184243
[2026-06-26T18:42:43.871+0000] {standard_task_runner.py:107} ERROR - Failed to execute job 24 for task fetch_frankfurt ([Errno 13] Permission denied: '/opt/data'; 260)
[2026-06-26T18:42:43.896+0000] {local_task_job_runner.py:234} INFO - Task exited with return code 1
[2026-06-26T18:42:43.914+0000] {taskinstance.py:3280} INFO - 0 downstream tasks scheduled from follow-on schedule check
