[2026-06-26T18:42:43.633+0000] {taskinstance.py:1956} INFO - Dependencies all met for dep_context=non-requeueable deps ti=<TaskInstance: ingestion_dag.fetch_berlin manual__2026-06-26T18:42:41.916354+00:00 [queued]>
[2026-06-26T18:42:43.639+0000] {taskinstance.py:1956} INFO - Dependencies all met for dep_context=requeueable deps ti=<TaskInstance: ingestion_dag.fetch_berlin manual__2026-06-26T18:42:41.916354+00:00 [queued]>
[2026-06-26T18:42:43.639+0000] {taskinstance.py:2170} INFO - Starting attempt 1 of 4
[2026-06-26T18:42:43.647+0000] {taskinstance.py:2191} INFO - Executing <Task(PythonOperator): fetch_berlin> on 2026-06-26 18:42:41.916354+00:00
[2026-06-26T18:42:43.653+0000] {standard_task_runner.py:60} INFO - Started process 261 to run task
[2026-06-26T18:42:43.655+0000] {standard_task_runner.py:87} INFO - Running: ['***', 'tasks', 'run', 'ingestion_dag', 'fetch_berlin', 'manual__2026-06-26T18:42:41.916354+00:00', '--job-id', '25', '--raw', '--subdir', 'DAGS_FOLDER/ingestion_dag.py', '--cfg-path', '/tmp/tmpv1b8pwn8']
[2026-06-26T18:42:43.657+0000] {standard_task_runner.py:88} INFO - Job 25: Subtask fetch_berlin
[2026-06-26T18:42:43.697+0000] {task_command.py:423} INFO - Running <TaskInstance: ingestion_dag.fetch_berlin manual__2026-06-26T18:42:41.916354+00:00 [running]> on host 89c3114bfaef
[2026-06-26T18:42:43.852+0000] {taskinstance.py:2480} INFO - Exporting env vars: AIRFLOW_CTX_DAG_OWNER='thesis' AIRFLOW_CTX_DAG_ID='ingestion_dag' AIRFLOW_CTX_TASK_ID='fetch_berlin' AIRFLOW_CTX_EXECUTION_DATE='2026-06-26T18:42:41.916354+00:00' AIRFLOW_CTX_TRY_NUMBER='1' AIRFLOW_CTX_DAG_RUN_ID='manual__2026-06-26T18:42:41.916354+00:00'
[2026-06-26T18:42:43.853+0000] {taskinstance.py:2698} ERROR - Task failed with exception
Traceback (most recent call last):
  File "/usr/local/lib/python3.8/pathlib.py", line 1288, in mkdir
    self._accessor.mkdir(self, mode)
FileNotFoundError: [Errno 2] No such file or directory: '/opt/data/raw'

During handling of the above exception, another exception occurred:

Traceback (most recent call last):
  File "/home/airflow/.local/lib/python3.8/site-packages/airflow/models/taskinstance.py", line 433, in _execute_task
    result = execute_callable(context=context, **execute_callable_kwargs)
  File "/home/airflow/.local/lib/python3.8/site-packages/airflow/operators/python.py", line 199, in execute
    return_value = self.execute_callable()
  File "/home/airflow/.local/lib/python3.8/site-packages/airflow/operators/python.py", line 216, in execute_callable
    return self.python_callable(*self.op_args, **self.op_kwargs)
  File "/opt/airflow/dags/ingestion_dag.py", line 43, in fetch_and_extract
    ensure_dirs()
  File "/opt/airflow/dags/common/paths.py", line 11, in ensure_dirs
    p.mkdir(parents=True, exist_ok=True)
  File "/usr/local/lib/python3.8/pathlib.py", line 1292, in mkdir
    self.parent.mkdir(parents=True, exist_ok=True)
  File "/usr/local/lib/python3.8/pathlib.py", line 1288, in mkdir
    self._accessor.mkdir(self, mode)
PermissionError: [Errno 13] Permission denied: '/opt/data'
[2026-06-26T18:42:43.860+0000] {taskinstance.py:1138} INFO - Marking task as UP_FOR_RETRY. dag_id=ingestion_dag, task_id=fetch_berlin, execution_date=20260626T184241, start_date=20260626T184243, end_date=20260626T184243
[2026-06-26T18:42:43.872+0000] {standard_task_runner.py:107} ERROR - Failed to execute job 25 for task fetch_berlin ([Errno 13] Permission denied: '/opt/data'; 261)
[2026-06-26T18:42:43.908+0000] {local_task_job_runner.py:234} INFO - Task exited with return code 1
[2026-06-26T18:42:43.933+0000] {taskinstance.py:3280} INFO - 0 downstream tasks scheduled from follow-on schedule check
